-- The C compiler identification is GNU 7.5.0
-- The CXX compiler identification is GNU 7.5.0
-- Check for working C compiler: /usr/bin/cc
-- Check for working C compiler: /usr/bin/cc -- works
-- Detecting C compiler ABI info
-- Detecting C compiler ABI info - done
-- Detecting C compile features
-- Detecting C compile features - done
-- Check for working CXX compiler: /usr/bin/c++
-- Check for working CXX compiler: /usr/bin/c++ -- works
-- Detecting CXX compiler ABI info
-- Detecting CXX compiler ABI info - done
-- Detecting CXX compile features
-- Detecting CXX compile features - done
-- Found ament_cmake: 0.8.3 (/opt/ros/eloquent/share/ament_cmake/cmake)
-- Found PythonInterp: /usr/bin/python3 (found suitable version "3.6.9", minimum required is "3") 
-- Using PYTHON_EXECUTABLE: /usr/bin/python3
-- Found rosidl_default_generators: 0.8.0 (/opt/ros/eloquent/share/rosidl_default_generators/cmake)
-- Found OpenSSL: /usr/lib/aarch64-linux-gnu/libcrypto.so (found version "1.1.1") 
-- Found FastRTPS: /opt/ros/eloquent/include  
-- Found rosidl_adapter: 0.8.3 (/opt/ros/eloquent/share/rosidl_adapter/cmake)
-- Found PythonInterp: /usr/bin/python3 (found version "3.6.9") 
-- Using single matching rosidl_typesupport_c: rosidl_typesupport_fastrtps_c
-- Using single matching rosidl_typesupport_cpp: rosidl_typesupport_fastrtps_cpp
-- Found rmw_implementation_cmake: 0.8.1 (/opt/ros/eloquent/share/rmw_implementation_cmake/cmake)
-- Found PythonInterp: /usr/bin/python3 (found suitable version "3.6.9", minimum required is "3.5") 
-- Found python_cmake_module: 0.8.0 (/opt/ros/eloquent/share/python_cmake_module/cmake)
-- Found PythonLibs: /usr/lib/aarch64-linux-gnu/libpython3.6m.so (found suitable version "3.6.9", minimum required is "3.5") 
-- Using PYTHON_EXECUTABLE: /usr/bin/python3
-- Using PYTHON_INCLUDE_DIRS: /usr/include/python3.6m
-- Using PYTHON_LIBRARIES: /usr/lib/aarch64-linux-gnu/libpython3.6m.so
-- Found PythonExtra: .so  
-- Found ament_lint_auto: 0.8.2 (/opt/ros/eloquent/share/ament_lint_auto/cmake)
-- Added test 'lint_cmake' to check CMake code style
-- Added test 'xmllint' to check XML markup files
-- Configuring done
-- Generating done
-- Build files have been written to: /home/jetson/ros_ws/build/jetson_stats_msgs
[  2%] [34m[1mGenerating C code for ROS interfaces[0m
[35m[1mScanning dependencies of target jetson_stats_msgs__cpp[0m
[  4%] [34m[1mGenerating C++ code for ROS interfaces[0m
[  4%] Built target jetson_stats_msgs__cpp
[  6%] [34m[1mGenerating C++ type support for eProsima Fast-RTPS[0m
[  8%] [34m[1mGenerating C++ introspection for ROS interfaces[0m
[35m[1mScanning dependencies of target jetson_stats_msgs__rosidl_generator_c[0m
[ 11%] [32mBuilding C object CMakeFiles/jetson_stats_msgs__rosidl_generator_c.dir/rosidl_generator_c/jetson_stats_msgs/srv/jetson_clocks__functions.c.o[0m
[ 13%] [32mBuilding C object CMakeFiles/jetson_stats_msgs__rosidl_generator_c.dir/rosidl_generator_c/jetson_stats_msgs/srv/fan__functions.c.o[0m
[ 15%] [32mBuilding C object CMakeFiles/jetson_stats_msgs__rosidl_generator_c.dir/rosidl_generator_c/jetson_stats_msgs/srv/nvp_model__functions.c.o[0m
[ 17%] [32m[1mLinking C shared library libjetson_stats_msgs__rosidl_generator_c.so[0m
[ 17%] Built target jetson_stats_msgs__rosidl_generator_c
[ 20%] [34m[1mGenerating C introspection for ROS interfaces[0m
[35m[1mScanning dependencies of target jetson_stats_msgs__rosidl_typesupport_introspection_cpp[0m
[35m[1mScanning dependencies of target jetson_stats_msgs__rosidl_typesupport_introspection_c[0m
[35m[1mScanning dependencies of target jetson_stats_msgs__rosidl_typesupport_fastrtps_cpp[0m
[ 22%] [32mBuilding CXX object CMakeFiles/jetson_stats_msgs__rosidl_typesupport_introspection_cpp.dir/rosidl_typesupport_introspection_cpp/jetson_stats_msgs/srv/fan__type_support.cpp.o[0m
[ 24%] [32mBuilding C object CMakeFiles/jetson_stats_msgs__rosidl_typesupport_introspection_c.dir/rosidl_typesupport_introspection_c/jetson_stats_msgs/srv/fan__type_support.c.o[0m
[ 26%] [32mBuilding CXX object CMakeFiles/jetson_stats_msgs__rosidl_typesupport_fastrtps_cpp.dir/rosidl_typesupport_fastrtps_cpp/jetson_stats_msgs/srv/dds_fastrtps/fan__type_support.cpp.o[0m
[ 28%] [32mBuilding CXX object CMakeFiles/jetson_stats_msgs__rosidl_typesupport_introspection_cpp.dir/rosidl_typesupport_introspection_cpp/jetson_stats_msgs/srv/jetson_clocks__type_support.cpp.o[0m
[ 31%] [32mBuilding CXX object CMakeFiles/jetson_stats_msgs__rosidl_typesupport_fastrtps_cpp.dir/rosidl_typesupport_fastrtps_cpp/jetson_stats_msgs/srv/dds_fastrtps/jetson_clocks__type_support.cpp.o[0m
[ 33%] [32mBuilding C object CMakeFiles/jetson_stats_msgs__rosidl_typesupport_introspection_c.dir/rosidl_typesupport_introspection_c/jetson_stats_msgs/srv/jetson_clocks__type_support.c.o[0m
[ 35%] [32mBuilding CXX object CMakeFiles/jetson_stats_msgs__rosidl_typesupport_introspection_cpp.dir/rosidl_typesupport_introspection_cpp/jetson_stats_msgs/srv/nvp_model__type_support.cpp.o[0m
[ 37%] [32mBuilding C object CMakeFiles/jetson_stats_msgs__rosidl_typesupport_introspection_c.dir/rosidl_typesupport_introspection_c/jetson_stats_msgs/srv/nvp_model__type_support.c.o[0m
[ 40%] [32m[1mLinking C shared library libjetson_stats_msgs__rosidl_typesupport_introspection_c.so[0m
[ 40%] Built target jetson_stats_msgs__rosidl_typesupport_introspection_c
[ 42%] [32m[1mLinking CXX shared library libjetson_stats_msgs__rosidl_typesupport_introspection_cpp.so[0m
[ 44%] [32mBuilding CXX object CMakeFiles/jetson_stats_msgs__rosidl_typesupport_fastrtps_cpp.dir/rosidl_typesupport_fastrtps_cpp/jetson_stats_msgs/srv/dds_fastrtps/nvp_model__type_support.cpp.o[0m
[ 44%] Built target jetson_stats_msgs__rosidl_typesupport_introspection_cpp
[ 46%] [32m[1mLinking CXX shared library libjetson_stats_msgs__rosidl_typesupport_fastrtps_cpp.so[0m
[ 46%] Built target jetson_stats_msgs__rosidl_typesupport_fastrtps_cpp
[ 48%] [34m[1mGenerating C++ type support dispatch for ROS interfaces[0m
[35m[1mScanning dependencies of target jetson_stats_msgs__rosidl_typesupport_cpp[0m
[ 51%] [32mBuilding CXX object CMakeFiles/jetson_stats_msgs__rosidl_typesupport_cpp.dir/rosidl_typesupport_cpp/jetson_stats_msgs/srv/fan__type_support.cpp.o[0m
[ 53%] [32mBuilding CXX object CMakeFiles/jetson_stats_msgs__rosidl_typesupport_cpp.dir/rosidl_typesupport_cpp/jetson_stats_msgs/srv/nvp_model__type_support.cpp.o[0m
[ 55%] [32mBuilding CXX object CMakeFiles/jetson_stats_msgs__rosidl_typesupport_cpp.dir/rosidl_typesupport_cpp/jetson_stats_msgs/srv/jetson_clocks__type_support.cpp.o[0m
[ 57%] [32m[1mLinking CXX shared library libjetson_stats_msgs__rosidl_typesupport_cpp.so[0m
[ 57%] Built target jetson_stats_msgs__rosidl_typesupport_cpp
[ 60%] [34m[1mGenerating C type support for eProsima Fast-RTPS[0m
[35m[1mScanning dependencies of target jetson_stats_msgs__rosidl_typesupport_fastrtps_c[0m
[ 62%] [32mBuilding CXX object CMakeFiles/jetson_stats_msgs__rosidl_typesupport_fastrtps_c.dir/rosidl_typesupport_fastrtps_c/jetson_stats_msgs/srv/fan__type_support_c.cpp.o[0m
[ 64%] [32mBuilding CXX object CMakeFiles/jetson_stats_msgs__rosidl_typesupport_fastrtps_c.dir/rosidl_typesupport_fastrtps_c/jetson_stats_msgs/srv/nvp_model__type_support_c.cpp.o[0m
[ 66%] [32mBuilding CXX object CMakeFiles/jetson_stats_msgs__rosidl_typesupport_fastrtps_c.dir/rosidl_typesupport_fastrtps_c/jetson_stats_msgs/srv/jetson_clocks__type_support_c.cpp.o[0m
[ 68%] [32m[1mLinking CXX shared library libjetson_stats_msgs__rosidl_typesupport_fastrtps_c.so[0m
[ 68%] Built target jetson_stats_msgs__rosidl_typesupport_fastrtps_c
[ 71%] [34m[1mGenerating C type support dispatch for ROS interfaces[0m
[35m[1mScanning dependencies of target jetson_stats_msgs__rosidl_typesupport_c[0m
[ 73%] [32mBuilding CXX object CMakeFiles/jetson_stats_msgs__rosidl_typesupport_c.dir/rosidl_typesupport_c/jetson_stats_msgs/srv/fan__type_support.cpp.o[0m
[ 75%] [32mBuilding CXX object CMakeFiles/jetson_stats_msgs__rosidl_typesupport_c.dir/rosidl_typesupport_c/jetson_stats_msgs/srv/nvp_model__type_support.cpp.o[0m
[ 77%] [32mBuilding CXX object CMakeFiles/jetson_stats_msgs__rosidl_typesupport_c.dir/rosidl_typesupport_c/jetson_stats_msgs/srv/jetson_clocks__type_support.cpp.o[0m
[ 80%] [32m[1mLinking CXX shared library libjetson_stats_msgs__rosidl_typesupport_c.so[0m
[ 80%] Built target jetson_stats_msgs__rosidl_typesupport_c
[35m[1mScanning dependencies of target jetson_stats_msgs[0m
[ 80%] Built target jetson_stats_msgs
[35m[1mScanning dependencies of target jetson_stats_msgs__py[0m
[ 82%] [34m[1mGenerating Python code for ROS interfaces[0m
[ 82%] Built target jetson_stats_msgs__py
[35m[1mScanning dependencies of target jetson_stats_msgs__python[0m
[ 84%] [32mBuilding C object CMakeFiles/jetson_stats_msgs__python.dir/rosidl_generator_py/jetson_stats_msgs/srv/_fan_s.c.o[0m
[ 86%] [32mBuilding C object CMakeFiles/jetson_stats_msgs__python.dir/rosidl_generator_py/jetson_stats_msgs/srv/_nvp_model_s.c.o[0m
[ 88%] [32mBuilding C object CMakeFiles/jetson_stats_msgs__python.dir/rosidl_generator_py/jetson_stats_msgs/srv/_jetson_clocks_s.c.o[0m
[ 91%] [32m[1mLinking CXX shared library rosidl_generator_py/jetson_stats_msgs/libjetson_stats_msgs__python.so[0m
[ 91%] Built target jetson_stats_msgs__python
[35m[1mScanning dependencies of target jetson_stats_msgs__rosidl_typesupport_c__pyext[0m
[ 93%] [32mBuilding C object CMakeFiles/jetson_stats_msgs__rosidl_typesupport_c__pyext.dir/rosidl_generator_py/jetson_stats_msgs/_jetson_stats_msgs_s.ep.rosidl_typesupport_c.c.o[0m
[ 95%] [32m[1mLinking CXX shared library rosidl_generator_py/jetson_stats_msgs/jetson_stats_msgs_s__rosidl_typesupport_c.cpython-36m-aarch64-linux-gnu.so[0m
[ 95%] Built target jetson_stats_msgs__rosidl_typesupport_c__pyext
[35m[1mScanning dependencies of target jetson_stats_msgs__rosidl_typesupport_fastrtps_c__pyext[0m
[ 97%] [32mBuilding C object CMakeFiles/jetson_stats_msgs__rosidl_typesupport_fastrtps_c__pyext.dir/rosidl_generator_py/jetson_stats_msgs/_jetson_stats_msgs_s.ep.rosidl_typesupport_fastrtps_c.c.o[0m
[100%] [32m[1mLinking CXX shared library rosidl_generator_py/jetson_stats_msgs/jetson_stats_msgs_s__rosidl_typesupport_fastrtps_c.cpython-36m-aarch64-linux-gnu.so[0m
[100%] Built target jetson_stats_msgs__rosidl_typesupport_fastrtps_c__pyext
