[0.072s] Invoking command in '/home/jetson/ros_ws/build/gscam2': AMENT_PREFIX_PATH=/home/jetson/ros_ws/install/ros2_shared:${AMENT_PREFIX_PATH} CMAKE_PREFIX_PATH=/home/jetson/ros_ws/install/ros2_shared:/opt/ros/eloquent /usr/bin/cmake /home/jetson/ros_ws/src/gscam2 -DAMENT_CMAKE_SYMLINK_INSTALL=1 -DCMAKE_INSTALL_PREFIX=/home/jetson/ros_ws/install/gscam2
[0.681s] -- The C compiler identification is GNU 7.5.0
[1.089s] -- The CXX compiler identification is GNU 7.5.0
[1.115s] -- Check for working C compiler: /usr/bin/cc
[1.359s] -- Check for working C compiler: /usr/bin/cc -- works
[1.363s] -- Detecting C compiler ABI info
[1.611s] -- Detecting C compiler ABI info - done
[1.633s] -- Detecting C compile features
[2.360s] -- Detecting C compile features - done
[2.372s] -- Check for working CXX compiler: /usr/bin/c++
[2.638s] -- Check for working CXX compiler: /usr/bin/c++ -- works
[2.640s] -- Detecting CXX compiler ABI info
[2.913s] -- Detecting CXX compiler ABI info - done
[2.932s] -- Detecting CXX compile features
[4.109s] -- Detecting CXX compile features - done
[4.137s] -- Found PkgConfig: /usr/bin/pkg-config (found version "0.29.1") 
[4.140s] -- Checking for module 'gstreamer-1.0'
[4.197s] --   Found gstreamer-1.0, version 1.14.5
[4.314s] -- Checking for module 'gstreamer-app-1.0'
[4.359s] --   Found gstreamer-app-1.0, version 1.14.5
[4.490s] -- Found ament_cmake: 0.8.3 (/opt/ros/eloquent/share/ament_cmake/cmake)
[4.620s] -- Found PythonInterp: /usr/bin/python3 (found suitable version "3.6.9", minimum required is "3") 
[4.621s] -- Using PYTHON_EXECUTABLE: /usr/bin/python3
[5.877s] -- Override CMake install command with custom implementation using symlinks instead of copying resources
[5.997s] -- Found camera_calibration_parsers: 2.2.1 (/opt/ros/eloquent/share/camera_calibration_parsers/cmake)
[6.118s] -- Found rosidl_adapter: 0.8.3 (/opt/ros/eloquent/share/rosidl_adapter/cmake)
[6.338s] -- Found rmw_implementation_cmake: 0.8.1 (/opt/ros/eloquent/share/rmw_implementation_cmake/cmake)
[6.345s] -- Using RMW implementation 'rmw_fastrtps_cpp' as default
[6.351s] -- Looking for pthread.h
[6.621s] -- Looking for pthread.h - found
[6.625s] -- Looking for pthread_create
[6.878s] -- Looking for pthread_create - not found
[6.879s] -- Looking for pthread_create in pthreads
[7.099s] -- Looking for pthread_create in pthreads - not found
[7.100s] -- Looking for pthread_create in pthread
[7.352s] -- Looking for pthread_create in pthread - found
[7.356s] -- Found Threads: TRUE  
[7.743s] -- Setting yaml-cpp_DIR to: '/opt/ros/eloquent/share/yaml_cpp_vendor/cmake/../../../opt/yaml_cpp_vendor/lib/cmake/yaml-cpp'
[7.762s] -- Found camera_info_manager: 2.2.1 (/opt/ros/eloquent/share/camera_info_manager/cmake)
[7.776s] -- Found class_loader: 1.4.1 (/opt/ros/eloquent/share/class_loader/cmake)
[7.785s] -- Found poco_vendor:  (/opt/ros/eloquent/share/poco_vendor/cmake)
[7.827s] -- Found rclcpp_components: 0.8.5 (/opt/ros/eloquent/share/rclcpp_components/cmake)
[7.899s] -- Found rclpy: 0.8.5 (/opt/ros/eloquent/share/rclpy/cmake)
[7.901s] -- Found ros2_shared: 0.1.0 (/home/jetson/ros_ws/install/ros2_shared/share/ros2_shared/cmake)
[8.806s] CMake Error at /opt/ros/eloquent/share/ament_cmake_core/cmake/core/ament_package_xml.cmake:53 (message):
[8.807s]   ament_package_xml() package name 'gscam2' in '/package.xml' does not match
[8.808s]   current PROJECT_NAME 'gscam'.  You must call project() with the same
[8.808s]   package name before.
[8.809s] Call Stack (most recent call first):
[8.809s]   /opt/ros/eloquent/share/ament_cmake_core/cmake/core/ament_package.cmake:63 (ament_package_xml)
[8.810s]   CMakeLists.txt:138 (ament_package)
[8.810s] 
[8.811s] 
[8.814s] -- Configuring incomplete, errors occurred!
[8.815s] See also "/home/jetson/ros_ws/build/gscam2/CMakeFiles/CMakeOutput.log".
[8.816s] See also "/home/jetson/ros_ws/build/gscam2/CMakeFiles/CMakeError.log".
[8.829s] Invoked command in '/home/jetson/ros_ws/build/gscam2' returned '1': AMENT_PREFIX_PATH=/home/jetson/ros_ws/install/ros2_shared:${AMENT_PREFIX_PATH} CMAKE_PREFIX_PATH=/home/jetson/ros_ws/install/ros2_shared:/opt/ros/eloquent /usr/bin/cmake /home/jetson/ros_ws/src/gscam2 -DAMENT_CMAKE_SYMLINK_INSTALL=1 -DCMAKE_INSTALL_PREFIX=/home/jetson/ros_ws/install/gscam2
