[5.587s] Invoking command in '/home/jetson/ros_ws/build/rover_line_follower': PYTHONPATH=/home/jetson/ros_ws/build/rover_line_follower/prefix_override:/home/jetson/ros_ws/install/rover_line_follower/lib/python3.6/site-packages:${PYTHONPATH} /usr/bin/python3 setup.py develop --editable --build-directory /home/jetson/ros_ws/build/rover_line_follower/build --no-deps install_data
[7.437s] running develop
[7.444s] /home/jetson/.local/lib/python3.6/site-packages/setuptools/command/easy_install.py:159: EasyInstallDeprecationWarning: easy_install command is deprecated. Use build and pip and other standards-based tools.
[7.445s]   EasyInstallDeprecationWarning,
[7.450s] /home/jetson/.local/lib/python3.6/site-packages/setuptools/command/install.py:37: SetuptoolsDeprecationWarning: setup.py install is deprecated. Use build and pip and other standards-based tools.
[7.451s]   setuptools.SetuptoolsDeprecationWarning,
[7.762s] /home/jetson/.local/lib/python3.6/site-packages/pkg_resources/__init__.py:119: PkgResourcesDeprecationWarning: 0.18ubuntu0.18.04.1 is an invalid version and will not be supported in a future release
[7.763s]   PkgResourcesDeprecationWarning,
[8.300s] running egg_info
[8.301s] writing rover_line_follower.egg-info/PKG-INFO
[8.302s] writing dependency_links to rover_line_follower.egg-info/dependency_links.txt
[8.303s] writing entry points to rover_line_follower.egg-info/entry_points.txt
[8.303s] writing requirements to rover_line_follower.egg-info/requires.txt
[8.304s] writing top-level names to rover_line_follower.egg-info/top_level.txt
[8.312s] reading manifest file 'rover_line_follower.egg-info/SOURCES.txt'
[8.331s] writing manifest file 'rover_line_follower.egg-info/SOURCES.txt'
[8.343s] running build_ext
[8.344s] Creating /home/jetson/ros_ws/install/rover_line_follower/lib/python3.6/site-packages/rover-line-follower.egg-link (link to .)
[8.345s] Installing rover_line_follower script to /home/jetson/ros_ws/install/rover_line_follower/lib/rover_line_follower
[8.363s] 
[8.364s] Installed /home/jetson/ros_ws/build/rover_line_follower
[8.365s] running install_data
[8.516s] Invoked command in '/home/jetson/ros_ws/build/rover_line_follower' returned '0': PYTHONPATH=/home/jetson/ros_ws/build/rover_line_follower/prefix_override:/home/jetson/ros_ws/install/rover_line_follower/lib/python3.6/site-packages:${PYTHONPATH} /usr/bin/python3 setup.py develop --editable --build-directory /home/jetson/ros_ws/build/rover_line_follower/build --no-deps install_data
