-- The C compiler identification is GNU 7.5.0
-- The CXX compiler identification is GNU 7.5.0
-- Check for working C compiler: /usr/bin/cc
-- Check for working C compiler: /usr/bin/cc -- works
-- Detecting C compiler ABI info
-- Detecting C compiler ABI info - done
-- Detecting C compile features
-- Detecting C compile features - done
-- Check for working CXX compiler: /usr/bin/c++
-- Check for working CXX compiler: /usr/bin/c++ -- works
-- Detecting CXX compiler ABI info
-- Detecting CXX compiler ABI info - done
-- Detecting CXX compile features
-- Detecting CXX compile features - done
-- Found ament_cmake: 0.8.3 (/opt/ros/eloquent/share/ament_cmake/cmake)
-- Found PythonInterp: /usr/bin/python3 (found suitable version "3.6.9", minimum required is "3") 
-- Using PYTHON_EXECUTABLE: /usr/bin/python3
-- Found rosidl_default_generators: 0.8.0 (/opt/ros/eloquent/share/rosidl_default_generators/cmake)
-- Found OpenSSL: /usr/lib/aarch64-linux-gnu/libcrypto.so (found version "1.1.1") 
-- Found FastRTPS: /opt/ros/eloquent/include  
-- Found rosidl_adapter: 0.8.3 (/opt/ros/eloquent/share/rosidl_adapter/cmake)
-- Found geometry_msgs: 0.8.1 (/opt/ros/eloquent/share/geometry_msgs/cmake)
-- Found PythonInterp: /usr/bin/python3 (found version "3.6.9") 
-- Using single matching rosidl_typesupport_c: rosidl_typesupport_fastrtps_c
-- Using single matching rosidl_typesupport_cpp: rosidl_typesupport_fastrtps_cpp
-- Found rmw_implementation_cmake: 0.8.1 (/opt/ros/eloquent/share/rmw_implementation_cmake/cmake)
-- Found PythonInterp: /usr/bin/python3 (found suitable version "3.6.9", minimum required is "3.5") 
-- Found python_cmake_module: 0.8.0 (/opt/ros/eloquent/share/python_cmake_module/cmake)
-- Found PythonLibs: /usr/lib/aarch64-linux-gnu/libpython3.6m.so (found suitable version "3.6.9", minimum required is "3.5") 
-- Using PYTHON_EXECUTABLE: /usr/bin/python3
-- Using PYTHON_INCLUDE_DIRS: /usr/include/python3.6m
-- Using PYTHON_LIBRARIES: /usr/lib/aarch64-linux-gnu/libpython3.6m.so
-- Found PythonExtra: .so  
-- Found ament_lint_auto: 0.8.2 (/opt/ros/eloquent/share/ament_lint_auto/cmake)
-- Added test 'lint_cmake' to check CMake code style
-- Added test 'xmllint' to check XML markup files
-- Configuring done
-- Generating done
-- Build files have been written to: /home/jetson/ros_ws/build/nanosaur_msgs
[  2%] [34m[1mGenerating C code for ROS interfaces[0m
[35m[1mScanning dependencies of target nanosaur_msgs__cpp[0m
[  5%] [34m[1mGenerating C++ code for ROS interfaces[0m
[  5%] Built target nanosaur_msgs__cpp
[35m[1mScanning dependencies of target nanosaur_msgs__rosidl_generator_c[0m
[  8%] [32mBuilding C object CMakeFiles/nanosaur_msgs__rosidl_generator_c.dir/rosidl_generator_c/nanosaur_msgs/msg/eyes__functions.c.o[0m
[ 10%] [32mBuilding C object CMakeFiles/nanosaur_msgs__rosidl_generator_c.dir/rosidl_generator_c/nanosaur_msgs/srv/eye_message__functions.c.o[0m
[ 13%] [32m[1mLinking C shared library libnanosaur_msgs__rosidl_generator_c.so[0m
[ 13%] Built target nanosaur_msgs__rosidl_generator_c
[ 16%] [34m[1mGenerating C++ introspection for ROS interfaces[0m
[35m[1mScanning dependencies of target nanosaur_msgs__rosidl_typesupport_introspection_cpp[0m
[ 18%] [32mBuilding CXX object CMakeFiles/nanosaur_msgs__rosidl_typesupport_introspection_cpp.dir/rosidl_typesupport_introspection_cpp/nanosaur_msgs/msg/eyes__type_support.cpp.o[0m
[ 21%] [32mBuilding CXX object CMakeFiles/nanosaur_msgs__rosidl_typesupport_introspection_cpp.dir/rosidl_typesupport_introspection_cpp/nanosaur_msgs/srv/eye_message__type_support.cpp.o[0m
[ 24%] [32m[1mLinking CXX shared library libnanosaur_msgs__rosidl_typesupport_introspection_cpp.so[0m
[ 24%] Built target nanosaur_msgs__rosidl_typesupport_introspection_cpp
[ 27%] [34m[1mGenerating C introspection for ROS interfaces[0m
[35m[1mScanning dependencies of target nanosaur_msgs__rosidl_typesupport_introspection_c[0m
[ 29%] [32mBuilding C object CMakeFiles/nanosaur_msgs__rosidl_typesupport_introspection_c.dir/rosidl_typesupport_introspection_c/nanosaur_msgs/msg/eyes__type_support.c.o[0m
[ 32%] [32mBuilding C object CMakeFiles/nanosaur_msgs__rosidl_typesupport_introspection_c.dir/rosidl_typesupport_introspection_c/nanosaur_msgs/srv/eye_message__type_support.c.o[0m
[ 35%] [32m[1mLinking C shared library libnanosaur_msgs__rosidl_typesupport_introspection_c.so[0m
[ 35%] Built target nanosaur_msgs__rosidl_typesupport_introspection_c
[ 37%] [34m[1mGenerating C++ type support for eProsima Fast-RTPS[0m
[35m[1mScanning dependencies of target nanosaur_msgs__rosidl_typesupport_fastrtps_cpp[0m
[ 40%] [32mBuilding CXX object CMakeFiles/nanosaur_msgs__rosidl_typesupport_fastrtps_cpp.dir/rosidl_typesupport_fastrtps_cpp/nanosaur_msgs/msg/dds_fastrtps/eyes__type_support.cpp.o[0m
[ 43%] [32mBuilding CXX object CMakeFiles/nanosaur_msgs__rosidl_typesupport_fastrtps_cpp.dir/rosidl_typesupport_fastrtps_cpp/nanosaur_msgs/srv/dds_fastrtps/eye_message__type_support.cpp.o[0m
[ 45%] [32m[1mLinking CXX shared library libnanosaur_msgs__rosidl_typesupport_fastrtps_cpp.so[0m
[ 45%] Built target nanosaur_msgs__rosidl_typesupport_fastrtps_cpp
[ 48%] [34m[1mGenerating C type support for eProsima Fast-RTPS[0m
[35m[1mScanning dependencies of target nanosaur_msgs__rosidl_typesupport_fastrtps_c[0m
[ 51%] [32mBuilding CXX object CMakeFiles/nanosaur_msgs__rosidl_typesupport_fastrtps_c.dir/rosidl_typesupport_fastrtps_c/nanosaur_msgs/msg/eyes__type_support_c.cpp.o[0m
[ 54%] [32mBuilding CXX object CMakeFiles/nanosaur_msgs__rosidl_typesupport_fastrtps_c.dir/rosidl_typesupport_fastrtps_c/nanosaur_msgs/srv/eye_message__type_support_c.cpp.o[0m
[ 56%] [32m[1mLinking CXX shared library libnanosaur_msgs__rosidl_typesupport_fastrtps_c.so[0m
[ 56%] Built target nanosaur_msgs__rosidl_typesupport_fastrtps_c
[ 59%] [34m[1mGenerating C++ type support dispatch for ROS interfaces[0m
[35m[1mScanning dependencies of target nanosaur_msgs__rosidl_typesupport_cpp[0m
[ 62%] [32mBuilding CXX object CMakeFiles/nanosaur_msgs__rosidl_typesupport_cpp.dir/rosidl_typesupport_cpp/nanosaur_msgs/msg/eyes__type_support.cpp.o[0m
[ 64%] [32mBuilding CXX object CMakeFiles/nanosaur_msgs__rosidl_typesupport_cpp.dir/rosidl_typesupport_cpp/nanosaur_msgs/srv/eye_message__type_support.cpp.o[0m
[ 67%] [32m[1mLinking CXX shared library libnanosaur_msgs__rosidl_typesupport_cpp.so[0m
[ 67%] Built target nanosaur_msgs__rosidl_typesupport_cpp
[ 70%] [34m[1mGenerating C type support dispatch for ROS interfaces[0m
[35m[1mScanning dependencies of target nanosaur_msgs__rosidl_typesupport_c[0m
[ 72%] [32mBuilding CXX object CMakeFiles/nanosaur_msgs__rosidl_typesupport_c.dir/rosidl_typesupport_c/nanosaur_msgs/msg/eyes__type_support.cpp.o[0m
[ 75%] [32mBuilding CXX object CMakeFiles/nanosaur_msgs__rosidl_typesupport_c.dir/rosidl_typesupport_c/nanosaur_msgs/srv/eye_message__type_support.cpp.o[0m
[ 78%] [32m[1mLinking CXX shared library libnanosaur_msgs__rosidl_typesupport_c.so[0m
[ 78%] Built target nanosaur_msgs__rosidl_typesupport_c
[35m[1mScanning dependencies of target nanosaur_msgs[0m
[ 78%] Built target nanosaur_msgs
[35m[1mScanning dependencies of target nanosaur_msgs__py[0m
[ 81%] [34m[1mGenerating Python code for ROS interfaces[0m
[ 81%] Built target nanosaur_msgs__py
[35m[1mScanning dependencies of target nanosaur_msgs__python[0m
[ 83%] [32mBuilding C object CMakeFiles/nanosaur_msgs__python.dir/rosidl_generator_py/nanosaur_msgs/msg/_eyes_s.c.o[0m
[ 86%] [32mBuilding C object CMakeFiles/nanosaur_msgs__python.dir/rosidl_generator_py/nanosaur_msgs/srv/_eye_message_s.c.o[0m
[ 89%] [32m[1mLinking CXX shared library rosidl_generator_py/nanosaur_msgs/libnanosaur_msgs__python.so[0m
[ 89%] Built target nanosaur_msgs__python
[35m[1mScanning dependencies of target nanosaur_msgs__rosidl_typesupport_c__pyext[0m
[ 91%] [32mBuilding C object CMakeFiles/nanosaur_msgs__rosidl_typesupport_c__pyext.dir/rosidl_generator_py/nanosaur_msgs/_nanosaur_msgs_s.ep.rosidl_typesupport_c.c.o[0m
[ 94%] [32m[1mLinking CXX shared library rosidl_generator_py/nanosaur_msgs/nanosaur_msgs_s__rosidl_typesupport_c.cpython-36m-aarch64-linux-gnu.so[0m
[ 94%] Built target nanosaur_msgs__rosidl_typesupport_c__pyext
[35m[1mScanning dependencies of target nanosaur_msgs__rosidl_typesupport_fastrtps_c__pyext[0m
[ 97%] [32mBuilding C object CMakeFiles/nanosaur_msgs__rosidl_typesupport_fastrtps_c__pyext.dir/rosidl_generator_py/nanosaur_msgs/_nanosaur_msgs_s.ep.rosidl_typesupport_fastrtps_c.c.o[0m
[100%] [32m[1mLinking CXX shared library rosidl_generator_py/nanosaur_msgs/nanosaur_msgs_s__rosidl_typesupport_fastrtps_c.cpython-36m-aarch64-linux-gnu.so[0m
[100%] Built target nanosaur_msgs__rosidl_typesupport_fastrtps_c__pyext
