[0.121s] Invoking command in '/home/jetson/ros_ws/build/nanosaur_msgs': CMAKE_PREFIX_PATH=/opt/ros/eloquent /usr/bin/cmake /home/jetson/ros_ws/src/nanosaur/nanosaur_msgs -DCMAKE_INSTALL_PREFIX=/home/jetson/ros_ws/install/nanosaur_msgs
[0.774s] -- The C compiler identification is GNU 7.5.0
[1.286s] -- The CXX compiler identification is GNU 7.5.0
[1.341s] -- Check for working C compiler: /usr/bin/cc
[1.649s] -- Check for working C compiler: /usr/bin/cc -- works
[1.658s] -- Detecting C compiler ABI info
[2.091s] -- Detecting C compiler ABI info - done
[2.118s] -- Detecting C compile features
[3.327s] -- Detecting C compile features - done
[3.341s] -- Check for working CXX compiler: /usr/bin/c++
[3.805s] -- Check for working CXX compiler: /usr/bin/c++ -- works
[3.808s] -- Detecting CXX compiler ABI info
[4.303s] -- Detecting CXX compiler ABI info - done
[4.325s] -- Detecting CXX compile features
[6.283s] -- Detecting CXX compile features - done
[6.307s] -- Found ament_cmake: 0.8.3 (/opt/ros/eloquent/share/ament_cmake/cmake)
[6.459s] -- Found PythonInterp: /usr/bin/python3 (found suitable version "3.6.9", minimum required is "3") 
[6.460s] -- Using PYTHON_EXECUTABLE: /usr/bin/python3
[8.106s] -- Found rosidl_default_generators: 0.8.0 (/opt/ros/eloquent/share/rosidl_default_generators/cmake)
[8.600s] -- Found OpenSSL: /usr/lib/aarch64-linux-gnu/libcrypto.so (found version "1.1.1") 
[8.754s] -- Found FastRTPS: /opt/ros/eloquent/include  
[8.871s] -- Found rosidl_adapter: 0.8.3 (/opt/ros/eloquent/share/rosidl_adapter/cmake)
[9.996s] -- Found geometry_msgs: 0.8.1 (/opt/ros/eloquent/share/geometry_msgs/cmake)
[10.572s] -- Found PythonInterp: /usr/bin/python3 (found version "3.6.9") 
[11.834s] -- Using single matching rosidl_typesupport_c: rosidl_typesupport_fastrtps_c
[12.074s] -- Using single matching rosidl_typesupport_cpp: rosidl_typesupport_fastrtps_cpp
[13.843s] -- Found rmw_implementation_cmake: 0.8.1 (/opt/ros/eloquent/share/rmw_implementation_cmake/cmake)
[13.992s] -- Found PythonInterp: /usr/bin/python3 (found suitable version "3.6.9", minimum required is "3.5") 
[14.002s] -- Found python_cmake_module: 0.8.0 (/opt/ros/eloquent/share/python_cmake_module/cmake)
[14.160s] -- Found PythonLibs: /usr/lib/aarch64-linux-gnu/libpython3.6m.so (found suitable version "3.6.9", minimum required is "3.5") 
[14.172s] -- Using PYTHON_EXECUTABLE: /usr/bin/python3
[14.173s] -- Using PYTHON_INCLUDE_DIRS: /usr/include/python3.6m
[14.174s] -- Using PYTHON_LIBRARIES: /usr/lib/aarch64-linux-gnu/libpython3.6m.so
[14.335s] -- Found PythonExtra: .so  
[15.552s] -- Found ament_lint_auto: 0.8.2 (/opt/ros/eloquent/share/ament_lint_auto/cmake)
[15.669s] -- Added test 'lint_cmake' to check CMake code style
[15.674s] -- Added test 'xmllint' to check XML markup files
[15.693s] -- Configuring done
[16.575s] -- Generating done
[16.599s] -- Build files have been written to: /home/jetson/ros_ws/build/nanosaur_msgs
[16.687s] Invoked command in '/home/jetson/ros_ws/build/nanosaur_msgs' returned '0': CMAKE_PREFIX_PATH=/opt/ros/eloquent /usr/bin/cmake /home/jetson/ros_ws/src/nanosaur/nanosaur_msgs -DCMAKE_INSTALL_PREFIX=/home/jetson/ros_ws/install/nanosaur_msgs
[16.699s] Invoking command in '/home/jetson/ros_ws/build/nanosaur_msgs': CMAKE_PREFIX_PATH=/opt/ros/eloquent /usr/bin/cmake --build /home/jetson/ros_ws/build/nanosaur_msgs -- -j4 -l4
[17.111s] [  2%] [34m[1mGenerating C code for ROS interfaces[0m
[17.118s] [35m[1mScanning dependencies of target nanosaur_msgs__cpp[0m
[17.327s] [  5%] [34m[1mGenerating C++ code for ROS interfaces[0m
[102.455s] [  5%] Built target nanosaur_msgs__cpp
[102.477s] [35m[1mScanning dependencies of target nanosaur_msgs__rosidl_generator_c[0m
[102.483s] [  8%] [32mBuilding C object CMakeFiles/nanosaur_msgs__rosidl_generator_c.dir/rosidl_generator_c/nanosaur_msgs/msg/eyes__functions.c.o[0m
[104.056s] [ 10%] [32mBuilding C object CMakeFiles/nanosaur_msgs__rosidl_generator_c.dir/rosidl_generator_c/nanosaur_msgs/srv/eye_message__functions.c.o[0m
[104.524s] [ 13%] [32m[1mLinking C shared library libnanosaur_msgs__rosidl_generator_c.so[0m
[105.203s] [ 13%] Built target nanosaur_msgs__rosidl_generator_c
[105.300s] [ 16%] [34m[1mGenerating C++ introspection for ROS interfaces[0m
[109.192s] [35m[1mScanning dependencies of target nanosaur_msgs__rosidl_typesupport_introspection_cpp[0m
[109.281s] [ 18%] [32mBuilding CXX object CMakeFiles/nanosaur_msgs__rosidl_typesupport_introspection_cpp.dir/rosidl_typesupport_introspection_cpp/nanosaur_msgs/msg/eyes__type_support.cpp.o[0m
[110.285s] [ 21%] [32mBuilding CXX object CMakeFiles/nanosaur_msgs__rosidl_typesupport_introspection_cpp.dir/rosidl_typesupport_introspection_cpp/nanosaur_msgs/srv/eye_message__type_support.cpp.o[0m
[111.442s] [ 24%] [32m[1mLinking CXX shared library libnanosaur_msgs__rosidl_typesupport_introspection_cpp.so[0m
[111.780s] [ 24%] Built target nanosaur_msgs__rosidl_typesupport_introspection_cpp
[111.838s] [ 27%] [34m[1mGenerating C introspection for ROS interfaces[0m
[114.744s] [35m[1mScanning dependencies of target nanosaur_msgs__rosidl_typesupport_introspection_c[0m
[114.827s] [ 29%] [32mBuilding C object CMakeFiles/nanosaur_msgs__rosidl_typesupport_introspection_c.dir/rosidl_typesupport_introspection_c/nanosaur_msgs/msg/eyes__type_support.c.o[0m
[114.954s] [ 32%] [32mBuilding C object CMakeFiles/nanosaur_msgs__rosidl_typesupport_introspection_c.dir/rosidl_typesupport_introspection_c/nanosaur_msgs/srv/eye_message__type_support.c.o[0m
[115.086s] [ 35%] [32m[1mLinking C shared library libnanosaur_msgs__rosidl_typesupport_introspection_c.so[0m
[115.240s] [ 35%] Built target nanosaur_msgs__rosidl_typesupport_introspection_c
[115.293s] [ 37%] [34m[1mGenerating C++ type support for eProsima Fast-RTPS[0m
[118.088s] [35m[1mScanning dependencies of target nanosaur_msgs__rosidl_typesupport_fastrtps_cpp[0m
[118.171s] [ 40%] [32mBuilding CXX object CMakeFiles/nanosaur_msgs__rosidl_typesupport_fastrtps_cpp.dir/rosidl_typesupport_fastrtps_cpp/nanosaur_msgs/msg/dds_fastrtps/eyes__type_support.cpp.o[0m
[119.593s] [ 43%] [32mBuilding CXX object CMakeFiles/nanosaur_msgs__rosidl_typesupport_fastrtps_cpp.dir/rosidl_typesupport_fastrtps_cpp/nanosaur_msgs/srv/dds_fastrtps/eye_message__type_support.cpp.o[0m
[121.251s] [ 45%] [32m[1mLinking CXX shared library libnanosaur_msgs__rosidl_typesupport_fastrtps_cpp.so[0m
[121.603s] [ 45%] Built target nanosaur_msgs__rosidl_typesupport_fastrtps_cpp
[121.656s] [ 48%] [34m[1mGenerating C type support for eProsima Fast-RTPS[0m
[124.490s] [35m[1mScanning dependencies of target nanosaur_msgs__rosidl_typesupport_fastrtps_c[0m
[124.580s] [ 51%] [32mBuilding CXX object CMakeFiles/nanosaur_msgs__rosidl_typesupport_fastrtps_c.dir/rosidl_typesupport_fastrtps_c/nanosaur_msgs/msg/eyes__type_support_c.cpp.o[0m
[125.837s] [ 54%] [32mBuilding CXX object CMakeFiles/nanosaur_msgs__rosidl_typesupport_fastrtps_c.dir/rosidl_typesupport_fastrtps_c/nanosaur_msgs/srv/eye_message__type_support_c.cpp.o[0m
[127.116s] [ 56%] [32m[1mLinking CXX shared library libnanosaur_msgs__rosidl_typesupport_fastrtps_c.so[0m
[127.474s] [ 56%] Built target nanosaur_msgs__rosidl_typesupport_fastrtps_c
[127.529s] [ 59%] [34m[1mGenerating C++ type support dispatch for ROS interfaces[0m
[129.859s] [35m[1mScanning dependencies of target nanosaur_msgs__rosidl_typesupport_cpp[0m
[129.939s] [ 62%] [32mBuilding CXX object CMakeFiles/nanosaur_msgs__rosidl_typesupport_cpp.dir/rosidl_typesupport_cpp/nanosaur_msgs/msg/eyes__type_support.cpp.o[0m
[131.283s] [ 64%] [32mBuilding CXX object CMakeFiles/nanosaur_msgs__rosidl_typesupport_cpp.dir/rosidl_typesupport_cpp/nanosaur_msgs/srv/eye_message__type_support.cpp.o[0m
[132.721s] [ 67%] [32m[1mLinking CXX shared library libnanosaur_msgs__rosidl_typesupport_cpp.so[0m
[133.113s] [ 67%] Built target nanosaur_msgs__rosidl_typesupport_cpp
[133.166s] [ 70%] [34m[1mGenerating C type support dispatch for ROS interfaces[0m
[135.580s] [35m[1mScanning dependencies of target nanosaur_msgs__rosidl_typesupport_c[0m
[135.640s] [ 72%] [32mBuilding CXX object CMakeFiles/nanosaur_msgs__rosidl_typesupport_c.dir/rosidl_typesupport_c/nanosaur_msgs/msg/eyes__type_support.cpp.o[0m
[135.748s] [ 75%] [32mBuilding CXX object CMakeFiles/nanosaur_msgs__rosidl_typesupport_c.dir/rosidl_typesupport_c/nanosaur_msgs/srv/eye_message__type_support.cpp.o[0m
[135.859s] [ 78%] [32m[1mLinking CXX shared library libnanosaur_msgs__rosidl_typesupport_c.so[0m
[136.091s] [ 78%] Built target nanosaur_msgs__rosidl_typesupport_c
[136.133s] [35m[1mScanning dependencies of target nanosaur_msgs[0m
[136.179s] [ 78%] Built target nanosaur_msgs
[136.227s] [35m[1mScanning dependencies of target nanosaur_msgs__py[0m
[136.278s] [ 81%] [34m[1mGenerating Python code for ROS interfaces[0m
[141.118s] [ 81%] Built target nanosaur_msgs__py
[141.165s] [35m[1mScanning dependencies of target nanosaur_msgs__python[0m
[141.277s] [ 83%] [32mBuilding C object CMakeFiles/nanosaur_msgs__python.dir/rosidl_generator_py/nanosaur_msgs/msg/_eyes_s.c.o[0m
[141.600s] [ 86%] [32mBuilding C object CMakeFiles/nanosaur_msgs__python.dir/rosidl_generator_py/nanosaur_msgs/srv/_eye_message_s.c.o[0m
[141.973s] [ 89%] [32m[1mLinking CXX shared library rosidl_generator_py/nanosaur_msgs/libnanosaur_msgs__python.so[0m
[142.278s] [ 89%] Built target nanosaur_msgs__python
[142.326s] [35m[1mScanning dependencies of target nanosaur_msgs__rosidl_typesupport_c__pyext[0m
[142.417s] [ 91%] [32mBuilding C object CMakeFiles/nanosaur_msgs__rosidl_typesupport_c__pyext.dir/rosidl_generator_py/nanosaur_msgs/_nanosaur_msgs_s.ep.rosidl_typesupport_c.c.o[0m
[142.731s] [ 94%] [32m[1mLinking CXX shared library rosidl_generator_py/nanosaur_msgs/nanosaur_msgs_s__rosidl_typesupport_c.cpython-36m-aarch64-linux-gnu.so[0m
[143.076s] [ 94%] Built target nanosaur_msgs__rosidl_typesupport_c__pyext
[143.125s] [35m[1mScanning dependencies of target nanosaur_msgs__rosidl_typesupport_fastrtps_c__pyext[0m
[143.217s] [ 97%] [32mBuilding C object CMakeFiles/nanosaur_msgs__rosidl_typesupport_fastrtps_c__pyext.dir/rosidl_generator_py/nanosaur_msgs/_nanosaur_msgs_s.ep.rosidl_typesupport_fastrtps_c.c.o[0m
[143.534s] [100%] [32m[1mLinking CXX shared library rosidl_generator_py/nanosaur_msgs/nanosaur_msgs_s__rosidl_typesupport_fastrtps_c.cpython-36m-aarch64-linux-gnu.so[0m
[143.876s] [100%] Built target nanosaur_msgs__rosidl_typesupport_fastrtps_c__pyext
