[35m[1mScanning dependencies of target gscam_main[0m
[ 22%] Built target subscriber_node
[35m[1mScanning dependencies of target gscam_node[0m
[ 33%] [32mBuilding CXX object CMakeFiles/gscam_main.dir/src/gscam_node.cpp.o[0m
[ 44%] [32mBuilding CXX object CMakeFiles/gscam_node.dir/src/gscam_node.cpp.o[0m
[ 55%] [32m[1mLinking CXX shared library libgscam_node.so[0m
[ 66%] [32m[1mLinking CXX executable gscam_main[0m
[ 66%] Built target gscam_node
[ 77%] Built target gscam_main
[ 88%] [32m[1mLinking CXX executable ipc_test_main[0m
[100%] Built target ipc_test_main
[ 33%] Built target gscam_main
[ 55%] Built target gscam_node
[ 77%] Built target subscriber_node
[100%] Built target ipc_test_main
[36mInstall the project...[0m
-- Install configuration: ""
-- Execute custom install script
-- Up-to-date symlink: /home/jetson/ros_ws/install/gscam2/share/gscam2/environment/library_path.sh
-- Up-to-date symlink: /home/jetson/ros_ws/install/gscam2/share/gscam2/environment/library_path.dsv
-- Up-to-date symlink: /home/jetson/ros_ws/install/gscam2/share/ament_index/resource_index/package_run_dependencies/gscam2
-- Up-to-date symlink: /home/jetson/ros_ws/install/gscam2/share/ament_index/resource_index/parent_prefix_path/gscam2
-- Up-to-date symlink: /home/jetson/ros_ws/install/gscam2/share/gscam2/environment/ament_prefix_path.sh
-- Up-to-date symlink: /home/jetson/ros_ws/install/gscam2/share/gscam2/environment/ament_prefix_path.dsv
-- Up-to-date symlink: /home/jetson/ros_ws/install/gscam2/share/gscam2/environment/path.sh
-- Up-to-date symlink: /home/jetson/ros_ws/install/gscam2/share/gscam2/environment/path.dsv
-- Up-to-date symlink: /home/jetson/ros_ws/install/gscam2/share/gscam2/local_setup.bash
-- Up-to-date symlink: /home/jetson/ros_ws/install/gscam2/share/gscam2/local_setup.sh
-- Up-to-date symlink: /home/jetson/ros_ws/install/gscam2/share/gscam2/local_setup.zsh
-- Up-to-date symlink: /home/jetson/ros_ws/install/gscam2/share/gscam2/local_setup.dsv
-- Symlinking: /home/jetson/ros_ws/install/gscam2/share/gscam2/package.dsv
-- Up-to-date symlink: /home/jetson/ros_ws/install/gscam2/share/ament_index/resource_index/packages/gscam2
-- Up-to-date symlink: /home/jetson/ros_ws/install/gscam2/share/ament_index/resource_index/rclcpp_components/gscam2
-- Up-to-date symlink: /home/jetson/ros_ws/install/gscam2/share/gscam2/cmake/ament_cmake_export_dependencies-extras.cmake
-- Up-to-date symlink: /home/jetson/ros_ws/install/gscam2/share/gscam2/cmake/ament_cmake_export_include_directories-extras.cmake
-- Up-to-date symlink: /home/jetson/ros_ws/install/gscam2/share/gscam2/cmake/ament_cmake_export_interfaces-extras.cmake
-- Up-to-date symlink: /home/jetson/ros_ws/install/gscam2/share/gscam2/cmake/ament_cmake_export_libraries-extras.cmake
-- Up-to-date symlink: /home/jetson/ros_ws/install/gscam2/share/gscam2/cmake/gscam2Config.cmake
-- Up-to-date symlink: /home/jetson/ros_ws/install/gscam2/share/gscam2/cmake/gscam2Config-version.cmake
-- Up-to-date symlink: /home/jetson/ros_ws/install/gscam2/share/gscam2/package.xml
-- Up-to-date symlink: /home/jetson/ros_ws/install/gscam2/include/gscam2/gscam_node.hpp
-- Up-to-date symlink: /home/jetson/ros_ws/install/gscam2/include/gscam2/subscriber_node.hpp
-- Up-to-date symlink: /home/jetson/ros_ws/install/gscam2/lib/gscam2/gscam_main
-- Up-to-date symlink: /home/jetson/ros_ws/install/gscam2/lib/gscam2/ipc_test_main
-- Up-to-date symlink: /home/jetson/ros_ws/install/gscam2/share/gscam2/launch/composition_launch.py
-- Up-to-date symlink: /home/jetson/ros_ws/install/gscam2/share/gscam2/launch/container_param_launch.py
-- Up-to-date symlink: /home/jetson/ros_ws/install/gscam2/share/gscam2/launch/node_param_launch.py
-- Up-to-date symlink: /home/jetson/ros_ws/install/gscam2/share/gscam2/launch/republish_launch.py
-- Up-to-date: /home/jetson/ros_ws/install/gscam2/share/gscam2/cmake/export_gscam_nodeExport.cmake
-- Up-to-date: /home/jetson/ros_ws/install/gscam2/share/gscam2/cmake/export_gscam_nodeExport-noconfig.cmake
-- Up-to-date: /home/jetson/ros_ws/install/gscam2/share/gscam2/cmake/export_subscriber_nodeExport.cmake
-- Up-to-date: /home/jetson/ros_ws/install/gscam2/share/gscam2/cmake/export_subscriber_nodeExport-noconfig.cmake
-- Installing: /home/jetson/ros_ws/install/gscam2/lib/libgscam_node.so
-- Set runtime path of "/home/jetson/ros_ws/install/gscam2/lib/libgscam_node.so" to ""
-- Up-to-date: /home/jetson/ros_ws/install/gscam2/lib/libsubscriber_node.so
