[2.454s] DEBUG:colcon:Command line arguments: ['/usr/bin/colcon', 'build', '--symlink-install', '--packages-select', 'ros2_shared']
[2.455s] DEBUG:colcon:Parsed command line arguments: Namespace(allow_overriding=[], ament_cmake_args=None, base_paths=['.'], build_base='build', catkin_cmake_args=None, catkin_skip_building_tests=False, cmake_args=None, cmake_clean_cache=False, cmake_clean_first=False, cmake_force_configure=False, cmake_target=None, cmake_target_skip_unavailable=False, continue_on_error=False, event_handlers=None, executor='parallel', ignore_user_meta=False, install_base='install', log_base=None, log_level=None, main=<bound method BuildVerb.main of <colcon_core.verb.build.BuildVerb object at 0x7f7e4f5cf8>>, merge_install=False, metas=['./colcon.meta'], packages_above=None, packages_above_and_dependencies=None, packages_above_depth=None, packages_end=None, packages_ignore=None, packages_ignore_regex=None, packages_select=['ros2_shared'], packages_select_build_failed=False, packages_select_by_dep=None, packages_select_regex=None, packages_select_test_failures=False, packages_skip=None, packages_skip_build_finished=False, packages_skip_by_dep=None, packages_skip_regex=None, packages_skip_test_passed=False, packages_skip_up_to=None, packages_start=None, packages_up_to=None, packages_up_to_regex=None, parallel_workers=4, paths=None, symlink_install=True, test_result_base=None, verb_extension=<colcon_core.verb.build.BuildVerb object at 0x7f7e4f5cf8>, verb_name='build', verb_parser=<colcon_defaults.argument_parser.defaults.DefaultArgumentsDecorator object at 0x7f7e473a58>)
[2.644s] Level 1:colcon.colcon_core.package_discovery:discover_packages(colcon_meta) check parameters
[2.645s] Level 1:colcon.colcon_core.package_discovery:discover_packages(recursive) check parameters
[2.645s] Level 1:colcon.colcon_core.package_discovery:discover_packages(ignore) check parameters
[2.645s] Level 1:colcon.colcon_core.package_discovery:discover_packages(path) check parameters
[2.645s] Level 1:colcon.colcon_core.package_discovery:discover_packages(colcon_meta) discover
[2.647s] Level 1:colcon.colcon_core.package_discovery:discover_packages(recursive) discover
[2.647s] INFO:colcon.colcon_core.package_discovery:Crawling recursively for packages in '/home/jetson/ros_ws'
[2.648s] Level 1:colcon.colcon_core.package_identification:_identify(.) by extensions ['ignore', 'ignore_ament_install']
[2.648s] Level 1:colcon.colcon_core.package_identification:_identify(.) by extension 'ignore'
[2.649s] Level 1:colcon.colcon_core.package_identification:_identify(.) by extension 'ignore_ament_install'
[2.649s] Level 1:colcon.colcon_core.package_identification:_identify(.) by extensions ['colcon_pkg']
[2.649s] Level 1:colcon.colcon_core.package_identification:_identify(.) by extension 'colcon_pkg'
[2.650s] Level 1:colcon.colcon_core.package_identification:_identify(.) by extensions ['colcon_meta']
[2.650s] Level 1:colcon.colcon_core.package_identification:_identify(.) by extension 'colcon_meta'
[2.650s] Level 1:colcon.colcon_core.package_identification:_identify(.) by extensions ['ros']
[2.650s] Level 1:colcon.colcon_core.package_identification:_identify(.) by extension 'ros'
[2.722s] Level 1:colcon.colcon_core.package_identification:_identify(.) by extensions ['cmake', 'python']
[2.722s] Level 1:colcon.colcon_core.package_identification:_identify(.) by extension 'cmake'
[2.723s] Level 1:colcon.colcon_core.package_identification:_identify(.) by extension 'python'
[2.723s] Level 1:colcon.colcon_core.package_identification:_identify(.) by extensions ['python_setup_py']
[2.723s] Level 1:colcon.colcon_core.package_identification:_identify(.) by extension 'python_setup_py'
[2.724s] Level 1:colcon.colcon_core.package_identification:_identify(build) by extensions ['ignore', 'ignore_ament_install']
[2.725s] Level 1:colcon.colcon_core.package_identification:_identify(build) by extension 'ignore'
[2.725s] Level 1:colcon.colcon_core.package_identification:_identify(build) ignored
[2.727s] Level 1:colcon.colcon_core.package_identification:_identify(install) by extensions ['ignore', 'ignore_ament_install']
[2.728s] Level 1:colcon.colcon_core.package_identification:_identify(install) by extension 'ignore'
[2.728s] Level 1:colcon.colcon_core.package_identification:_identify(install) ignored
[2.729s] Level 1:colcon.colcon_core.package_identification:_identify(log) by extensions ['ignore', 'ignore_ament_install']
[2.729s] Level 1:colcon.colcon_core.package_identification:_identify(log) by extension 'ignore'
[2.729s] Level 1:colcon.colcon_core.package_identification:_identify(log) ignored
[2.730s] Level 1:colcon.colcon_core.package_identification:_identify(src) by extensions ['ignore', 'ignore_ament_install']
[2.730s] Level 1:colcon.colcon_core.package_identification:_identify(src) by extension 'ignore'
[2.731s] Level 1:colcon.colcon_core.package_identification:_identify(src) by extension 'ignore_ament_install'
[2.731s] Level 1:colcon.colcon_core.package_identification:_identify(src) by extensions ['colcon_pkg']
[2.731s] Level 1:colcon.colcon_core.package_identification:_identify(src) by extension 'colcon_pkg'
[2.731s] Level 1:colcon.colcon_core.package_identification:_identify(src) by extensions ['colcon_meta']
[2.732s] Level 1:colcon.colcon_core.package_identification:_identify(src) by extension 'colcon_meta'
[2.732s] Level 1:colcon.colcon_core.package_identification:_identify(src) by extensions ['ros']
[2.732s] Level 1:colcon.colcon_core.package_identification:_identify(src) by extension 'ros'
[2.733s] Level 1:colcon.colcon_core.package_identification:_identify(src) by extensions ['cmake', 'python']
[2.733s] Level 1:colcon.colcon_core.package_identification:_identify(src) by extension 'cmake'
[2.733s] Level 1:colcon.colcon_core.package_identification:_identify(src) by extension 'python'
[2.734s] Level 1:colcon.colcon_core.package_identification:_identify(src) by extensions ['python_setup_py']
[2.734s] Level 1:colcon.colcon_core.package_identification:_identify(src) by extension 'python_setup_py'
[2.734s] Level 1:colcon.colcon_core.package_identification:_identify(src/gscam2) by extensions ['ignore', 'ignore_ament_install']
[2.735s] Level 1:colcon.colcon_core.package_identification:_identify(src/gscam2) by extension 'ignore'
[2.735s] Level 1:colcon.colcon_core.package_identification:_identify(src/gscam2) by extension 'ignore_ament_install'
[2.736s] Level 1:colcon.colcon_core.package_identification:_identify(src/gscam2) by extensions ['colcon_pkg']
[2.736s] Level 1:colcon.colcon_core.package_identification:_identify(src/gscam2) by extension 'colcon_pkg'
[2.736s] Level 1:colcon.colcon_core.package_identification:_identify(src/gscam2) by extensions ['colcon_meta']
[2.736s] Level 1:colcon.colcon_core.package_identification:_identify(src/gscam2) by extension 'colcon_meta'
[2.737s] Level 1:colcon.colcon_core.package_identification:_identify(src/gscam2) by extensions ['ros']
[2.737s] Level 1:colcon.colcon_core.package_identification:_identify(src/gscam2) by extension 'ros'
[2.766s] DEBUG:colcon.colcon_core.package_identification:Package 'src/gscam2' with type 'ros.ament_cmake' and name 'gscam2'
[2.768s] Level 1:colcon.colcon_core.package_identification:_identify(src/nanosaur) by extensions ['ignore', 'ignore_ament_install']
[2.769s] Level 1:colcon.colcon_core.package_identification:_identify(src/nanosaur) by extension 'ignore'
[2.769s] Level 1:colcon.colcon_core.package_identification:_identify(src/nanosaur) by extension 'ignore_ament_install'
[2.770s] Level 1:colcon.colcon_core.package_identification:_identify(src/nanosaur) by extensions ['colcon_pkg']
[2.770s] Level 1:colcon.colcon_core.package_identification:_identify(src/nanosaur) by extension 'colcon_pkg'
[2.770s] Level 1:colcon.colcon_core.package_identification:_identify(src/nanosaur) by extensions ['colcon_meta']
[2.770s] Level 1:colcon.colcon_core.package_identification:_identify(src/nanosaur) by extension 'colcon_meta'
[2.771s] Level 1:colcon.colcon_core.package_identification:_identify(src/nanosaur) by extensions ['ros']
[2.771s] Level 1:colcon.colcon_core.package_identification:_identify(src/nanosaur) by extension 'ros'
[2.771s] Level 1:colcon.colcon_core.package_identification:_identify(src/nanosaur) by extensions ['cmake', 'python']
[2.772s] Level 1:colcon.colcon_core.package_identification:_identify(src/nanosaur) by extension 'cmake'
[2.772s] Level 1:colcon.colcon_core.package_identification:_identify(src/nanosaur) by extension 'python'
[2.772s] Level 1:colcon.colcon_core.package_identification:_identify(src/nanosaur) by extensions ['python_setup_py']
[2.773s] Level 1:colcon.colcon_core.package_identification:_identify(src/nanosaur) by extension 'python_setup_py'
[2.775s] Level 1:colcon.colcon_core.package_identification:_identify(src/nanosaur/nanosaur) by extensions ['ignore', 'ignore_ament_install']
[2.775s] Level 1:colcon.colcon_core.package_identification:_identify(src/nanosaur/nanosaur) by extension 'ignore'
[2.776s] Level 1:colcon.colcon_core.package_identification:_identify(src/nanosaur/nanosaur) by extension 'ignore_ament_install'
[2.776s] Level 1:colcon.colcon_core.package_identification:_identify(src/nanosaur/nanosaur) by extensions ['colcon_pkg']
[2.777s] Level 1:colcon.colcon_core.package_identification:_identify(src/nanosaur/nanosaur) by extension 'colcon_pkg'
[2.777s] Level 1:colcon.colcon_core.package_identification:_identify(src/nanosaur/nanosaur) by extensions ['colcon_meta']
[2.777s] Level 1:colcon.colcon_core.package_identification:_identify(src/nanosaur/nanosaur) by extension 'colcon_meta'
[2.778s] Level 1:colcon.colcon_core.package_identification:_identify(src/nanosaur/nanosaur) by extensions ['ros']
[2.778s] Level 1:colcon.colcon_core.package_identification:_identify(src/nanosaur/nanosaur) by extension 'ros'
[2.782s] DEBUG:colcon.colcon_core.package_identification:Package 'src/nanosaur/nanosaur' with type 'ros.ament_cmake' and name 'nanosaur'
[2.783s] Level 1:colcon.colcon_core.package_identification:_identify(src/nanosaur/nanosaur_control) by extensions ['ignore', 'ignore_ament_install']
[2.783s] Level 1:colcon.colcon_core.package_identification:_identify(src/nanosaur/nanosaur_control) by extension 'ignore'
[2.784s] Level 1:colcon.colcon_core.package_identification:_identify(src/nanosaur/nanosaur_control) by extension 'ignore_ament_install'
[2.784s] Level 1:colcon.colcon_core.package_identification:_identify(src/nanosaur/nanosaur_control) by extensions ['colcon_pkg']
[2.784s] Level 1:colcon.colcon_core.package_identification:_identify(src/nanosaur/nanosaur_control) by extension 'colcon_pkg'
[2.785s] Level 1:colcon.colcon_core.package_identification:_identify(src/nanosaur/nanosaur_control) by extensions ['colcon_meta']
[2.785s] Level 1:colcon.colcon_core.package_identification:_identify(src/nanosaur/nanosaur_control) by extension 'colcon_meta'
[2.785s] Level 1:colcon.colcon_core.package_identification:_identify(src/nanosaur/nanosaur_control) by extensions ['ros']
[2.786s] Level 1:colcon.colcon_core.package_identification:_identify(src/nanosaur/nanosaur_control) by extension 'ros'
[2.790s] DEBUG:colcon.colcon_core.package_identification:Package 'src/nanosaur/nanosaur_control' with type 'ros.ament_cmake' and name 'nanosaur_control'
[2.791s] Level 1:colcon.colcon_core.package_identification:_identify(src/nanosaur/nanosaur_description) by extensions ['ignore', 'ignore_ament_install']
[2.792s] Level 1:colcon.colcon_core.package_identification:_identify(src/nanosaur/nanosaur_description) by extension 'ignore'
[2.792s] Level 1:colcon.colcon_core.package_identification:_identify(src/nanosaur/nanosaur_description) by extension 'ignore_ament_install'
[2.792s] Level 1:colcon.colcon_core.package_identification:_identify(src/nanosaur/nanosaur_description) by extensions ['colcon_pkg']
[2.793s] Level 1:colcon.colcon_core.package_identification:_identify(src/nanosaur/nanosaur_description) by extension 'colcon_pkg'
[2.793s] Level 1:colcon.colcon_core.package_identification:_identify(src/nanosaur/nanosaur_description) by extensions ['colcon_meta']
[2.793s] Level 1:colcon.colcon_core.package_identification:_identify(src/nanosaur/nanosaur_description) by extension 'colcon_meta'
[2.793s] Level 1:colcon.colcon_core.package_identification:_identify(src/nanosaur/nanosaur_description) by extensions ['ros']
[2.794s] Level 1:colcon.colcon_core.package_identification:_identify(src/nanosaur/nanosaur_description) by extension 'ros'
[2.797s] DEBUG:colcon.colcon_core.package_identification:Package 'src/nanosaur/nanosaur_description' with type 'ros.ament_cmake' and name 'nanosaur_description'
[2.798s] Level 1:colcon.colcon_core.package_identification:_identify(src/nanosaur/nanosaur_msgs) by extensions ['ignore', 'ignore_ament_install']
[2.799s] Level 1:colcon.colcon_core.package_identification:_identify(src/nanosaur/nanosaur_msgs) by extension 'ignore'
[2.799s] Level 1:colcon.colcon_core.package_identification:_identify(src/nanosaur/nanosaur_msgs) by extension 'ignore_ament_install'
[2.800s] Level 1:colcon.colcon_core.package_identification:_identify(src/nanosaur/nanosaur_msgs) by extensions ['colcon_pkg']
[2.800s] Level 1:colcon.colcon_core.package_identification:_identify(src/nanosaur/nanosaur_msgs) by extension 'colcon_pkg'
[2.800s] Level 1:colcon.colcon_core.package_identification:_identify(src/nanosaur/nanosaur_msgs) by extensions ['colcon_meta']
[2.801s] Level 1:colcon.colcon_core.package_identification:_identify(src/nanosaur/nanosaur_msgs) by extension 'colcon_meta'
[2.801s] Level 1:colcon.colcon_core.package_identification:_identify(src/nanosaur/nanosaur_msgs) by extensions ['ros']
[2.801s] Level 1:colcon.colcon_core.package_identification:_identify(src/nanosaur/nanosaur_msgs) by extension 'ros'
[2.805s] DEBUG:colcon.colcon_core.package_identification:Package 'src/nanosaur/nanosaur_msgs' with type 'ros.ament_cmake' and name 'nanosaur_msgs'
[2.806s] Level 1:colcon.colcon_core.package_identification:_identify(src/nanosaur_robot) by extensions ['ignore', 'ignore_ament_install']
[2.807s] Level 1:colcon.colcon_core.package_identification:_identify(src/nanosaur_robot) by extension 'ignore'
[2.807s] Level 1:colcon.colcon_core.package_identification:_identify(src/nanosaur_robot) by extension 'ignore_ament_install'
[2.808s] Level 1:colcon.colcon_core.package_identification:_identify(src/nanosaur_robot) by extensions ['colcon_pkg']
[2.808s] Level 1:colcon.colcon_core.package_identification:_identify(src/nanosaur_robot) by extension 'colcon_pkg'
[2.808s] Level 1:colcon.colcon_core.package_identification:_identify(src/nanosaur_robot) by extensions ['colcon_meta']
[2.808s] Level 1:colcon.colcon_core.package_identification:_identify(src/nanosaur_robot) by extension 'colcon_meta'
[2.809s] Level 1:colcon.colcon_core.package_identification:_identify(src/nanosaur_robot) by extensions ['ros']
[2.809s] Level 1:colcon.colcon_core.package_identification:_identify(src/nanosaur_robot) by extension 'ros'
[2.809s] Level 1:colcon.colcon_core.package_identification:_identify(src/nanosaur_robot) by extensions ['cmake', 'python']
[2.810s] Level 1:colcon.colcon_core.package_identification:_identify(src/nanosaur_robot) by extension 'cmake'
[2.810s] Level 1:colcon.colcon_core.package_identification:_identify(src/nanosaur_robot) by extension 'python'
[2.810s] Level 1:colcon.colcon_core.package_identification:_identify(src/nanosaur_robot) by extensions ['python_setup_py']
[2.810s] Level 1:colcon.colcon_core.package_identification:_identify(src/nanosaur_robot) by extension 'python_setup_py'
[2.812s] Level 1:colcon.colcon_core.package_identification:_identify(src/nanosaur_robot/nanosaur_base) by extensions ['ignore', 'ignore_ament_install']
[2.813s] Level 1:colcon.colcon_core.package_identification:_identify(src/nanosaur_robot/nanosaur_base) by extension 'ignore'
[2.813s] Level 1:colcon.colcon_core.package_identification:_identify(src/nanosaur_robot/nanosaur_base) by extension 'ignore_ament_install'
[2.814s] Level 1:colcon.colcon_core.package_identification:_identify(src/nanosaur_robot/nanosaur_base) by extensions ['colcon_pkg']
[2.814s] Level 1:colcon.colcon_core.package_identification:_identify(src/nanosaur_robot/nanosaur_base) by extension 'colcon_pkg'
[2.814s] Level 1:colcon.colcon_core.package_identification:_identify(src/nanosaur_robot/nanosaur_base) by extensions ['colcon_meta']
[2.814s] Level 1:colcon.colcon_core.package_identification:_identify(src/nanosaur_robot/nanosaur_base) by extension 'colcon_meta'
[2.815s] Level 1:colcon.colcon_core.package_identification:_identify(src/nanosaur_robot/nanosaur_base) by extensions ['ros']
[2.815s] Level 1:colcon.colcon_core.package_identification:_identify(src/nanosaur_robot/nanosaur_base) by extension 'ros'
[2.820s] DEBUG:colcon.colcon_core.package_identification:Package 'src/nanosaur_robot/nanosaur_base' with type 'ros.ament_python' and name 'nanosaur_base'
[2.821s] Level 1:colcon.colcon_core.package_identification:_identify(src/nanosaur_robot/nanosaur_bringup) by extensions ['ignore', 'ignore_ament_install']
[2.822s] Level 1:colcon.colcon_core.package_identification:_identify(src/nanosaur_robot/nanosaur_bringup) by extension 'ignore'
[2.822s] Level 1:colcon.colcon_core.package_identification:_identify(src/nanosaur_robot/nanosaur_bringup) by extension 'ignore_ament_install'
[2.823s] Level 1:colcon.colcon_core.package_identification:_identify(src/nanosaur_robot/nanosaur_bringup) by extensions ['colcon_pkg']
[2.823s] Level 1:colcon.colcon_core.package_identification:_identify(src/nanosaur_robot/nanosaur_bringup) by extension 'colcon_pkg'
[2.823s] Level 1:colcon.colcon_core.package_identification:_identify(src/nanosaur_robot/nanosaur_bringup) by extensions ['colcon_meta']
[2.823s] Level 1:colcon.colcon_core.package_identification:_identify(src/nanosaur_robot/nanosaur_bringup) by extension 'colcon_meta'
[2.824s] Level 1:colcon.colcon_core.package_identification:_identify(src/nanosaur_robot/nanosaur_bringup) by extensions ['ros']
[2.824s] Level 1:colcon.colcon_core.package_identification:_identify(src/nanosaur_robot/nanosaur_bringup) by extension 'ros'
[2.839s] DEBUG:colcon.colcon_core.package_identification:Package 'src/nanosaur_robot/nanosaur_bringup' with type 'ros.ament_cmake' and name 'nanosaur_bringup'
[2.840s] Level 1:colcon.colcon_core.package_identification:_identify(src/nanosaur_robot/nanosaur_robot) by extensions ['ignore', 'ignore_ament_install']
[2.841s] Level 1:colcon.colcon_core.package_identification:_identify(src/nanosaur_robot/nanosaur_robot) by extension 'ignore'
[2.841s] Level 1:colcon.colcon_core.package_identification:_identify(src/nanosaur_robot/nanosaur_robot) by extension 'ignore_ament_install'
[2.841s] Level 1:colcon.colcon_core.package_identification:_identify(src/nanosaur_robot/nanosaur_robot) by extensions ['colcon_pkg']
[2.841s] Level 1:colcon.colcon_core.package_identification:_identify(src/nanosaur_robot/nanosaur_robot) by extension 'colcon_pkg'
[2.842s] Level 1:colcon.colcon_core.package_identification:_identify(src/nanosaur_robot/nanosaur_robot) by extensions ['colcon_meta']
[2.842s] Level 1:colcon.colcon_core.package_identification:_identify(src/nanosaur_robot/nanosaur_robot) by extension 'colcon_meta'
[2.842s] Level 1:colcon.colcon_core.package_identification:_identify(src/nanosaur_robot/nanosaur_robot) by extensions ['ros']
[2.842s] Level 1:colcon.colcon_core.package_identification:_identify(src/nanosaur_robot/nanosaur_robot) by extension 'ros'
[2.846s] DEBUG:colcon.colcon_core.package_identification:Package 'src/nanosaur_robot/nanosaur_robot' with type 'ros.ament_cmake' and name 'nanosaur_robot'
[2.847s] Level 1:colcon.colcon_core.package_identification:_identify(src/nanosaur_simulations) by extensions ['ignore', 'ignore_ament_install']
[2.848s] Level 1:colcon.colcon_core.package_identification:_identify(src/nanosaur_simulations) by extension 'ignore'
[2.849s] Level 1:colcon.colcon_core.package_identification:_identify(src/nanosaur_simulations) by extension 'ignore_ament_install'
[2.849s] Level 1:colcon.colcon_core.package_identification:_identify(src/nanosaur_simulations) by extensions ['colcon_pkg']
[2.849s] Level 1:colcon.colcon_core.package_identification:_identify(src/nanosaur_simulations) by extension 'colcon_pkg'
[2.850s] Level 1:colcon.colcon_core.package_identification:_identify(src/nanosaur_simulations) by extensions ['colcon_meta']
[2.850s] Level 1:colcon.colcon_core.package_identification:_identify(src/nanosaur_simulations) by extension 'colcon_meta'
[2.850s] Level 1:colcon.colcon_core.package_identification:_identify(src/nanosaur_simulations) by extensions ['ros']
[2.850s] Level 1:colcon.colcon_core.package_identification:_identify(src/nanosaur_simulations) by extension 'ros'
[2.851s] Level 1:colcon.colcon_core.package_identification:_identify(src/nanosaur_simulations) by extensions ['cmake', 'python']
[2.851s] Level 1:colcon.colcon_core.package_identification:_identify(src/nanosaur_simulations) by extension 'cmake'
[2.852s] Level 1:colcon.colcon_core.package_identification:_identify(src/nanosaur_simulations) by extension 'python'
[2.852s] Level 1:colcon.colcon_core.package_identification:_identify(src/nanosaur_simulations) by extensions ['python_setup_py']
[2.852s] Level 1:colcon.colcon_core.package_identification:_identify(src/nanosaur_simulations) by extension 'python_setup_py'
[2.854s] Level 1:colcon.colcon_core.package_identification:_identify(src/nanosaur_simulations/nanosaur_gazebo) by extensions ['ignore', 'ignore_ament_install']
[2.855s] Level 1:colcon.colcon_core.package_identification:_identify(src/nanosaur_simulations/nanosaur_gazebo) by extension 'ignore'
[2.855s] Level 1:colcon.colcon_core.package_identification:_identify(src/nanosaur_simulations/nanosaur_gazebo) by extension 'ignore_ament_install'
[2.855s] Level 1:colcon.colcon_core.package_identification:_identify(src/nanosaur_simulations/nanosaur_gazebo) by extensions ['colcon_pkg']
[2.856s] Level 1:colcon.colcon_core.package_identification:_identify(src/nanosaur_simulations/nanosaur_gazebo) by extension 'colcon_pkg'
[2.856s] Level 1:colcon.colcon_core.package_identification:_identify(src/nanosaur_simulations/nanosaur_gazebo) by extensions ['colcon_meta']
[2.856s] Level 1:colcon.colcon_core.package_identification:_identify(src/nanosaur_simulations/nanosaur_gazebo) by extension 'colcon_meta'
[2.857s] Level 1:colcon.colcon_core.package_identification:_identify(src/nanosaur_simulations/nanosaur_gazebo) by extensions ['ros']
[2.857s] Level 1:colcon.colcon_core.package_identification:_identify(src/nanosaur_simulations/nanosaur_gazebo) by extension 'ros'
[2.861s] DEBUG:colcon.colcon_core.package_identification:Package 'src/nanosaur_simulations/nanosaur_gazebo' with type 'ros.ament_cmake' and name 'nanosaur_gazebo'
[2.862s] Level 1:colcon.colcon_core.package_identification:_identify(src/nanosaur_simulations/nanosaur_ignition) by extensions ['ignore', 'ignore_ament_install']
[2.863s] Level 1:colcon.colcon_core.package_identification:_identify(src/nanosaur_simulations/nanosaur_ignition) by extension 'ignore'
[2.863s] Level 1:colcon.colcon_core.package_identification:_identify(src/nanosaur_simulations/nanosaur_ignition) by extension 'ignore_ament_install'
[2.863s] Level 1:colcon.colcon_core.package_identification:_identify(src/nanosaur_simulations/nanosaur_ignition) by extensions ['colcon_pkg']
[2.864s] Level 1:colcon.colcon_core.package_identification:_identify(src/nanosaur_simulations/nanosaur_ignition) by extension 'colcon_pkg'
[2.864s] Level 1:colcon.colcon_core.package_identification:_identify(src/nanosaur_simulations/nanosaur_ignition) by extensions ['colcon_meta']
[2.864s] Level 1:colcon.colcon_core.package_identification:_identify(src/nanosaur_simulations/nanosaur_ignition) by extension 'colcon_meta'
[2.865s] Level 1:colcon.colcon_core.package_identification:_identify(src/nanosaur_simulations/nanosaur_ignition) by extensions ['ros']
[2.865s] Level 1:colcon.colcon_core.package_identification:_identify(src/nanosaur_simulations/nanosaur_ignition) by extension 'ros'
[2.869s] DEBUG:colcon.colcon_core.package_identification:Package 'src/nanosaur_simulations/nanosaur_ignition' with type 'ros.ament_python' and name 'nanosaur_ignition'
[2.870s] Level 1:colcon.colcon_core.package_identification:_identify(src/nanosaur_simulations/nanosaur_isaac_sim) by extensions ['ignore', 'ignore_ament_install']
[2.871s] Level 1:colcon.colcon_core.package_identification:_identify(src/nanosaur_simulations/nanosaur_isaac_sim) by extension 'ignore'
[2.871s] Level 1:colcon.colcon_core.package_identification:_identify(src/nanosaur_simulations/nanosaur_isaac_sim) by extension 'ignore_ament_install'
[2.872s] Level 1:colcon.colcon_core.package_identification:_identify(src/nanosaur_simulations/nanosaur_isaac_sim) by extensions ['colcon_pkg']
[2.872s] Level 1:colcon.colcon_core.package_identification:_identify(src/nanosaur_simulations/nanosaur_isaac_sim) by extension 'colcon_pkg'
[2.872s] Level 1:colcon.colcon_core.package_identification:_identify(src/nanosaur_simulations/nanosaur_isaac_sim) by extensions ['colcon_meta']
[2.873s] Level 1:colcon.colcon_core.package_identification:_identify(src/nanosaur_simulations/nanosaur_isaac_sim) by extension 'colcon_meta'
[2.873s] Level 1:colcon.colcon_core.package_identification:_identify(src/nanosaur_simulations/nanosaur_isaac_sim) by extensions ['ros']
[2.873s] Level 1:colcon.colcon_core.package_identification:_identify(src/nanosaur_simulations/nanosaur_isaac_sim) by extension 'ros'
[2.878s] DEBUG:colcon.colcon_core.package_identification:Package 'src/nanosaur_simulations/nanosaur_isaac_sim' with type 'ros.ament_cmake' and name 'nanosaur_isaac_sim'
[2.879s] Level 1:colcon.colcon_core.package_identification:_identify(src/nanosaur_simulations/nanosaur_simulations) by extensions ['ignore', 'ignore_ament_install']
[2.879s] Level 1:colcon.colcon_core.package_identification:_identify(src/nanosaur_simulations/nanosaur_simulations) by extension 'ignore'
[2.879s] Level 1:colcon.colcon_core.package_identification:_identify(src/nanosaur_simulations/nanosaur_simulations) by extension 'ignore_ament_install'
[2.880s] Level 1:colcon.colcon_core.package_identification:_identify(src/nanosaur_simulations/nanosaur_simulations) by extensions ['colcon_pkg']
[2.880s] Level 1:colcon.colcon_core.package_identification:_identify(src/nanosaur_simulations/nanosaur_simulations) by extension 'colcon_pkg'
[2.880s] Level 1:colcon.colcon_core.package_identification:_identify(src/nanosaur_simulations/nanosaur_simulations) by extensions ['colcon_meta']
[2.881s] Level 1:colcon.colcon_core.package_identification:_identify(src/nanosaur_simulations/nanosaur_simulations) by extension 'colcon_meta'
[2.881s] Level 1:colcon.colcon_core.package_identification:_identify(src/nanosaur_simulations/nanosaur_simulations) by extensions ['ros']
[2.881s] Level 1:colcon.colcon_core.package_identification:_identify(src/nanosaur_simulations/nanosaur_simulations) by extension 'ros'
[2.884s] DEBUG:colcon.colcon_core.package_identification:Package 'src/nanosaur_simulations/nanosaur_simulations' with type 'ros.ament_cmake' and name 'nanosaur_simulations'
[2.885s] Level 1:colcon.colcon_core.package_identification:_identify(src/nanosaur_simulations/nanosaur_worlds) by extensions ['ignore', 'ignore_ament_install']
[2.886s] Level 1:colcon.colcon_core.package_identification:_identify(src/nanosaur_simulations/nanosaur_worlds) by extension 'ignore'
[2.887s] Level 1:colcon.colcon_core.package_identification:_identify(src/nanosaur_simulations/nanosaur_worlds) by extension 'ignore_ament_install'
[2.887s] Level 1:colcon.colcon_core.package_identification:_identify(src/nanosaur_simulations/nanosaur_worlds) by extensions ['colcon_pkg']
[2.887s] Level 1:colcon.colcon_core.package_identification:_identify(src/nanosaur_simulations/nanosaur_worlds) by extension 'colcon_pkg'
[2.888s] Level 1:colcon.colcon_core.package_identification:_identify(src/nanosaur_simulations/nanosaur_worlds) by extensions ['colcon_meta']
[2.888s] Level 1:colcon.colcon_core.package_identification:_identify(src/nanosaur_simulations/nanosaur_worlds) by extension 'colcon_meta'
[2.888s] Level 1:colcon.colcon_core.package_identification:_identify(src/nanosaur_simulations/nanosaur_worlds) by extensions ['ros']
[2.889s] Level 1:colcon.colcon_core.package_identification:_identify(src/nanosaur_simulations/nanosaur_worlds) by extension 'ros'
[2.892s] DEBUG:colcon.colcon_core.package_identification:Package 'src/nanosaur_simulations/nanosaur_worlds' with type 'ros.ament_cmake' and name 'nanosaur_worlds'
[2.893s] Level 1:colcon.colcon_core.package_identification:_identify(src/rb_nanosaur) by extensions ['ignore', 'ignore_ament_install']
[2.894s] Level 1:colcon.colcon_core.package_identification:_identify(src/rb_nanosaur) by extension 'ignore'
[2.894s] Level 1:colcon.colcon_core.package_identification:_identify(src/rb_nanosaur) by extension 'ignore_ament_install'
[2.894s] Level 1:colcon.colcon_core.package_identification:_identify(src/rb_nanosaur) by extensions ['colcon_pkg']
[2.895s] Level 1:colcon.colcon_core.package_identification:_identify(src/rb_nanosaur) by extension 'colcon_pkg'
[2.895s] Level 1:colcon.colcon_core.package_identification:_identify(src/rb_nanosaur) by extensions ['colcon_meta']
[2.895s] Level 1:colcon.colcon_core.package_identification:_identify(src/rb_nanosaur) by extension 'colcon_meta'
[2.896s] Level 1:colcon.colcon_core.package_identification:_identify(src/rb_nanosaur) by extensions ['ros']
[2.896s] Level 1:colcon.colcon_core.package_identification:_identify(src/rb_nanosaur) by extension 'ros'
[2.896s] Level 1:colcon.colcon_core.package_identification:_identify(src/rb_nanosaur) by extensions ['cmake', 'python']
[2.897s] Level 1:colcon.colcon_core.package_identification:_identify(src/rb_nanosaur) by extension 'cmake'
[2.897s] Level 1:colcon.colcon_core.package_identification:_identify(src/rb_nanosaur) by extension 'python'
[2.897s] Level 1:colcon.colcon_core.package_identification:_identify(src/rb_nanosaur) by extensions ['python_setup_py']
[2.897s] Level 1:colcon.colcon_core.package_identification:_identify(src/rb_nanosaur) by extension 'python_setup_py'
[2.899s] Level 1:colcon.colcon_core.package_identification:_identify(src/rb_nanosaur/STL) by extensions ['ignore', 'ignore_ament_install']
[2.900s] Level 1:colcon.colcon_core.package_identification:_identify(src/rb_nanosaur/STL) by extension 'ignore'
[2.901s] Level 1:colcon.colcon_core.package_identification:_identify(src/rb_nanosaur/STL) by extension 'ignore_ament_install'
[2.901s] Level 1:colcon.colcon_core.package_identification:_identify(src/rb_nanosaur/STL) by extensions ['colcon_pkg']
[2.901s] Level 1:colcon.colcon_core.package_identification:_identify(src/rb_nanosaur/STL) by extension 'colcon_pkg'
[2.902s] Level 1:colcon.colcon_core.package_identification:_identify(src/rb_nanosaur/STL) by extensions ['colcon_meta']
[2.902s] Level 1:colcon.colcon_core.package_identification:_identify(src/rb_nanosaur/STL) by extension 'colcon_meta'
[2.903s] Level 1:colcon.colcon_core.package_identification:_identify(src/rb_nanosaur/STL) by extensions ['ros']
[2.903s] Level 1:colcon.colcon_core.package_identification:_identify(src/rb_nanosaur/STL) by extension 'ros'
[2.903s] Level 1:colcon.colcon_core.package_identification:_identify(src/rb_nanosaur/STL) by extensions ['cmake', 'python']
[2.904s] Level 1:colcon.colcon_core.package_identification:_identify(src/rb_nanosaur/STL) by extension 'cmake'
[2.904s] Level 1:colcon.colcon_core.package_identification:_identify(src/rb_nanosaur/STL) by extension 'python'
[2.904s] Level 1:colcon.colcon_core.package_identification:_identify(src/rb_nanosaur/STL) by extensions ['python_setup_py']
[2.905s] Level 1:colcon.colcon_core.package_identification:_identify(src/rb_nanosaur/STL) by extension 'python_setup_py'
[2.906s] Level 1:colcon.colcon_core.package_identification:_identify(src/rb_nanosaur/cpp_first_pkg) by extensions ['ignore', 'ignore_ament_install']
[2.907s] Level 1:colcon.colcon_core.package_identification:_identify(src/rb_nanosaur/cpp_first_pkg) by extension 'ignore'
[2.907s] Level 1:colcon.colcon_core.package_identification:_identify(src/rb_nanosaur/cpp_first_pkg) by extension 'ignore_ament_install'
[2.908s] Level 1:colcon.colcon_core.package_identification:_identify(src/rb_nanosaur/cpp_first_pkg) by extensions ['colcon_pkg']
[2.908s] Level 1:colcon.colcon_core.package_identification:_identify(src/rb_nanosaur/cpp_first_pkg) by extension 'colcon_pkg'
[2.908s] Level 1:colcon.colcon_core.package_identification:_identify(src/rb_nanosaur/cpp_first_pkg) by extensions ['colcon_meta']
[2.909s] Level 1:colcon.colcon_core.package_identification:_identify(src/rb_nanosaur/cpp_first_pkg) by extension 'colcon_meta'
[2.909s] Level 1:colcon.colcon_core.package_identification:_identify(src/rb_nanosaur/cpp_first_pkg) by extensions ['ros']
[2.909s] Level 1:colcon.colcon_core.package_identification:_identify(src/rb_nanosaur/cpp_first_pkg) by extension 'ros'
[2.913s] DEBUG:colcon.colcon_core.package_identification:Package 'src/rb_nanosaur/cpp_first_pkg' with type 'ros.ament_cmake' and name 'cpp_first_pkg'
[2.914s] Level 1:colcon.colcon_core.package_identification:_identify(src/rb_nanosaur/images) by extensions ['ignore', 'ignore_ament_install']
[2.914s] Level 1:colcon.colcon_core.package_identification:_identify(src/rb_nanosaur/images) by extension 'ignore'
[2.915s] Level 1:colcon.colcon_core.package_identification:_identify(src/rb_nanosaur/images) by extension 'ignore_ament_install'
[2.915s] Level 1:colcon.colcon_core.package_identification:_identify(src/rb_nanosaur/images) by extensions ['colcon_pkg']
[2.915s] Level 1:colcon.colcon_core.package_identification:_identify(src/rb_nanosaur/images) by extension 'colcon_pkg'
[2.916s] Level 1:colcon.colcon_core.package_identification:_identify(src/rb_nanosaur/images) by extensions ['colcon_meta']
[2.916s] Level 1:colcon.colcon_core.package_identification:_identify(src/rb_nanosaur/images) by extension 'colcon_meta'
[2.916s] Level 1:colcon.colcon_core.package_identification:_identify(src/rb_nanosaur/images) by extensions ['ros']
[2.917s] Level 1:colcon.colcon_core.package_identification:_identify(src/rb_nanosaur/images) by extension 'ros'
[2.917s] Level 1:colcon.colcon_core.package_identification:_identify(src/rb_nanosaur/images) by extensions ['cmake', 'python']
[2.917s] Level 1:colcon.colcon_core.package_identification:_identify(src/rb_nanosaur/images) by extension 'cmake'
[2.918s] Level 1:colcon.colcon_core.package_identification:_identify(src/rb_nanosaur/images) by extension 'python'
[2.918s] Level 1:colcon.colcon_core.package_identification:_identify(src/rb_nanosaur/images) by extensions ['python_setup_py']
[2.918s] Level 1:colcon.colcon_core.package_identification:_identify(src/rb_nanosaur/images) by extension 'python_setup_py'
[2.920s] Level 1:colcon.colcon_core.package_identification:_identify(src/rb_nanosaur/install) by extensions ['ignore', 'ignore_ament_install']
[2.921s] Level 1:colcon.colcon_core.package_identification:_identify(src/rb_nanosaur/install) by extension 'ignore'
[2.921s] Level 1:colcon.colcon_core.package_identification:_identify(src/rb_nanosaur/install) by extension 'ignore_ament_install'
[2.921s] Level 1:colcon.colcon_core.package_identification:_identify(src/rb_nanosaur/install) by extensions ['colcon_pkg']
[2.922s] Level 1:colcon.colcon_core.package_identification:_identify(src/rb_nanosaur/install) by extension 'colcon_pkg'
[2.922s] Level 1:colcon.colcon_core.package_identification:_identify(src/rb_nanosaur/install) by extensions ['colcon_meta']
[2.922s] Level 1:colcon.colcon_core.package_identification:_identify(src/rb_nanosaur/install) by extension 'colcon_meta'
[2.922s] Level 1:colcon.colcon_core.package_identification:_identify(src/rb_nanosaur/install) by extensions ['ros']
[2.923s] Level 1:colcon.colcon_core.package_identification:_identify(src/rb_nanosaur/install) by extension 'ros'
[2.923s] Level 1:colcon.colcon_core.package_identification:_identify(src/rb_nanosaur/install) by extensions ['cmake', 'python']
[2.923s] Level 1:colcon.colcon_core.package_identification:_identify(src/rb_nanosaur/install) by extension 'cmake'
[2.924s] Level 1:colcon.colcon_core.package_identification:_identify(src/rb_nanosaur/install) by extension 'python'
[2.924s] Level 1:colcon.colcon_core.package_identification:_identify(src/rb_nanosaur/install) by extensions ['python_setup_py']
[2.924s] Level 1:colcon.colcon_core.package_identification:_identify(src/rb_nanosaur/install) by extension 'python_setup_py'
[2.926s] Level 1:colcon.colcon_core.package_identification:_identify(src/rb_nanosaur/nanosaur_camera) by extensions ['ignore', 'ignore_ament_install']
[2.927s] Level 1:colcon.colcon_core.package_identification:_identify(src/rb_nanosaur/nanosaur_camera) by extension 'ignore'
[2.927s] Level 1:colcon.colcon_core.package_identification:_identify(src/rb_nanosaur/nanosaur_camera) by extension 'ignore_ament_install'
[2.927s] Level 1:colcon.colcon_core.package_identification:_identify(src/rb_nanosaur/nanosaur_camera) by extensions ['colcon_pkg']
[2.928s] Level 1:colcon.colcon_core.package_identification:_identify(src/rb_nanosaur/nanosaur_camera) by extension 'colcon_pkg'
[2.928s] Level 1:colcon.colcon_core.package_identification:_identify(src/rb_nanosaur/nanosaur_camera) by extensions ['colcon_meta']
[2.928s] Level 1:colcon.colcon_core.package_identification:_identify(src/rb_nanosaur/nanosaur_camera) by extension 'colcon_meta'
[2.929s] Level 1:colcon.colcon_core.package_identification:_identify(src/rb_nanosaur/nanosaur_camera) by extensions ['ros']
[2.929s] Level 1:colcon.colcon_core.package_identification:_identify(src/rb_nanosaur/nanosaur_camera) by extension 'ros'
[2.934s] DEBUG:colcon.colcon_core.package_identification:Package 'src/rb_nanosaur/nanosaur_camera' with type 'ros.ament_cmake' and name 'nanosaur_camera'
[2.935s] Level 1:colcon.colcon_core.package_identification:_identify(src/rb_nanosaur/nanosaur_emotion) by extensions ['ignore', 'ignore_ament_install']
[2.936s] Level 1:colcon.colcon_core.package_identification:_identify(src/rb_nanosaur/nanosaur_emotion) by extension 'ignore'
[2.936s] Level 1:colcon.colcon_core.package_identification:_identify(src/rb_nanosaur/nanosaur_emotion) by extension 'ignore_ament_install'
[2.937s] Level 1:colcon.colcon_core.package_identification:_identify(src/rb_nanosaur/nanosaur_emotion) by extensions ['colcon_pkg']
[2.937s] Level 1:colcon.colcon_core.package_identification:_identify(src/rb_nanosaur/nanosaur_emotion) by extension 'colcon_pkg'
[2.937s] Level 1:colcon.colcon_core.package_identification:_identify(src/rb_nanosaur/nanosaur_emotion) by extensions ['colcon_meta']
[2.937s] Level 1:colcon.colcon_core.package_identification:_identify(src/rb_nanosaur/nanosaur_emotion) by extension 'colcon_meta'
[2.938s] Level 1:colcon.colcon_core.package_identification:_identify(src/rb_nanosaur/nanosaur_emotion) by extensions ['ros']
[2.938s] Level 1:colcon.colcon_core.package_identification:_identify(src/rb_nanosaur/nanosaur_emotion) by extension 'ros'
[2.944s] DEBUG:colcon.colcon_core.package_identification:Package 'src/rb_nanosaur/nanosaur_emotion' with type 'ros.ament_cmake' and name 'nanosaur_emotion'
[2.946s] Level 1:colcon.colcon_core.package_identification:_identify(src/rb_nanosaur/nanosaur_hardware) by extensions ['ignore', 'ignore_ament_install']
[2.947s] Level 1:colcon.colcon_core.package_identification:_identify(src/rb_nanosaur/nanosaur_hardware) by extension 'ignore'
[2.947s] Level 1:colcon.colcon_core.package_identification:_identify(src/rb_nanosaur/nanosaur_hardware) by extension 'ignore_ament_install'
[2.947s] Level 1:colcon.colcon_core.package_identification:_identify(src/rb_nanosaur/nanosaur_hardware) by extensions ['colcon_pkg']
[2.947s] Level 1:colcon.colcon_core.package_identification:_identify(src/rb_nanosaur/nanosaur_hardware) by extension 'colcon_pkg'
[2.948s] Level 1:colcon.colcon_core.package_identification:_identify(src/rb_nanosaur/nanosaur_hardware) by extensions ['colcon_meta']
[2.948s] Level 1:colcon.colcon_core.package_identification:_identify(src/rb_nanosaur/nanosaur_hardware) by extension 'colcon_meta'
[2.948s] Level 1:colcon.colcon_core.package_identification:_identify(src/rb_nanosaur/nanosaur_hardware) by extensions ['ros']
[2.949s] Level 1:colcon.colcon_core.package_identification:_identify(src/rb_nanosaur/nanosaur_hardware) by extension 'ros'
[2.953s] DEBUG:colcon.colcon_core.package_identification:Package 'src/rb_nanosaur/nanosaur_hardware' with type 'ros.ament_python' and name 'nanosaur_hardware'
[2.954s] Level 1:colcon.colcon_core.package_identification:_identify(src/rb_nanosaur/tests) by extensions ['ignore', 'ignore_ament_install']
[2.955s] Level 1:colcon.colcon_core.package_identification:_identify(src/rb_nanosaur/tests) by extension 'ignore'
[2.955s] Level 1:colcon.colcon_core.package_identification:_identify(src/rb_nanosaur/tests) by extension 'ignore_ament_install'
[2.956s] Level 1:colcon.colcon_core.package_identification:_identify(src/rb_nanosaur/tests) by extensions ['colcon_pkg']
[2.956s] Level 1:colcon.colcon_core.package_identification:_identify(src/rb_nanosaur/tests) by extension 'colcon_pkg'
[2.956s] Level 1:colcon.colcon_core.package_identification:_identify(src/rb_nanosaur/tests) by extensions ['colcon_meta']
[2.956s] Level 1:colcon.colcon_core.package_identification:_identify(src/rb_nanosaur/tests) by extension 'colcon_meta'
[2.957s] Level 1:colcon.colcon_core.package_identification:_identify(src/rb_nanosaur/tests) by extensions ['ros']
[2.957s] Level 1:colcon.colcon_core.package_identification:_identify(src/rb_nanosaur/tests) by extension 'ros'
[2.957s] Level 1:colcon.colcon_core.package_identification:_identify(src/rb_nanosaur/tests) by extensions ['cmake', 'python']
[2.958s] Level 1:colcon.colcon_core.package_identification:_identify(src/rb_nanosaur/tests) by extension 'cmake'
[2.958s] Level 1:colcon.colcon_core.package_identification:_identify(src/rb_nanosaur/tests) by extension 'python'
[2.958s] Level 1:colcon.colcon_core.package_identification:_identify(src/rb_nanosaur/tests) by extensions ['python_setup_py']
[2.959s] Level 1:colcon.colcon_core.package_identification:_identify(src/rb_nanosaur/tests) by extension 'python_setup_py'
[2.960s] Level 1:colcon.colcon_core.package_identification:_identify(src/rb_nanosaur/webrtc_pkg) by extensions ['ignore', 'ignore_ament_install']
[2.961s] Level 1:colcon.colcon_core.package_identification:_identify(src/rb_nanosaur/webrtc_pkg) by extension 'ignore'
[2.961s] Level 1:colcon.colcon_core.package_identification:_identify(src/rb_nanosaur/webrtc_pkg) by extension 'ignore_ament_install'
[2.962s] Level 1:colcon.colcon_core.package_identification:_identify(src/rb_nanosaur/webrtc_pkg) by extensions ['colcon_pkg']
[2.962s] Level 1:colcon.colcon_core.package_identification:_identify(src/rb_nanosaur/webrtc_pkg) by extension 'colcon_pkg'
[2.962s] Level 1:colcon.colcon_core.package_identification:_identify(src/rb_nanosaur/webrtc_pkg) by extensions ['colcon_meta']
[2.962s] Level 1:colcon.colcon_core.package_identification:_identify(src/rb_nanosaur/webrtc_pkg) by extension 'colcon_meta'
[2.963s] Level 1:colcon.colcon_core.package_identification:_identify(src/rb_nanosaur/webrtc_pkg) by extensions ['ros']
[2.963s] Level 1:colcon.colcon_core.package_identification:_identify(src/rb_nanosaur/webrtc_pkg) by extension 'ros'
[2.968s] DEBUG:colcon.colcon_core.package_identification:Package 'src/rb_nanosaur/webrtc_pkg' with type 'ros.ament_python' and name 'webrtc_pkg'
[2.969s] Level 1:colcon.colcon_core.package_identification:_identify(src/ros2_jetson_stats) by extensions ['ignore', 'ignore_ament_install']
[2.970s] Level 1:colcon.colcon_core.package_identification:_identify(src/ros2_jetson_stats) by extension 'ignore'
[2.970s] Level 1:colcon.colcon_core.package_identification:_identify(src/ros2_jetson_stats) by extension 'ignore_ament_install'
[2.971s] Level 1:colcon.colcon_core.package_identification:_identify(src/ros2_jetson_stats) by extensions ['colcon_pkg']
[2.971s] Level 1:colcon.colcon_core.package_identification:_identify(src/ros2_jetson_stats) by extension 'colcon_pkg'
[2.971s] Level 1:colcon.colcon_core.package_identification:_identify(src/ros2_jetson_stats) by extensions ['colcon_meta']
[2.971s] Level 1:colcon.colcon_core.package_identification:_identify(src/ros2_jetson_stats) by extension 'colcon_meta'
[2.972s] Level 1:colcon.colcon_core.package_identification:_identify(src/ros2_jetson_stats) by extensions ['ros']
[2.972s] Level 1:colcon.colcon_core.package_identification:_identify(src/ros2_jetson_stats) by extension 'ros'
[2.973s] Level 1:colcon.colcon_core.package_identification:_identify(src/ros2_jetson_stats) by extensions ['cmake', 'python']
[2.973s] Level 1:colcon.colcon_core.package_identification:_identify(src/ros2_jetson_stats) by extension 'cmake'
[2.973s] Level 1:colcon.colcon_core.package_identification:_identify(src/ros2_jetson_stats) by extension 'python'
[2.973s] Level 1:colcon.colcon_core.package_identification:_identify(src/ros2_jetson_stats) by extensions ['python_setup_py']
[2.974s] Level 1:colcon.colcon_core.package_identification:_identify(src/ros2_jetson_stats) by extension 'python_setup_py'
[2.975s] Level 1:colcon.colcon_core.package_identification:_identify(src/ros2_jetson_stats/jetson_stats_msgs) by extensions ['ignore', 'ignore_ament_install']
[2.976s] Level 1:colcon.colcon_core.package_identification:_identify(src/ros2_jetson_stats/jetson_stats_msgs) by extension 'ignore'
[2.976s] Level 1:colcon.colcon_core.package_identification:_identify(src/ros2_jetson_stats/jetson_stats_msgs) by extension 'ignore_ament_install'
[2.977s] Level 1:colcon.colcon_core.package_identification:_identify(src/ros2_jetson_stats/jetson_stats_msgs) by extensions ['colcon_pkg']
[2.977s] Level 1:colcon.colcon_core.package_identification:_identify(src/ros2_jetson_stats/jetson_stats_msgs) by extension 'colcon_pkg'
[2.977s] Level 1:colcon.colcon_core.package_identification:_identify(src/ros2_jetson_stats/jetson_stats_msgs) by extensions ['colcon_meta']
[2.978s] Level 1:colcon.colcon_core.package_identification:_identify(src/ros2_jetson_stats/jetson_stats_msgs) by extension 'colcon_meta'
[2.978s] Level 1:colcon.colcon_core.package_identification:_identify(src/ros2_jetson_stats/jetson_stats_msgs) by extensions ['ros']
[2.978s] Level 1:colcon.colcon_core.package_identification:_identify(src/ros2_jetson_stats/jetson_stats_msgs) by extension 'ros'
[2.982s] DEBUG:colcon.colcon_core.package_identification:Package 'src/ros2_jetson_stats/jetson_stats_msgs' with type 'ros.ament_cmake' and name 'jetson_stats_msgs'
[2.983s] Level 1:colcon.colcon_core.package_identification:_identify(src/ros2_jetson_stats/jetson_stats_wrapper) by extensions ['ignore', 'ignore_ament_install']
[2.984s] Level 1:colcon.colcon_core.package_identification:_identify(src/ros2_jetson_stats/jetson_stats_wrapper) by extension 'ignore'
[2.984s] Level 1:colcon.colcon_core.package_identification:_identify(src/ros2_jetson_stats/jetson_stats_wrapper) by extension 'ignore_ament_install'
[2.985s] Level 1:colcon.colcon_core.package_identification:_identify(src/ros2_jetson_stats/jetson_stats_wrapper) by extensions ['colcon_pkg']
[2.985s] Level 1:colcon.colcon_core.package_identification:_identify(src/ros2_jetson_stats/jetson_stats_wrapper) by extension 'colcon_pkg'
[2.985s] Level 1:colcon.colcon_core.package_identification:_identify(src/ros2_jetson_stats/jetson_stats_wrapper) by extensions ['colcon_meta']
[2.985s] Level 1:colcon.colcon_core.package_identification:_identify(src/ros2_jetson_stats/jetson_stats_wrapper) by extension 'colcon_meta'
[2.986s] Level 1:colcon.colcon_core.package_identification:_identify(src/ros2_jetson_stats/jetson_stats_wrapper) by extensions ['ros']
[2.986s] Level 1:colcon.colcon_core.package_identification:_identify(src/ros2_jetson_stats/jetson_stats_wrapper) by extension 'ros'
[2.991s] DEBUG:colcon.colcon_core.package_identification:Package 'src/ros2_jetson_stats/jetson_stats_wrapper' with type 'ros.ament_python' and name 'jetson_stats_wrapper'
[2.992s] Level 1:colcon.colcon_core.package_identification:_identify(src/ros2_jetson_stats/ros2_jetson_stats) by extensions ['ignore', 'ignore_ament_install']
[2.993s] Level 1:colcon.colcon_core.package_identification:_identify(src/ros2_jetson_stats/ros2_jetson_stats) by extension 'ignore'
[2.993s] Level 1:colcon.colcon_core.package_identification:_identify(src/ros2_jetson_stats/ros2_jetson_stats) by extension 'ignore_ament_install'
[2.994s] Level 1:colcon.colcon_core.package_identification:_identify(src/ros2_jetson_stats/ros2_jetson_stats) by extensions ['colcon_pkg']
[2.994s] Level 1:colcon.colcon_core.package_identification:_identify(src/ros2_jetson_stats/ros2_jetson_stats) by extension 'colcon_pkg'
[2.994s] Level 1:colcon.colcon_core.package_identification:_identify(src/ros2_jetson_stats/ros2_jetson_stats) by extensions ['colcon_meta']
[2.994s] Level 1:colcon.colcon_core.package_identification:_identify(src/ros2_jetson_stats/ros2_jetson_stats) by extension 'colcon_meta'
[2.995s] Level 1:colcon.colcon_core.package_identification:_identify(src/ros2_jetson_stats/ros2_jetson_stats) by extensions ['ros']
[2.995s] Level 1:colcon.colcon_core.package_identification:_identify(src/ros2_jetson_stats/ros2_jetson_stats) by extension 'ros'
[2.998s] DEBUG:colcon.colcon_core.package_identification:Package 'src/ros2_jetson_stats/ros2_jetson_stats' with type 'ros.ament_cmake' and name 'ros2_jetson_stats'
[2.999s] Level 1:colcon.colcon_core.package_identification:_identify(src/ros2_shared) by extensions ['ignore', 'ignore_ament_install']
[3.000s] Level 1:colcon.colcon_core.package_identification:_identify(src/ros2_shared) by extension 'ignore'
[3.000s] Level 1:colcon.colcon_core.package_identification:_identify(src/ros2_shared) by extension 'ignore_ament_install'
[3.000s] Level 1:colcon.colcon_core.package_identification:_identify(src/ros2_shared) by extensions ['colcon_pkg']
[3.001s] Level 1:colcon.colcon_core.package_identification:_identify(src/ros2_shared) by extension 'colcon_pkg'
[3.001s] Level 1:colcon.colcon_core.package_identification:_identify(src/ros2_shared) by extensions ['colcon_meta']
[3.001s] Level 1:colcon.colcon_core.package_identification:_identify(src/ros2_shared) by extension 'colcon_meta'
[3.001s] Level 1:colcon.colcon_core.package_identification:_identify(src/ros2_shared) by extensions ['ros']
[3.002s] Level 1:colcon.colcon_core.package_identification:_identify(src/ros2_shared) by extension 'ros'
[3.006s] DEBUG:colcon.colcon_core.package_identification:Package 'src/ros2_shared' with type 'ros.ament_cmake' and name 'ros2_shared'
[3.007s] Level 1:colcon.colcon_core.package_identification:_identify(src/ros2_system_manager) by extensions ['ignore', 'ignore_ament_install']
[3.008s] Level 1:colcon.colcon_core.package_identification:_identify(src/ros2_system_manager) by extension 'ignore'
[3.008s] Level 1:colcon.colcon_core.package_identification:_identify(src/ros2_system_manager) by extension 'ignore_ament_install'
[3.009s] Level 1:colcon.colcon_core.package_identification:_identify(src/ros2_system_manager) by extensions ['colcon_pkg']
[3.009s] Level 1:colcon.colcon_core.package_identification:_identify(src/ros2_system_manager) by extension 'colcon_pkg'
[3.009s] Level 1:colcon.colcon_core.package_identification:_identify(src/ros2_system_manager) by extensions ['colcon_meta']
[3.010s] Level 1:colcon.colcon_core.package_identification:_identify(src/ros2_system_manager) by extension 'colcon_meta'
[3.010s] Level 1:colcon.colcon_core.package_identification:_identify(src/ros2_system_manager) by extensions ['ros']
[3.010s] Level 1:colcon.colcon_core.package_identification:_identify(src/ros2_system_manager) by extension 'ros'
[3.014s] DEBUG:colcon.colcon_core.package_identification:Package 'src/ros2_system_manager' with type 'ros.ament_python' and name 'ros2_system_manager'
[3.015s] Level 1:colcon.colcon_core.package_identification:_identify(src/ros2_teleop_keyboard) by extensions ['ignore', 'ignore_ament_install']
[3.016s] Level 1:colcon.colcon_core.package_identification:_identify(src/ros2_teleop_keyboard) by extension 'ignore'
[3.016s] Level 1:colcon.colcon_core.package_identification:_identify(src/ros2_teleop_keyboard) by extension 'ignore_ament_install'
[3.017s] Level 1:colcon.colcon_core.package_identification:_identify(src/ros2_teleop_keyboard) by extensions ['colcon_pkg']
[3.017s] Level 1:colcon.colcon_core.package_identification:_identify(src/ros2_teleop_keyboard) by extension 'colcon_pkg'
[3.017s] Level 1:colcon.colcon_core.package_identification:_identify(src/ros2_teleop_keyboard) by extensions ['colcon_meta']
[3.017s] Level 1:colcon.colcon_core.package_identification:_identify(src/ros2_teleop_keyboard) by extension 'colcon_meta'
[3.018s] Level 1:colcon.colcon_core.package_identification:_identify(src/ros2_teleop_keyboard) by extensions ['ros']
[3.018s] Level 1:colcon.colcon_core.package_identification:_identify(src/ros2_teleop_keyboard) by extension 'ros'
[3.021s] DEBUG:colcon.colcon_core.package_identification:Package 'src/ros2_teleop_keyboard' with type 'ros.ament_python' and name 'teleop_twist_keyboard'
[3.022s] Level 1:colcon.colcon_core.package_discovery:discover_packages(recursive) using defaults
[3.023s] Level 1:colcon.colcon_core.package_discovery:discover_packages(ignore) discover
[3.023s] Level 1:colcon.colcon_core.package_discovery:discover_packages(ignore) using defaults
[3.023s] Level 1:colcon.colcon_core.package_discovery:discover_packages(path) discover
[3.024s] Level 1:colcon.colcon_core.package_discovery:discover_packages(path) using defaults
[3.204s] INFO:colcon.colcon_core.package_selection:Skipping not selected package 'cpp_first_pkg' in 'src/rb_nanosaur/cpp_first_pkg'
[3.205s] INFO:colcon.colcon_core.package_selection:Skipping not selected package 'jetson_stats_msgs' in 'src/ros2_jetson_stats/jetson_stats_msgs'
[3.205s] INFO:colcon.colcon_core.package_selection:Skipping not selected package 'nanosaur_camera' in 'src/rb_nanosaur/nanosaur_camera'
[3.205s] INFO:colcon.colcon_core.package_selection:Skipping not selected package 'nanosaur_control' in 'src/nanosaur/nanosaur_control'
[3.205s] INFO:colcon.colcon_core.package_selection:Skipping not selected package 'nanosaur_description' in 'src/nanosaur/nanosaur_description'
[3.205s] INFO:colcon.colcon_core.package_selection:Skipping not selected package 'nanosaur_emotion' in 'src/rb_nanosaur/nanosaur_emotion'
[3.206s] INFO:colcon.colcon_core.package_selection:Skipping not selected package 'nanosaur_hardware' in 'src/rb_nanosaur/nanosaur_hardware'
[3.206s] INFO:colcon.colcon_core.package_selection:Skipping not selected package 'nanosaur_msgs' in 'src/nanosaur/nanosaur_msgs'
[3.206s] INFO:colcon.colcon_core.package_selection:Skipping not selected package 'nanosaur_simulations' in 'src/nanosaur_simulations/nanosaur_simulations'
[3.206s] INFO:colcon.colcon_core.package_selection:Skipping not selected package 'nanosaur_worlds' in 'src/nanosaur_simulations/nanosaur_worlds'
[3.206s] INFO:colcon.colcon_core.package_selection:Skipping not selected package 'ros2_system_manager' in 'src/ros2_system_manager'
[3.207s] INFO:colcon.colcon_core.package_selection:Skipping not selected package 'teleop_twist_keyboard' in 'src/ros2_teleop_keyboard'
[3.207s] INFO:colcon.colcon_core.package_selection:Skipping not selected package 'webrtc_pkg' in 'src/rb_nanosaur/webrtc_pkg'
[3.207s] INFO:colcon.colcon_core.package_selection:Skipping not selected package 'gscam2' in 'src/gscam2'
[3.207s] INFO:colcon.colcon_core.package_selection:Skipping not selected package 'jetson_stats_wrapper' in 'src/ros2_jetson_stats/jetson_stats_wrapper'
[3.207s] INFO:colcon.colcon_core.package_selection:Skipping not selected package 'nanosaur' in 'src/nanosaur/nanosaur'
[3.207s] INFO:colcon.colcon_core.package_selection:Skipping not selected package 'nanosaur_base' in 'src/nanosaur_robot/nanosaur_base'
[3.208s] INFO:colcon.colcon_core.package_selection:Skipping not selected package 'nanosaur_gazebo' in 'src/nanosaur_simulations/nanosaur_gazebo'
[3.208s] INFO:colcon.colcon_core.package_selection:Skipping not selected package 'nanosaur_ignition' in 'src/nanosaur_simulations/nanosaur_ignition'
[3.208s] INFO:colcon.colcon_core.package_selection:Skipping not selected package 'nanosaur_isaac_sim' in 'src/nanosaur_simulations/nanosaur_isaac_sim'
[3.208s] INFO:colcon.colcon_core.package_selection:Skipping not selected package 'ros2_jetson_stats' in 'src/ros2_jetson_stats/ros2_jetson_stats'
[3.209s] INFO:colcon.colcon_core.package_selection:Skipping not selected package 'nanosaur_bringup' in 'src/nanosaur_robot/nanosaur_bringup'
[3.209s] INFO:colcon.colcon_core.package_selection:Skipping not selected package 'nanosaur_robot' in 'src/nanosaur_robot/nanosaur_robot'
[3.214s] Level 1:colcon.colcon_core.package_discovery:discover_packages(prefix_path) check parameters
[3.214s] Level 1:colcon.colcon_core.package_discovery:discover_packages(prefix_path) discover
[3.238s] DEBUG:colcon.colcon_installed_package_information.package_discovery:Found 153 installed packages in /opt/ros/eloquent
[3.245s] Level 1:colcon.colcon_core.package_discovery:discover_packages(prefix_path) using defaults
[3.591s] Level 5:colcon.colcon_core.verb:set package 'ros2_shared' build argument 'cmake_args' from command line to 'None'
[3.592s] Level 5:colcon.colcon_core.verb:set package 'ros2_shared' build argument 'cmake_target' from command line to 'None'
[3.592s] Level 5:colcon.colcon_core.verb:set package 'ros2_shared' build argument 'cmake_target_skip_unavailable' from command line to 'False'
[3.592s] Level 5:colcon.colcon_core.verb:set package 'ros2_shared' build argument 'cmake_clean_cache' from command line to 'False'
[3.592s] Level 5:colcon.colcon_core.verb:set package 'ros2_shared' build argument 'cmake_clean_first' from command line to 'False'
[3.592s] Level 5:colcon.colcon_core.verb:set package 'ros2_shared' build argument 'cmake_force_configure' from command line to 'False'
[3.593s] Level 5:colcon.colcon_core.verb:set package 'ros2_shared' build argument 'ament_cmake_args' from command line to 'None'
[3.593s] Level 5:colcon.colcon_core.verb:set package 'ros2_shared' build argument 'catkin_cmake_args' from command line to 'None'
[3.593s] Level 5:colcon.colcon_core.verb:set package 'ros2_shared' build argument 'catkin_skip_building_tests' from command line to 'False'
[3.593s] DEBUG:colcon.colcon_core.verb:Building package 'ros2_shared' with the following arguments: {'ament_cmake_args': None, 'build_base': '/home/jetson/ros_ws/build/ros2_shared', 'catkin_cmake_args': None, 'catkin_skip_building_tests': False, 'cmake_args': None, 'cmake_clean_cache': False, 'cmake_clean_first': False, 'cmake_force_configure': False, 'cmake_target': None, 'cmake_target_skip_unavailable': False, 'install_base': '/home/jetson/ros_ws/install/ros2_shared', 'merge_install': False, 'path': '/home/jetson/ros_ws/src/ros2_shared', 'symlink_install': True, 'test_result_base': None}
[3.598s] INFO:colcon.colcon_core.executor:Executing jobs using 'parallel' executor
[3.620s] DEBUG:colcon.colcon_parallel_executor.executor.parallel:run_until_complete
[3.621s] INFO:colcon.colcon_ros.task.ament_cmake.build:Building ROS package in '/home/jetson/ros_ws/src/ros2_shared' with build type 'ament_cmake'
[3.622s] INFO:colcon.colcon_cmake.task.cmake.build:Building CMake package in '/home/jetson/ros_ws/src/ros2_shared'
[3.657s] INFO:colcon.colcon_core.plugin_system:Skipping extension 'colcon_core.shell.bat': Not used on non-Windows systems
[3.659s] INFO:colcon.colcon_core.shell:Skip shell extension 'powershell' for command environment: Not usable outside of PowerShell
[3.659s] DEBUG:colcon.colcon_core.shell:Skip shell extension 'dsv' for command environment
[3.704s] DEBUG:colcon.colcon_core.event_handler.log_command:Invoking command in '/home/jetson/ros_ws/build/ros2_shared': CMAKE_PREFIX_PATH=/opt/ros/eloquent /usr/bin/cmake /home/jetson/ros_ws/src/ros2_shared -DAMENT_CMAKE_SYMLINK_INSTALL=1 -DCMAKE_INSTALL_PREFIX=/home/jetson/ros_ws/install/ros2_shared
[4.101s] DEBUG:colcon.colcon_core.event_handler.log_command:Invoked command in '/home/jetson/ros_ws/build/ros2_shared' returned '1': CMAKE_PREFIX_PATH=/opt/ros/eloquent /usr/bin/cmake /home/jetson/ros_ws/src/ros2_shared -DAMENT_CMAKE_SYMLINK_INSTALL=1 -DCMAKE_INSTALL_PREFIX=/home/jetson/ros_ws/install/ros2_shared
[4.142s] Level 1:colcon.colcon_core.environment:create_environment_scripts_only(ros2_shared)
[4.182s] Level 1:colcon.colcon_core.environment:checking '/home/jetson/ros_ws/install/ros2_shared' for CMake module files
[4.184s] Level 1:colcon.colcon_core.environment:checking '/home/jetson/ros_ws/install/ros2_shared' for CMake config files
[4.187s] Level 1:colcon.colcon_core.environment:checking '/home/jetson/ros_ws/install/ros2_shared/bin'
[4.187s] Level 1:colcon.colcon_core.environment:checking '/home/jetson/ros_ws/install/ros2_shared/lib/pkgconfig/ros2_shared.pc'
[4.188s] Level 1:colcon.colcon_core.environment:checking '/home/jetson/ros_ws/install/ros2_shared/lib/python3.6/site-packages'
[4.189s] Level 1:colcon.colcon_core.environment:checking '/home/jetson/ros_ws/install/ros2_shared/bin'
[4.198s] INFO:colcon.colcon_core.shell:Creating package script '/home/jetson/ros_ws/install/ros2_shared/share/ros2_shared/package.ps1'
[4.204s] INFO:colcon.colcon_core.shell:Creating package descriptor '/home/jetson/ros_ws/install/ros2_shared/share/ros2_shared/package.dsv'
[4.207s] INFO:colcon.colcon_core.shell:Creating package script '/home/jetson/ros_ws/install/ros2_shared/share/ros2_shared/package.sh'
[4.212s] INFO:colcon.colcon_core.shell:Creating package script '/home/jetson/ros_ws/install/ros2_shared/share/ros2_shared/package.bash'
[4.217s] INFO:colcon.colcon_core.shell:Creating package script '/home/jetson/ros_ws/install/ros2_shared/share/ros2_shared/package.zsh'
[4.224s] Level 1:colcon.colcon_core.environment:create_file_with_runtime_dependencies(/home/jetson/ros_ws/install/ros2_shared/share/colcon-core/packages/ros2_shared)
[4.238s] DEBUG:colcon.colcon_parallel_executor.executor.parallel:closing loop
[4.239s] DEBUG:colcon.colcon_parallel_executor.executor.parallel:loop closed
[4.239s] DEBUG:colcon.colcon_parallel_executor.executor.parallel:run_until_complete finished with '1'
[4.240s] DEBUG:colcon.colcon_core.event_reactor:joining thread
[4.296s] INFO:colcon.colcon_core.plugin_system:Skipping extension 'colcon_notification.desktop_notification.terminal_notifier': Not used on non-Darwin systems
[4.297s] INFO:colcon.colcon_core.plugin_system:Skipping extension 'colcon_notification.desktop_notification.win32': Not used on non-Windows systems
[4.297s] INFO:colcon.colcon_notification.desktop_notification:Sending desktop notification using 'notify2'
[4.585s] DEBUG:colcon.colcon_core.event_reactor:joined thread
[4.595s] INFO:colcon.colcon_core.shell:Creating prefix script '/home/jetson/ros_ws/install/local_setup.ps1'
[4.606s] INFO:colcon.colcon_core.shell:Creating prefix util module '/home/jetson/ros_ws/install/_local_setup_util_ps1.py'
[4.620s] INFO:colcon.colcon_core.shell:Creating prefix chain script '/home/jetson/ros_ws/install/setup.ps1'
[4.629s] INFO:colcon.colcon_core.shell:Creating prefix script '/home/jetson/ros_ws/install/local_setup.sh'
[4.636s] INFO:colcon.colcon_core.shell:Creating prefix util module '/home/jetson/ros_ws/install/_local_setup_util_sh.py'
[4.639s] INFO:colcon.colcon_core.shell:Creating prefix chain script '/home/jetson/ros_ws/install/setup.sh'
[4.648s] INFO:colcon.colcon_core.shell:Creating prefix script '/home/jetson/ros_ws/install/local_setup.bash'
[4.655s] INFO:colcon.colcon_core.shell:Creating prefix chain script '/home/jetson/ros_ws/install/setup.bash'
[4.664s] INFO:colcon.colcon_core.shell:Creating prefix script '/home/jetson/ros_ws/install/local_setup.zsh'
[4.670s] INFO:colcon.colcon_core.shell:Creating prefix chain script '/home/jetson/ros_ws/install/setup.zsh'
