-- Found ament_cmake: 0.8.3 (/opt/ros/eloquent/share/ament_cmake/cmake)
-- Using PYTHON_EXECUTABLE: /usr/bin/python3
-- Override CMake install command with custom implementation using symlinks instead of copying resources
-- Found rclcpp: 0.8.5 (/opt/ros/eloquent/share/rclcpp/cmake)
-- Found rosidl_adapter: 0.8.3 (/opt/ros/eloquent/share/rosidl_adapter/cmake)
-- Found rmw_implementation_cmake: 0.8.1 (/opt/ros/eloquent/share/rmw_implementation_cmake/cmake)
-- Using RMW implementation 'rmw_fastrtps_cpp' as default
-- Found sensor_msgs: 0.8.1 (/opt/ros/eloquent/share/sensor_msgs/cmake)
-- Found camera_info_manager: 2.2.1 (/opt/ros/eloquent/share/camera_info_manager/cmake)
CMake Error at CMakeLists.txt:24 (find_package):
  By not providing "Findjetson-utils.cmake" in CMAKE_MODULE_PATH this project
  has asked CMake to find a package configuration file provided by
  "jetson-utils", but CMake did not find one.

  Could not find a package configuration file provided by "jetson-utils" with
  any of the following names:

    jetson-utilsConfig.cmake
    jetson-utils-config.cmake

  Add the installation prefix of "jetson-utils" to CMAKE_PREFIX_PATH or set
  "jetson-utils_DIR" to a directory containing one of the above files.  If
  "jetson-utils" provides a separate development package or SDK, be sure it
  has been installed.


-- Configuring incomplete, errors occurred!
See also "/home/jetson/ros_ws/build/nanosaur_camera/CMakeFiles/CMakeOutput.log".
See also "/home/jetson/ros_ws/build/nanosaur_camera/CMakeFiles/CMakeError.log".
