[0.189s] Invoking command in '/home/jetson/ros_ws/build/nanosaur_msgs': CMAKE_PREFIX_PATH=/opt/ros/eloquent /usr/bin/cmake --build /home/jetson/ros_ws/build/nanosaur_msgs -- -j4 -l4
[0.526s] [  2%] Built target nanosaur_msgs__cpp
[0.606s] [ 13%] Built target nanosaur_msgs__rosidl_generator_c
[0.838s] [ 24%] Built target nanosaur_msgs__rosidl_typesupport_introspection_cpp
[0.868s] [ 35%] Built target nanosaur_msgs__rosidl_typesupport_fastrtps_cpp
[0.912s] [ 45%] Built target nanosaur_msgs__rosidl_typesupport_introspection_c
[1.138s] [ 56%] Built target nanosaur_msgs__rosidl_typesupport_cpp
[1.277s] [ 67%] Built target nanosaur_msgs__rosidl_typesupport_fastrtps_c
[1.449s] [ 78%] Built target nanosaur_msgs__rosidl_typesupport_c
[1.616s] [ 78%] Built target nanosaur_msgs
[1.758s] [ 81%] Built target nanosaur_msgs__py
[1.920s] [ 89%] Built target nanosaur_msgs__python
[2.098s] [ 94%] Built target nanosaur_msgs__rosidl_typesupport_c__pyext
[2.270s] [100%] Built target nanosaur_msgs__rosidl_typesupport_fastrtps_c__pyext
[2.338s] Invoked command in '/home/jetson/ros_ws/build/nanosaur_msgs' returned '0': CMAKE_PREFIX_PATH=/opt/ros/eloquent /usr/bin/cmake --build /home/jetson/ros_ws/build/nanosaur_msgs -- -j4 -l4
[2.821s] Invoking command in '/home/jetson/ros_ws/build/nanosaur_msgs': CMAKE_PREFIX_PATH=/opt/ros/eloquent /usr/bin/cmake --build /home/jetson/ros_ws/build/nanosaur_msgs --target install -- -j4 -l4
[3.105s] [  2%] Built target nanosaur_msgs__cpp
[3.255s] [ 13%] Built target nanosaur_msgs__rosidl_generator_c
[3.398s] [ 24%] Built target nanosaur_msgs__rosidl_typesupport_introspection_cpp
[3.539s] [ 35%] Built target nanosaur_msgs__rosidl_typesupport_introspection_c
[3.718s] [ 45%] Built target nanosaur_msgs__rosidl_typesupport_fastrtps_cpp
[3.930s] [ 56%] Built target nanosaur_msgs__rosidl_typesupport_fastrtps_c
[4.125s] [ 67%] Built target nanosaur_msgs__rosidl_typesupport_cpp
[4.313s] [ 78%] Built target nanosaur_msgs__rosidl_typesupport_c
[4.489s] [ 78%] Built target nanosaur_msgs
[4.653s] [ 81%] Built target nanosaur_msgs__py
[4.835s] [ 89%] Built target nanosaur_msgs__python
[5.117s] [ 94%] Built target nanosaur_msgs__rosidl_typesupport_c__pyext
[5.348s] [100%] Built target nanosaur_msgs__rosidl_typesupport_fastrtps_c__pyext
[5.522s] [36mInstall the project...[0m
[5.580s] -- Install configuration: ""
[5.582s] -- Installing: /home/jetson/ros_ws/install/nanosaur_msgs/share/ament_index/resource_index/rosidl_interfaces/nanosaur_msgs
[5.584s] -- Installing: /home/jetson/ros_ws/install/nanosaur_msgs/lib/libnanosaur_msgs__rosidl_typesupport_c.so
[5.589s] -- Set runtime path of "/home/jetson/ros_ws/install/nanosaur_msgs/lib/libnanosaur_msgs__rosidl_typesupport_c.so" to ""
[5.592s] -- Installing: /home/jetson/ros_ws/install/nanosaur_msgs/share/nanosaur_msgs/environment/library_path.sh
[5.593s] -- Installing: /home/jetson/ros_ws/install/nanosaur_msgs/share/nanosaur_msgs/environment/library_path.dsv
[5.597s] -- Installing: /home/jetson/ros_ws/install/nanosaur_msgs/lib/libnanosaur_msgs__rosidl_typesupport_cpp.so
[5.603s] -- Set runtime path of "/home/jetson/ros_ws/install/nanosaur_msgs/lib/libnanosaur_msgs__rosidl_typesupport_cpp.so" to ""
[5.604s] -- Installing: /home/jetson/ros_ws/install/nanosaur_msgs/include/nanosaur_msgs
[5.605s] -- Installing: /home/jetson/ros_ws/install/nanosaur_msgs/include/nanosaur_msgs/srv
[5.606s] -- Installing: /home/jetson/ros_ws/install/nanosaur_msgs/include/nanosaur_msgs/srv/eye_message__rosidl_typesupport_fastrtps_c.h
[5.611s] -- Installing: /home/jetson/ros_ws/install/nanosaur_msgs/include/nanosaur_msgs/msg
[5.618s] -- Installing: /home/jetson/ros_ws/install/nanosaur_msgs/include/nanosaur_msgs/msg/rosidl_typesupport_fastrtps_c__visibility_control.h
[5.619s] -- Installing: /home/jetson/ros_ws/install/nanosaur_msgs/include/nanosaur_msgs/msg/eyes__rosidl_typesupport_fastrtps_c.h
[5.621s] -- Installing: /home/jetson/ros_ws/install/nanosaur_msgs/lib/libnanosaur_msgs__rosidl_typesupport_fastrtps_c.so
[5.623s] -- Set runtime path of "/home/jetson/ros_ws/install/nanosaur_msgs/lib/libnanosaur_msgs__rosidl_typesupport_fastrtps_c.so" to ""
[5.624s] -- Up-to-date: /home/jetson/ros_ws/install/nanosaur_msgs/include/nanosaur_msgs
[5.625s] -- Up-to-date: /home/jetson/ros_ws/install/nanosaur_msgs/include/nanosaur_msgs/srv
[5.625s] -- Installing: /home/jetson/ros_ws/install/nanosaur_msgs/include/nanosaur_msgs/srv/eye_message__functions.c
[5.626s] -- Installing: /home/jetson/ros_ws/install/nanosaur_msgs/include/nanosaur_msgs/srv/eye_message.h
[5.627s] -- Installing: /home/jetson/ros_ws/install/nanosaur_msgs/include/nanosaur_msgs/srv/eye_message__functions.h
[5.628s] -- Installing: /home/jetson/ros_ws/install/nanosaur_msgs/include/nanosaur_msgs/srv/eye_message__struct.h
[5.629s] -- Installing: /home/jetson/ros_ws/install/nanosaur_msgs/include/nanosaur_msgs/srv/eye_message__type_support.h
[5.629s] -- Up-to-date: /home/jetson/ros_ws/install/nanosaur_msgs/include/nanosaur_msgs/msg
[5.630s] -- Installing: /home/jetson/ros_ws/install/nanosaur_msgs/include/nanosaur_msgs/msg/eyes__struct.h
[5.631s] -- Installing: /home/jetson/ros_ws/install/nanosaur_msgs/include/nanosaur_msgs/msg/eyes.h
[5.632s] -- Installing: /home/jetson/ros_ws/install/nanosaur_msgs/include/nanosaur_msgs/msg/eyes__functions.c
[5.632s] -- Installing: /home/jetson/ros_ws/install/nanosaur_msgs/include/nanosaur_msgs/msg/eyes__functions.h
[5.633s] -- Installing: /home/jetson/ros_ws/install/nanosaur_msgs/include/nanosaur_msgs/msg/eyes__type_support.h
[5.634s] -- Installing: /home/jetson/ros_ws/install/nanosaur_msgs/include/nanosaur_msgs/msg/rosidl_generator_c__visibility_control.h
[5.635s] -- Installing: /home/jetson/ros_ws/install/nanosaur_msgs/lib/libnanosaur_msgs__rosidl_generator_c.so
[5.636s] -- Set runtime path of "/home/jetson/ros_ws/install/nanosaur_msgs/lib/libnanosaur_msgs__rosidl_generator_c.so" to ""
[5.637s] -- Up-to-date: /home/jetson/ros_ws/install/nanosaur_msgs/include/nanosaur_msgs
[5.639s] -- Up-to-date: /home/jetson/ros_ws/install/nanosaur_msgs/include/nanosaur_msgs/srv
[5.641s] -- Installing: /home/jetson/ros_ws/install/nanosaur_msgs/include/nanosaur_msgs/srv/eye_message__rosidl_typesupport_fastrtps_cpp.hpp
[5.641s] -- Installing: /home/jetson/ros_ws/install/nanosaur_msgs/include/nanosaur_msgs/srv/dds_fastrtps
[5.643s] -- Up-to-date: /home/jetson/ros_ws/install/nanosaur_msgs/include/nanosaur_msgs/msg
[5.644s] -- Installing: /home/jetson/ros_ws/install/nanosaur_msgs/include/nanosaur_msgs/msg/rosidl_typesupport_fastrtps_cpp__visibility_control.h
[5.645s] -- Installing: /home/jetson/ros_ws/install/nanosaur_msgs/include/nanosaur_msgs/msg/eyes__rosidl_typesupport_fastrtps_cpp.hpp
[5.646s] -- Installing: /home/jetson/ros_ws/install/nanosaur_msgs/include/nanosaur_msgs/msg/dds_fastrtps
[5.647s] -- Installing: /home/jetson/ros_ws/install/nanosaur_msgs/lib/libnanosaur_msgs__rosidl_typesupport_fastrtps_cpp.so
[5.647s] -- Set runtime path of "/home/jetson/ros_ws/install/nanosaur_msgs/lib/libnanosaur_msgs__rosidl_typesupport_fastrtps_cpp.so" to ""
[5.649s] -- Up-to-date: /home/jetson/ros_ws/install/nanosaur_msgs/include/nanosaur_msgs
[5.650s] -- Up-to-date: /home/jetson/ros_ws/install/nanosaur_msgs/include/nanosaur_msgs/srv
[5.651s] -- Installing: /home/jetson/ros_ws/install/nanosaur_msgs/include/nanosaur_msgs/srv/eye_message__traits.hpp
[5.653s] -- Installing: /home/jetson/ros_ws/install/nanosaur_msgs/include/nanosaur_msgs/srv/eye_message__struct.hpp
[5.655s] -- Installing: /home/jetson/ros_ws/install/nanosaur_msgs/include/nanosaur_msgs/srv/eye_message.hpp
[5.656s] -- Up-to-date: /home/jetson/ros_ws/install/nanosaur_msgs/include/nanosaur_msgs/msg
[5.656s] -- Installing: /home/jetson/ros_ws/install/nanosaur_msgs/include/nanosaur_msgs/msg/eyes__traits.hpp
[5.657s] -- Installing: /home/jetson/ros_ws/install/nanosaur_msgs/include/nanosaur_msgs/msg/eyes__struct.hpp
[5.658s] -- Installing: /home/jetson/ros_ws/install/nanosaur_msgs/include/nanosaur_msgs/msg/eyes.hpp
[5.659s] -- Up-to-date: /home/jetson/ros_ws/install/nanosaur_msgs/include/nanosaur_msgs
[5.660s] -- Up-to-date: /home/jetson/ros_ws/install/nanosaur_msgs/include/nanosaur_msgs/srv
[5.661s] -- Installing: /home/jetson/ros_ws/install/nanosaur_msgs/include/nanosaur_msgs/srv/eye_message__type_support.c
[5.662s] -- Installing: /home/jetson/ros_ws/install/nanosaur_msgs/include/nanosaur_msgs/srv/eye_message__rosidl_typesupport_introspection_c.h
[5.663s] -- Up-to-date: /home/jetson/ros_ws/install/nanosaur_msgs/include/nanosaur_msgs/msg
[5.663s] -- Installing: /home/jetson/ros_ws/install/nanosaur_msgs/include/nanosaur_msgs/msg/eyes__type_support.c
[5.664s] -- Installing: /home/jetson/ros_ws/install/nanosaur_msgs/include/nanosaur_msgs/msg/rosidl_typesupport_introspection_c__visibility_control.h
[5.665s] -- Installing: /home/jetson/ros_ws/install/nanosaur_msgs/include/nanosaur_msgs/msg/eyes__rosidl_typesupport_introspection_c.h
[5.665s] -- Installing: /home/jetson/ros_ws/install/nanosaur_msgs/lib/libnanosaur_msgs__rosidl_typesupport_introspection_c.so
[5.666s] -- Set runtime path of "/home/jetson/ros_ws/install/nanosaur_msgs/lib/libnanosaur_msgs__rosidl_typesupport_introspection_c.so" to ""
[5.667s] -- Up-to-date: /home/jetson/ros_ws/install/nanosaur_msgs/include/nanosaur_msgs
[5.668s] -- Up-to-date: /home/jetson/ros_ws/install/nanosaur_msgs/include/nanosaur_msgs/srv
[5.670s] -- Installing: /home/jetson/ros_ws/install/nanosaur_msgs/include/nanosaur_msgs/srv/eye_message__type_support.cpp
[5.671s] -- Installing: /home/jetson/ros_ws/install/nanosaur_msgs/include/nanosaur_msgs/srv/eye_message__rosidl_typesupport_introspection_cpp.hpp
[5.672s] -- Up-to-date: /home/jetson/ros_ws/install/nanosaur_msgs/include/nanosaur_msgs/msg
[5.673s] -- Installing: /home/jetson/ros_ws/install/nanosaur_msgs/include/nanosaur_msgs/msg/eyes__type_support.cpp
[5.677s] -- Installing: /home/jetson/ros_ws/install/nanosaur_msgs/include/nanosaur_msgs/msg/eyes__rosidl_typesupport_introspection_cpp.hpp
[5.679s] -- Installing: /home/jetson/ros_ws/install/nanosaur_msgs/lib/libnanosaur_msgs__rosidl_typesupport_introspection_cpp.so
[5.681s] -- Set runtime path of "/home/jetson/ros_ws/install/nanosaur_msgs/lib/libnanosaur_msgs__rosidl_typesupport_introspection_cpp.so" to ""
[5.685s] -- Installing: /home/jetson/ros_ws/install/nanosaur_msgs/share/nanosaur_msgs/environment/pythonpath.sh
[5.686s] -- Installing: /home/jetson/ros_ws/install/nanosaur_msgs/share/nanosaur_msgs/environment/pythonpath.dsv
[5.686s] -- Installing: /home/jetson/ros_ws/install/nanosaur_msgs/lib/python3.6/site-packages/nanosaur_msgs/__init__.py
[5.893s] Compiling '/home/jetson/ros_ws/install/nanosaur_msgs/lib/python3.6/site-packages/nanosaur_msgs/__init__.py'...
[5.921s] -- Installing: /home/jetson/ros_ws/install/nanosaur_msgs/lib/python3.6/site-packages/nanosaur_msgs/msg
[5.922s] -- Installing: /home/jetson/ros_ws/install/nanosaur_msgs/lib/python3.6/site-packages/nanosaur_msgs/msg/_eyes_s.c
[5.923s] -- Installing: /home/jetson/ros_ws/install/nanosaur_msgs/lib/python3.6/site-packages/nanosaur_msgs/msg/__init__.py
[5.924s] -- Installing: /home/jetson/ros_ws/install/nanosaur_msgs/lib/python3.6/site-packages/nanosaur_msgs/msg/_eyes.py
[5.926s] -- Installing: /home/jetson/ros_ws/install/nanosaur_msgs/lib/python3.6/site-packages/nanosaur_msgs/srv
[5.927s] -- Installing: /home/jetson/ros_ws/install/nanosaur_msgs/lib/python3.6/site-packages/nanosaur_msgs/srv/_eye_message_s.c
[5.928s] -- Installing: /home/jetson/ros_ws/install/nanosaur_msgs/lib/python3.6/site-packages/nanosaur_msgs/srv/_eye_message.py
[5.929s] -- Installing: /home/jetson/ros_ws/install/nanosaur_msgs/lib/python3.6/site-packages/nanosaur_msgs/srv/__init__.py
[5.931s] -- Installing: /home/jetson/ros_ws/install/nanosaur_msgs/lib/python3.6/site-packages/nanosaur_msgs/nanosaur_msgs_s__rosidl_typesupport_c.cpython-36m-aarch64-linux-gnu.so
[5.931s] -- Set runtime path of "/home/jetson/ros_ws/install/nanosaur_msgs/lib/python3.6/site-packages/nanosaur_msgs/nanosaur_msgs_s__rosidl_typesupport_c.cpython-36m-aarch64-linux-gnu.so" to ""
[5.932s] -- Installing: /home/jetson/ros_ws/install/nanosaur_msgs/lib/python3.6/site-packages/nanosaur_msgs/nanosaur_msgs_s__rosidl_typesupport_fastrtps_c.cpython-36m-aarch64-linux-gnu.so
[5.933s] -- Set runtime path of "/home/jetson/ros_ws/install/nanosaur_msgs/lib/python3.6/site-packages/nanosaur_msgs/nanosaur_msgs_s__rosidl_typesupport_fastrtps_c.cpython-36m-aarch64-linux-gnu.so" to ""
[5.936s] -- Installing: /home/jetson/ros_ws/install/nanosaur_msgs/lib/libnanosaur_msgs__python.so
[5.938s] -- Set runtime path of "/home/jetson/ros_ws/install/nanosaur_msgs/lib/libnanosaur_msgs__python.so" to ""
[5.940s] -- Installing: /home/jetson/ros_ws/install/nanosaur_msgs/share/nanosaur_msgs/msg/Eyes.idl
[5.942s] -- Installing: /home/jetson/ros_ws/install/nanosaur_msgs/share/nanosaur_msgs/srv/EyeMessage.idl
[5.944s] -- Installing: /home/jetson/ros_ws/install/nanosaur_msgs/share/nanosaur_msgs/msg/Eyes.msg
[5.948s] -- Installing: /home/jetson/ros_ws/install/nanosaur_msgs/share/nanosaur_msgs/srv/EyeMessage.srv
[5.949s] -- Installing: /home/jetson/ros_ws/install/nanosaur_msgs/share/nanosaur_msgs/srv/EyeMessage_Request.msg
[5.955s] -- Installing: /home/jetson/ros_ws/install/nanosaur_msgs/share/nanosaur_msgs/srv/EyeMessage_Response.msg
[5.958s] -- Installing: /home/jetson/ros_ws/install/nanosaur_msgs/share/ament_index/resource_index/package_run_dependencies/nanosaur_msgs
[5.959s] -- Installing: /home/jetson/ros_ws/install/nanosaur_msgs/share/ament_index/resource_index/parent_prefix_path/nanosaur_msgs
[5.969s] -- Installing: /home/jetson/ros_ws/install/nanosaur_msgs/share/nanosaur_msgs/environment/ament_prefix_path.sh
[5.973s] -- Installing: /home/jetson/ros_ws/install/nanosaur_msgs/share/nanosaur_msgs/environment/ament_prefix_path.dsv
[5.974s] -- Installing: /home/jetson/ros_ws/install/nanosaur_msgs/share/nanosaur_msgs/environment/path.sh
[5.980s] -- Installing: /home/jetson/ros_ws/install/nanosaur_msgs/share/nanosaur_msgs/environment/path.dsv
[5.981s] -- Installing: /home/jetson/ros_ws/install/nanosaur_msgs/share/nanosaur_msgs/local_setup.bash
[5.982s] -- Installing: /home/jetson/ros_ws/install/nanosaur_msgs/share/nanosaur_msgs/local_setup.sh
[5.982s] -- Installing: /home/jetson/ros_ws/install/nanosaur_msgs/share/nanosaur_msgs/local_setup.zsh
[5.983s] -- Installing: /home/jetson/ros_ws/install/nanosaur_msgs/share/nanosaur_msgs/local_setup.dsv
[5.983s] -- Installing: /home/jetson/ros_ws/install/nanosaur_msgs/share/nanosaur_msgs/package.dsv
[5.984s] -- Installing: /home/jetson/ros_ws/install/nanosaur_msgs/share/ament_index/resource_index/packages/nanosaur_msgs
[5.985s] -- Installing: /home/jetson/ros_ws/install/nanosaur_msgs/share/nanosaur_msgs/cmake/rosidl_cmake-extras.cmake
[5.985s] -- Installing: /home/jetson/ros_ws/install/nanosaur_msgs/share/nanosaur_msgs/cmake/ament_cmake_export_dependencies-extras.cmake
[5.986s] -- Installing: /home/jetson/ros_ws/install/nanosaur_msgs/share/nanosaur_msgs/cmake/ament_cmake_export_libraries-extras.cmake
[5.987s] -- Installing: /home/jetson/ros_ws/install/nanosaur_msgs/share/nanosaur_msgs/cmake/ament_cmake_export_include_directories-extras.cmake
[5.988s] -- Installing: /home/jetson/ros_ws/install/nanosaur_msgs/share/nanosaur_msgs/cmake/nanosaur_msgsConfig.cmake
[5.988s] -- Installing: /home/jetson/ros_ws/install/nanosaur_msgs/share/nanosaur_msgs/cmake/nanosaur_msgsConfig-version.cmake
[5.989s] -- Installing: /home/jetson/ros_ws/install/nanosaur_msgs/share/nanosaur_msgs/package.xml
[7.000s] Invoked command in '/home/jetson/ros_ws/build/nanosaur_msgs' returned '0': CMAKE_PREFIX_PATH=/opt/ros/eloquent /usr/bin/cmake --build /home/jetson/ros_ws/build/nanosaur_msgs --target install -- -j4 -l4
