Determining if the pthread_create exist failed with the following output:
Change Dir: /home/jetson/ros_ws/build/cpp_first_pkg/CMakeFiles/CMakeTmp

Run Build Command:"/usr/bin/make" "cmTC_346a3/fast"
/usr/bin/make -f CMakeFiles/cmTC_346a3.dir/build.make CMakeFiles/cmTC_346a3.dir/build
make[1]: Entering directory '/home/jetson/ros_ws/build/cpp_first_pkg/CMakeFiles/CMakeTmp'
Building C object CMakeFiles/cmTC_346a3.dir/CheckSymbolExists.c.o
/usr/bin/cc    -o CMakeFiles/cmTC_346a3.dir/CheckSymbolExists.c.o   -c /home/jetson/ros_ws/build/cpp_first_pkg/CMakeFiles/CMakeTmp/CheckSymbolExists.c
Linking C executable cmTC_346a3
/usr/bin/cmake -E cmake_link_script CMakeFiles/cmTC_346a3.dir/link.txt --verbose=1
/usr/bin/cc      CMakeFiles/cmTC_346a3.dir/CheckSymbolExists.c.o  -o cmTC_346a3 
CMakeFiles/cmTC_346a3.dir/CheckSymbolExists.c.o: In function `main':
CheckSymbolExists.c:(.text+0x14): undefined reference to `pthread_create'
CheckSymbolExists.c:(.text+0x18): undefined reference to `pthread_create'
collect2: error: ld returned 1 exit status
CMakeFiles/cmTC_346a3.dir/build.make:97: recipe for target 'cmTC_346a3' failed
make[1]: *** [cmTC_346a3] Error 1
make[1]: Leaving directory '/home/jetson/ros_ws/build/cpp_first_pkg/CMakeFiles/CMakeTmp'
Makefile:126: recipe for target 'cmTC_346a3/fast' failed
make: *** [cmTC_346a3/fast] Error 2

File /home/jetson/ros_ws/build/cpp_first_pkg/CMakeFiles/CMakeTmp/CheckSymbolExists.c:
/* */
#include <pthread.h>

int main(int argc, char** argv)
{
  (void)argv;
#ifndef pthread_create
  return ((int*)(&pthread_create))[argc];
#else
  (void)argc;
  return 0;
#endif
}

Determining if the function pthread_create exists in the pthreads failed with the following output:
Change Dir: /home/jetson/ros_ws/build/cpp_first_pkg/CMakeFiles/CMakeTmp

Run Build Command:"/usr/bin/make" "cmTC_dc07a/fast"
/usr/bin/make -f CMakeFiles/cmTC_dc07a.dir/build.make CMakeFiles/cmTC_dc07a.dir/build
make[1]: Entering directory '/home/jetson/ros_ws/build/cpp_first_pkg/CMakeFiles/CMakeTmp'
Building C object CMakeFiles/cmTC_dc07a.dir/CheckFunctionExists.c.o
/usr/bin/cc   -DCHECK_FUNCTION_EXISTS=pthread_create   -o CMakeFiles/cmTC_dc07a.dir/CheckFunctionExists.c.o   -c /usr/share/cmake-3.10/Modules/CheckFunctionExists.c
Linking C executable cmTC_dc07a
/usr/bin/cmake -E cmake_link_script CMakeFiles/cmTC_dc07a.dir/link.txt --verbose=1
/usr/bin/cc  -DCHECK_FUNCTION_EXISTS=pthread_create    CMakeFiles/cmTC_dc07a.dir/CheckFunctionExists.c.o  -o cmTC_dc07a -lpthreads 
/usr/bin/ld: cannot find -lpthreads
collect2: error: ld returned 1 exit status
CMakeFiles/cmTC_dc07a.dir/build.make:97: recipe for target 'cmTC_dc07a' failed
make[1]: *** [cmTC_dc07a] Error 1
make[1]: Leaving directory '/home/jetson/ros_ws/build/cpp_first_pkg/CMakeFiles/CMakeTmp'
Makefile:126: recipe for target 'cmTC_dc07a/fast' failed
make: *** [cmTC_dc07a/fast] Error 2


