[4.179s] Invoking command in '/home/jetson/ros_ws/build/image_pub': PYTHONPATH=/home/jetson/ros_ws/build/image_pub/prefix_override:/home/jetson/ros_ws/install/image_pub/lib/python3.6/site-packages:${PYTHONPATH} /usr/bin/python3 setup.py develop --editable --build-directory /home/jetson/ros_ws/build/image_pub/build --no-deps install_data
[5.529s] /home/jetson/.local/lib/python3.6/site-packages/setuptools/dist.py:726: UserWarning: Usage of dash-separated 'script-dir' will not be supported in future versions. Please use the underscore name 'script_dir' instead
[5.530s]   % (opt, underscore_opt)
[5.788s] running develop
[5.794s] /home/jetson/.local/lib/python3.6/site-packages/setuptools/command/easy_install.py:159: EasyInstallDeprecationWarning: easy_install command is deprecated. Use build and pip and other standards-based tools.
[5.794s]   EasyInstallDeprecationWarning,
[5.801s] /home/jetson/.local/lib/python3.6/site-packages/setuptools/command/install.py:37: SetuptoolsDeprecationWarning: setup.py install is deprecated. Use build and pip and other standards-based tools.
[5.802s]   setuptools.SetuptoolsDeprecationWarning,
[6.080s] /home/jetson/.local/lib/python3.6/site-packages/pkg_resources/__init__.py:119: PkgResourcesDeprecationWarning: 0.18ubuntu0.18.04.1 is an invalid version and will not be supported in a future release
[6.081s]   PkgResourcesDeprecationWarning,
[6.552s] running egg_info
[6.555s] writing image_pub.egg-info/PKG-INFO
[6.557s] writing dependency_links to image_pub.egg-info/dependency_links.txt
[6.559s] writing entry points to image_pub.egg-info/entry_points.txt
[6.559s] writing requirements to image_pub.egg-info/requires.txt
[6.560s] writing top-level names to image_pub.egg-info/top_level.txt
[6.566s] reading manifest file 'image_pub.egg-info/SOURCES.txt'
[6.571s] writing manifest file 'image_pub.egg-info/SOURCES.txt'
[6.579s] running build_ext
[6.580s] Creating /home/jetson/ros_ws/install/image_pub/lib/python3.6/site-packages/image-pub.egg-link (link to .)
[6.584s] Installing image_pub script to /home/jetson/ros_ws/install/image_pub/lib/image_pub
[6.586s] 
[6.586s] Installed /home/jetson/ros_ws/build/image_pub
[6.588s] running install_data
[6.728s] Invoked command in '/home/jetson/ros_ws/build/image_pub' returned '0': PYTHONPATH=/home/jetson/ros_ws/build/image_pub/prefix_override:/home/jetson/ros_ws/install/image_pub/lib/python3.6/site-packages:${PYTHONPATH} /usr/bin/python3 setup.py develop --editable --build-directory /home/jetson/ros_ws/build/image_pub/build --no-deps install_data
