[2.175s] DEBUG:colcon:Command line arguments: ['/usr/bin/colcon', 'build', '--symlink-install', '--packages-select', 'ros2_shared']
[2.175s] DEBUG:colcon:Parsed command line arguments: Namespace(allow_overriding=[], ament_cmake_args=None, base_paths=['.'], build_base='build', catkin_cmake_args=None, catkin_skip_building_tests=False, cmake_args=None, cmake_clean_cache=False, cmake_clean_first=False, cmake_force_configure=False, cmake_target=None, cmake_target_skip_unavailable=False, continue_on_error=False, event_handlers=None, executor='parallel', ignore_user_meta=False, install_base='install', log_base=None, log_level=None, main=<bound method BuildVerb.main of <colcon_core.verb.build.BuildVerb object at 0x7fa877ecf8>>, merge_install=False, metas=['./colcon.meta'], packages_above=None, packages_above_and_dependencies=None, packages_above_depth=None, packages_end=None, packages_ignore=None, packages_ignore_regex=None, packages_select=['ros2_shared'], packages_select_build_failed=False, packages_select_by_dep=None, packages_select_regex=None, packages_select_test_failures=False, packages_skip=None, packages_skip_build_finished=False, packages_skip_by_dep=None, packages_skip_regex=None, packages_skip_test_passed=False, packages_skip_up_to=None, packages_start=None, packages_up_to=None, packages_up_to_regex=None, parallel_workers=4, paths=None, symlink_install=True, test_result_base=None, verb_extension=<colcon_core.verb.build.BuildVerb object at 0x7fa877ecf8>, verb_name='build', verb_parser=<colcon_defaults.argument_parser.defaults.DefaultArgumentsDecorator object at 0x7fa86fca58>)
[2.317s] Level 1:colcon.colcon_core.package_discovery:discover_packages(colcon_meta) check parameters
[2.318s] Level 1:colcon.colcon_core.package_discovery:discover_packages(recursive) check parameters
[2.318s] Level 1:colcon.colcon_core.package_discovery:discover_packages(ignore) check parameters
[2.319s] Level 1:colcon.colcon_core.package_discovery:discover_packages(path) check parameters
[2.319s] Level 1:colcon.colcon_core.package_discovery:discover_packages(colcon_meta) discover
[2.320s] Level 1:colcon.colcon_core.package_discovery:discover_packages(recursive) discover
[2.321s] INFO:colcon.colcon_core.package_discovery:Crawling recursively for packages in '/home/jetson/ros_ws'
[2.321s] Level 1:colcon.colcon_core.package_identification:_identify(.) by extensions ['ignore', 'ignore_ament_install']
[2.322s] Level 1:colcon.colcon_core.package_identification:_identify(.) by extension 'ignore'
[2.322s] Level 1:colcon.colcon_core.package_identification:_identify(.) by extension 'ignore_ament_install'
[2.323s] Level 1:colcon.colcon_core.package_identification:_identify(.) by extensions ['colcon_pkg']
[2.323s] Level 1:colcon.colcon_core.package_identification:_identify(.) by extension 'colcon_pkg'
[2.323s] Level 1:colcon.colcon_core.package_identification:_identify(.) by extensions ['colcon_meta']
[2.323s] Level 1:colcon.colcon_core.package_identification:_identify(.) by extension 'colcon_meta'
[2.324s] Level 1:colcon.colcon_core.package_identification:_identify(.) by extensions ['ros']
[2.324s] Level 1:colcon.colcon_core.package_identification:_identify(.) by extension 'ros'
[2.380s] Level 1:colcon.colcon_core.package_identification:_identify(.) by extensions ['cmake', 'python']
[2.381s] Level 1:colcon.colcon_core.package_identification:_identify(.) by extension 'cmake'
[2.381s] Level 1:colcon.colcon_core.package_identification:_identify(.) by extension 'python'
[2.382s] Level 1:colcon.colcon_core.package_identification:_identify(.) by extensions ['python_setup_py']
[2.382s] Level 1:colcon.colcon_core.package_identification:_identify(.) by extension 'python_setup_py'
[2.383s] Level 1:colcon.colcon_core.package_identification:_identify(build) by extensions ['ignore', 'ignore_ament_install']
[2.383s] Level 1:colcon.colcon_core.package_identification:_identify(build) by extension 'ignore'
[2.383s] Level 1:colcon.colcon_core.package_identification:_identify(build) ignored
[2.385s] Level 1:colcon.colcon_core.package_identification:_identify(install) by extensions ['ignore', 'ignore_ament_install']
[2.386s] Level 1:colcon.colcon_core.package_identification:_identify(install) by extension 'ignore'
[2.386s] Level 1:colcon.colcon_core.package_identification:_identify(install) ignored
[2.387s] Level 1:colcon.colcon_core.package_identification:_identify(log) by extensions ['ignore', 'ignore_ament_install']
[2.388s] Level 1:colcon.colcon_core.package_identification:_identify(log) by extension 'ignore'
[2.388s] Level 1:colcon.colcon_core.package_identification:_identify(log) ignored
[2.388s] Level 1:colcon.colcon_core.package_identification:_identify(src) by extensions ['ignore', 'ignore_ament_install']
[2.389s] Level 1:colcon.colcon_core.package_identification:_identify(src) by extension 'ignore'
[2.389s] Level 1:colcon.colcon_core.package_identification:_identify(src) by extension 'ignore_ament_install'
[2.390s] Level 1:colcon.colcon_core.package_identification:_identify(src) by extensions ['colcon_pkg']
[2.390s] Level 1:colcon.colcon_core.package_identification:_identify(src) by extension 'colcon_pkg'
[2.390s] Level 1:colcon.colcon_core.package_identification:_identify(src) by extensions ['colcon_meta']
[2.391s] Level 1:colcon.colcon_core.package_identification:_identify(src) by extension 'colcon_meta'
[2.391s] Level 1:colcon.colcon_core.package_identification:_identify(src) by extensions ['ros']
[2.391s] Level 1:colcon.colcon_core.package_identification:_identify(src) by extension 'ros'
[2.392s] Level 1:colcon.colcon_core.package_identification:_identify(src) by extensions ['cmake', 'python']
[2.392s] Level 1:colcon.colcon_core.package_identification:_identify(src) by extension 'cmake'
[2.392s] Level 1:colcon.colcon_core.package_identification:_identify(src) by extension 'python'
[2.393s] Level 1:colcon.colcon_core.package_identification:_identify(src) by extensions ['python_setup_py']
[2.393s] Level 1:colcon.colcon_core.package_identification:_identify(src) by extension 'python_setup_py'
[2.394s] Level 1:colcon.colcon_core.package_identification:_identify(src/gscam2) by extensions ['ignore', 'ignore_ament_install']
[2.394s] Level 1:colcon.colcon_core.package_identification:_identify(src/gscam2) by extension 'ignore'
[2.395s] Level 1:colcon.colcon_core.package_identification:_identify(src/gscam2) by extension 'ignore_ament_install'
[2.395s] Level 1:colcon.colcon_core.package_identification:_identify(src/gscam2) by extensions ['colcon_pkg']
[2.395s] Level 1:colcon.colcon_core.package_identification:_identify(src/gscam2) by extension 'colcon_pkg'
[2.395s] Level 1:colcon.colcon_core.package_identification:_identify(src/gscam2) by extensions ['colcon_meta']
[2.396s] Level 1:colcon.colcon_core.package_identification:_identify(src/gscam2) by extension 'colcon_meta'
[2.396s] Level 1:colcon.colcon_core.package_identification:_identify(src/gscam2) by extensions ['ros']
[2.396s] Level 1:colcon.colcon_core.package_identification:_identify(src/gscam2) by extension 'ros'
[2.421s] DEBUG:colcon.colcon_core.package_identification:Package 'src/gscam2' with type 'ros.ament_cmake' and name 'gscam2'
[2.421s] Level 1:colcon.colcon_core.package_identification:_identify(src/nanosaur) by extensions ['ignore', 'ignore_ament_install']
[2.422s] Level 1:colcon.colcon_core.package_identification:_identify(src/nanosaur) by extension 'ignore'
[2.422s] Level 1:colcon.colcon_core.package_identification:_identify(src/nanosaur) by extension 'ignore_ament_install'
[2.423s] Level 1:colcon.colcon_core.package_identification:_identify(src/nanosaur) by extensions ['colcon_pkg']
[2.423s] Level 1:colcon.colcon_core.package_identification:_identify(src/nanosaur) by extension 'colcon_pkg'
[2.423s] Level 1:colcon.colcon_core.package_identification:_identify(src/nanosaur) by extensions ['colcon_meta']
[2.424s] Level 1:colcon.colcon_core.package_identification:_identify(src/nanosaur) by extension 'colcon_meta'
[2.424s] Level 1:colcon.colcon_core.package_identification:_identify(src/nanosaur) by extensions ['ros']
[2.424s] Level 1:colcon.colcon_core.package_identification:_identify(src/nanosaur) by extension 'ros'
[2.425s] Level 1:colcon.colcon_core.package_identification:_identify(src/nanosaur) by extensions ['cmake', 'python']
[2.425s] Level 1:colcon.colcon_core.package_identification:_identify(src/nanosaur) by extension 'cmake'
[2.426s] Level 1:colcon.colcon_core.package_identification:_identify(src/nanosaur) by extension 'python'
[2.426s] Level 1:colcon.colcon_core.package_identification:_identify(src/nanosaur) by extensions ['python_setup_py']
[2.426s] Level 1:colcon.colcon_core.package_identification:_identify(src/nanosaur) by extension 'python_setup_py'
[2.427s] Level 1:colcon.colcon_core.package_identification:_identify(src/nanosaur/nanosaur) by extensions ['ignore', 'ignore_ament_install']
[2.428s] Level 1:colcon.colcon_core.package_identification:_identify(src/nanosaur/nanosaur) by extension 'ignore'
[2.428s] Level 1:colcon.colcon_core.package_identification:_identify(src/nanosaur/nanosaur) by extension 'ignore_ament_install'
[2.428s] Level 1:colcon.colcon_core.package_identification:_identify(src/nanosaur/nanosaur) by extensions ['colcon_pkg']
[2.429s] Level 1:colcon.colcon_core.package_identification:_identify(src/nanosaur/nanosaur) by extension 'colcon_pkg'
[2.429s] Level 1:colcon.colcon_core.package_identification:_identify(src/nanosaur/nanosaur) by extensions ['colcon_meta']
[2.429s] Level 1:colcon.colcon_core.package_identification:_identify(src/nanosaur/nanosaur) by extension 'colcon_meta'
[2.429s] Level 1:colcon.colcon_core.package_identification:_identify(src/nanosaur/nanosaur) by extensions ['ros']
[2.430s] Level 1:colcon.colcon_core.package_identification:_identify(src/nanosaur/nanosaur) by extension 'ros'
[2.433s] DEBUG:colcon.colcon_core.package_identification:Package 'src/nanosaur/nanosaur' with type 'ros.ament_cmake' and name 'nanosaur'
[2.434s] Level 1:colcon.colcon_core.package_identification:_identify(src/nanosaur/nanosaur_control) by extensions ['ignore', 'ignore_ament_install']
[2.435s] Level 1:colcon.colcon_core.package_identification:_identify(src/nanosaur/nanosaur_control) by extension 'ignore'
[2.435s] Level 1:colcon.colcon_core.package_identification:_identify(src/nanosaur/nanosaur_control) by extension 'ignore_ament_install'
[2.435s] Level 1:colcon.colcon_core.package_identification:_identify(src/nanosaur/nanosaur_control) by extensions ['colcon_pkg']
[2.436s] Level 1:colcon.colcon_core.package_identification:_identify(src/nanosaur/nanosaur_control) by extension 'colcon_pkg'
[2.436s] Level 1:colcon.colcon_core.package_identification:_identify(src/nanosaur/nanosaur_control) by extensions ['colcon_meta']
[2.436s] Level 1:colcon.colcon_core.package_identification:_identify(src/nanosaur/nanosaur_control) by extension 'colcon_meta'
[2.437s] Level 1:colcon.colcon_core.package_identification:_identify(src/nanosaur/nanosaur_control) by extensions ['ros']
[2.437s] Level 1:colcon.colcon_core.package_identification:_identify(src/nanosaur/nanosaur_control) by extension 'ros'
[2.441s] DEBUG:colcon.colcon_core.package_identification:Package 'src/nanosaur/nanosaur_control' with type 'ros.ament_cmake' and name 'nanosaur_control'
[2.441s] Level 1:colcon.colcon_core.package_identification:_identify(src/nanosaur/nanosaur_description) by extensions ['ignore', 'ignore_ament_install']
[2.442s] Level 1:colcon.colcon_core.package_identification:_identify(src/nanosaur/nanosaur_description) by extension 'ignore'
[2.443s] Level 1:colcon.colcon_core.package_identification:_identify(src/nanosaur/nanosaur_description) by extension 'ignore_ament_install'
[2.443s] Level 1:colcon.colcon_core.package_identification:_identify(src/nanosaur/nanosaur_description) by extensions ['colcon_pkg']
[2.443s] Level 1:colcon.colcon_core.package_identification:_identify(src/nanosaur/nanosaur_description) by extension 'colcon_pkg'
[2.443s] Level 1:colcon.colcon_core.package_identification:_identify(src/nanosaur/nanosaur_description) by extensions ['colcon_meta']
[2.444s] Level 1:colcon.colcon_core.package_identification:_identify(src/nanosaur/nanosaur_description) by extension 'colcon_meta'
[2.444s] Level 1:colcon.colcon_core.package_identification:_identify(src/nanosaur/nanosaur_description) by extensions ['ros']
[2.444s] Level 1:colcon.colcon_core.package_identification:_identify(src/nanosaur/nanosaur_description) by extension 'ros'
[2.448s] DEBUG:colcon.colcon_core.package_identification:Package 'src/nanosaur/nanosaur_description' with type 'ros.ament_cmake' and name 'nanosaur_description'
[2.448s] Level 1:colcon.colcon_core.package_identification:_identify(src/nanosaur/nanosaur_msgs) by extensions ['ignore', 'ignore_ament_install']
[2.449s] Level 1:colcon.colcon_core.package_identification:_identify(src/nanosaur/nanosaur_msgs) by extension 'ignore'
[2.449s] Level 1:colcon.colcon_core.package_identification:_identify(src/nanosaur/nanosaur_msgs) by extension 'ignore_ament_install'
[2.450s] Level 1:colcon.colcon_core.package_identification:_identify(src/nanosaur/nanosaur_msgs) by extensions ['colcon_pkg']
[2.450s] Level 1:colcon.colcon_core.package_identification:_identify(src/nanosaur/nanosaur_msgs) by extension 'colcon_pkg'
[2.450s] Level 1:colcon.colcon_core.package_identification:_identify(src/nanosaur/nanosaur_msgs) by extensions ['colcon_meta']
[2.450s] Level 1:colcon.colcon_core.package_identification:_identify(src/nanosaur/nanosaur_msgs) by extension 'colcon_meta'
[2.451s] Level 1:colcon.colcon_core.package_identification:_identify(src/nanosaur/nanosaur_msgs) by extensions ['ros']
[2.451s] Level 1:colcon.colcon_core.package_identification:_identify(src/nanosaur/nanosaur_msgs) by extension 'ros'
[2.454s] DEBUG:colcon.colcon_core.package_identification:Package 'src/nanosaur/nanosaur_msgs' with type 'ros.ament_cmake' and name 'nanosaur_msgs'
[2.455s] Level 1:colcon.colcon_core.package_identification:_identify(src/nanosaur_robot) by extensions ['ignore', 'ignore_ament_install']
[2.456s] Level 1:colcon.colcon_core.package_identification:_identify(src/nanosaur_robot) by extension 'ignore'
[2.456s] Level 1:colcon.colcon_core.package_identification:_identify(src/nanosaur_robot) by extension 'ignore_ament_install'
[2.456s] Level 1:colcon.colcon_core.package_identification:_identify(src/nanosaur_robot) by extensions ['colcon_pkg']
[2.457s] Level 1:colcon.colcon_core.package_identification:_identify(src/nanosaur_robot) by extension 'colcon_pkg'
[2.457s] Level 1:colcon.colcon_core.package_identification:_identify(src/nanosaur_robot) by extensions ['colcon_meta']
[2.457s] Level 1:colcon.colcon_core.package_identification:_identify(src/nanosaur_robot) by extension 'colcon_meta'
[2.458s] Level 1:colcon.colcon_core.package_identification:_identify(src/nanosaur_robot) by extensions ['ros']
[2.458s] Level 1:colcon.colcon_core.package_identification:_identify(src/nanosaur_robot) by extension 'ros'
[2.459s] Level 1:colcon.colcon_core.package_identification:_identify(src/nanosaur_robot) by extensions ['cmake', 'python']
[2.459s] Level 1:colcon.colcon_core.package_identification:_identify(src/nanosaur_robot) by extension 'cmake'
[2.459s] Level 1:colcon.colcon_core.package_identification:_identify(src/nanosaur_robot) by extension 'python'
[2.459s] Level 1:colcon.colcon_core.package_identification:_identify(src/nanosaur_robot) by extensions ['python_setup_py']
[2.460s] Level 1:colcon.colcon_core.package_identification:_identify(src/nanosaur_robot) by extension 'python_setup_py'
[2.460s] Level 1:colcon.colcon_core.package_identification:_identify(src/nanosaur_robot/nanosaur_base) by extensions ['ignore', 'ignore_ament_install']
[2.461s] Level 1:colcon.colcon_core.package_identification:_identify(src/nanosaur_robot/nanosaur_base) by extension 'ignore'
[2.461s] Level 1:colcon.colcon_core.package_identification:_identify(src/nanosaur_robot/nanosaur_base) by extension 'ignore_ament_install'
[2.461s] Level 1:colcon.colcon_core.package_identification:_identify(src/nanosaur_robot/nanosaur_base) by extensions ['colcon_pkg']
[2.462s] Level 1:colcon.colcon_core.package_identification:_identify(src/nanosaur_robot/nanosaur_base) by extension 'colcon_pkg'
[2.462s] Level 1:colcon.colcon_core.package_identification:_identify(src/nanosaur_robot/nanosaur_base) by extensions ['colcon_meta']
[2.462s] Level 1:colcon.colcon_core.package_identification:_identify(src/nanosaur_robot/nanosaur_base) by extension 'colcon_meta'
[2.463s] Level 1:colcon.colcon_core.package_identification:_identify(src/nanosaur_robot/nanosaur_base) by extensions ['ros']
[2.463s] Level 1:colcon.colcon_core.package_identification:_identify(src/nanosaur_robot/nanosaur_base) by extension 'ros'
[2.467s] DEBUG:colcon.colcon_core.package_identification:Package 'src/nanosaur_robot/nanosaur_base' with type 'ros.ament_python' and name 'nanosaur_base'
[2.468s] Level 1:colcon.colcon_core.package_identification:_identify(src/nanosaur_robot/nanosaur_bringup) by extensions ['ignore', 'ignore_ament_install']
[2.468s] Level 1:colcon.colcon_core.package_identification:_identify(src/nanosaur_robot/nanosaur_bringup) by extension 'ignore'
[2.469s] Level 1:colcon.colcon_core.package_identification:_identify(src/nanosaur_robot/nanosaur_bringup) by extension 'ignore_ament_install'
[2.469s] Level 1:colcon.colcon_core.package_identification:_identify(src/nanosaur_robot/nanosaur_bringup) by extensions ['colcon_pkg']
[2.469s] Level 1:colcon.colcon_core.package_identification:_identify(src/nanosaur_robot/nanosaur_bringup) by extension 'colcon_pkg'
[2.470s] Level 1:colcon.colcon_core.package_identification:_identify(src/nanosaur_robot/nanosaur_bringup) by extensions ['colcon_meta']
[2.470s] Level 1:colcon.colcon_core.package_identification:_identify(src/nanosaur_robot/nanosaur_bringup) by extension 'colcon_meta'
[2.470s] Level 1:colcon.colcon_core.package_identification:_identify(src/nanosaur_robot/nanosaur_bringup) by extensions ['ros']
[2.471s] Level 1:colcon.colcon_core.package_identification:_identify(src/nanosaur_robot/nanosaur_bringup) by extension 'ros'
[2.475s] DEBUG:colcon.colcon_core.package_identification:Package 'src/nanosaur_robot/nanosaur_bringup' with type 'ros.ament_cmake' and name 'nanosaur_bringup'
[2.476s] Level 1:colcon.colcon_core.package_identification:_identify(src/nanosaur_robot/nanosaur_robot) by extensions ['ignore', 'ignore_ament_install']
[2.476s] Level 1:colcon.colcon_core.package_identification:_identify(src/nanosaur_robot/nanosaur_robot) by extension 'ignore'
[2.477s] Level 1:colcon.colcon_core.package_identification:_identify(src/nanosaur_robot/nanosaur_robot) by extension 'ignore_ament_install'
[2.477s] Level 1:colcon.colcon_core.package_identification:_identify(src/nanosaur_robot/nanosaur_robot) by extensions ['colcon_pkg']
[2.477s] Level 1:colcon.colcon_core.package_identification:_identify(src/nanosaur_robot/nanosaur_robot) by extension 'colcon_pkg'
[2.478s] Level 1:colcon.colcon_core.package_identification:_identify(src/nanosaur_robot/nanosaur_robot) by extensions ['colcon_meta']
[2.478s] Level 1:colcon.colcon_core.package_identification:_identify(src/nanosaur_robot/nanosaur_robot) by extension 'colcon_meta'
[2.478s] Level 1:colcon.colcon_core.package_identification:_identify(src/nanosaur_robot/nanosaur_robot) by extensions ['ros']
[2.478s] Level 1:colcon.colcon_core.package_identification:_identify(src/nanosaur_robot/nanosaur_robot) by extension 'ros'
[2.481s] DEBUG:colcon.colcon_core.package_identification:Package 'src/nanosaur_robot/nanosaur_robot' with type 'ros.ament_cmake' and name 'nanosaur_robot'
[2.482s] Level 1:colcon.colcon_core.package_identification:_identify(src/nanosaur_simulations) by extensions ['ignore', 'ignore_ament_install']
[2.483s] Level 1:colcon.colcon_core.package_identification:_identify(src/nanosaur_simulations) by extension 'ignore'
[2.483s] Level 1:colcon.colcon_core.package_identification:_identify(src/nanosaur_simulations) by extension 'ignore_ament_install'
[2.483s] Level 1:colcon.colcon_core.package_identification:_identify(src/nanosaur_simulations) by extensions ['colcon_pkg']
[2.484s] Level 1:colcon.colcon_core.package_identification:_identify(src/nanosaur_simulations) by extension 'colcon_pkg'
[2.484s] Level 1:colcon.colcon_core.package_identification:_identify(src/nanosaur_simulations) by extensions ['colcon_meta']
[2.484s] Level 1:colcon.colcon_core.package_identification:_identify(src/nanosaur_simulations) by extension 'colcon_meta'
[2.484s] Level 1:colcon.colcon_core.package_identification:_identify(src/nanosaur_simulations) by extensions ['ros']
[2.485s] Level 1:colcon.colcon_core.package_identification:_identify(src/nanosaur_simulations) by extension 'ros'
[2.485s] Level 1:colcon.colcon_core.package_identification:_identify(src/nanosaur_simulations) by extensions ['cmake', 'python']
[2.486s] Level 1:colcon.colcon_core.package_identification:_identify(src/nanosaur_simulations) by extension 'cmake'
[2.486s] Level 1:colcon.colcon_core.package_identification:_identify(src/nanosaur_simulations) by extension 'python'
[2.487s] Level 1:colcon.colcon_core.package_identification:_identify(src/nanosaur_simulations) by extensions ['python_setup_py']
[2.487s] Level 1:colcon.colcon_core.package_identification:_identify(src/nanosaur_simulations) by extension 'python_setup_py'
[2.488s] Level 1:colcon.colcon_core.package_identification:_identify(src/nanosaur_simulations/nanosaur_gazebo) by extensions ['ignore', 'ignore_ament_install']
[2.488s] Level 1:colcon.colcon_core.package_identification:_identify(src/nanosaur_simulations/nanosaur_gazebo) by extension 'ignore'
[2.489s] Level 1:colcon.colcon_core.package_identification:_identify(src/nanosaur_simulations/nanosaur_gazebo) by extension 'ignore_ament_install'
[2.489s] Level 1:colcon.colcon_core.package_identification:_identify(src/nanosaur_simulations/nanosaur_gazebo) by extensions ['colcon_pkg']
[2.490s] Level 1:colcon.colcon_core.package_identification:_identify(src/nanosaur_simulations/nanosaur_gazebo) by extension 'colcon_pkg'
[2.490s] Level 1:colcon.colcon_core.package_identification:_identify(src/nanosaur_simulations/nanosaur_gazebo) by extensions ['colcon_meta']
[2.491s] Level 1:colcon.colcon_core.package_identification:_identify(src/nanosaur_simulations/nanosaur_gazebo) by extension 'colcon_meta'
[2.491s] Level 1:colcon.colcon_core.package_identification:_identify(src/nanosaur_simulations/nanosaur_gazebo) by extensions ['ros']
[2.492s] Level 1:colcon.colcon_core.package_identification:_identify(src/nanosaur_simulations/nanosaur_gazebo) by extension 'ros'
[2.495s] DEBUG:colcon.colcon_core.package_identification:Package 'src/nanosaur_simulations/nanosaur_gazebo' with type 'ros.ament_cmake' and name 'nanosaur_gazebo'
[2.496s] Level 1:colcon.colcon_core.package_identification:_identify(src/nanosaur_simulations/nanosaur_ignition) by extensions ['ignore', 'ignore_ament_install']
[2.497s] Level 1:colcon.colcon_core.package_identification:_identify(src/nanosaur_simulations/nanosaur_ignition) by extension 'ignore'
[2.497s] Level 1:colcon.colcon_core.package_identification:_identify(src/nanosaur_simulations/nanosaur_ignition) by extension 'ignore_ament_install'
[2.497s] Level 1:colcon.colcon_core.package_identification:_identify(src/nanosaur_simulations/nanosaur_ignition) by extensions ['colcon_pkg']
[2.498s] Level 1:colcon.colcon_core.package_identification:_identify(src/nanosaur_simulations/nanosaur_ignition) by extension 'colcon_pkg'
[2.498s] Level 1:colcon.colcon_core.package_identification:_identify(src/nanosaur_simulations/nanosaur_ignition) by extensions ['colcon_meta']
[2.498s] Level 1:colcon.colcon_core.package_identification:_identify(src/nanosaur_simulations/nanosaur_ignition) by extension 'colcon_meta'
[2.499s] Level 1:colcon.colcon_core.package_identification:_identify(src/nanosaur_simulations/nanosaur_ignition) by extensions ['ros']
[2.499s] Level 1:colcon.colcon_core.package_identification:_identify(src/nanosaur_simulations/nanosaur_ignition) by extension 'ros'
[2.503s] DEBUG:colcon.colcon_core.package_identification:Package 'src/nanosaur_simulations/nanosaur_ignition' with type 'ros.ament_python' and name 'nanosaur_ignition'
[2.503s] Level 1:colcon.colcon_core.package_identification:_identify(src/nanosaur_simulations/nanosaur_isaac_sim) by extensions ['ignore', 'ignore_ament_install']
[2.504s] Level 1:colcon.colcon_core.package_identification:_identify(src/nanosaur_simulations/nanosaur_isaac_sim) by extension 'ignore'
[2.504s] Level 1:colcon.colcon_core.package_identification:_identify(src/nanosaur_simulations/nanosaur_isaac_sim) by extension 'ignore_ament_install'
[2.505s] Level 1:colcon.colcon_core.package_identification:_identify(src/nanosaur_simulations/nanosaur_isaac_sim) by extensions ['colcon_pkg']
[2.505s] Level 1:colcon.colcon_core.package_identification:_identify(src/nanosaur_simulations/nanosaur_isaac_sim) by extension 'colcon_pkg'
[2.505s] Level 1:colcon.colcon_core.package_identification:_identify(src/nanosaur_simulations/nanosaur_isaac_sim) by extensions ['colcon_meta']
[2.506s] Level 1:colcon.colcon_core.package_identification:_identify(src/nanosaur_simulations/nanosaur_isaac_sim) by extension 'colcon_meta'
[2.506s] Level 1:colcon.colcon_core.package_identification:_identify(src/nanosaur_simulations/nanosaur_isaac_sim) by extensions ['ros']
[2.506s] Level 1:colcon.colcon_core.package_identification:_identify(src/nanosaur_simulations/nanosaur_isaac_sim) by extension 'ros'
[2.510s] DEBUG:colcon.colcon_core.package_identification:Package 'src/nanosaur_simulations/nanosaur_isaac_sim' with type 'ros.ament_cmake' and name 'nanosaur_isaac_sim'
[2.511s] Level 1:colcon.colcon_core.package_identification:_identify(src/nanosaur_simulations/nanosaur_simulations) by extensions ['ignore', 'ignore_ament_install']
[2.512s] Level 1:colcon.colcon_core.package_identification:_identify(src/nanosaur_simulations/nanosaur_simulations) by extension 'ignore'
[2.512s] Level 1:colcon.colcon_core.package_identification:_identify(src/nanosaur_simulations/nanosaur_simulations) by extension 'ignore_ament_install'
[2.512s] Level 1:colcon.colcon_core.package_identification:_identify(src/nanosaur_simulations/nanosaur_simulations) by extensions ['colcon_pkg']
[2.513s] Level 1:colcon.colcon_core.package_identification:_identify(src/nanosaur_simulations/nanosaur_simulations) by extension 'colcon_pkg'
[2.513s] Level 1:colcon.colcon_core.package_identification:_identify(src/nanosaur_simulations/nanosaur_simulations) by extensions ['colcon_meta']
[2.513s] Level 1:colcon.colcon_core.package_identification:_identify(src/nanosaur_simulations/nanosaur_simulations) by extension 'colcon_meta'
[2.513s] Level 1:colcon.colcon_core.package_identification:_identify(src/nanosaur_simulations/nanosaur_simulations) by extensions ['ros']
[2.514s] Level 1:colcon.colcon_core.package_identification:_identify(src/nanosaur_simulations/nanosaur_simulations) by extension 'ros'
[2.517s] DEBUG:colcon.colcon_core.package_identification:Package 'src/nanosaur_simulations/nanosaur_simulations' with type 'ros.ament_cmake' and name 'nanosaur_simulations'
[2.517s] Level 1:colcon.colcon_core.package_identification:_identify(src/nanosaur_simulations/nanosaur_worlds) by extensions ['ignore', 'ignore_ament_install']
[2.518s] Level 1:colcon.colcon_core.package_identification:_identify(src/nanosaur_simulations/nanosaur_worlds) by extension 'ignore'
[2.518s] Level 1:colcon.colcon_core.package_identification:_identify(src/nanosaur_simulations/nanosaur_worlds) by extension 'ignore_ament_install'
[2.519s] Level 1:colcon.colcon_core.package_identification:_identify(src/nanosaur_simulations/nanosaur_worlds) by extensions ['colcon_pkg']
[2.519s] Level 1:colcon.colcon_core.package_identification:_identify(src/nanosaur_simulations/nanosaur_worlds) by extension 'colcon_pkg'
[2.520s] Level 1:colcon.colcon_core.package_identification:_identify(src/nanosaur_simulations/nanosaur_worlds) by extensions ['colcon_meta']
[2.520s] Level 1:colcon.colcon_core.package_identification:_identify(src/nanosaur_simulations/nanosaur_worlds) by extension 'colcon_meta'
[2.520s] Level 1:colcon.colcon_core.package_identification:_identify(src/nanosaur_simulations/nanosaur_worlds) by extensions ['ros']
[2.520s] Level 1:colcon.colcon_core.package_identification:_identify(src/nanosaur_simulations/nanosaur_worlds) by extension 'ros'
[2.523s] DEBUG:colcon.colcon_core.package_identification:Package 'src/nanosaur_simulations/nanosaur_worlds' with type 'ros.ament_cmake' and name 'nanosaur_worlds'
[2.524s] Level 1:colcon.colcon_core.package_identification:_identify(src/rb_nanosaur) by extensions ['ignore', 'ignore_ament_install']
[2.525s] Level 1:colcon.colcon_core.package_identification:_identify(src/rb_nanosaur) by extension 'ignore'
[2.525s] Level 1:colcon.colcon_core.package_identification:_identify(src/rb_nanosaur) by extension 'ignore_ament_install'
[2.526s] Level 1:colcon.colcon_core.package_identification:_identify(src/rb_nanosaur) by extensions ['colcon_pkg']
[2.526s] Level 1:colcon.colcon_core.package_identification:_identify(src/rb_nanosaur) by extension 'colcon_pkg'
[2.526s] Level 1:colcon.colcon_core.package_identification:_identify(src/rb_nanosaur) by extensions ['colcon_meta']
[2.526s] Level 1:colcon.colcon_core.package_identification:_identify(src/rb_nanosaur) by extension 'colcon_meta'
[2.527s] Level 1:colcon.colcon_core.package_identification:_identify(src/rb_nanosaur) by extensions ['ros']
[2.527s] Level 1:colcon.colcon_core.package_identification:_identify(src/rb_nanosaur) by extension 'ros'
[2.528s] Level 1:colcon.colcon_core.package_identification:_identify(src/rb_nanosaur) by extensions ['cmake', 'python']
[2.528s] Level 1:colcon.colcon_core.package_identification:_identify(src/rb_nanosaur) by extension 'cmake'
[2.528s] Level 1:colcon.colcon_core.package_identification:_identify(src/rb_nanosaur) by extension 'python'
[2.528s] Level 1:colcon.colcon_core.package_identification:_identify(src/rb_nanosaur) by extensions ['python_setup_py']
[2.529s] Level 1:colcon.colcon_core.package_identification:_identify(src/rb_nanosaur) by extension 'python_setup_py'
[2.529s] Level 1:colcon.colcon_core.package_identification:_identify(src/rb_nanosaur/STL) by extensions ['ignore', 'ignore_ament_install']
[2.530s] Level 1:colcon.colcon_core.package_identification:_identify(src/rb_nanosaur/STL) by extension 'ignore'
[2.530s] Level 1:colcon.colcon_core.package_identification:_identify(src/rb_nanosaur/STL) by extension 'ignore_ament_install'
[2.531s] Level 1:colcon.colcon_core.package_identification:_identify(src/rb_nanosaur/STL) by extensions ['colcon_pkg']
[2.531s] Level 1:colcon.colcon_core.package_identification:_identify(src/rb_nanosaur/STL) by extension 'colcon_pkg'
[2.531s] Level 1:colcon.colcon_core.package_identification:_identify(src/rb_nanosaur/STL) by extensions ['colcon_meta']
[2.531s] Level 1:colcon.colcon_core.package_identification:_identify(src/rb_nanosaur/STL) by extension 'colcon_meta'
[2.532s] Level 1:colcon.colcon_core.package_identification:_identify(src/rb_nanosaur/STL) by extensions ['ros']
[2.532s] Level 1:colcon.colcon_core.package_identification:_identify(src/rb_nanosaur/STL) by extension 'ros'
[2.532s] Level 1:colcon.colcon_core.package_identification:_identify(src/rb_nanosaur/STL) by extensions ['cmake', 'python']
[2.532s] Level 1:colcon.colcon_core.package_identification:_identify(src/rb_nanosaur/STL) by extension 'cmake'
[2.533s] Level 1:colcon.colcon_core.package_identification:_identify(src/rb_nanosaur/STL) by extension 'python'
[2.533s] Level 1:colcon.colcon_core.package_identification:_identify(src/rb_nanosaur/STL) by extensions ['python_setup_py']
[2.533s] Level 1:colcon.colcon_core.package_identification:_identify(src/rb_nanosaur/STL) by extension 'python_setup_py'
[2.534s] Level 1:colcon.colcon_core.package_identification:_identify(src/rb_nanosaur/cpp_first_pkg) by extensions ['ignore', 'ignore_ament_install']
[2.534s] Level 1:colcon.colcon_core.package_identification:_identify(src/rb_nanosaur/cpp_first_pkg) by extension 'ignore'
[2.535s] Level 1:colcon.colcon_core.package_identification:_identify(src/rb_nanosaur/cpp_first_pkg) by extension 'ignore_ament_install'
[2.535s] Level 1:colcon.colcon_core.package_identification:_identify(src/rb_nanosaur/cpp_first_pkg) by extensions ['colcon_pkg']
[2.535s] Level 1:colcon.colcon_core.package_identification:_identify(src/rb_nanosaur/cpp_first_pkg) by extension 'colcon_pkg'
[2.536s] Level 1:colcon.colcon_core.package_identification:_identify(src/rb_nanosaur/cpp_first_pkg) by extensions ['colcon_meta']
[2.536s] Level 1:colcon.colcon_core.package_identification:_identify(src/rb_nanosaur/cpp_first_pkg) by extension 'colcon_meta'
[2.536s] Level 1:colcon.colcon_core.package_identification:_identify(src/rb_nanosaur/cpp_first_pkg) by extensions ['ros']
[2.537s] Level 1:colcon.colcon_core.package_identification:_identify(src/rb_nanosaur/cpp_first_pkg) by extension 'ros'
[2.540s] DEBUG:colcon.colcon_core.package_identification:Package 'src/rb_nanosaur/cpp_first_pkg' with type 'ros.ament_cmake' and name 'cpp_first_pkg'
[2.541s] Level 1:colcon.colcon_core.package_identification:_identify(src/rb_nanosaur/images) by extensions ['ignore', 'ignore_ament_install']
[2.542s] Level 1:colcon.colcon_core.package_identification:_identify(src/rb_nanosaur/images) by extension 'ignore'
[2.542s] Level 1:colcon.colcon_core.package_identification:_identify(src/rb_nanosaur/images) by extension 'ignore_ament_install'
[2.543s] Level 1:colcon.colcon_core.package_identification:_identify(src/rb_nanosaur/images) by extensions ['colcon_pkg']
[2.543s] Level 1:colcon.colcon_core.package_identification:_identify(src/rb_nanosaur/images) by extension 'colcon_pkg'
[2.543s] Level 1:colcon.colcon_core.package_identification:_identify(src/rb_nanosaur/images) by extensions ['colcon_meta']
[2.543s] Level 1:colcon.colcon_core.package_identification:_identify(src/rb_nanosaur/images) by extension 'colcon_meta'
[2.544s] Level 1:colcon.colcon_core.package_identification:_identify(src/rb_nanosaur/images) by extensions ['ros']
[2.544s] Level 1:colcon.colcon_core.package_identification:_identify(src/rb_nanosaur/images) by extension 'ros'
[2.545s] Level 1:colcon.colcon_core.package_identification:_identify(src/rb_nanosaur/images) by extensions ['cmake', 'python']
[2.545s] Level 1:colcon.colcon_core.package_identification:_identify(src/rb_nanosaur/images) by extension 'cmake'
[2.545s] Level 1:colcon.colcon_core.package_identification:_identify(src/rb_nanosaur/images) by extension 'python'
[2.545s] Level 1:colcon.colcon_core.package_identification:_identify(src/rb_nanosaur/images) by extensions ['python_setup_py']
[2.546s] Level 1:colcon.colcon_core.package_identification:_identify(src/rb_nanosaur/images) by extension 'python_setup_py'
[2.546s] Level 1:colcon.colcon_core.package_identification:_identify(src/rb_nanosaur/install) by extensions ['ignore', 'ignore_ament_install']
[2.547s] Level 1:colcon.colcon_core.package_identification:_identify(src/rb_nanosaur/install) by extension 'ignore'
[2.547s] Level 1:colcon.colcon_core.package_identification:_identify(src/rb_nanosaur/install) by extension 'ignore_ament_install'
[2.548s] Level 1:colcon.colcon_core.package_identification:_identify(src/rb_nanosaur/install) by extensions ['colcon_pkg']
[2.548s] Level 1:colcon.colcon_core.package_identification:_identify(src/rb_nanosaur/install) by extension 'colcon_pkg'
[2.548s] Level 1:colcon.colcon_core.package_identification:_identify(src/rb_nanosaur/install) by extensions ['colcon_meta']
[2.548s] Level 1:colcon.colcon_core.package_identification:_identify(src/rb_nanosaur/install) by extension 'colcon_meta'
[2.549s] Level 1:colcon.colcon_core.package_identification:_identify(src/rb_nanosaur/install) by extensions ['ros']
[2.549s] Level 1:colcon.colcon_core.package_identification:_identify(src/rb_nanosaur/install) by extension 'ros'
[2.549s] Level 1:colcon.colcon_core.package_identification:_identify(src/rb_nanosaur/install) by extensions ['cmake', 'python']
[2.550s] Level 1:colcon.colcon_core.package_identification:_identify(src/rb_nanosaur/install) by extension 'cmake'
[2.550s] Level 1:colcon.colcon_core.package_identification:_identify(src/rb_nanosaur/install) by extension 'python'
[2.550s] Level 1:colcon.colcon_core.package_identification:_identify(src/rb_nanosaur/install) by extensions ['python_setup_py']
[2.551s] Level 1:colcon.colcon_core.package_identification:_identify(src/rb_nanosaur/install) by extension 'python_setup_py'
[2.551s] Level 1:colcon.colcon_core.package_identification:_identify(src/rb_nanosaur/nanosaur_camera) by extensions ['ignore', 'ignore_ament_install']
[2.552s] Level 1:colcon.colcon_core.package_identification:_identify(src/rb_nanosaur/nanosaur_camera) by extension 'ignore'
[2.552s] Level 1:colcon.colcon_core.package_identification:_identify(src/rb_nanosaur/nanosaur_camera) by extension 'ignore_ament_install'
[2.553s] Level 1:colcon.colcon_core.package_identification:_identify(src/rb_nanosaur/nanosaur_camera) by extensions ['colcon_pkg']
[2.553s] Level 1:colcon.colcon_core.package_identification:_identify(src/rb_nanosaur/nanosaur_camera) by extension 'colcon_pkg'
[2.553s] Level 1:colcon.colcon_core.package_identification:_identify(src/rb_nanosaur/nanosaur_camera) by extensions ['colcon_meta']
[2.554s] Level 1:colcon.colcon_core.package_identification:_identify(src/rb_nanosaur/nanosaur_camera) by extension 'colcon_meta'
[2.554s] Level 1:colcon.colcon_core.package_identification:_identify(src/rb_nanosaur/nanosaur_camera) by extensions ['ros']
[2.554s] Level 1:colcon.colcon_core.package_identification:_identify(src/rb_nanosaur/nanosaur_camera) by extension 'ros'
[2.559s] DEBUG:colcon.colcon_core.package_identification:Package 'src/rb_nanosaur/nanosaur_camera' with type 'ros.ament_cmake' and name 'nanosaur_camera'
[2.560s] Level 1:colcon.colcon_core.package_identification:_identify(src/rb_nanosaur/nanosaur_emotion) by extensions ['ignore', 'ignore_ament_install']
[2.560s] Level 1:colcon.colcon_core.package_identification:_identify(src/rb_nanosaur/nanosaur_emotion) by extension 'ignore'
[2.560s] Level 1:colcon.colcon_core.package_identification:_identify(src/rb_nanosaur/nanosaur_emotion) by extension 'ignore_ament_install'
[2.561s] Level 1:colcon.colcon_core.package_identification:_identify(src/rb_nanosaur/nanosaur_emotion) by extensions ['colcon_pkg']
[2.561s] Level 1:colcon.colcon_core.package_identification:_identify(src/rb_nanosaur/nanosaur_emotion) by extension 'colcon_pkg'
[2.561s] Level 1:colcon.colcon_core.package_identification:_identify(src/rb_nanosaur/nanosaur_emotion) by extensions ['colcon_meta']
[2.562s] Level 1:colcon.colcon_core.package_identification:_identify(src/rb_nanosaur/nanosaur_emotion) by extension 'colcon_meta'
[2.562s] Level 1:colcon.colcon_core.package_identification:_identify(src/rb_nanosaur/nanosaur_emotion) by extensions ['ros']
[2.562s] Level 1:colcon.colcon_core.package_identification:_identify(src/rb_nanosaur/nanosaur_emotion) by extension 'ros'
[2.567s] DEBUG:colcon.colcon_core.package_identification:Package 'src/rb_nanosaur/nanosaur_emotion' with type 'ros.ament_cmake' and name 'nanosaur_emotion'
[2.568s] Level 1:colcon.colcon_core.package_identification:_identify(src/rb_nanosaur/nanosaur_hardware) by extensions ['ignore', 'ignore_ament_install']
[2.569s] Level 1:colcon.colcon_core.package_identification:_identify(src/rb_nanosaur/nanosaur_hardware) by extension 'ignore'
[2.569s] Level 1:colcon.colcon_core.package_identification:_identify(src/rb_nanosaur/nanosaur_hardware) by extension 'ignore_ament_install'
[2.570s] Level 1:colcon.colcon_core.package_identification:_identify(src/rb_nanosaur/nanosaur_hardware) by extensions ['colcon_pkg']
[2.570s] Level 1:colcon.colcon_core.package_identification:_identify(src/rb_nanosaur/nanosaur_hardware) by extension 'colcon_pkg'
[2.570s] Level 1:colcon.colcon_core.package_identification:_identify(src/rb_nanosaur/nanosaur_hardware) by extensions ['colcon_meta']
[2.570s] Level 1:colcon.colcon_core.package_identification:_identify(src/rb_nanosaur/nanosaur_hardware) by extension 'colcon_meta'
[2.571s] Level 1:colcon.colcon_core.package_identification:_identify(src/rb_nanosaur/nanosaur_hardware) by extensions ['ros']
[2.571s] Level 1:colcon.colcon_core.package_identification:_identify(src/rb_nanosaur/nanosaur_hardware) by extension 'ros'
[2.575s] DEBUG:colcon.colcon_core.package_identification:Package 'src/rb_nanosaur/nanosaur_hardware' with type 'ros.ament_python' and name 'nanosaur_hardware'
[2.576s] Level 1:colcon.colcon_core.package_identification:_identify(src/rb_nanosaur/tests) by extensions ['ignore', 'ignore_ament_install']
[2.576s] Level 1:colcon.colcon_core.package_identification:_identify(src/rb_nanosaur/tests) by extension 'ignore'
[2.577s] Level 1:colcon.colcon_core.package_identification:_identify(src/rb_nanosaur/tests) by extension 'ignore_ament_install'
[2.577s] Level 1:colcon.colcon_core.package_identification:_identify(src/rb_nanosaur/tests) by extensions ['colcon_pkg']
[2.577s] Level 1:colcon.colcon_core.package_identification:_identify(src/rb_nanosaur/tests) by extension 'colcon_pkg'
[2.577s] Level 1:colcon.colcon_core.package_identification:_identify(src/rb_nanosaur/tests) by extensions ['colcon_meta']
[2.578s] Level 1:colcon.colcon_core.package_identification:_identify(src/rb_nanosaur/tests) by extension 'colcon_meta'
[2.578s] Level 1:colcon.colcon_core.package_identification:_identify(src/rb_nanosaur/tests) by extensions ['ros']
[2.578s] Level 1:colcon.colcon_core.package_identification:_identify(src/rb_nanosaur/tests) by extension 'ros'
[2.579s] Level 1:colcon.colcon_core.package_identification:_identify(src/rb_nanosaur/tests) by extensions ['cmake', 'python']
[2.579s] Level 1:colcon.colcon_core.package_identification:_identify(src/rb_nanosaur/tests) by extension 'cmake'
[2.579s] Level 1:colcon.colcon_core.package_identification:_identify(src/rb_nanosaur/tests) by extension 'python'
[2.580s] Level 1:colcon.colcon_core.package_identification:_identify(src/rb_nanosaur/tests) by extensions ['python_setup_py']
[2.580s] Level 1:colcon.colcon_core.package_identification:_identify(src/rb_nanosaur/tests) by extension 'python_setup_py'
[2.581s] Level 1:colcon.colcon_core.package_identification:_identify(src/rb_nanosaur/webrtc_pkg) by extensions ['ignore', 'ignore_ament_install']
[2.581s] Level 1:colcon.colcon_core.package_identification:_identify(src/rb_nanosaur/webrtc_pkg) by extension 'ignore'
[2.581s] Level 1:colcon.colcon_core.package_identification:_identify(src/rb_nanosaur/webrtc_pkg) by extension 'ignore_ament_install'
[2.582s] Level 1:colcon.colcon_core.package_identification:_identify(src/rb_nanosaur/webrtc_pkg) by extensions ['colcon_pkg']
[2.582s] Level 1:colcon.colcon_core.package_identification:_identify(src/rb_nanosaur/webrtc_pkg) by extension 'colcon_pkg'
[2.582s] Level 1:colcon.colcon_core.package_identification:_identify(src/rb_nanosaur/webrtc_pkg) by extensions ['colcon_meta']
[2.583s] Level 1:colcon.colcon_core.package_identification:_identify(src/rb_nanosaur/webrtc_pkg) by extension 'colcon_meta'
[2.583s] Level 1:colcon.colcon_core.package_identification:_identify(src/rb_nanosaur/webrtc_pkg) by extensions ['ros']
[2.583s] Level 1:colcon.colcon_core.package_identification:_identify(src/rb_nanosaur/webrtc_pkg) by extension 'ros'
[2.588s] DEBUG:colcon.colcon_core.package_identification:Package 'src/rb_nanosaur/webrtc_pkg' with type 'ros.ament_python' and name 'webrtc_pkg'
[2.589s] Level 1:colcon.colcon_core.package_identification:_identify(src/ros2_jetson_stats) by extensions ['ignore', 'ignore_ament_install']
[2.589s] Level 1:colcon.colcon_core.package_identification:_identify(src/ros2_jetson_stats) by extension 'ignore'
[2.589s] Level 1:colcon.colcon_core.package_identification:_identify(src/ros2_jetson_stats) by extension 'ignore_ament_install'
[2.590s] Level 1:colcon.colcon_core.package_identification:_identify(src/ros2_jetson_stats) by extensions ['colcon_pkg']
[2.590s] Level 1:colcon.colcon_core.package_identification:_identify(src/ros2_jetson_stats) by extension 'colcon_pkg'
[2.590s] Level 1:colcon.colcon_core.package_identification:_identify(src/ros2_jetson_stats) by extensions ['colcon_meta']
[2.591s] Level 1:colcon.colcon_core.package_identification:_identify(src/ros2_jetson_stats) by extension 'colcon_meta'
[2.591s] Level 1:colcon.colcon_core.package_identification:_identify(src/ros2_jetson_stats) by extensions ['ros']
[2.591s] Level 1:colcon.colcon_core.package_identification:_identify(src/ros2_jetson_stats) by extension 'ros'
[2.592s] Level 1:colcon.colcon_core.package_identification:_identify(src/ros2_jetson_stats) by extensions ['cmake', 'python']
[2.592s] Level 1:colcon.colcon_core.package_identification:_identify(src/ros2_jetson_stats) by extension 'cmake'
[2.592s] Level 1:colcon.colcon_core.package_identification:_identify(src/ros2_jetson_stats) by extension 'python'
[2.593s] Level 1:colcon.colcon_core.package_identification:_identify(src/ros2_jetson_stats) by extensions ['python_setup_py']
[2.593s] Level 1:colcon.colcon_core.package_identification:_identify(src/ros2_jetson_stats) by extension 'python_setup_py'
[2.594s] Level 1:colcon.colcon_core.package_identification:_identify(src/ros2_jetson_stats/jetson_stats_msgs) by extensions ['ignore', 'ignore_ament_install']
[2.594s] Level 1:colcon.colcon_core.package_identification:_identify(src/ros2_jetson_stats/jetson_stats_msgs) by extension 'ignore'
[2.595s] Level 1:colcon.colcon_core.package_identification:_identify(src/ros2_jetson_stats/jetson_stats_msgs) by extension 'ignore_ament_install'
[2.595s] Level 1:colcon.colcon_core.package_identification:_identify(src/ros2_jetson_stats/jetson_stats_msgs) by extensions ['colcon_pkg']
[2.595s] Level 1:colcon.colcon_core.package_identification:_identify(src/ros2_jetson_stats/jetson_stats_msgs) by extension 'colcon_pkg'
[2.595s] Level 1:colcon.colcon_core.package_identification:_identify(src/ros2_jetson_stats/jetson_stats_msgs) by extensions ['colcon_meta']
[2.596s] Level 1:colcon.colcon_core.package_identification:_identify(src/ros2_jetson_stats/jetson_stats_msgs) by extension 'colcon_meta'
[2.596s] Level 1:colcon.colcon_core.package_identification:_identify(src/ros2_jetson_stats/jetson_stats_msgs) by extensions ['ros']
[2.596s] Level 1:colcon.colcon_core.package_identification:_identify(src/ros2_jetson_stats/jetson_stats_msgs) by extension 'ros'
[2.600s] DEBUG:colcon.colcon_core.package_identification:Package 'src/ros2_jetson_stats/jetson_stats_msgs' with type 'ros.ament_cmake' and name 'jetson_stats_msgs'
[2.600s] Level 1:colcon.colcon_core.package_identification:_identify(src/ros2_jetson_stats/jetson_stats_wrapper) by extensions ['ignore', 'ignore_ament_install']
[2.601s] Level 1:colcon.colcon_core.package_identification:_identify(src/ros2_jetson_stats/jetson_stats_wrapper) by extension 'ignore'
[2.601s] Level 1:colcon.colcon_core.package_identification:_identify(src/ros2_jetson_stats/jetson_stats_wrapper) by extension 'ignore_ament_install'
[2.602s] Level 1:colcon.colcon_core.package_identification:_identify(src/ros2_jetson_stats/jetson_stats_wrapper) by extensions ['colcon_pkg']
[2.602s] Level 1:colcon.colcon_core.package_identification:_identify(src/ros2_jetson_stats/jetson_stats_wrapper) by extension 'colcon_pkg'
[2.602s] Level 1:colcon.colcon_core.package_identification:_identify(src/ros2_jetson_stats/jetson_stats_wrapper) by extensions ['colcon_meta']
[2.602s] Level 1:colcon.colcon_core.package_identification:_identify(src/ros2_jetson_stats/jetson_stats_wrapper) by extension 'colcon_meta'
[2.603s] Level 1:colcon.colcon_core.package_identification:_identify(src/ros2_jetson_stats/jetson_stats_wrapper) by extensions ['ros']
[2.603s] Level 1:colcon.colcon_core.package_identification:_identify(src/ros2_jetson_stats/jetson_stats_wrapper) by extension 'ros'
[2.608s] DEBUG:colcon.colcon_core.package_identification:Package 'src/ros2_jetson_stats/jetson_stats_wrapper' with type 'ros.ament_python' and name 'jetson_stats_wrapper'
[2.608s] Level 1:colcon.colcon_core.package_identification:_identify(src/ros2_jetson_stats/ros2_jetson_stats) by extensions ['ignore', 'ignore_ament_install']
[2.609s] Level 1:colcon.colcon_core.package_identification:_identify(src/ros2_jetson_stats/ros2_jetson_stats) by extension 'ignore'
[2.609s] Level 1:colcon.colcon_core.package_identification:_identify(src/ros2_jetson_stats/ros2_jetson_stats) by extension 'ignore_ament_install'
[2.610s] Level 1:colcon.colcon_core.package_identification:_identify(src/ros2_jetson_stats/ros2_jetson_stats) by extensions ['colcon_pkg']
[2.610s] Level 1:colcon.colcon_core.package_identification:_identify(src/ros2_jetson_stats/ros2_jetson_stats) by extension 'colcon_pkg'
[2.610s] Level 1:colcon.colcon_core.package_identification:_identify(src/ros2_jetson_stats/ros2_jetson_stats) by extensions ['colcon_meta']
[2.610s] Level 1:colcon.colcon_core.package_identification:_identify(src/ros2_jetson_stats/ros2_jetson_stats) by extension 'colcon_meta'
[2.611s] Level 1:colcon.colcon_core.package_identification:_identify(src/ros2_jetson_stats/ros2_jetson_stats) by extensions ['ros']
[2.611s] Level 1:colcon.colcon_core.package_identification:_identify(src/ros2_jetson_stats/ros2_jetson_stats) by extension 'ros'
[2.614s] DEBUG:colcon.colcon_core.package_identification:Package 'src/ros2_jetson_stats/ros2_jetson_stats' with type 'ros.ament_cmake' and name 'ros2_jetson_stats'
[2.615s] Level 1:colcon.colcon_core.package_identification:_identify(src/ros2_shared) by extensions ['ignore', 'ignore_ament_install']
[2.615s] Level 1:colcon.colcon_core.package_identification:_identify(src/ros2_shared) by extension 'ignore'
[2.616s] Level 1:colcon.colcon_core.package_identification:_identify(src/ros2_shared) by extension 'ignore_ament_install'
[2.616s] Level 1:colcon.colcon_core.package_identification:_identify(src/ros2_shared) by extensions ['colcon_pkg']
[2.616s] Level 1:colcon.colcon_core.package_identification:_identify(src/ros2_shared) by extension 'colcon_pkg'
[2.617s] Level 1:colcon.colcon_core.package_identification:_identify(src/ros2_shared) by extensions ['colcon_meta']
[2.617s] Level 1:colcon.colcon_core.package_identification:_identify(src/ros2_shared) by extension 'colcon_meta'
[2.617s] Level 1:colcon.colcon_core.package_identification:_identify(src/ros2_shared) by extensions ['ros']
[2.617s] Level 1:colcon.colcon_core.package_identification:_identify(src/ros2_shared) by extension 'ros'
[2.620s] DEBUG:colcon.colcon_core.package_identification:Package 'src/ros2_shared' with type 'ros.ament_cmake' and name 'ros2_shared'
[2.621s] Level 1:colcon.colcon_core.package_identification:_identify(src/ros2_system_manager) by extensions ['ignore', 'ignore_ament_install']
[2.622s] Level 1:colcon.colcon_core.package_identification:_identify(src/ros2_system_manager) by extension 'ignore'
[2.622s] Level 1:colcon.colcon_core.package_identification:_identify(src/ros2_system_manager) by extension 'ignore_ament_install'
[2.622s] Level 1:colcon.colcon_core.package_identification:_identify(src/ros2_system_manager) by extensions ['colcon_pkg']
[2.623s] Level 1:colcon.colcon_core.package_identification:_identify(src/ros2_system_manager) by extension 'colcon_pkg'
[2.623s] Level 1:colcon.colcon_core.package_identification:_identify(src/ros2_system_manager) by extensions ['colcon_meta']
[2.623s] Level 1:colcon.colcon_core.package_identification:_identify(src/ros2_system_manager) by extension 'colcon_meta'
[2.623s] Level 1:colcon.colcon_core.package_identification:_identify(src/ros2_system_manager) by extensions ['ros']
[2.624s] Level 1:colcon.colcon_core.package_identification:_identify(src/ros2_system_manager) by extension 'ros'
[2.627s] DEBUG:colcon.colcon_core.package_identification:Package 'src/ros2_system_manager' with type 'ros.ament_python' and name 'ros2_system_manager'
[2.628s] Level 1:colcon.colcon_core.package_identification:_identify(src/ros2_teleop_keyboard) by extensions ['ignore', 'ignore_ament_install']
[2.629s] Level 1:colcon.colcon_core.package_identification:_identify(src/ros2_teleop_keyboard) by extension 'ignore'
[2.629s] Level 1:colcon.colcon_core.package_identification:_identify(src/ros2_teleop_keyboard) by extension 'ignore_ament_install'
[2.630s] Level 1:colcon.colcon_core.package_identification:_identify(src/ros2_teleop_keyboard) by extensions ['colcon_pkg']
[2.630s] Level 1:colcon.colcon_core.package_identification:_identify(src/ros2_teleop_keyboard) by extension 'colcon_pkg'
[2.631s] Level 1:colcon.colcon_core.package_identification:_identify(src/ros2_teleop_keyboard) by extensions ['colcon_meta']
[2.631s] Level 1:colcon.colcon_core.package_identification:_identify(src/ros2_teleop_keyboard) by extension 'colcon_meta'
[2.631s] Level 1:colcon.colcon_core.package_identification:_identify(src/ros2_teleop_keyboard) by extensions ['ros']
[2.631s] Level 1:colcon.colcon_core.package_identification:_identify(src/ros2_teleop_keyboard) by extension 'ros'
[2.634s] DEBUG:colcon.colcon_core.package_identification:Package 'src/ros2_teleop_keyboard' with type 'ros.ament_python' and name 'teleop_twist_keyboard'
[2.635s] Level 1:colcon.colcon_core.package_discovery:discover_packages(recursive) using defaults
[2.636s] Level 1:colcon.colcon_core.package_discovery:discover_packages(ignore) discover
[2.636s] Level 1:colcon.colcon_core.package_discovery:discover_packages(ignore) using defaults
[2.636s] Level 1:colcon.colcon_core.package_discovery:discover_packages(path) discover
[2.637s] Level 1:colcon.colcon_core.package_discovery:discover_packages(path) using defaults
[2.775s] INFO:colcon.colcon_core.package_selection:Skipping not selected package 'cpp_first_pkg' in 'src/rb_nanosaur/cpp_first_pkg'
[2.776s] INFO:colcon.colcon_core.package_selection:Skipping not selected package 'jetson_stats_msgs' in 'src/ros2_jetson_stats/jetson_stats_msgs'
[2.776s] INFO:colcon.colcon_core.package_selection:Skipping not selected package 'nanosaur_camera' in 'src/rb_nanosaur/nanosaur_camera'
[2.776s] INFO:colcon.colcon_core.package_selection:Skipping not selected package 'nanosaur_control' in 'src/nanosaur/nanosaur_control'
[2.776s] INFO:colcon.colcon_core.package_selection:Skipping not selected package 'nanosaur_description' in 'src/nanosaur/nanosaur_description'
[2.776s] INFO:colcon.colcon_core.package_selection:Skipping not selected package 'nanosaur_emotion' in 'src/rb_nanosaur/nanosaur_emotion'
[2.777s] INFO:colcon.colcon_core.package_selection:Skipping not selected package 'nanosaur_hardware' in 'src/rb_nanosaur/nanosaur_hardware'
[2.777s] INFO:colcon.colcon_core.package_selection:Skipping not selected package 'nanosaur_msgs' in 'src/nanosaur/nanosaur_msgs'
[2.777s] INFO:colcon.colcon_core.package_selection:Skipping not selected package 'nanosaur_simulations' in 'src/nanosaur_simulations/nanosaur_simulations'
[2.777s] INFO:colcon.colcon_core.package_selection:Skipping not selected package 'nanosaur_worlds' in 'src/nanosaur_simulations/nanosaur_worlds'
[2.777s] INFO:colcon.colcon_core.package_selection:Skipping not selected package 'ros2_system_manager' in 'src/ros2_system_manager'
[2.778s] INFO:colcon.colcon_core.package_selection:Skipping not selected package 'teleop_twist_keyboard' in 'src/ros2_teleop_keyboard'
[2.778s] INFO:colcon.colcon_core.package_selection:Skipping not selected package 'webrtc_pkg' in 'src/rb_nanosaur/webrtc_pkg'
[2.778s] INFO:colcon.colcon_core.package_selection:Skipping not selected package 'gscam2' in 'src/gscam2'
[2.778s] INFO:colcon.colcon_core.package_selection:Skipping not selected package 'jetson_stats_wrapper' in 'src/ros2_jetson_stats/jetson_stats_wrapper'
[2.778s] INFO:colcon.colcon_core.package_selection:Skipping not selected package 'nanosaur' in 'src/nanosaur/nanosaur'
[2.779s] INFO:colcon.colcon_core.package_selection:Skipping not selected package 'nanosaur_base' in 'src/nanosaur_robot/nanosaur_base'
[2.779s] INFO:colcon.colcon_core.package_selection:Skipping not selected package 'nanosaur_gazebo' in 'src/nanosaur_simulations/nanosaur_gazebo'
[2.779s] INFO:colcon.colcon_core.package_selection:Skipping not selected package 'nanosaur_ignition' in 'src/nanosaur_simulations/nanosaur_ignition'
[2.779s] INFO:colcon.colcon_core.package_selection:Skipping not selected package 'nanosaur_isaac_sim' in 'src/nanosaur_simulations/nanosaur_isaac_sim'
[2.779s] INFO:colcon.colcon_core.package_selection:Skipping not selected package 'ros2_jetson_stats' in 'src/ros2_jetson_stats/ros2_jetson_stats'
[2.779s] INFO:colcon.colcon_core.package_selection:Skipping not selected package 'nanosaur_bringup' in 'src/nanosaur_robot/nanosaur_bringup'
[2.780s] INFO:colcon.colcon_core.package_selection:Skipping not selected package 'nanosaur_robot' in 'src/nanosaur_robot/nanosaur_robot'
[2.783s] Level 1:colcon.colcon_core.package_discovery:discover_packages(prefix_path) check parameters
[2.783s] Level 1:colcon.colcon_core.package_discovery:discover_packages(prefix_path) discover
[2.801s] DEBUG:colcon.colcon_installed_package_information.package_discovery:Found 153 installed packages in /opt/ros/eloquent
[2.809s] Level 1:colcon.colcon_core.package_discovery:discover_packages(prefix_path) using defaults
[3.050s] Level 5:colcon.colcon_core.verb:set package 'ros2_shared' build argument 'cmake_args' from command line to 'None'
[3.051s] Level 5:colcon.colcon_core.verb:set package 'ros2_shared' build argument 'cmake_target' from command line to 'None'
[3.051s] Level 5:colcon.colcon_core.verb:set package 'ros2_shared' build argument 'cmake_target_skip_unavailable' from command line to 'False'
[3.051s] Level 5:colcon.colcon_core.verb:set package 'ros2_shared' build argument 'cmake_clean_cache' from command line to 'False'
[3.051s] Level 5:colcon.colcon_core.verb:set package 'ros2_shared' build argument 'cmake_clean_first' from command line to 'False'
[3.052s] Level 5:colcon.colcon_core.verb:set package 'ros2_shared' build argument 'cmake_force_configure' from command line to 'False'
[3.052s] Level 5:colcon.colcon_core.verb:set package 'ros2_shared' build argument 'ament_cmake_args' from command line to 'None'
[3.052s] Level 5:colcon.colcon_core.verb:set package 'ros2_shared' build argument 'catkin_cmake_args' from command line to 'None'
[3.052s] Level 5:colcon.colcon_core.verb:set package 'ros2_shared' build argument 'catkin_skip_building_tests' from command line to 'False'
[3.053s] DEBUG:colcon.colcon_core.verb:Building package 'ros2_shared' with the following arguments: {'ament_cmake_args': None, 'build_base': '/home/jetson/ros_ws/build/ros2_shared', 'catkin_cmake_args': None, 'catkin_skip_building_tests': False, 'cmake_args': None, 'cmake_clean_cache': False, 'cmake_clean_first': False, 'cmake_force_configure': False, 'cmake_target': None, 'cmake_target_skip_unavailable': False, 'install_base': '/home/jetson/ros_ws/install/ros2_shared', 'merge_install': False, 'path': '/home/jetson/ros_ws/src/ros2_shared', 'symlink_install': True, 'test_result_base': None}
[3.057s] INFO:colcon.colcon_core.executor:Executing jobs using 'parallel' executor
[3.079s] DEBUG:colcon.colcon_parallel_executor.executor.parallel:run_until_complete
[3.080s] INFO:colcon.colcon_ros.task.ament_cmake.build:Building ROS package in '/home/jetson/ros_ws/src/ros2_shared' with build type 'ament_cmake'
[3.081s] INFO:colcon.colcon_cmake.task.cmake.build:Building CMake package in '/home/jetson/ros_ws/src/ros2_shared'
[3.109s] INFO:colcon.colcon_core.plugin_system:Skipping extension 'colcon_core.shell.bat': Not used on non-Windows systems
[3.112s] INFO:colcon.colcon_core.shell:Skip shell extension 'powershell' for command environment: Not usable outside of PowerShell
[3.112s] DEBUG:colcon.colcon_core.shell:Skip shell extension 'dsv' for command environment
[3.153s] DEBUG:colcon.colcon_core.event_handler.log_command:Invoking command in '/home/jetson/ros_ws/build/ros2_shared': CMAKE_PREFIX_PATH=/opt/ros/eloquent /usr/bin/cmake /home/jetson/ros_ws/src/ros2_shared -DAMENT_CMAKE_SYMLINK_INSTALL=1 -DCMAKE_INSTALL_PREFIX=/home/jetson/ros_ws/install/ros2_shared
[9.789s] DEBUG:colcon.colcon_core.event_handler.log_command:Invoked command in '/home/jetson/ros_ws/build/ros2_shared' returned '0': CMAKE_PREFIX_PATH=/opt/ros/eloquent /usr/bin/cmake /home/jetson/ros_ws/src/ros2_shared -DAMENT_CMAKE_SYMLINK_INSTALL=1 -DCMAKE_INSTALL_PREFIX=/home/jetson/ros_ws/install/ros2_shared
[9.800s] DEBUG:colcon.colcon_core.event_handler.log_command:Invoking command in '/home/jetson/ros_ws/build/ros2_shared': CMAKE_PREFIX_PATH=/opt/ros/eloquent /usr/bin/cmake --build /home/jetson/ros_ws/build/ros2_shared -- -j4 -l4
[9.953s] DEBUG:colcon.colcon_core.event_handler.log_command:Invoked command in '/home/jetson/ros_ws/build/ros2_shared' returned '0': CMAKE_PREFIX_PATH=/opt/ros/eloquent /usr/bin/cmake --build /home/jetson/ros_ws/build/ros2_shared -- -j4 -l4
[10.079s] DEBUG:colcon.colcon_core.event_handler.log_command:Invoking command in '/home/jetson/ros_ws/build/ros2_shared': CMAKE_PREFIX_PATH=/opt/ros/eloquent /usr/bin/cmake --build /home/jetson/ros_ws/build/ros2_shared --target install -- -j4 -l4
[10.990s] Level 1:colcon.colcon_core.environment:create_environment_scripts_only(ros2_shared)
[10.996s] DEBUG:colcon.colcon_core.event_handler.log_command:Invoked command in '/home/jetson/ros_ws/build/ros2_shared' returned '0': CMAKE_PREFIX_PATH=/opt/ros/eloquent /usr/bin/cmake --build /home/jetson/ros_ws/build/ros2_shared --target install -- -j4 -l4
[11.029s] Level 1:colcon.colcon_core.environment:checking '/home/jetson/ros_ws/install/ros2_shared' for CMake module files
[11.033s] Level 1:colcon.colcon_core.environment:checking '/home/jetson/ros_ws/install/ros2_shared' for CMake config files
[11.034s] Level 1:colcon.colcon_core.shell:create_environment_hook('ros2_shared', 'cmake_prefix_path')
[11.043s] INFO:colcon.colcon_core.shell:Creating environment hook '/home/jetson/ros_ws/install/ros2_shared/share/ros2_shared/hook/cmake_prefix_path.ps1'
[11.047s] INFO:colcon.colcon_core.shell:Creating environment descriptor '/home/jetson/ros_ws/install/ros2_shared/share/ros2_shared/hook/cmake_prefix_path.dsv'
[11.050s] INFO:colcon.colcon_core.shell:Creating environment hook '/home/jetson/ros_ws/install/ros2_shared/share/ros2_shared/hook/cmake_prefix_path.sh'
[11.057s] Level 1:colcon.colcon_core.environment:checking '/home/jetson/ros_ws/install/ros2_shared/bin'
[11.058s] Level 1:colcon.colcon_core.environment:checking '/home/jetson/ros_ws/install/ros2_shared/lib/pkgconfig/ros2_shared.pc'
[11.059s] Level 1:colcon.colcon_core.environment:checking '/home/jetson/ros_ws/install/ros2_shared/lib/python3.6/site-packages'
[11.060s] Level 1:colcon.colcon_core.environment:checking '/home/jetson/ros_ws/install/ros2_shared/bin'
[11.070s] INFO:colcon.colcon_core.shell:Creating package script '/home/jetson/ros_ws/install/ros2_shared/share/ros2_shared/package.ps1'
[11.076s] INFO:colcon.colcon_core.shell:Creating package descriptor '/home/jetson/ros_ws/install/ros2_shared/share/ros2_shared/package.dsv'
[11.082s] INFO:colcon.colcon_core.shell:Creating package script '/home/jetson/ros_ws/install/ros2_shared/share/ros2_shared/package.sh'
[11.088s] INFO:colcon.colcon_core.shell:Creating package script '/home/jetson/ros_ws/install/ros2_shared/share/ros2_shared/package.bash'
[11.093s] INFO:colcon.colcon_core.shell:Creating package script '/home/jetson/ros_ws/install/ros2_shared/share/ros2_shared/package.zsh'
[11.098s] Level 1:colcon.colcon_core.environment:create_file_with_runtime_dependencies(/home/jetson/ros_ws/install/ros2_shared/share/colcon-core/packages/ros2_shared)
[11.192s] Level 1:colcon.colcon_core.environment:create_environment_scripts_only(ros2_shared)
[11.206s] Level 1:colcon.colcon_core.environment:checking '/home/jetson/ros_ws/install/ros2_shared' for CMake module files
[11.210s] Level 1:colcon.colcon_core.environment:checking '/home/jetson/ros_ws/install/ros2_shared' for CMake config files
[11.211s] Level 1:colcon.colcon_core.shell:create_environment_hook('ros2_shared', 'cmake_prefix_path')
[11.220s] INFO:colcon.colcon_core.shell:Creating environment hook '/home/jetson/ros_ws/install/ros2_shared/share/ros2_shared/hook/cmake_prefix_path.ps1'
[11.222s] INFO:colcon.colcon_core.shell:Creating environment descriptor '/home/jetson/ros_ws/install/ros2_shared/share/ros2_shared/hook/cmake_prefix_path.dsv'
[11.224s] INFO:colcon.colcon_core.shell:Creating environment hook '/home/jetson/ros_ws/install/ros2_shared/share/ros2_shared/hook/cmake_prefix_path.sh'
[11.228s] Level 1:colcon.colcon_core.environment:checking '/home/jetson/ros_ws/install/ros2_shared/bin'
[11.229s] Level 1:colcon.colcon_core.environment:checking '/home/jetson/ros_ws/install/ros2_shared/lib/pkgconfig/ros2_shared.pc'
[11.229s] Level 1:colcon.colcon_core.environment:checking '/home/jetson/ros_ws/install/ros2_shared/lib/python3.6/site-packages'
[11.230s] Level 1:colcon.colcon_core.environment:checking '/home/jetson/ros_ws/install/ros2_shared/bin'
[11.240s] INFO:colcon.colcon_core.shell:Creating package script '/home/jetson/ros_ws/install/ros2_shared/share/ros2_shared/package.ps1'
[11.243s] INFO:colcon.colcon_core.shell:Creating package descriptor '/home/jetson/ros_ws/install/ros2_shared/share/ros2_shared/package.dsv'
[11.245s] INFO:colcon.colcon_core.shell:Creating package script '/home/jetson/ros_ws/install/ros2_shared/share/ros2_shared/package.sh'
[11.248s] INFO:colcon.colcon_core.shell:Creating package script '/home/jetson/ros_ws/install/ros2_shared/share/ros2_shared/package.bash'
[11.254s] INFO:colcon.colcon_core.shell:Creating package script '/home/jetson/ros_ws/install/ros2_shared/share/ros2_shared/package.zsh'
[11.256s] Level 1:colcon.colcon_core.environment:create_file_with_runtime_dependencies(/home/jetson/ros_ws/install/ros2_shared/share/colcon-core/packages/ros2_shared)
[11.258s] DEBUG:colcon.colcon_parallel_executor.executor.parallel:closing loop
[11.261s] DEBUG:colcon.colcon_parallel_executor.executor.parallel:loop closed
[11.261s] DEBUG:colcon.colcon_parallel_executor.executor.parallel:run_until_complete finished with '0'
[11.262s] DEBUG:colcon.colcon_core.event_reactor:joining thread
[11.305s] INFO:colcon.colcon_core.plugin_system:Skipping extension 'colcon_notification.desktop_notification.terminal_notifier': Not used on non-Darwin systems
[11.306s] INFO:colcon.colcon_core.plugin_system:Skipping extension 'colcon_notification.desktop_notification.win32': Not used on non-Windows systems
[11.307s] INFO:colcon.colcon_notification.desktop_notification:Sending desktop notification using 'notify2'
[11.500s] DEBUG:colcon.colcon_core.event_reactor:joined thread
[11.511s] INFO:colcon.colcon_core.shell:Creating prefix script '/home/jetson/ros_ws/install/local_setup.ps1'
[11.518s] INFO:colcon.colcon_core.shell:Creating prefix util module '/home/jetson/ros_ws/install/_local_setup_util_ps1.py'
[11.530s] INFO:colcon.colcon_core.shell:Creating prefix chain script '/home/jetson/ros_ws/install/setup.ps1'
[11.538s] INFO:colcon.colcon_core.shell:Creating prefix script '/home/jetson/ros_ws/install/local_setup.sh'
[11.542s] INFO:colcon.colcon_core.shell:Creating prefix util module '/home/jetson/ros_ws/install/_local_setup_util_sh.py'
[11.545s] INFO:colcon.colcon_core.shell:Creating prefix chain script '/home/jetson/ros_ws/install/setup.sh'
[11.553s] INFO:colcon.colcon_core.shell:Creating prefix script '/home/jetson/ros_ws/install/local_setup.bash'
[11.557s] INFO:colcon.colcon_core.shell:Creating prefix chain script '/home/jetson/ros_ws/install/setup.bash'
[11.566s] INFO:colcon.colcon_core.shell:Creating prefix script '/home/jetson/ros_ws/install/local_setup.zsh'
[11.570s] INFO:colcon.colcon_core.shell:Creating prefix chain script '/home/jetson/ros_ws/install/setup.zsh'
