[2.444s] DEBUG:colcon:Command line arguments: ['/usr/bin/colcon', 'build', '--symlink-install', '--packages-select', 'gscam2']
[2.445s] DEBUG:colcon:Parsed command line arguments: Namespace(allow_overriding=[], ament_cmake_args=None, base_paths=['.'], build_base='build', catkin_cmake_args=None, catkin_skip_building_tests=False, cmake_args=None, cmake_clean_cache=False, cmake_clean_first=False, cmake_force_configure=False, cmake_target=None, cmake_target_skip_unavailable=False, continue_on_error=False, event_handlers=None, executor='parallel', ignore_user_meta=False, install_base='install', log_base=None, log_level=None, main=<bound method BuildVerb.main of <colcon_core.verb.build.BuildVerb object at 0x7fb2742b38>>, merge_install=False, metas=['./colcon.meta'], packages_above=None, packages_above_and_dependencies=None, packages_above_depth=None, packages_end=None, packages_ignore=None, packages_ignore_regex=None, packages_select=['gscam2'], packages_select_build_failed=False, packages_select_by_dep=None, packages_select_regex=None, packages_select_test_failures=False, packages_skip=None, packages_skip_build_finished=False, packages_skip_by_dep=None, packages_skip_regex=None, packages_skip_test_passed=False, packages_skip_up_to=None, packages_start=None, packages_up_to=None, packages_up_to_regex=None, parallel_workers=4, paths=None, symlink_install=True, test_result_base=None, verb_extension=<colcon_core.verb.build.BuildVerb object at 0x7fb2742b38>, verb_name='build', verb_parser=<colcon_defaults.argument_parser.defaults.DefaultArgumentsDecorator object at 0x7fb261e278>)
[2.634s] Level 1:colcon.colcon_core.package_discovery:discover_packages(colcon_meta) check parameters
[2.634s] Level 1:colcon.colcon_core.package_discovery:discover_packages(recursive) check parameters
[2.635s] Level 1:colcon.colcon_core.package_discovery:discover_packages(ignore) check parameters
[2.635s] Level 1:colcon.colcon_core.package_discovery:discover_packages(path) check parameters
[2.635s] Level 1:colcon.colcon_core.package_discovery:discover_packages(colcon_meta) discover
[2.637s] Level 1:colcon.colcon_core.package_discovery:discover_packages(recursive) discover
[2.637s] INFO:colcon.colcon_core.package_discovery:Crawling recursively for packages in '/home/jetson/ros_ws'
[2.638s] Level 1:colcon.colcon_core.package_identification:_identify(.) by extensions ['ignore', 'ignore_ament_install']
[2.638s] Level 1:colcon.colcon_core.package_identification:_identify(.) by extension 'ignore'
[2.639s] Level 1:colcon.colcon_core.package_identification:_identify(.) by extension 'ignore_ament_install'
[2.639s] Level 1:colcon.colcon_core.package_identification:_identify(.) by extensions ['colcon_pkg']
[2.639s] Level 1:colcon.colcon_core.package_identification:_identify(.) by extension 'colcon_pkg'
[2.640s] Level 1:colcon.colcon_core.package_identification:_identify(.) by extensions ['colcon_meta']
[2.640s] Level 1:colcon.colcon_core.package_identification:_identify(.) by extension 'colcon_meta'
[2.640s] Level 1:colcon.colcon_core.package_identification:_identify(.) by extensions ['ros']
[2.640s] Level 1:colcon.colcon_core.package_identification:_identify(.) by extension 'ros'
[2.712s] Level 1:colcon.colcon_core.package_identification:_identify(.) by extensions ['cmake', 'python']
[2.713s] Level 1:colcon.colcon_core.package_identification:_identify(.) by extension 'cmake'
[2.713s] Level 1:colcon.colcon_core.package_identification:_identify(.) by extension 'python'
[2.713s] Level 1:colcon.colcon_core.package_identification:_identify(.) by extensions ['python_setup_py']
[2.714s] Level 1:colcon.colcon_core.package_identification:_identify(.) by extension 'python_setup_py'
[2.714s] Level 1:colcon.colcon_core.package_identification:_identify(build) by extensions ['ignore', 'ignore_ament_install']
[2.715s] Level 1:colcon.colcon_core.package_identification:_identify(build) by extension 'ignore'
[2.715s] Level 1:colcon.colcon_core.package_identification:_identify(build) ignored
[2.717s] Level 1:colcon.colcon_core.package_identification:_identify(install) by extensions ['ignore', 'ignore_ament_install']
[2.718s] Level 1:colcon.colcon_core.package_identification:_identify(install) by extension 'ignore'
[2.718s] Level 1:colcon.colcon_core.package_identification:_identify(install) ignored
[2.719s] Level 1:colcon.colcon_core.package_identification:_identify(log) by extensions ['ignore', 'ignore_ament_install']
[2.719s] Level 1:colcon.colcon_core.package_identification:_identify(log) by extension 'ignore'
[2.720s] Level 1:colcon.colcon_core.package_identification:_identify(log) ignored
[2.721s] Level 1:colcon.colcon_core.package_identification:_identify(src) by extensions ['ignore', 'ignore_ament_install']
[2.722s] Level 1:colcon.colcon_core.package_identification:_identify(src) by extension 'ignore'
[2.722s] Level 1:colcon.colcon_core.package_identification:_identify(src) by extension 'ignore_ament_install'
[2.723s] Level 1:colcon.colcon_core.package_identification:_identify(src) by extensions ['colcon_pkg']
[2.723s] Level 1:colcon.colcon_core.package_identification:_identify(src) by extension 'colcon_pkg'
[2.723s] Level 1:colcon.colcon_core.package_identification:_identify(src) by extensions ['colcon_meta']
[2.724s] Level 1:colcon.colcon_core.package_identification:_identify(src) by extension 'colcon_meta'
[2.724s] Level 1:colcon.colcon_core.package_identification:_identify(src) by extensions ['ros']
[2.724s] Level 1:colcon.colcon_core.package_identification:_identify(src) by extension 'ros'
[2.725s] Level 1:colcon.colcon_core.package_identification:_identify(src) by extensions ['cmake', 'python']
[2.725s] Level 1:colcon.colcon_core.package_identification:_identify(src) by extension 'cmake'
[2.725s] Level 1:colcon.colcon_core.package_identification:_identify(src) by extension 'python'
[2.726s] Level 1:colcon.colcon_core.package_identification:_identify(src) by extensions ['python_setup_py']
[2.726s] Level 1:colcon.colcon_core.package_identification:_identify(src) by extension 'python_setup_py'
[2.727s] Level 1:colcon.colcon_core.package_identification:_identify(src/gscam2) by extensions ['ignore', 'ignore_ament_install']
[2.727s] Level 1:colcon.colcon_core.package_identification:_identify(src/gscam2) by extension 'ignore'
[2.727s] Level 1:colcon.colcon_core.package_identification:_identify(src/gscam2) by extension 'ignore_ament_install'
[2.728s] Level 1:colcon.colcon_core.package_identification:_identify(src/gscam2) by extensions ['colcon_pkg']
[2.728s] Level 1:colcon.colcon_core.package_identification:_identify(src/gscam2) by extension 'colcon_pkg'
[2.728s] Level 1:colcon.colcon_core.package_identification:_identify(src/gscam2) by extensions ['colcon_meta']
[2.729s] Level 1:colcon.colcon_core.package_identification:_identify(src/gscam2) by extension 'colcon_meta'
[2.729s] Level 1:colcon.colcon_core.package_identification:_identify(src/gscam2) by extensions ['ros']
[2.729s] Level 1:colcon.colcon_core.package_identification:_identify(src/gscam2) by extension 'ros'
[2.757s] DEBUG:colcon.colcon_core.package_identification:Package 'src/gscam2' with type 'ros.ament_cmake' and name 'gscam2'
[2.759s] Level 1:colcon.colcon_core.package_identification:_identify(src/nanosaur) by extensions ['ignore', 'ignore_ament_install']
[2.760s] Level 1:colcon.colcon_core.package_identification:_identify(src/nanosaur) by extension 'ignore'
[2.760s] Level 1:colcon.colcon_core.package_identification:_identify(src/nanosaur) by extension 'ignore_ament_install'
[2.761s] Level 1:colcon.colcon_core.package_identification:_identify(src/nanosaur) by extensions ['colcon_pkg']
[2.761s] Level 1:colcon.colcon_core.package_identification:_identify(src/nanosaur) by extension 'colcon_pkg'
[2.761s] Level 1:colcon.colcon_core.package_identification:_identify(src/nanosaur) by extensions ['colcon_meta']
[2.762s] Level 1:colcon.colcon_core.package_identification:_identify(src/nanosaur) by extension 'colcon_meta'
[2.762s] Level 1:colcon.colcon_core.package_identification:_identify(src/nanosaur) by extensions ['ros']
[2.762s] Level 1:colcon.colcon_core.package_identification:_identify(src/nanosaur) by extension 'ros'
[2.763s] Level 1:colcon.colcon_core.package_identification:_identify(src/nanosaur) by extensions ['cmake', 'python']
[2.763s] Level 1:colcon.colcon_core.package_identification:_identify(src/nanosaur) by extension 'cmake'
[2.763s] Level 1:colcon.colcon_core.package_identification:_identify(src/nanosaur) by extension 'python'
[2.764s] Level 1:colcon.colcon_core.package_identification:_identify(src/nanosaur) by extensions ['python_setup_py']
[2.764s] Level 1:colcon.colcon_core.package_identification:_identify(src/nanosaur) by extension 'python_setup_py'
[2.766s] Level 1:colcon.colcon_core.package_identification:_identify(src/nanosaur/nanosaur) by extensions ['ignore', 'ignore_ament_install']
[2.767s] Level 1:colcon.colcon_core.package_identification:_identify(src/nanosaur/nanosaur) by extension 'ignore'
[2.767s] Level 1:colcon.colcon_core.package_identification:_identify(src/nanosaur/nanosaur) by extension 'ignore_ament_install'
[2.768s] Level 1:colcon.colcon_core.package_identification:_identify(src/nanosaur/nanosaur) by extensions ['colcon_pkg']
[2.768s] Level 1:colcon.colcon_core.package_identification:_identify(src/nanosaur/nanosaur) by extension 'colcon_pkg'
[2.769s] Level 1:colcon.colcon_core.package_identification:_identify(src/nanosaur/nanosaur) by extensions ['colcon_meta']
[2.769s] Level 1:colcon.colcon_core.package_identification:_identify(src/nanosaur/nanosaur) by extension 'colcon_meta'
[2.769s] Level 1:colcon.colcon_core.package_identification:_identify(src/nanosaur/nanosaur) by extensions ['ros']
[2.770s] Level 1:colcon.colcon_core.package_identification:_identify(src/nanosaur/nanosaur) by extension 'ros'
[2.774s] DEBUG:colcon.colcon_core.package_identification:Package 'src/nanosaur/nanosaur' with type 'ros.ament_cmake' and name 'nanosaur'
[2.775s] Level 1:colcon.colcon_core.package_identification:_identify(src/nanosaur/nanosaur_control) by extensions ['ignore', 'ignore_ament_install']
[2.776s] Level 1:colcon.colcon_core.package_identification:_identify(src/nanosaur/nanosaur_control) by extension 'ignore'
[2.776s] Level 1:colcon.colcon_core.package_identification:_identify(src/nanosaur/nanosaur_control) by extension 'ignore_ament_install'
[2.776s] Level 1:colcon.colcon_core.package_identification:_identify(src/nanosaur/nanosaur_control) by extensions ['colcon_pkg']
[2.777s] Level 1:colcon.colcon_core.package_identification:_identify(src/nanosaur/nanosaur_control) by extension 'colcon_pkg'
[2.777s] Level 1:colcon.colcon_core.package_identification:_identify(src/nanosaur/nanosaur_control) by extensions ['colcon_meta']
[2.777s] Level 1:colcon.colcon_core.package_identification:_identify(src/nanosaur/nanosaur_control) by extension 'colcon_meta'
[2.777s] Level 1:colcon.colcon_core.package_identification:_identify(src/nanosaur/nanosaur_control) by extensions ['ros']
[2.778s] Level 1:colcon.colcon_core.package_identification:_identify(src/nanosaur/nanosaur_control) by extension 'ros'
[2.781s] DEBUG:colcon.colcon_core.package_identification:Package 'src/nanosaur/nanosaur_control' with type 'ros.ament_cmake' and name 'nanosaur_control'
[2.782s] Level 1:colcon.colcon_core.package_identification:_identify(src/nanosaur/nanosaur_description) by extensions ['ignore', 'ignore_ament_install']
[2.783s] Level 1:colcon.colcon_core.package_identification:_identify(src/nanosaur/nanosaur_description) by extension 'ignore'
[2.783s] Level 1:colcon.colcon_core.package_identification:_identify(src/nanosaur/nanosaur_description) by extension 'ignore_ament_install'
[2.784s] Level 1:colcon.colcon_core.package_identification:_identify(src/nanosaur/nanosaur_description) by extensions ['colcon_pkg']
[2.784s] Level 1:colcon.colcon_core.package_identification:_identify(src/nanosaur/nanosaur_description) by extension 'colcon_pkg'
[2.784s] Level 1:colcon.colcon_core.package_identification:_identify(src/nanosaur/nanosaur_description) by extensions ['colcon_meta']
[2.785s] Level 1:colcon.colcon_core.package_identification:_identify(src/nanosaur/nanosaur_description) by extension 'colcon_meta'
[2.785s] Level 1:colcon.colcon_core.package_identification:_identify(src/nanosaur/nanosaur_description) by extensions ['ros']
[2.785s] Level 1:colcon.colcon_core.package_identification:_identify(src/nanosaur/nanosaur_description) by extension 'ros'
[2.789s] DEBUG:colcon.colcon_core.package_identification:Package 'src/nanosaur/nanosaur_description' with type 'ros.ament_cmake' and name 'nanosaur_description'
[2.790s] Level 1:colcon.colcon_core.package_identification:_identify(src/nanosaur/nanosaur_msgs) by extensions ['ignore', 'ignore_ament_install']
[2.791s] Level 1:colcon.colcon_core.package_identification:_identify(src/nanosaur/nanosaur_msgs) by extension 'ignore'
[2.791s] Level 1:colcon.colcon_core.package_identification:_identify(src/nanosaur/nanosaur_msgs) by extension 'ignore_ament_install'
[2.791s] Level 1:colcon.colcon_core.package_identification:_identify(src/nanosaur/nanosaur_msgs) by extensions ['colcon_pkg']
[2.792s] Level 1:colcon.colcon_core.package_identification:_identify(src/nanosaur/nanosaur_msgs) by extension 'colcon_pkg'
[2.792s] Level 1:colcon.colcon_core.package_identification:_identify(src/nanosaur/nanosaur_msgs) by extensions ['colcon_meta']
[2.792s] Level 1:colcon.colcon_core.package_identification:_identify(src/nanosaur/nanosaur_msgs) by extension 'colcon_meta'
[2.792s] Level 1:colcon.colcon_core.package_identification:_identify(src/nanosaur/nanosaur_msgs) by extensions ['ros']
[2.793s] Level 1:colcon.colcon_core.package_identification:_identify(src/nanosaur/nanosaur_msgs) by extension 'ros'
[2.797s] DEBUG:colcon.colcon_core.package_identification:Package 'src/nanosaur/nanosaur_msgs' with type 'ros.ament_cmake' and name 'nanosaur_msgs'
[2.799s] Level 1:colcon.colcon_core.package_identification:_identify(src/nanosaur_robot) by extensions ['ignore', 'ignore_ament_install']
[2.799s] Level 1:colcon.colcon_core.package_identification:_identify(src/nanosaur_robot) by extension 'ignore'
[2.800s] Level 1:colcon.colcon_core.package_identification:_identify(src/nanosaur_robot) by extension 'ignore_ament_install'
[2.800s] Level 1:colcon.colcon_core.package_identification:_identify(src/nanosaur_robot) by extensions ['colcon_pkg']
[2.800s] Level 1:colcon.colcon_core.package_identification:_identify(src/nanosaur_robot) by extension 'colcon_pkg'
[2.801s] Level 1:colcon.colcon_core.package_identification:_identify(src/nanosaur_robot) by extensions ['colcon_meta']
[2.801s] Level 1:colcon.colcon_core.package_identification:_identify(src/nanosaur_robot) by extension 'colcon_meta'
[2.801s] Level 1:colcon.colcon_core.package_identification:_identify(src/nanosaur_robot) by extensions ['ros']
[2.801s] Level 1:colcon.colcon_core.package_identification:_identify(src/nanosaur_robot) by extension 'ros'
[2.802s] Level 1:colcon.colcon_core.package_identification:_identify(src/nanosaur_robot) by extensions ['cmake', 'python']
[2.802s] Level 1:colcon.colcon_core.package_identification:_identify(src/nanosaur_robot) by extension 'cmake'
[2.803s] Level 1:colcon.colcon_core.package_identification:_identify(src/nanosaur_robot) by extension 'python'
[2.803s] Level 1:colcon.colcon_core.package_identification:_identify(src/nanosaur_robot) by extensions ['python_setup_py']
[2.803s] Level 1:colcon.colcon_core.package_identification:_identify(src/nanosaur_robot) by extension 'python_setup_py'
[2.805s] Level 1:colcon.colcon_core.package_identification:_identify(src/nanosaur_robot/nanosaur_base) by extensions ['ignore', 'ignore_ament_install']
[2.806s] Level 1:colcon.colcon_core.package_identification:_identify(src/nanosaur_robot/nanosaur_base) by extension 'ignore'
[2.806s] Level 1:colcon.colcon_core.package_identification:_identify(src/nanosaur_robot/nanosaur_base) by extension 'ignore_ament_install'
[2.807s] Level 1:colcon.colcon_core.package_identification:_identify(src/nanosaur_robot/nanosaur_base) by extensions ['colcon_pkg']
[2.807s] Level 1:colcon.colcon_core.package_identification:_identify(src/nanosaur_robot/nanosaur_base) by extension 'colcon_pkg'
[2.807s] Level 1:colcon.colcon_core.package_identification:_identify(src/nanosaur_robot/nanosaur_base) by extensions ['colcon_meta']
[2.808s] Level 1:colcon.colcon_core.package_identification:_identify(src/nanosaur_robot/nanosaur_base) by extension 'colcon_meta'
[2.808s] Level 1:colcon.colcon_core.package_identification:_identify(src/nanosaur_robot/nanosaur_base) by extensions ['ros']
[2.808s] Level 1:colcon.colcon_core.package_identification:_identify(src/nanosaur_robot/nanosaur_base) by extension 'ros'
[2.812s] DEBUG:colcon.colcon_core.package_identification:Package 'src/nanosaur_robot/nanosaur_base' with type 'ros.ament_python' and name 'nanosaur_base'
[2.814s] Level 1:colcon.colcon_core.package_identification:_identify(src/nanosaur_robot/nanosaur_bringup) by extensions ['ignore', 'ignore_ament_install']
[2.814s] Level 1:colcon.colcon_core.package_identification:_identify(src/nanosaur_robot/nanosaur_bringup) by extension 'ignore'
[2.815s] Level 1:colcon.colcon_core.package_identification:_identify(src/nanosaur_robot/nanosaur_bringup) by extension 'ignore_ament_install'
[2.815s] Level 1:colcon.colcon_core.package_identification:_identify(src/nanosaur_robot/nanosaur_bringup) by extensions ['colcon_pkg']
[2.815s] Level 1:colcon.colcon_core.package_identification:_identify(src/nanosaur_robot/nanosaur_bringup) by extension 'colcon_pkg'
[2.816s] Level 1:colcon.colcon_core.package_identification:_identify(src/nanosaur_robot/nanosaur_bringup) by extensions ['colcon_meta']
[2.816s] Level 1:colcon.colcon_core.package_identification:_identify(src/nanosaur_robot/nanosaur_bringup) by extension 'colcon_meta'
[2.816s] Level 1:colcon.colcon_core.package_identification:_identify(src/nanosaur_robot/nanosaur_bringup) by extensions ['ros']
[2.816s] Level 1:colcon.colcon_core.package_identification:_identify(src/nanosaur_robot/nanosaur_bringup) by extension 'ros'
[2.820s] DEBUG:colcon.colcon_core.package_identification:Package 'src/nanosaur_robot/nanosaur_bringup' with type 'ros.ament_cmake' and name 'nanosaur_bringup'
[2.822s] Level 1:colcon.colcon_core.package_identification:_identify(src/nanosaur_robot/nanosaur_robot) by extensions ['ignore', 'ignore_ament_install']
[2.822s] Level 1:colcon.colcon_core.package_identification:_identify(src/nanosaur_robot/nanosaur_robot) by extension 'ignore'
[2.823s] Level 1:colcon.colcon_core.package_identification:_identify(src/nanosaur_robot/nanosaur_robot) by extension 'ignore_ament_install'
[2.823s] Level 1:colcon.colcon_core.package_identification:_identify(src/nanosaur_robot/nanosaur_robot) by extensions ['colcon_pkg']
[2.823s] Level 1:colcon.colcon_core.package_identification:_identify(src/nanosaur_robot/nanosaur_robot) by extension 'colcon_pkg'
[2.824s] Level 1:colcon.colcon_core.package_identification:_identify(src/nanosaur_robot/nanosaur_robot) by extensions ['colcon_meta']
[2.824s] Level 1:colcon.colcon_core.package_identification:_identify(src/nanosaur_robot/nanosaur_robot) by extension 'colcon_meta'
[2.824s] Level 1:colcon.colcon_core.package_identification:_identify(src/nanosaur_robot/nanosaur_robot) by extensions ['ros']
[2.824s] Level 1:colcon.colcon_core.package_identification:_identify(src/nanosaur_robot/nanosaur_robot) by extension 'ros'
[2.828s] DEBUG:colcon.colcon_core.package_identification:Package 'src/nanosaur_robot/nanosaur_robot' with type 'ros.ament_cmake' and name 'nanosaur_robot'
[2.829s] Level 1:colcon.colcon_core.package_identification:_identify(src/nanosaur_simulations) by extensions ['ignore', 'ignore_ament_install']
[2.829s] Level 1:colcon.colcon_core.package_identification:_identify(src/nanosaur_simulations) by extension 'ignore'
[2.830s] Level 1:colcon.colcon_core.package_identification:_identify(src/nanosaur_simulations) by extension 'ignore_ament_install'
[2.830s] Level 1:colcon.colcon_core.package_identification:_identify(src/nanosaur_simulations) by extensions ['colcon_pkg']
[2.831s] Level 1:colcon.colcon_core.package_identification:_identify(src/nanosaur_simulations) by extension 'colcon_pkg'
[2.831s] Level 1:colcon.colcon_core.package_identification:_identify(src/nanosaur_simulations) by extensions ['colcon_meta']
[2.831s] Level 1:colcon.colcon_core.package_identification:_identify(src/nanosaur_simulations) by extension 'colcon_meta'
[2.832s] Level 1:colcon.colcon_core.package_identification:_identify(src/nanosaur_simulations) by extensions ['ros']
[2.832s] Level 1:colcon.colcon_core.package_identification:_identify(src/nanosaur_simulations) by extension 'ros'
[2.832s] Level 1:colcon.colcon_core.package_identification:_identify(src/nanosaur_simulations) by extensions ['cmake', 'python']
[2.833s] Level 1:colcon.colcon_core.package_identification:_identify(src/nanosaur_simulations) by extension 'cmake'
[2.833s] Level 1:colcon.colcon_core.package_identification:_identify(src/nanosaur_simulations) by extension 'python'
[2.833s] Level 1:colcon.colcon_core.package_identification:_identify(src/nanosaur_simulations) by extensions ['python_setup_py']
[2.833s] Level 1:colcon.colcon_core.package_identification:_identify(src/nanosaur_simulations) by extension 'python_setup_py'
[2.834s] Level 1:colcon.colcon_core.package_identification:_identify(src/nanosaur_simulations/nanosaur_gazebo) by extensions ['ignore', 'ignore_ament_install']
[2.835s] Level 1:colcon.colcon_core.package_identification:_identify(src/nanosaur_simulations/nanosaur_gazebo) by extension 'ignore'
[2.835s] Level 1:colcon.colcon_core.package_identification:_identify(src/nanosaur_simulations/nanosaur_gazebo) by extension 'ignore_ament_install'
[2.836s] Level 1:colcon.colcon_core.package_identification:_identify(src/nanosaur_simulations/nanosaur_gazebo) by extensions ['colcon_pkg']
[2.836s] Level 1:colcon.colcon_core.package_identification:_identify(src/nanosaur_simulations/nanosaur_gazebo) by extension 'colcon_pkg'
[2.836s] Level 1:colcon.colcon_core.package_identification:_identify(src/nanosaur_simulations/nanosaur_gazebo) by extensions ['colcon_meta']
[2.837s] Level 1:colcon.colcon_core.package_identification:_identify(src/nanosaur_simulations/nanosaur_gazebo) by extension 'colcon_meta'
[2.837s] Level 1:colcon.colcon_core.package_identification:_identify(src/nanosaur_simulations/nanosaur_gazebo) by extensions ['ros']
[2.837s] Level 1:colcon.colcon_core.package_identification:_identify(src/nanosaur_simulations/nanosaur_gazebo) by extension 'ros'
[2.842s] DEBUG:colcon.colcon_core.package_identification:Package 'src/nanosaur_simulations/nanosaur_gazebo' with type 'ros.ament_cmake' and name 'nanosaur_gazebo'
[2.843s] Level 1:colcon.colcon_core.package_identification:_identify(src/nanosaur_simulations/nanosaur_ignition) by extensions ['ignore', 'ignore_ament_install']
[2.844s] Level 1:colcon.colcon_core.package_identification:_identify(src/nanosaur_simulations/nanosaur_ignition) by extension 'ignore'
[2.844s] Level 1:colcon.colcon_core.package_identification:_identify(src/nanosaur_simulations/nanosaur_ignition) by extension 'ignore_ament_install'
[2.844s] Level 1:colcon.colcon_core.package_identification:_identify(src/nanosaur_simulations/nanosaur_ignition) by extensions ['colcon_pkg']
[2.844s] Level 1:colcon.colcon_core.package_identification:_identify(src/nanosaur_simulations/nanosaur_ignition) by extension 'colcon_pkg'
[2.845s] Level 1:colcon.colcon_core.package_identification:_identify(src/nanosaur_simulations/nanosaur_ignition) by extensions ['colcon_meta']
[2.845s] Level 1:colcon.colcon_core.package_identification:_identify(src/nanosaur_simulations/nanosaur_ignition) by extension 'colcon_meta'
[2.845s] Level 1:colcon.colcon_core.package_identification:_identify(src/nanosaur_simulations/nanosaur_ignition) by extensions ['ros']
[2.845s] Level 1:colcon.colcon_core.package_identification:_identify(src/nanosaur_simulations/nanosaur_ignition) by extension 'ros'
[2.850s] DEBUG:colcon.colcon_core.package_identification:Package 'src/nanosaur_simulations/nanosaur_ignition' with type 'ros.ament_python' and name 'nanosaur_ignition'
[2.851s] Level 1:colcon.colcon_core.package_identification:_identify(src/nanosaur_simulations/nanosaur_isaac_sim) by extensions ['ignore', 'ignore_ament_install']
[2.852s] Level 1:colcon.colcon_core.package_identification:_identify(src/nanosaur_simulations/nanosaur_isaac_sim) by extension 'ignore'
[2.852s] Level 1:colcon.colcon_core.package_identification:_identify(src/nanosaur_simulations/nanosaur_isaac_sim) by extension 'ignore_ament_install'
[2.853s] Level 1:colcon.colcon_core.package_identification:_identify(src/nanosaur_simulations/nanosaur_isaac_sim) by extensions ['colcon_pkg']
[2.853s] Level 1:colcon.colcon_core.package_identification:_identify(src/nanosaur_simulations/nanosaur_isaac_sim) by extension 'colcon_pkg'
[2.853s] Level 1:colcon.colcon_core.package_identification:_identify(src/nanosaur_simulations/nanosaur_isaac_sim) by extensions ['colcon_meta']
[2.854s] Level 1:colcon.colcon_core.package_identification:_identify(src/nanosaur_simulations/nanosaur_isaac_sim) by extension 'colcon_meta'
[2.854s] Level 1:colcon.colcon_core.package_identification:_identify(src/nanosaur_simulations/nanosaur_isaac_sim) by extensions ['ros']
[2.854s] Level 1:colcon.colcon_core.package_identification:_identify(src/nanosaur_simulations/nanosaur_isaac_sim) by extension 'ros'
[2.858s] DEBUG:colcon.colcon_core.package_identification:Package 'src/nanosaur_simulations/nanosaur_isaac_sim' with type 'ros.ament_cmake' and name 'nanosaur_isaac_sim'
[2.859s] Level 1:colcon.colcon_core.package_identification:_identify(src/nanosaur_simulations/nanosaur_simulations) by extensions ['ignore', 'ignore_ament_install']
[2.860s] Level 1:colcon.colcon_core.package_identification:_identify(src/nanosaur_simulations/nanosaur_simulations) by extension 'ignore'
[2.860s] Level 1:colcon.colcon_core.package_identification:_identify(src/nanosaur_simulations/nanosaur_simulations) by extension 'ignore_ament_install'
[2.860s] Level 1:colcon.colcon_core.package_identification:_identify(src/nanosaur_simulations/nanosaur_simulations) by extensions ['colcon_pkg']
[2.860s] Level 1:colcon.colcon_core.package_identification:_identify(src/nanosaur_simulations/nanosaur_simulations) by extension 'colcon_pkg'
[2.861s] Level 1:colcon.colcon_core.package_identification:_identify(src/nanosaur_simulations/nanosaur_simulations) by extensions ['colcon_meta']
[2.861s] Level 1:colcon.colcon_core.package_identification:_identify(src/nanosaur_simulations/nanosaur_simulations) by extension 'colcon_meta'
[2.861s] Level 1:colcon.colcon_core.package_identification:_identify(src/nanosaur_simulations/nanosaur_simulations) by extensions ['ros']
[2.861s] Level 1:colcon.colcon_core.package_identification:_identify(src/nanosaur_simulations/nanosaur_simulations) by extension 'ros'
[2.865s] DEBUG:colcon.colcon_core.package_identification:Package 'src/nanosaur_simulations/nanosaur_simulations' with type 'ros.ament_cmake' and name 'nanosaur_simulations'
[2.866s] Level 1:colcon.colcon_core.package_identification:_identify(src/nanosaur_simulations/nanosaur_worlds) by extensions ['ignore', 'ignore_ament_install']
[2.867s] Level 1:colcon.colcon_core.package_identification:_identify(src/nanosaur_simulations/nanosaur_worlds) by extension 'ignore'
[2.867s] Level 1:colcon.colcon_core.package_identification:_identify(src/nanosaur_simulations/nanosaur_worlds) by extension 'ignore_ament_install'
[2.868s] Level 1:colcon.colcon_core.package_identification:_identify(src/nanosaur_simulations/nanosaur_worlds) by extensions ['colcon_pkg']
[2.868s] Level 1:colcon.colcon_core.package_identification:_identify(src/nanosaur_simulations/nanosaur_worlds) by extension 'colcon_pkg'
[2.868s] Level 1:colcon.colcon_core.package_identification:_identify(src/nanosaur_simulations/nanosaur_worlds) by extensions ['colcon_meta']
[2.868s] Level 1:colcon.colcon_core.package_identification:_identify(src/nanosaur_simulations/nanosaur_worlds) by extension 'colcon_meta'
[2.869s] Level 1:colcon.colcon_core.package_identification:_identify(src/nanosaur_simulations/nanosaur_worlds) by extensions ['ros']
[2.869s] Level 1:colcon.colcon_core.package_identification:_identify(src/nanosaur_simulations/nanosaur_worlds) by extension 'ros'
[2.872s] DEBUG:colcon.colcon_core.package_identification:Package 'src/nanosaur_simulations/nanosaur_worlds' with type 'ros.ament_cmake' and name 'nanosaur_worlds'
[2.874s] Level 1:colcon.colcon_core.package_identification:_identify(src/rb_nanosaur) by extensions ['ignore', 'ignore_ament_install']
[2.875s] Level 1:colcon.colcon_core.package_identification:_identify(src/rb_nanosaur) by extension 'ignore'
[2.876s] Level 1:colcon.colcon_core.package_identification:_identify(src/rb_nanosaur) by extension 'ignore_ament_install'
[2.876s] Level 1:colcon.colcon_core.package_identification:_identify(src/rb_nanosaur) by extensions ['colcon_pkg']
[2.876s] Level 1:colcon.colcon_core.package_identification:_identify(src/rb_nanosaur) by extension 'colcon_pkg'
[2.877s] Level 1:colcon.colcon_core.package_identification:_identify(src/rb_nanosaur) by extensions ['colcon_meta']
[2.877s] Level 1:colcon.colcon_core.package_identification:_identify(src/rb_nanosaur) by extension 'colcon_meta'
[2.877s] Level 1:colcon.colcon_core.package_identification:_identify(src/rb_nanosaur) by extensions ['ros']
[2.877s] Level 1:colcon.colcon_core.package_identification:_identify(src/rb_nanosaur) by extension 'ros'
[2.878s] Level 1:colcon.colcon_core.package_identification:_identify(src/rb_nanosaur) by extensions ['cmake', 'python']
[2.878s] Level 1:colcon.colcon_core.package_identification:_identify(src/rb_nanosaur) by extension 'cmake'
[2.879s] Level 1:colcon.colcon_core.package_identification:_identify(src/rb_nanosaur) by extension 'python'
[2.879s] Level 1:colcon.colcon_core.package_identification:_identify(src/rb_nanosaur) by extensions ['python_setup_py']
[2.879s] Level 1:colcon.colcon_core.package_identification:_identify(src/rb_nanosaur) by extension 'python_setup_py'
[2.881s] Level 1:colcon.colcon_core.package_identification:_identify(src/rb_nanosaur/STL) by extensions ['ignore', 'ignore_ament_install']
[2.882s] Level 1:colcon.colcon_core.package_identification:_identify(src/rb_nanosaur/STL) by extension 'ignore'
[2.882s] Level 1:colcon.colcon_core.package_identification:_identify(src/rb_nanosaur/STL) by extension 'ignore_ament_install'
[2.882s] Level 1:colcon.colcon_core.package_identification:_identify(src/rb_nanosaur/STL) by extensions ['colcon_pkg']
[2.883s] Level 1:colcon.colcon_core.package_identification:_identify(src/rb_nanosaur/STL) by extension 'colcon_pkg'
[2.883s] Level 1:colcon.colcon_core.package_identification:_identify(src/rb_nanosaur/STL) by extensions ['colcon_meta']
[2.883s] Level 1:colcon.colcon_core.package_identification:_identify(src/rb_nanosaur/STL) by extension 'colcon_meta'
[2.884s] Level 1:colcon.colcon_core.package_identification:_identify(src/rb_nanosaur/STL) by extensions ['ros']
[2.884s] Level 1:colcon.colcon_core.package_identification:_identify(src/rb_nanosaur/STL) by extension 'ros'
[2.884s] Level 1:colcon.colcon_core.package_identification:_identify(src/rb_nanosaur/STL) by extensions ['cmake', 'python']
[2.884s] Level 1:colcon.colcon_core.package_identification:_identify(src/rb_nanosaur/STL) by extension 'cmake'
[2.885s] Level 1:colcon.colcon_core.package_identification:_identify(src/rb_nanosaur/STL) by extension 'python'
[2.885s] Level 1:colcon.colcon_core.package_identification:_identify(src/rb_nanosaur/STL) by extensions ['python_setup_py']
[2.885s] Level 1:colcon.colcon_core.package_identification:_identify(src/rb_nanosaur/STL) by extension 'python_setup_py'
[2.887s] Level 1:colcon.colcon_core.package_identification:_identify(src/rb_nanosaur/cpp_first_pkg) by extensions ['ignore', 'ignore_ament_install']
[2.888s] Level 1:colcon.colcon_core.package_identification:_identify(src/rb_nanosaur/cpp_first_pkg) by extension 'ignore'
[2.888s] Level 1:colcon.colcon_core.package_identification:_identify(src/rb_nanosaur/cpp_first_pkg) by extension 'ignore_ament_install'
[2.888s] Level 1:colcon.colcon_core.package_identification:_identify(src/rb_nanosaur/cpp_first_pkg) by extensions ['colcon_pkg']
[2.888s] Level 1:colcon.colcon_core.package_identification:_identify(src/rb_nanosaur/cpp_first_pkg) by extension 'colcon_pkg'
[2.889s] Level 1:colcon.colcon_core.package_identification:_identify(src/rb_nanosaur/cpp_first_pkg) by extensions ['colcon_meta']
[2.889s] Level 1:colcon.colcon_core.package_identification:_identify(src/rb_nanosaur/cpp_first_pkg) by extension 'colcon_meta'
[2.889s] Level 1:colcon.colcon_core.package_identification:_identify(src/rb_nanosaur/cpp_first_pkg) by extensions ['ros']
[2.890s] Level 1:colcon.colcon_core.package_identification:_identify(src/rb_nanosaur/cpp_first_pkg) by extension 'ros'
[2.893s] DEBUG:colcon.colcon_core.package_identification:Package 'src/rb_nanosaur/cpp_first_pkg' with type 'ros.ament_cmake' and name 'cpp_first_pkg'
[2.894s] Level 1:colcon.colcon_core.package_identification:_identify(src/rb_nanosaur/images) by extensions ['ignore', 'ignore_ament_install']
[2.895s] Level 1:colcon.colcon_core.package_identification:_identify(src/rb_nanosaur/images) by extension 'ignore'
[2.895s] Level 1:colcon.colcon_core.package_identification:_identify(src/rb_nanosaur/images) by extension 'ignore_ament_install'
[2.896s] Level 1:colcon.colcon_core.package_identification:_identify(src/rb_nanosaur/images) by extensions ['colcon_pkg']
[2.896s] Level 1:colcon.colcon_core.package_identification:_identify(src/rb_nanosaur/images) by extension 'colcon_pkg'
[2.896s] Level 1:colcon.colcon_core.package_identification:_identify(src/rb_nanosaur/images) by extensions ['colcon_meta']
[2.896s] Level 1:colcon.colcon_core.package_identification:_identify(src/rb_nanosaur/images) by extension 'colcon_meta'
[2.897s] Level 1:colcon.colcon_core.package_identification:_identify(src/rb_nanosaur/images) by extensions ['ros']
[2.897s] Level 1:colcon.colcon_core.package_identification:_identify(src/rb_nanosaur/images) by extension 'ros'
[2.897s] Level 1:colcon.colcon_core.package_identification:_identify(src/rb_nanosaur/images) by extensions ['cmake', 'python']
[2.898s] Level 1:colcon.colcon_core.package_identification:_identify(src/rb_nanosaur/images) by extension 'cmake'
[2.898s] Level 1:colcon.colcon_core.package_identification:_identify(src/rb_nanosaur/images) by extension 'python'
[2.898s] Level 1:colcon.colcon_core.package_identification:_identify(src/rb_nanosaur/images) by extensions ['python_setup_py']
[2.899s] Level 1:colcon.colcon_core.package_identification:_identify(src/rb_nanosaur/images) by extension 'python_setup_py'
[2.900s] Level 1:colcon.colcon_core.package_identification:_identify(src/rb_nanosaur/install) by extensions ['ignore', 'ignore_ament_install']
[2.901s] Level 1:colcon.colcon_core.package_identification:_identify(src/rb_nanosaur/install) by extension 'ignore'
[2.901s] Level 1:colcon.colcon_core.package_identification:_identify(src/rb_nanosaur/install) by extension 'ignore_ament_install'
[2.902s] Level 1:colcon.colcon_core.package_identification:_identify(src/rb_nanosaur/install) by extensions ['colcon_pkg']
[2.902s] Level 1:colcon.colcon_core.package_identification:_identify(src/rb_nanosaur/install) by extension 'colcon_pkg'
[2.902s] Level 1:colcon.colcon_core.package_identification:_identify(src/rb_nanosaur/install) by extensions ['colcon_meta']
[2.902s] Level 1:colcon.colcon_core.package_identification:_identify(src/rb_nanosaur/install) by extension 'colcon_meta'
[2.903s] Level 1:colcon.colcon_core.package_identification:_identify(src/rb_nanosaur/install) by extensions ['ros']
[2.903s] Level 1:colcon.colcon_core.package_identification:_identify(src/rb_nanosaur/install) by extension 'ros'
[2.904s] Level 1:colcon.colcon_core.package_identification:_identify(src/rb_nanosaur/install) by extensions ['cmake', 'python']
[2.904s] Level 1:colcon.colcon_core.package_identification:_identify(src/rb_nanosaur/install) by extension 'cmake'
[2.904s] Level 1:colcon.colcon_core.package_identification:_identify(src/rb_nanosaur/install) by extension 'python'
[2.904s] Level 1:colcon.colcon_core.package_identification:_identify(src/rb_nanosaur/install) by extensions ['python_setup_py']
[2.904s] Level 1:colcon.colcon_core.package_identification:_identify(src/rb_nanosaur/install) by extension 'python_setup_py'
[2.905s] Level 1:colcon.colcon_core.package_identification:_identify(src/rb_nanosaur/nanosaur_camera) by extensions ['ignore', 'ignore_ament_install']
[2.906s] Level 1:colcon.colcon_core.package_identification:_identify(src/rb_nanosaur/nanosaur_camera) by extension 'ignore'
[2.906s] Level 1:colcon.colcon_core.package_identification:_identify(src/rb_nanosaur/nanosaur_camera) by extension 'ignore_ament_install'
[2.907s] Level 1:colcon.colcon_core.package_identification:_identify(src/rb_nanosaur/nanosaur_camera) by extensions ['colcon_pkg']
[2.907s] Level 1:colcon.colcon_core.package_identification:_identify(src/rb_nanosaur/nanosaur_camera) by extension 'colcon_pkg'
[2.907s] Level 1:colcon.colcon_core.package_identification:_identify(src/rb_nanosaur/nanosaur_camera) by extensions ['colcon_meta']
[2.907s] Level 1:colcon.colcon_core.package_identification:_identify(src/rb_nanosaur/nanosaur_camera) by extension 'colcon_meta'
[2.908s] Level 1:colcon.colcon_core.package_identification:_identify(src/rb_nanosaur/nanosaur_camera) by extensions ['ros']
[2.908s] Level 1:colcon.colcon_core.package_identification:_identify(src/rb_nanosaur/nanosaur_camera) by extension 'ros'
[2.913s] DEBUG:colcon.colcon_core.package_identification:Package 'src/rb_nanosaur/nanosaur_camera' with type 'ros.ament_cmake' and name 'nanosaur_camera'
[2.914s] Level 1:colcon.colcon_core.package_identification:_identify(src/rb_nanosaur/nanosaur_emotion) by extensions ['ignore', 'ignore_ament_install']
[2.914s] Level 1:colcon.colcon_core.package_identification:_identify(src/rb_nanosaur/nanosaur_emotion) by extension 'ignore'
[2.915s] Level 1:colcon.colcon_core.package_identification:_identify(src/rb_nanosaur/nanosaur_emotion) by extension 'ignore_ament_install'
[2.915s] Level 1:colcon.colcon_core.package_identification:_identify(src/rb_nanosaur/nanosaur_emotion) by extensions ['colcon_pkg']
[2.915s] Level 1:colcon.colcon_core.package_identification:_identify(src/rb_nanosaur/nanosaur_emotion) by extension 'colcon_pkg'
[2.916s] Level 1:colcon.colcon_core.package_identification:_identify(src/rb_nanosaur/nanosaur_emotion) by extensions ['colcon_meta']
[2.916s] Level 1:colcon.colcon_core.package_identification:_identify(src/rb_nanosaur/nanosaur_emotion) by extension 'colcon_meta'
[2.916s] Level 1:colcon.colcon_core.package_identification:_identify(src/rb_nanosaur/nanosaur_emotion) by extensions ['ros']
[2.916s] Level 1:colcon.colcon_core.package_identification:_identify(src/rb_nanosaur/nanosaur_emotion) by extension 'ros'
[2.921s] DEBUG:colcon.colcon_core.package_identification:Package 'src/rb_nanosaur/nanosaur_emotion' with type 'ros.ament_cmake' and name 'nanosaur_emotion'
[2.923s] Level 1:colcon.colcon_core.package_identification:_identify(src/rb_nanosaur/nanosaur_hardware) by extensions ['ignore', 'ignore_ament_install']
[2.923s] Level 1:colcon.colcon_core.package_identification:_identify(src/rb_nanosaur/nanosaur_hardware) by extension 'ignore'
[2.923s] Level 1:colcon.colcon_core.package_identification:_identify(src/rb_nanosaur/nanosaur_hardware) by extension 'ignore_ament_install'
[2.924s] Level 1:colcon.colcon_core.package_identification:_identify(src/rb_nanosaur/nanosaur_hardware) by extensions ['colcon_pkg']
[2.924s] Level 1:colcon.colcon_core.package_identification:_identify(src/rb_nanosaur/nanosaur_hardware) by extension 'colcon_pkg'
[2.924s] Level 1:colcon.colcon_core.package_identification:_identify(src/rb_nanosaur/nanosaur_hardware) by extensions ['colcon_meta']
[2.925s] Level 1:colcon.colcon_core.package_identification:_identify(src/rb_nanosaur/nanosaur_hardware) by extension 'colcon_meta'
[2.925s] Level 1:colcon.colcon_core.package_identification:_identify(src/rb_nanosaur/nanosaur_hardware) by extensions ['ros']
[2.925s] Level 1:colcon.colcon_core.package_identification:_identify(src/rb_nanosaur/nanosaur_hardware) by extension 'ros'
[2.930s] DEBUG:colcon.colcon_core.package_identification:Package 'src/rb_nanosaur/nanosaur_hardware' with type 'ros.ament_python' and name 'nanosaur_hardware'
[2.931s] Level 1:colcon.colcon_core.package_identification:_identify(src/rb_nanosaur/tests) by extensions ['ignore', 'ignore_ament_install']
[2.932s] Level 1:colcon.colcon_core.package_identification:_identify(src/rb_nanosaur/tests) by extension 'ignore'
[2.932s] Level 1:colcon.colcon_core.package_identification:_identify(src/rb_nanosaur/tests) by extension 'ignore_ament_install'
[2.932s] Level 1:colcon.colcon_core.package_identification:_identify(src/rb_nanosaur/tests) by extensions ['colcon_pkg']
[2.933s] Level 1:colcon.colcon_core.package_identification:_identify(src/rb_nanosaur/tests) by extension 'colcon_pkg'
[2.933s] Level 1:colcon.colcon_core.package_identification:_identify(src/rb_nanosaur/tests) by extensions ['colcon_meta']
[2.933s] Level 1:colcon.colcon_core.package_identification:_identify(src/rb_nanosaur/tests) by extension 'colcon_meta'
[2.933s] Level 1:colcon.colcon_core.package_identification:_identify(src/rb_nanosaur/tests) by extensions ['ros']
[2.934s] Level 1:colcon.colcon_core.package_identification:_identify(src/rb_nanosaur/tests) by extension 'ros'
[2.934s] Level 1:colcon.colcon_core.package_identification:_identify(src/rb_nanosaur/tests) by extensions ['cmake', 'python']
[2.935s] Level 1:colcon.colcon_core.package_identification:_identify(src/rb_nanosaur/tests) by extension 'cmake'
[2.935s] Level 1:colcon.colcon_core.package_identification:_identify(src/rb_nanosaur/tests) by extension 'python'
[2.935s] Level 1:colcon.colcon_core.package_identification:_identify(src/rb_nanosaur/tests) by extensions ['python_setup_py']
[2.935s] Level 1:colcon.colcon_core.package_identification:_identify(src/rb_nanosaur/tests) by extension 'python_setup_py'
[2.936s] Level 1:colcon.colcon_core.package_identification:_identify(src/rb_nanosaur/webrtc_pkg) by extensions ['ignore', 'ignore_ament_install']
[2.937s] Level 1:colcon.colcon_core.package_identification:_identify(src/rb_nanosaur/webrtc_pkg) by extension 'ignore'
[2.937s] Level 1:colcon.colcon_core.package_identification:_identify(src/rb_nanosaur/webrtc_pkg) by extension 'ignore_ament_install'
[2.938s] Level 1:colcon.colcon_core.package_identification:_identify(src/rb_nanosaur/webrtc_pkg) by extensions ['colcon_pkg']
[2.938s] Level 1:colcon.colcon_core.package_identification:_identify(src/rb_nanosaur/webrtc_pkg) by extension 'colcon_pkg'
[2.938s] Level 1:colcon.colcon_core.package_identification:_identify(src/rb_nanosaur/webrtc_pkg) by extensions ['colcon_meta']
[2.938s] Level 1:colcon.colcon_core.package_identification:_identify(src/rb_nanosaur/webrtc_pkg) by extension 'colcon_meta'
[2.939s] Level 1:colcon.colcon_core.package_identification:_identify(src/rb_nanosaur/webrtc_pkg) by extensions ['ros']
[2.939s] Level 1:colcon.colcon_core.package_identification:_identify(src/rb_nanosaur/webrtc_pkg) by extension 'ros'
[2.944s] DEBUG:colcon.colcon_core.package_identification:Package 'src/rb_nanosaur/webrtc_pkg' with type 'ros.ament_python' and name 'webrtc_pkg'
[2.946s] Level 1:colcon.colcon_core.package_identification:_identify(src/ros2_jetson_stats) by extensions ['ignore', 'ignore_ament_install']
[2.946s] Level 1:colcon.colcon_core.package_identification:_identify(src/ros2_jetson_stats) by extension 'ignore'
[2.947s] Level 1:colcon.colcon_core.package_identification:_identify(src/ros2_jetson_stats) by extension 'ignore_ament_install'
[2.947s] Level 1:colcon.colcon_core.package_identification:_identify(src/ros2_jetson_stats) by extensions ['colcon_pkg']
[2.947s] Level 1:colcon.colcon_core.package_identification:_identify(src/ros2_jetson_stats) by extension 'colcon_pkg'
[2.947s] Level 1:colcon.colcon_core.package_identification:_identify(src/ros2_jetson_stats) by extensions ['colcon_meta']
[2.948s] Level 1:colcon.colcon_core.package_identification:_identify(src/ros2_jetson_stats) by extension 'colcon_meta'
[2.948s] Level 1:colcon.colcon_core.package_identification:_identify(src/ros2_jetson_stats) by extensions ['ros']
[2.948s] Level 1:colcon.colcon_core.package_identification:_identify(src/ros2_jetson_stats) by extension 'ros'
[2.949s] Level 1:colcon.colcon_core.package_identification:_identify(src/ros2_jetson_stats) by extensions ['cmake', 'python']
[2.949s] Level 1:colcon.colcon_core.package_identification:_identify(src/ros2_jetson_stats) by extension 'cmake'
[2.949s] Level 1:colcon.colcon_core.package_identification:_identify(src/ros2_jetson_stats) by extension 'python'
[2.950s] Level 1:colcon.colcon_core.package_identification:_identify(src/ros2_jetson_stats) by extensions ['python_setup_py']
[2.950s] Level 1:colcon.colcon_core.package_identification:_identify(src/ros2_jetson_stats) by extension 'python_setup_py'
[2.951s] Level 1:colcon.colcon_core.package_identification:_identify(src/ros2_jetson_stats/jetson_stats_msgs) by extensions ['ignore', 'ignore_ament_install']
[2.952s] Level 1:colcon.colcon_core.package_identification:_identify(src/ros2_jetson_stats/jetson_stats_msgs) by extension 'ignore'
[2.952s] Level 1:colcon.colcon_core.package_identification:_identify(src/ros2_jetson_stats/jetson_stats_msgs) by extension 'ignore_ament_install'
[2.952s] Level 1:colcon.colcon_core.package_identification:_identify(src/ros2_jetson_stats/jetson_stats_msgs) by extensions ['colcon_pkg']
[2.953s] Level 1:colcon.colcon_core.package_identification:_identify(src/ros2_jetson_stats/jetson_stats_msgs) by extension 'colcon_pkg'
[2.953s] Level 1:colcon.colcon_core.package_identification:_identify(src/ros2_jetson_stats/jetson_stats_msgs) by extensions ['colcon_meta']
[2.953s] Level 1:colcon.colcon_core.package_identification:_identify(src/ros2_jetson_stats/jetson_stats_msgs) by extension 'colcon_meta'
[2.954s] Level 1:colcon.colcon_core.package_identification:_identify(src/ros2_jetson_stats/jetson_stats_msgs) by extensions ['ros']
[2.954s] Level 1:colcon.colcon_core.package_identification:_identify(src/ros2_jetson_stats/jetson_stats_msgs) by extension 'ros'
[2.959s] DEBUG:colcon.colcon_core.package_identification:Package 'src/ros2_jetson_stats/jetson_stats_msgs' with type 'ros.ament_cmake' and name 'jetson_stats_msgs'
[2.960s] Level 1:colcon.colcon_core.package_identification:_identify(src/ros2_jetson_stats/jetson_stats_wrapper) by extensions ['ignore', 'ignore_ament_install']
[2.961s] Level 1:colcon.colcon_core.package_identification:_identify(src/ros2_jetson_stats/jetson_stats_wrapper) by extension 'ignore'
[2.961s] Level 1:colcon.colcon_core.package_identification:_identify(src/ros2_jetson_stats/jetson_stats_wrapper) by extension 'ignore_ament_install'
[2.962s] Level 1:colcon.colcon_core.package_identification:_identify(src/ros2_jetson_stats/jetson_stats_wrapper) by extensions ['colcon_pkg']
[2.962s] Level 1:colcon.colcon_core.package_identification:_identify(src/ros2_jetson_stats/jetson_stats_wrapper) by extension 'colcon_pkg'
[2.963s] Level 1:colcon.colcon_core.package_identification:_identify(src/ros2_jetson_stats/jetson_stats_wrapper) by extensions ['colcon_meta']
[2.963s] Level 1:colcon.colcon_core.package_identification:_identify(src/ros2_jetson_stats/jetson_stats_wrapper) by extension 'colcon_meta'
[2.963s] Level 1:colcon.colcon_core.package_identification:_identify(src/ros2_jetson_stats/jetson_stats_wrapper) by extensions ['ros']
[2.963s] Level 1:colcon.colcon_core.package_identification:_identify(src/ros2_jetson_stats/jetson_stats_wrapper) by extension 'ros'
[2.967s] DEBUG:colcon.colcon_core.package_identification:Package 'src/ros2_jetson_stats/jetson_stats_wrapper' with type 'ros.ament_python' and name 'jetson_stats_wrapper'
[2.969s] Level 1:colcon.colcon_core.package_identification:_identify(src/ros2_jetson_stats/ros2_jetson_stats) by extensions ['ignore', 'ignore_ament_install']
[2.969s] Level 1:colcon.colcon_core.package_identification:_identify(src/ros2_jetson_stats/ros2_jetson_stats) by extension 'ignore'
[2.970s] Level 1:colcon.colcon_core.package_identification:_identify(src/ros2_jetson_stats/ros2_jetson_stats) by extension 'ignore_ament_install'
[2.970s] Level 1:colcon.colcon_core.package_identification:_identify(src/ros2_jetson_stats/ros2_jetson_stats) by extensions ['colcon_pkg']
[2.970s] Level 1:colcon.colcon_core.package_identification:_identify(src/ros2_jetson_stats/ros2_jetson_stats) by extension 'colcon_pkg'
[2.971s] Level 1:colcon.colcon_core.package_identification:_identify(src/ros2_jetson_stats/ros2_jetson_stats) by extensions ['colcon_meta']
[2.971s] Level 1:colcon.colcon_core.package_identification:_identify(src/ros2_jetson_stats/ros2_jetson_stats) by extension 'colcon_meta'
[2.971s] Level 1:colcon.colcon_core.package_identification:_identify(src/ros2_jetson_stats/ros2_jetson_stats) by extensions ['ros']
[2.971s] Level 1:colcon.colcon_core.package_identification:_identify(src/ros2_jetson_stats/ros2_jetson_stats) by extension 'ros'
[2.975s] DEBUG:colcon.colcon_core.package_identification:Package 'src/ros2_jetson_stats/ros2_jetson_stats' with type 'ros.ament_cmake' and name 'ros2_jetson_stats'
[2.976s] Level 1:colcon.colcon_core.package_identification:_identify(src/ros2_shared) by extensions ['ignore', 'ignore_ament_install']
[2.976s] Level 1:colcon.colcon_core.package_identification:_identify(src/ros2_shared) by extension 'ignore'
[2.977s] Level 1:colcon.colcon_core.package_identification:_identify(src/ros2_shared) by extension 'ignore_ament_install'
[2.977s] Level 1:colcon.colcon_core.package_identification:_identify(src/ros2_shared) by extensions ['colcon_pkg']
[2.977s] Level 1:colcon.colcon_core.package_identification:_identify(src/ros2_shared) by extension 'colcon_pkg'
[2.978s] Level 1:colcon.colcon_core.package_identification:_identify(src/ros2_shared) by extensions ['colcon_meta']
[2.978s] Level 1:colcon.colcon_core.package_identification:_identify(src/ros2_shared) by extension 'colcon_meta'
[2.978s] Level 1:colcon.colcon_core.package_identification:_identify(src/ros2_shared) by extensions ['ros']
[2.979s] Level 1:colcon.colcon_core.package_identification:_identify(src/ros2_shared) by extension 'ros'
[2.982s] DEBUG:colcon.colcon_core.package_identification:Package 'src/ros2_shared' with type 'ros.ament_cmake' and name 'ros2_shared'
[2.983s] Level 1:colcon.colcon_core.package_identification:_identify(src/ros2_system_manager) by extensions ['ignore', 'ignore_ament_install']
[2.984s] Level 1:colcon.colcon_core.package_identification:_identify(src/ros2_system_manager) by extension 'ignore'
[2.984s] Level 1:colcon.colcon_core.package_identification:_identify(src/ros2_system_manager) by extension 'ignore_ament_install'
[2.984s] Level 1:colcon.colcon_core.package_identification:_identify(src/ros2_system_manager) by extensions ['colcon_pkg']
[2.985s] Level 1:colcon.colcon_core.package_identification:_identify(src/ros2_system_manager) by extension 'colcon_pkg'
[2.985s] Level 1:colcon.colcon_core.package_identification:_identify(src/ros2_system_manager) by extensions ['colcon_meta']
[2.985s] Level 1:colcon.colcon_core.package_identification:_identify(src/ros2_system_manager) by extension 'colcon_meta'
[2.985s] Level 1:colcon.colcon_core.package_identification:_identify(src/ros2_system_manager) by extensions ['ros']
[2.986s] Level 1:colcon.colcon_core.package_identification:_identify(src/ros2_system_manager) by extension 'ros'
[2.991s] DEBUG:colcon.colcon_core.package_identification:Package 'src/ros2_system_manager' with type 'ros.ament_python' and name 'ros2_system_manager'
[2.992s] Level 1:colcon.colcon_core.package_identification:_identify(src/ros2_teleop_keyboard) by extensions ['ignore', 'ignore_ament_install']
[2.993s] Level 1:colcon.colcon_core.package_identification:_identify(src/ros2_teleop_keyboard) by extension 'ignore'
[2.993s] Level 1:colcon.colcon_core.package_identification:_identify(src/ros2_teleop_keyboard) by extension 'ignore_ament_install'
[2.993s] Level 1:colcon.colcon_core.package_identification:_identify(src/ros2_teleop_keyboard) by extensions ['colcon_pkg']
[2.994s] Level 1:colcon.colcon_core.package_identification:_identify(src/ros2_teleop_keyboard) by extension 'colcon_pkg'
[2.994s] Level 1:colcon.colcon_core.package_identification:_identify(src/ros2_teleop_keyboard) by extensions ['colcon_meta']
[2.994s] Level 1:colcon.colcon_core.package_identification:_identify(src/ros2_teleop_keyboard) by extension 'colcon_meta'
[2.994s] Level 1:colcon.colcon_core.package_identification:_identify(src/ros2_teleop_keyboard) by extensions ['ros']
[2.995s] Level 1:colcon.colcon_core.package_identification:_identify(src/ros2_teleop_keyboard) by extension 'ros'
[2.998s] DEBUG:colcon.colcon_core.package_identification:Package 'src/ros2_teleop_keyboard' with type 'ros.ament_python' and name 'teleop_twist_keyboard'
[2.999s] Level 1:colcon.colcon_core.package_discovery:discover_packages(recursive) using defaults
[3.000s] Level 1:colcon.colcon_core.package_discovery:discover_packages(ignore) discover
[3.000s] Level 1:colcon.colcon_core.package_discovery:discover_packages(ignore) using defaults
[3.000s] Level 1:colcon.colcon_core.package_discovery:discover_packages(path) discover
[3.001s] Level 1:colcon.colcon_core.package_discovery:discover_packages(path) using defaults
[3.170s] INFO:colcon.colcon_core.package_selection:Skipping not selected package 'cpp_first_pkg' in 'src/rb_nanosaur/cpp_first_pkg'
[3.171s] INFO:colcon.colcon_core.package_selection:Skipping not selected package 'jetson_stats_msgs' in 'src/ros2_jetson_stats/jetson_stats_msgs'
[3.171s] INFO:colcon.colcon_core.package_selection:Skipping not selected package 'nanosaur_camera' in 'src/rb_nanosaur/nanosaur_camera'
[3.171s] INFO:colcon.colcon_core.package_selection:Skipping not selected package 'nanosaur_control' in 'src/nanosaur/nanosaur_control'
[3.171s] INFO:colcon.colcon_core.package_selection:Skipping not selected package 'nanosaur_description' in 'src/nanosaur/nanosaur_description'
[3.172s] INFO:colcon.colcon_core.package_selection:Skipping not selected package 'nanosaur_emotion' in 'src/rb_nanosaur/nanosaur_emotion'
[3.172s] INFO:colcon.colcon_core.package_selection:Skipping not selected package 'nanosaur_hardware' in 'src/rb_nanosaur/nanosaur_hardware'
[3.172s] INFO:colcon.colcon_core.package_selection:Skipping not selected package 'nanosaur_msgs' in 'src/nanosaur/nanosaur_msgs'
[3.172s] INFO:colcon.colcon_core.package_selection:Skipping not selected package 'nanosaur_simulations' in 'src/nanosaur_simulations/nanosaur_simulations'
[3.172s] INFO:colcon.colcon_core.package_selection:Skipping not selected package 'nanosaur_worlds' in 'src/nanosaur_simulations/nanosaur_worlds'
[3.173s] INFO:colcon.colcon_core.package_selection:Skipping not selected package 'ros2_shared' in 'src/ros2_shared'
[3.173s] INFO:colcon.colcon_core.package_selection:Skipping not selected package 'ros2_system_manager' in 'src/ros2_system_manager'
[3.173s] INFO:colcon.colcon_core.package_selection:Skipping not selected package 'teleop_twist_keyboard' in 'src/ros2_teleop_keyboard'
[3.173s] INFO:colcon.colcon_core.package_selection:Skipping not selected package 'webrtc_pkg' in 'src/rb_nanosaur/webrtc_pkg'
[3.173s] INFO:colcon.colcon_core.package_selection:Skipping not selected package 'jetson_stats_wrapper' in 'src/ros2_jetson_stats/jetson_stats_wrapper'
[3.173s] INFO:colcon.colcon_core.package_selection:Skipping not selected package 'nanosaur' in 'src/nanosaur/nanosaur'
[3.174s] INFO:colcon.colcon_core.package_selection:Skipping not selected package 'nanosaur_base' in 'src/nanosaur_robot/nanosaur_base'
[3.174s] INFO:colcon.colcon_core.package_selection:Skipping not selected package 'nanosaur_gazebo' in 'src/nanosaur_simulations/nanosaur_gazebo'
[3.174s] INFO:colcon.colcon_core.package_selection:Skipping not selected package 'nanosaur_ignition' in 'src/nanosaur_simulations/nanosaur_ignition'
[3.174s] INFO:colcon.colcon_core.package_selection:Skipping not selected package 'nanosaur_isaac_sim' in 'src/nanosaur_simulations/nanosaur_isaac_sim'
[3.174s] INFO:colcon.colcon_core.package_selection:Skipping not selected package 'ros2_jetson_stats' in 'src/ros2_jetson_stats/ros2_jetson_stats'
[3.174s] INFO:colcon.colcon_core.package_selection:Skipping not selected package 'nanosaur_bringup' in 'src/nanosaur_robot/nanosaur_bringup'
[3.175s] INFO:colcon.colcon_core.package_selection:Skipping not selected package 'nanosaur_robot' in 'src/nanosaur_robot/nanosaur_robot'
[3.180s] Level 1:colcon.colcon_core.package_discovery:discover_packages(prefix_path) check parameters
[3.181s] Level 1:colcon.colcon_core.package_discovery:discover_packages(prefix_path) discover
[3.214s] DEBUG:colcon.colcon_installed_package_information.package_discovery:Found 10 installed packages in /home/jetson/ros_ws/install
[3.226s] DEBUG:colcon.colcon_installed_package_information.package_discovery:Found 153 installed packages in /opt/ros/eloquent
[3.233s] Level 1:colcon.colcon_core.package_discovery:discover_packages(prefix_path) using defaults
[3.600s] Level 5:colcon.colcon_core.verb:set package 'gscam2' build argument 'cmake_args' from command line to 'None'
[3.601s] Level 5:colcon.colcon_core.verb:set package 'gscam2' build argument 'cmake_target' from command line to 'None'
[3.601s] Level 5:colcon.colcon_core.verb:set package 'gscam2' build argument 'cmake_target_skip_unavailable' from command line to 'False'
[3.601s] Level 5:colcon.colcon_core.verb:set package 'gscam2' build argument 'cmake_clean_cache' from command line to 'False'
[3.602s] Level 5:colcon.colcon_core.verb:set package 'gscam2' build argument 'cmake_clean_first' from command line to 'False'
[3.602s] Level 5:colcon.colcon_core.verb:set package 'gscam2' build argument 'cmake_force_configure' from command line to 'False'
[3.602s] Level 5:colcon.colcon_core.verb:set package 'gscam2' build argument 'ament_cmake_args' from command line to 'None'
[3.602s] Level 5:colcon.colcon_core.verb:set package 'gscam2' build argument 'catkin_cmake_args' from command line to 'None'
[3.602s] Level 5:colcon.colcon_core.verb:set package 'gscam2' build argument 'catkin_skip_building_tests' from command line to 'False'
[3.603s] DEBUG:colcon.colcon_core.verb:Building package 'gscam2' with the following arguments: {'ament_cmake_args': None, 'build_base': '/home/jetson/ros_ws/build/gscam2', 'catkin_cmake_args': None, 'catkin_skip_building_tests': False, 'cmake_args': None, 'cmake_clean_cache': False, 'cmake_clean_first': False, 'cmake_force_configure': False, 'cmake_target': None, 'cmake_target_skip_unavailable': False, 'install_base': '/home/jetson/ros_ws/install/gscam2', 'merge_install': False, 'path': '/home/jetson/ros_ws/src/gscam2', 'symlink_install': True, 'test_result_base': None}
[3.607s] INFO:colcon.colcon_core.executor:Executing jobs using 'parallel' executor
[3.629s] DEBUG:colcon.colcon_parallel_executor.executor.parallel:run_until_complete
[3.630s] INFO:colcon.colcon_ros.task.ament_cmake.build:Building ROS package in '/home/jetson/ros_ws/src/gscam2' with build type 'ament_cmake'
[3.631s] INFO:colcon.colcon_cmake.task.cmake.build:Building CMake package in '/home/jetson/ros_ws/src/gscam2'
[3.668s] INFO:colcon.colcon_core.plugin_system:Skipping extension 'colcon_core.shell.bat': Not used on non-Windows systems
[3.670s] INFO:colcon.colcon_core.shell:Skip shell extension 'powershell' for command environment: Not usable outside of PowerShell
[3.670s] DEBUG:colcon.colcon_core.shell:Skip shell extension 'dsv' for command environment
[3.735s] DEBUG:colcon.colcon_core.event_handler.log_command:Invoking command in '/home/jetson/ros_ws/build/gscam2': CMAKE_PREFIX_PATH=${CMAKE_PREFIX_PATH}:/home/jetson/ros_ws/install/nanosaur_hardware:/opt/ros/eloquent /usr/bin/cmake --build /home/jetson/ros_ws/build/gscam2 -- -j4 -l4
[5.207s] DEBUG:colcon.colcon_core.event_handler.log_command:Invoked command in '/home/jetson/ros_ws/build/gscam2' returned '2': CMAKE_PREFIX_PATH=${CMAKE_PREFIX_PATH}:/home/jetson/ros_ws/install/nanosaur_hardware:/opt/ros/eloquent /usr/bin/cmake --build /home/jetson/ros_ws/build/gscam2 -- -j4 -l4
[5.354s] Level 1:colcon.colcon_core.environment:create_environment_scripts_only(gscam2)
[5.385s] Level 1:colcon.colcon_core.environment:checking '/home/jetson/ros_ws/install/gscam2' for CMake module files
[5.388s] Level 1:colcon.colcon_core.environment:checking '/home/jetson/ros_ws/install/gscam2' for CMake config files
[5.392s] Level 1:colcon.colcon_core.environment:checking '/home/jetson/ros_ws/install/gscam2/bin'
[5.392s] Level 1:colcon.colcon_core.environment:checking '/home/jetson/ros_ws/install/gscam2/lib/pkgconfig/gscam2.pc'
[5.393s] Level 1:colcon.colcon_core.environment:checking '/home/jetson/ros_ws/install/gscam2/lib/python3.6/site-packages'
[5.394s] Level 1:colcon.colcon_core.environment:checking '/home/jetson/ros_ws/install/gscam2/bin'
[5.404s] INFO:colcon.colcon_core.shell:Creating package script '/home/jetson/ros_ws/install/gscam2/share/gscam2/package.ps1'
[5.409s] INFO:colcon.colcon_core.shell:Creating package descriptor '/home/jetson/ros_ws/install/gscam2/share/gscam2/package.dsv'
[5.413s] INFO:colcon.colcon_core.shell:Creating package script '/home/jetson/ros_ws/install/gscam2/share/gscam2/package.sh'
[5.421s] INFO:colcon.colcon_core.shell:Creating package script '/home/jetson/ros_ws/install/gscam2/share/gscam2/package.bash'
[5.427s] INFO:colcon.colcon_core.shell:Creating package script '/home/jetson/ros_ws/install/gscam2/share/gscam2/package.zsh'
[5.432s] Level 1:colcon.colcon_core.environment:create_file_with_runtime_dependencies(/home/jetson/ros_ws/install/gscam2/share/colcon-core/packages/gscam2)
[5.445s] DEBUG:colcon.colcon_parallel_executor.executor.parallel:closing loop
[5.446s] DEBUG:colcon.colcon_parallel_executor.executor.parallel:loop closed
[5.446s] DEBUG:colcon.colcon_parallel_executor.executor.parallel:run_until_complete finished with '2'
[5.447s] DEBUG:colcon.colcon_core.event_reactor:joining thread
[5.476s] INFO:colcon.colcon_core.plugin_system:Skipping extension 'colcon_notification.desktop_notification.terminal_notifier': Not used on non-Darwin systems
[5.476s] INFO:colcon.colcon_core.plugin_system:Skipping extension 'colcon_notification.desktop_notification.win32': Not used on non-Windows systems
[5.476s] INFO:colcon.colcon_notification.desktop_notification:Sending desktop notification using 'notify2'
[5.658s] DEBUG:colcon.colcon_core.event_reactor:joined thread
[5.668s] INFO:colcon.colcon_core.shell:Creating prefix script '/home/jetson/ros_ws/install/local_setup.ps1'
[5.674s] INFO:colcon.colcon_core.shell:Creating prefix util module '/home/jetson/ros_ws/install/_local_setup_util_ps1.py'
[5.685s] INFO:colcon.colcon_core.shell:Creating prefix chain script '/home/jetson/ros_ws/install/setup.ps1'
[5.696s] INFO:colcon.colcon_core.shell:Creating prefix script '/home/jetson/ros_ws/install/local_setup.sh'
[5.700s] INFO:colcon.colcon_core.shell:Creating prefix util module '/home/jetson/ros_ws/install/_local_setup_util_sh.py'
[5.702s] INFO:colcon.colcon_core.shell:Creating prefix chain script '/home/jetson/ros_ws/install/setup.sh'
[5.713s] INFO:colcon.colcon_core.shell:Creating prefix script '/home/jetson/ros_ws/install/local_setup.bash'
[5.717s] INFO:colcon.colcon_core.shell:Creating prefix chain script '/home/jetson/ros_ws/install/setup.bash'
[5.728s] INFO:colcon.colcon_core.shell:Creating prefix script '/home/jetson/ros_ws/install/local_setup.zsh'
[5.731s] INFO:colcon.colcon_core.shell:Creating prefix chain script '/home/jetson/ros_ws/install/setup.zsh'
