Determining if the pthread_create exist failed with the following output:
Change Dir: /home/jetson/ros_ws/build/gscam2/CMakeFiles/CMakeTmp

Run Build Command:"/usr/bin/make" "cmTC_49228/fast"
/usr/bin/make -f CMakeFiles/cmTC_49228.dir/build.make CMakeFiles/cmTC_49228.dir/build
make[1]: Entering directory '/home/jetson/ros_ws/build/gscam2/CMakeFiles/CMakeTmp'
Building C object CMakeFiles/cmTC_49228.dir/CheckSymbolExists.c.o
/usr/bin/cc    -o CMakeFiles/cmTC_49228.dir/CheckSymbolExists.c.o   -c /home/jetson/ros_ws/build/gscam2/CMakeFiles/CMakeTmp/CheckSymbolExists.c
Linking C executable cmTC_49228
/usr/bin/cmake -E cmake_link_script CMakeFiles/cmTC_49228.dir/link.txt --verbose=1
/usr/bin/cc      CMakeFiles/cmTC_49228.dir/CheckSymbolExists.c.o  -o cmTC_49228 
CMakeFiles/cmTC_49228.dir/CheckSymbolExists.c.o: In function `main':
CheckSymbolExists.c:(.text+0x14): undefined reference to `pthread_create'
CheckSymbolExists.c:(.text+0x18): undefined reference to `pthread_create'
collect2: error: ld returned 1 exit status
CMakeFiles/cmTC_49228.dir/build.make:97: recipe for target 'cmTC_49228' failed
make[1]: *** [cmTC_49228] Error 1
make[1]: Leaving directory '/home/jetson/ros_ws/build/gscam2/CMakeFiles/CMakeTmp'
Makefile:126: recipe for target 'cmTC_49228/fast' failed
make: *** [cmTC_49228/fast] Error 2

File /home/jetson/ros_ws/build/gscam2/CMakeFiles/CMakeTmp/CheckSymbolExists.c:
/* */
#include <pthread.h>

int main(int argc, char** argv)
{
  (void)argv;
#ifndef pthread_create
  return ((int*)(&pthread_create))[argc];
#else
  (void)argc;
  return 0;
#endif
}

Determining if the function pthread_create exists in the pthreads failed with the following output:
Change Dir: /home/jetson/ros_ws/build/gscam2/CMakeFiles/CMakeTmp

Run Build Command:"/usr/bin/make" "cmTC_420f0/fast"
/usr/bin/make -f CMakeFiles/cmTC_420f0.dir/build.make CMakeFiles/cmTC_420f0.dir/build
make[1]: Entering directory '/home/jetson/ros_ws/build/gscam2/CMakeFiles/CMakeTmp'
Building C object CMakeFiles/cmTC_420f0.dir/CheckFunctionExists.c.o
/usr/bin/cc   -DCHECK_FUNCTION_EXISTS=pthread_create   -o CMakeFiles/cmTC_420f0.dir/CheckFunctionExists.c.o   -c /usr/share/cmake-3.10/Modules/CheckFunctionExists.c
Linking C executable cmTC_420f0
/usr/bin/cmake -E cmake_link_script CMakeFiles/cmTC_420f0.dir/link.txt --verbose=1
/usr/bin/cc  -DCHECK_FUNCTION_EXISTS=pthread_create    CMakeFiles/cmTC_420f0.dir/CheckFunctionExists.c.o  -o cmTC_420f0 -lpthreads 
/usr/bin/ld: cannot find -lpthreads
collect2: error: ld returned 1 exit status
CMakeFiles/cmTC_420f0.dir/build.make:97: recipe for target 'cmTC_420f0' failed
make[1]: *** [cmTC_420f0] Error 1
make[1]: Leaving directory '/home/jetson/ros_ws/build/gscam2/CMakeFiles/CMakeTmp'
Makefile:126: recipe for target 'cmTC_420f0/fast' failed
make: *** [cmTC_420f0/fast] Error 2


