running develop
running egg_info
creating image_pub.egg-info
writing image_pub.egg-info/PKG-INFO
writing dependency_links to image_pub.egg-info/dependency_links.txt
writing entry points to image_pub.egg-info/entry_points.txt
writing requirements to image_pub.egg-info/requires.txt
writing top-level names to image_pub.egg-info/top_level.txt
writing manifest file 'image_pub.egg-info/SOURCES.txt'
reading manifest file 'image_pub.egg-info/SOURCES.txt'
writing manifest file 'image_pub.egg-info/SOURCES.txt'
running build_ext
Creating /home/jetson/ros_ws/install/image_pub/lib/python3.6/site-packages/image-pub.egg-link (link to .)
Installing image_pub script to /home/jetson/ros_ws/install/image_pub/lib/image_pub

Installed /home/jetson/ros_ws/build/image_pub
running install_data
creating /home/jetson/ros_ws/install/image_pub/share/ament_index
creating /home/jetson/ros_ws/install/image_pub/share/ament_index/resource_index
creating /home/jetson/ros_ws/install/image_pub/share/ament_index/resource_index/packages
copying resource/image_pub -> /home/jetson/ros_ws/install/image_pub/share/ament_index/resource_index/packages
copying package.xml -> /home/jetson/ros_ws/install/image_pub/share/image_pub
