[0.079s] Invoking command in '/home/jetson/ros_ws/build/nanosaur_camera': CMAKE_PREFIX_PATH=/opt/ros/eloquent /usr/bin/cmake /home/jetson/ros_ws/src/rb_nanosaur/nanosaur_camera -DAMENT_CMAKE_SYMLINK_INSTALL=1 -DCMAKE_INSTALL_PREFIX=/home/jetson/ros_ws/install/nanosaur_camera
[0.654s] -- Found ament_cmake: 0.8.3 (/opt/ros/eloquent/share/ament_cmake/cmake)
[0.825s] -- Using PYTHON_EXECUTABLE: /usr/bin/python3
[2.208s] -- Override CMake install command with custom implementation using symlinks instead of copying resources
[2.273s] -- Found rclcpp: 0.8.5 (/opt/ros/eloquent/share/rclcpp/cmake)
[2.337s] -- Found rosidl_adapter: 0.8.3 (/opt/ros/eloquent/share/rosidl_adapter/cmake)
[2.501s] -- Found rmw_implementation_cmake: 0.8.1 (/opt/ros/eloquent/share/rmw_implementation_cmake/cmake)
[2.509s] -- Using RMW implementation 'rmw_fastrtps_cpp' as default
[2.659s] -- Found sensor_msgs: 0.8.1 (/opt/ros/eloquent/share/sensor_msgs/cmake)
[2.758s] -- Found camera_info_manager: 2.2.1 (/opt/ros/eloquent/share/camera_info_manager/cmake)
[2.812s] CMake Error at CMakeLists.txt:24 (find_package):
[2.812s]   By not providing "Findjetson-utils.cmake" in CMAKE_MODULE_PATH this project
[2.813s]   has asked CMake to find a package configuration file provided by
[2.813s]   "jetson-utils", but CMake did not find one.
[2.814s] 
[2.815s]   Could not find a package configuration file provided by "jetson-utils" with
[2.815s]   any of the following names:
[2.817s] 
[2.817s]     jetson-utilsConfig.cmake
[2.818s]     jetson-utils-config.cmake
[2.819s] 
[2.819s]   Add the installation prefix of "jetson-utils" to CMAKE_PREFIX_PATH or set
[2.820s]   "jetson-utils_DIR" to a directory containing one of the above files.  If
[2.820s]   "jetson-utils" provides a separate development package or SDK, be sure it
[2.821s]   has been installed.
[2.822s] 
[2.822s] 
[2.823s] -- Configuring incomplete, errors occurred!
[2.824s] See also "/home/jetson/ros_ws/build/nanosaur_camera/CMakeFiles/CMakeOutput.log".
[2.824s] See also "/home/jetson/ros_ws/build/nanosaur_camera/CMakeFiles/CMakeError.log".
[2.839s] Invoked command in '/home/jetson/ros_ws/build/nanosaur_camera' returned '1': CMAKE_PREFIX_PATH=/opt/ros/eloquent /usr/bin/cmake /home/jetson/ros_ws/src/rb_nanosaur/nanosaur_camera -DAMENT_CMAKE_SYMLINK_INSTALL=1 -DCMAKE_INSTALL_PREFIX=/home/jetson/ros_ws/install/nanosaur_camera
