[2.353s] DEBUG:colcon:Command line arguments: ['/usr/bin/colcon', 'build', '--symlink-install', '--packages-select', 'gscam2']
[2.354s] DEBUG:colcon:Parsed command line arguments: Namespace(allow_overriding=[], ament_cmake_args=None, base_paths=['.'], build_base='build', catkin_cmake_args=None, catkin_skip_building_tests=False, cmake_args=None, cmake_clean_cache=False, cmake_clean_first=False, cmake_force_configure=False, cmake_target=None, cmake_target_skip_unavailable=False, continue_on_error=False, event_handlers=None, executor='parallel', ignore_user_meta=False, install_base='install', log_base=None, log_level=None, main=<bound method BuildVerb.main of <colcon_core.verb.build.BuildVerb object at 0x7fb0ff5b38>>, merge_install=False, metas=['./colcon.meta'], packages_above=None, packages_above_and_dependencies=None, packages_above_depth=None, packages_end=None, packages_ignore=None, packages_ignore_regex=None, packages_select=['gscam2'], packages_select_build_failed=False, packages_select_by_dep=None, packages_select_regex=None, packages_select_test_failures=False, packages_skip=None, packages_skip_build_finished=False, packages_skip_by_dep=None, packages_skip_regex=None, packages_skip_test_passed=False, packages_skip_up_to=None, packages_start=None, packages_up_to=None, packages_up_to_regex=None, parallel_workers=4, paths=None, symlink_install=True, test_result_base=None, verb_extension=<colcon_core.verb.build.BuildVerb object at 0x7fb0ff5b38>, verb_name='build', verb_parser=<colcon_defaults.argument_parser.defaults.DefaultArgumentsDecorator object at 0x7fb0ed2278>)
[2.535s] Level 1:colcon.colcon_core.package_discovery:discover_packages(colcon_meta) check parameters
[2.536s] Level 1:colcon.colcon_core.package_discovery:discover_packages(recursive) check parameters
[2.536s] Level 1:colcon.colcon_core.package_discovery:discover_packages(ignore) check parameters
[2.536s] Level 1:colcon.colcon_core.package_discovery:discover_packages(path) check parameters
[2.537s] Level 1:colcon.colcon_core.package_discovery:discover_packages(colcon_meta) discover
[2.538s] Level 1:colcon.colcon_core.package_discovery:discover_packages(recursive) discover
[2.539s] INFO:colcon.colcon_core.package_discovery:Crawling recursively for packages in '/home/jetson/ros_ws'
[2.539s] Level 1:colcon.colcon_core.package_identification:_identify(.) by extensions ['ignore', 'ignore_ament_install']
[2.540s] Level 1:colcon.colcon_core.package_identification:_identify(.) by extension 'ignore'
[2.540s] Level 1:colcon.colcon_core.package_identification:_identify(.) by extension 'ignore_ament_install'
[2.540s] Level 1:colcon.colcon_core.package_identification:_identify(.) by extensions ['colcon_pkg']
[2.541s] Level 1:colcon.colcon_core.package_identification:_identify(.) by extension 'colcon_pkg'
[2.541s] Level 1:colcon.colcon_core.package_identification:_identify(.) by extensions ['colcon_meta']
[2.541s] Level 1:colcon.colcon_core.package_identification:_identify(.) by extension 'colcon_meta'
[2.541s] Level 1:colcon.colcon_core.package_identification:_identify(.) by extensions ['ros']
[2.542s] Level 1:colcon.colcon_core.package_identification:_identify(.) by extension 'ros'
[2.612s] Level 1:colcon.colcon_core.package_identification:_identify(.) by extensions ['cmake', 'python']
[2.612s] Level 1:colcon.colcon_core.package_identification:_identify(.) by extension 'cmake'
[2.613s] Level 1:colcon.colcon_core.package_identification:_identify(.) by extension 'python'
[2.613s] Level 1:colcon.colcon_core.package_identification:_identify(.) by extensions ['python_setup_py']
[2.613s] Level 1:colcon.colcon_core.package_identification:_identify(.) by extension 'python_setup_py'
[2.614s] Level 1:colcon.colcon_core.package_identification:_identify(build) by extensions ['ignore', 'ignore_ament_install']
[2.615s] Level 1:colcon.colcon_core.package_identification:_identify(build) by extension 'ignore'
[2.615s] Level 1:colcon.colcon_core.package_identification:_identify(build) ignored
[2.617s] Level 1:colcon.colcon_core.package_identification:_identify(install) by extensions ['ignore', 'ignore_ament_install']
[2.618s] Level 1:colcon.colcon_core.package_identification:_identify(install) by extension 'ignore'
[2.618s] Level 1:colcon.colcon_core.package_identification:_identify(install) ignored
[2.619s] Level 1:colcon.colcon_core.package_identification:_identify(log) by extensions ['ignore', 'ignore_ament_install']
[2.619s] Level 1:colcon.colcon_core.package_identification:_identify(log) by extension 'ignore'
[2.619s] Level 1:colcon.colcon_core.package_identification:_identify(log) ignored
[2.622s] Level 1:colcon.colcon_core.package_identification:_identify(src) by extensions ['ignore', 'ignore_ament_install']
[2.623s] Level 1:colcon.colcon_core.package_identification:_identify(src) by extension 'ignore'
[2.623s] Level 1:colcon.colcon_core.package_identification:_identify(src) by extension 'ignore_ament_install'
[2.624s] Level 1:colcon.colcon_core.package_identification:_identify(src) by extensions ['colcon_pkg']
[2.624s] Level 1:colcon.colcon_core.package_identification:_identify(src) by extension 'colcon_pkg'
[2.624s] Level 1:colcon.colcon_core.package_identification:_identify(src) by extensions ['colcon_meta']
[2.624s] Level 1:colcon.colcon_core.package_identification:_identify(src) by extension 'colcon_meta'
[2.625s] Level 1:colcon.colcon_core.package_identification:_identify(src) by extensions ['ros']
[2.625s] Level 1:colcon.colcon_core.package_identification:_identify(src) by extension 'ros'
[2.625s] Level 1:colcon.colcon_core.package_identification:_identify(src) by extensions ['cmake', 'python']
[2.626s] Level 1:colcon.colcon_core.package_identification:_identify(src) by extension 'cmake'
[2.626s] Level 1:colcon.colcon_core.package_identification:_identify(src) by extension 'python'
[2.626s] Level 1:colcon.colcon_core.package_identification:_identify(src) by extensions ['python_setup_py']
[2.626s] Level 1:colcon.colcon_core.package_identification:_identify(src) by extension 'python_setup_py'
[2.627s] Level 1:colcon.colcon_core.package_identification:_identify(src/gscam2) by extensions ['ignore', 'ignore_ament_install']
[2.628s] Level 1:colcon.colcon_core.package_identification:_identify(src/gscam2) by extension 'ignore'
[2.628s] Level 1:colcon.colcon_core.package_identification:_identify(src/gscam2) by extension 'ignore_ament_install'
[2.628s] Level 1:colcon.colcon_core.package_identification:_identify(src/gscam2) by extensions ['colcon_pkg']
[2.629s] Level 1:colcon.colcon_core.package_identification:_identify(src/gscam2) by extension 'colcon_pkg'
[2.629s] Level 1:colcon.colcon_core.package_identification:_identify(src/gscam2) by extensions ['colcon_meta']
[2.629s] Level 1:colcon.colcon_core.package_identification:_identify(src/gscam2) by extension 'colcon_meta'
[2.629s] Level 1:colcon.colcon_core.package_identification:_identify(src/gscam2) by extensions ['ros']
[2.630s] Level 1:colcon.colcon_core.package_identification:_identify(src/gscam2) by extension 'ros'
[2.657s] DEBUG:colcon.colcon_core.package_identification:Package 'src/gscam2' with type 'ros.ament_cmake' and name 'gscam2'
[2.657s] Level 1:colcon.colcon_core.package_identification:_identify(src/nanosaur) by extensions ['ignore', 'ignore_ament_install']
[2.658s] Level 1:colcon.colcon_core.package_identification:_identify(src/nanosaur) by extension 'ignore'
[2.658s] Level 1:colcon.colcon_core.package_identification:_identify(src/nanosaur) by extension 'ignore_ament_install'
[2.659s] Level 1:colcon.colcon_core.package_identification:_identify(src/nanosaur) by extensions ['colcon_pkg']
[2.659s] Level 1:colcon.colcon_core.package_identification:_identify(src/nanosaur) by extension 'colcon_pkg'
[2.659s] Level 1:colcon.colcon_core.package_identification:_identify(src/nanosaur) by extensions ['colcon_meta']
[2.660s] Level 1:colcon.colcon_core.package_identification:_identify(src/nanosaur) by extension 'colcon_meta'
[2.660s] Level 1:colcon.colcon_core.package_identification:_identify(src/nanosaur) by extensions ['ros']
[2.660s] Level 1:colcon.colcon_core.package_identification:_identify(src/nanosaur) by extension 'ros'
[2.661s] Level 1:colcon.colcon_core.package_identification:_identify(src/nanosaur) by extensions ['cmake', 'python']
[2.661s] Level 1:colcon.colcon_core.package_identification:_identify(src/nanosaur) by extension 'cmake'
[2.661s] Level 1:colcon.colcon_core.package_identification:_identify(src/nanosaur) by extension 'python'
[2.662s] Level 1:colcon.colcon_core.package_identification:_identify(src/nanosaur) by extensions ['python_setup_py']
[2.662s] Level 1:colcon.colcon_core.package_identification:_identify(src/nanosaur) by extension 'python_setup_py'
[2.663s] Level 1:colcon.colcon_core.package_identification:_identify(src/nanosaur/nanosaur) by extensions ['ignore', 'ignore_ament_install']
[2.663s] Level 1:colcon.colcon_core.package_identification:_identify(src/nanosaur/nanosaur) by extension 'ignore'
[2.664s] Level 1:colcon.colcon_core.package_identification:_identify(src/nanosaur/nanosaur) by extension 'ignore_ament_install'
[2.664s] Level 1:colcon.colcon_core.package_identification:_identify(src/nanosaur/nanosaur) by extensions ['colcon_pkg']
[2.664s] Level 1:colcon.colcon_core.package_identification:_identify(src/nanosaur/nanosaur) by extension 'colcon_pkg'
[2.665s] Level 1:colcon.colcon_core.package_identification:_identify(src/nanosaur/nanosaur) by extensions ['colcon_meta']
[2.665s] Level 1:colcon.colcon_core.package_identification:_identify(src/nanosaur/nanosaur) by extension 'colcon_meta'
[2.665s] Level 1:colcon.colcon_core.package_identification:_identify(src/nanosaur/nanosaur) by extensions ['ros']
[2.666s] Level 1:colcon.colcon_core.package_identification:_identify(src/nanosaur/nanosaur) by extension 'ros'
[2.670s] DEBUG:colcon.colcon_core.package_identification:Package 'src/nanosaur/nanosaur' with type 'ros.ament_cmake' and name 'nanosaur'
[2.671s] Level 1:colcon.colcon_core.package_identification:_identify(src/nanosaur/nanosaur_control) by extensions ['ignore', 'ignore_ament_install']
[2.672s] Level 1:colcon.colcon_core.package_identification:_identify(src/nanosaur/nanosaur_control) by extension 'ignore'
[2.672s] Level 1:colcon.colcon_core.package_identification:_identify(src/nanosaur/nanosaur_control) by extension 'ignore_ament_install'
[2.672s] Level 1:colcon.colcon_core.package_identification:_identify(src/nanosaur/nanosaur_control) by extensions ['colcon_pkg']
[2.673s] Level 1:colcon.colcon_core.package_identification:_identify(src/nanosaur/nanosaur_control) by extension 'colcon_pkg'
[2.673s] Level 1:colcon.colcon_core.package_identification:_identify(src/nanosaur/nanosaur_control) by extensions ['colcon_meta']
[2.673s] Level 1:colcon.colcon_core.package_identification:_identify(src/nanosaur/nanosaur_control) by extension 'colcon_meta'
[2.673s] Level 1:colcon.colcon_core.package_identification:_identify(src/nanosaur/nanosaur_control) by extensions ['ros']
[2.674s] Level 1:colcon.colcon_core.package_identification:_identify(src/nanosaur/nanosaur_control) by extension 'ros'
[2.678s] DEBUG:colcon.colcon_core.package_identification:Package 'src/nanosaur/nanosaur_control' with type 'ros.ament_cmake' and name 'nanosaur_control'
[2.679s] Level 1:colcon.colcon_core.package_identification:_identify(src/nanosaur/nanosaur_description) by extensions ['ignore', 'ignore_ament_install']
[2.680s] Level 1:colcon.colcon_core.package_identification:_identify(src/nanosaur/nanosaur_description) by extension 'ignore'
[2.680s] Level 1:colcon.colcon_core.package_identification:_identify(src/nanosaur/nanosaur_description) by extension 'ignore_ament_install'
[2.680s] Level 1:colcon.colcon_core.package_identification:_identify(src/nanosaur/nanosaur_description) by extensions ['colcon_pkg']
[2.681s] Level 1:colcon.colcon_core.package_identification:_identify(src/nanosaur/nanosaur_description) by extension 'colcon_pkg'
[2.681s] Level 1:colcon.colcon_core.package_identification:_identify(src/nanosaur/nanosaur_description) by extensions ['colcon_meta']
[2.681s] Level 1:colcon.colcon_core.package_identification:_identify(src/nanosaur/nanosaur_description) by extension 'colcon_meta'
[2.681s] Level 1:colcon.colcon_core.package_identification:_identify(src/nanosaur/nanosaur_description) by extensions ['ros']
[2.682s] Level 1:colcon.colcon_core.package_identification:_identify(src/nanosaur/nanosaur_description) by extension 'ros'
[2.686s] DEBUG:colcon.colcon_core.package_identification:Package 'src/nanosaur/nanosaur_description' with type 'ros.ament_cmake' and name 'nanosaur_description'
[2.687s] Level 1:colcon.colcon_core.package_identification:_identify(src/nanosaur/nanosaur_msgs) by extensions ['ignore', 'ignore_ament_install']
[2.687s] Level 1:colcon.colcon_core.package_identification:_identify(src/nanosaur/nanosaur_msgs) by extension 'ignore'
[2.688s] Level 1:colcon.colcon_core.package_identification:_identify(src/nanosaur/nanosaur_msgs) by extension 'ignore_ament_install'
[2.688s] Level 1:colcon.colcon_core.package_identification:_identify(src/nanosaur/nanosaur_msgs) by extensions ['colcon_pkg']
[2.688s] Level 1:colcon.colcon_core.package_identification:_identify(src/nanosaur/nanosaur_msgs) by extension 'colcon_pkg'
[2.689s] Level 1:colcon.colcon_core.package_identification:_identify(src/nanosaur/nanosaur_msgs) by extensions ['colcon_meta']
[2.689s] Level 1:colcon.colcon_core.package_identification:_identify(src/nanosaur/nanosaur_msgs) by extension 'colcon_meta'
[2.689s] Level 1:colcon.colcon_core.package_identification:_identify(src/nanosaur/nanosaur_msgs) by extensions ['ros']
[2.690s] Level 1:colcon.colcon_core.package_identification:_identify(src/nanosaur/nanosaur_msgs) by extension 'ros'
[2.695s] DEBUG:colcon.colcon_core.package_identification:Package 'src/nanosaur/nanosaur_msgs' with type 'ros.ament_cmake' and name 'nanosaur_msgs'
[2.695s] Level 1:colcon.colcon_core.package_identification:_identify(src/nanosaur_robot) by extensions ['ignore', 'ignore_ament_install']
[2.696s] Level 1:colcon.colcon_core.package_identification:_identify(src/nanosaur_robot) by extension 'ignore'
[2.696s] Level 1:colcon.colcon_core.package_identification:_identify(src/nanosaur_robot) by extension 'ignore_ament_install'
[2.697s] Level 1:colcon.colcon_core.package_identification:_identify(src/nanosaur_robot) by extensions ['colcon_pkg']
[2.697s] Level 1:colcon.colcon_core.package_identification:_identify(src/nanosaur_robot) by extension 'colcon_pkg'
[2.697s] Level 1:colcon.colcon_core.package_identification:_identify(src/nanosaur_robot) by extensions ['colcon_meta']
[2.697s] Level 1:colcon.colcon_core.package_identification:_identify(src/nanosaur_robot) by extension 'colcon_meta'
[2.698s] Level 1:colcon.colcon_core.package_identification:_identify(src/nanosaur_robot) by extensions ['ros']
[2.698s] Level 1:colcon.colcon_core.package_identification:_identify(src/nanosaur_robot) by extension 'ros'
[2.698s] Level 1:colcon.colcon_core.package_identification:_identify(src/nanosaur_robot) by extensions ['cmake', 'python']
[2.699s] Level 1:colcon.colcon_core.package_identification:_identify(src/nanosaur_robot) by extension 'cmake'
[2.699s] Level 1:colcon.colcon_core.package_identification:_identify(src/nanosaur_robot) by extension 'python'
[2.699s] Level 1:colcon.colcon_core.package_identification:_identify(src/nanosaur_robot) by extensions ['python_setup_py']
[2.699s] Level 1:colcon.colcon_core.package_identification:_identify(src/nanosaur_robot) by extension 'python_setup_py'
[2.700s] Level 1:colcon.colcon_core.package_identification:_identify(src/nanosaur_robot/nanosaur_base) by extensions ['ignore', 'ignore_ament_install']
[2.701s] Level 1:colcon.colcon_core.package_identification:_identify(src/nanosaur_robot/nanosaur_base) by extension 'ignore'
[2.701s] Level 1:colcon.colcon_core.package_identification:_identify(src/nanosaur_robot/nanosaur_base) by extension 'ignore_ament_install'
[2.701s] Level 1:colcon.colcon_core.package_identification:_identify(src/nanosaur_robot/nanosaur_base) by extensions ['colcon_pkg']
[2.702s] Level 1:colcon.colcon_core.package_identification:_identify(src/nanosaur_robot/nanosaur_base) by extension 'colcon_pkg'
[2.702s] Level 1:colcon.colcon_core.package_identification:_identify(src/nanosaur_robot/nanosaur_base) by extensions ['colcon_meta']
[2.702s] Level 1:colcon.colcon_core.package_identification:_identify(src/nanosaur_robot/nanosaur_base) by extension 'colcon_meta'
[2.702s] Level 1:colcon.colcon_core.package_identification:_identify(src/nanosaur_robot/nanosaur_base) by extensions ['ros']
[2.703s] Level 1:colcon.colcon_core.package_identification:_identify(src/nanosaur_robot/nanosaur_base) by extension 'ros'
[2.708s] DEBUG:colcon.colcon_core.package_identification:Package 'src/nanosaur_robot/nanosaur_base' with type 'ros.ament_python' and name 'nanosaur_base'
[2.708s] Level 1:colcon.colcon_core.package_identification:_identify(src/nanosaur_robot/nanosaur_bringup) by extensions ['ignore', 'ignore_ament_install']
[2.709s] Level 1:colcon.colcon_core.package_identification:_identify(src/nanosaur_robot/nanosaur_bringup) by extension 'ignore'
[2.709s] Level 1:colcon.colcon_core.package_identification:_identify(src/nanosaur_robot/nanosaur_bringup) by extension 'ignore_ament_install'
[2.710s] Level 1:colcon.colcon_core.package_identification:_identify(src/nanosaur_robot/nanosaur_bringup) by extensions ['colcon_pkg']
[2.710s] Level 1:colcon.colcon_core.package_identification:_identify(src/nanosaur_robot/nanosaur_bringup) by extension 'colcon_pkg'
[2.710s] Level 1:colcon.colcon_core.package_identification:_identify(src/nanosaur_robot/nanosaur_bringup) by extensions ['colcon_meta']
[2.711s] Level 1:colcon.colcon_core.package_identification:_identify(src/nanosaur_robot/nanosaur_bringup) by extension 'colcon_meta'
[2.711s] Level 1:colcon.colcon_core.package_identification:_identify(src/nanosaur_robot/nanosaur_bringup) by extensions ['ros']
[2.711s] Level 1:colcon.colcon_core.package_identification:_identify(src/nanosaur_robot/nanosaur_bringup) by extension 'ros'
[2.716s] DEBUG:colcon.colcon_core.package_identification:Package 'src/nanosaur_robot/nanosaur_bringup' with type 'ros.ament_cmake' and name 'nanosaur_bringup'
[2.717s] Level 1:colcon.colcon_core.package_identification:_identify(src/nanosaur_robot/nanosaur_robot) by extensions ['ignore', 'ignore_ament_install']
[2.717s] Level 1:colcon.colcon_core.package_identification:_identify(src/nanosaur_robot/nanosaur_robot) by extension 'ignore'
[2.718s] Level 1:colcon.colcon_core.package_identification:_identify(src/nanosaur_robot/nanosaur_robot) by extension 'ignore_ament_install'
[2.718s] Level 1:colcon.colcon_core.package_identification:_identify(src/nanosaur_robot/nanosaur_robot) by extensions ['colcon_pkg']
[2.719s] Level 1:colcon.colcon_core.package_identification:_identify(src/nanosaur_robot/nanosaur_robot) by extension 'colcon_pkg'
[2.719s] Level 1:colcon.colcon_core.package_identification:_identify(src/nanosaur_robot/nanosaur_robot) by extensions ['colcon_meta']
[2.719s] Level 1:colcon.colcon_core.package_identification:_identify(src/nanosaur_robot/nanosaur_robot) by extension 'colcon_meta'
[2.720s] Level 1:colcon.colcon_core.package_identification:_identify(src/nanosaur_robot/nanosaur_robot) by extensions ['ros']
[2.720s] Level 1:colcon.colcon_core.package_identification:_identify(src/nanosaur_robot/nanosaur_robot) by extension 'ros'
[2.724s] DEBUG:colcon.colcon_core.package_identification:Package 'src/nanosaur_robot/nanosaur_robot' with type 'ros.ament_cmake' and name 'nanosaur_robot'
[2.725s] Level 1:colcon.colcon_core.package_identification:_identify(src/nanosaur_simulations) by extensions ['ignore', 'ignore_ament_install']
[2.725s] Level 1:colcon.colcon_core.package_identification:_identify(src/nanosaur_simulations) by extension 'ignore'
[2.726s] Level 1:colcon.colcon_core.package_identification:_identify(src/nanosaur_simulations) by extension 'ignore_ament_install'
[2.726s] Level 1:colcon.colcon_core.package_identification:_identify(src/nanosaur_simulations) by extensions ['colcon_pkg']
[2.726s] Level 1:colcon.colcon_core.package_identification:_identify(src/nanosaur_simulations) by extension 'colcon_pkg'
[2.727s] Level 1:colcon.colcon_core.package_identification:_identify(src/nanosaur_simulations) by extensions ['colcon_meta']
[2.727s] Level 1:colcon.colcon_core.package_identification:_identify(src/nanosaur_simulations) by extension 'colcon_meta'
[2.727s] Level 1:colcon.colcon_core.package_identification:_identify(src/nanosaur_simulations) by extensions ['ros']
[2.727s] Level 1:colcon.colcon_core.package_identification:_identify(src/nanosaur_simulations) by extension 'ros'
[2.728s] Level 1:colcon.colcon_core.package_identification:_identify(src/nanosaur_simulations) by extensions ['cmake', 'python']
[2.728s] Level 1:colcon.colcon_core.package_identification:_identify(src/nanosaur_simulations) by extension 'cmake'
[2.728s] Level 1:colcon.colcon_core.package_identification:_identify(src/nanosaur_simulations) by extension 'python'
[2.729s] Level 1:colcon.colcon_core.package_identification:_identify(src/nanosaur_simulations) by extensions ['python_setup_py']
[2.729s] Level 1:colcon.colcon_core.package_identification:_identify(src/nanosaur_simulations) by extension 'python_setup_py'
[2.730s] Level 1:colcon.colcon_core.package_identification:_identify(src/nanosaur_simulations/nanosaur_gazebo) by extensions ['ignore', 'ignore_ament_install']
[2.730s] Level 1:colcon.colcon_core.package_identification:_identify(src/nanosaur_simulations/nanosaur_gazebo) by extension 'ignore'
[2.731s] Level 1:colcon.colcon_core.package_identification:_identify(src/nanosaur_simulations/nanosaur_gazebo) by extension 'ignore_ament_install'
[2.731s] Level 1:colcon.colcon_core.package_identification:_identify(src/nanosaur_simulations/nanosaur_gazebo) by extensions ['colcon_pkg']
[2.731s] Level 1:colcon.colcon_core.package_identification:_identify(src/nanosaur_simulations/nanosaur_gazebo) by extension 'colcon_pkg'
[2.731s] Level 1:colcon.colcon_core.package_identification:_identify(src/nanosaur_simulations/nanosaur_gazebo) by extensions ['colcon_meta']
[2.732s] Level 1:colcon.colcon_core.package_identification:_identify(src/nanosaur_simulations/nanosaur_gazebo) by extension 'colcon_meta'
[2.732s] Level 1:colcon.colcon_core.package_identification:_identify(src/nanosaur_simulations/nanosaur_gazebo) by extensions ['ros']
[2.732s] Level 1:colcon.colcon_core.package_identification:_identify(src/nanosaur_simulations/nanosaur_gazebo) by extension 'ros'
[2.737s] DEBUG:colcon.colcon_core.package_identification:Package 'src/nanosaur_simulations/nanosaur_gazebo' with type 'ros.ament_cmake' and name 'nanosaur_gazebo'
[2.738s] Level 1:colcon.colcon_core.package_identification:_identify(src/nanosaur_simulations/nanosaur_ignition) by extensions ['ignore', 'ignore_ament_install']
[2.739s] Level 1:colcon.colcon_core.package_identification:_identify(src/nanosaur_simulations/nanosaur_ignition) by extension 'ignore'
[2.739s] Level 1:colcon.colcon_core.package_identification:_identify(src/nanosaur_simulations/nanosaur_ignition) by extension 'ignore_ament_install'
[2.740s] Level 1:colcon.colcon_core.package_identification:_identify(src/nanosaur_simulations/nanosaur_ignition) by extensions ['colcon_pkg']
[2.740s] Level 1:colcon.colcon_core.package_identification:_identify(src/nanosaur_simulations/nanosaur_ignition) by extension 'colcon_pkg'
[2.740s] Level 1:colcon.colcon_core.package_identification:_identify(src/nanosaur_simulations/nanosaur_ignition) by extensions ['colcon_meta']
[2.740s] Level 1:colcon.colcon_core.package_identification:_identify(src/nanosaur_simulations/nanosaur_ignition) by extension 'colcon_meta'
[2.741s] Level 1:colcon.colcon_core.package_identification:_identify(src/nanosaur_simulations/nanosaur_ignition) by extensions ['ros']
[2.741s] Level 1:colcon.colcon_core.package_identification:_identify(src/nanosaur_simulations/nanosaur_ignition) by extension 'ros'
[2.746s] DEBUG:colcon.colcon_core.package_identification:Package 'src/nanosaur_simulations/nanosaur_ignition' with type 'ros.ament_python' and name 'nanosaur_ignition'
[2.747s] Level 1:colcon.colcon_core.package_identification:_identify(src/nanosaur_simulations/nanosaur_isaac_sim) by extensions ['ignore', 'ignore_ament_install']
[2.747s] Level 1:colcon.colcon_core.package_identification:_identify(src/nanosaur_simulations/nanosaur_isaac_sim) by extension 'ignore'
[2.748s] Level 1:colcon.colcon_core.package_identification:_identify(src/nanosaur_simulations/nanosaur_isaac_sim) by extension 'ignore_ament_install'
[2.748s] Level 1:colcon.colcon_core.package_identification:_identify(src/nanosaur_simulations/nanosaur_isaac_sim) by extensions ['colcon_pkg']
[2.748s] Level 1:colcon.colcon_core.package_identification:_identify(src/nanosaur_simulations/nanosaur_isaac_sim) by extension 'colcon_pkg'
[2.749s] Level 1:colcon.colcon_core.package_identification:_identify(src/nanosaur_simulations/nanosaur_isaac_sim) by extensions ['colcon_meta']
[2.749s] Level 1:colcon.colcon_core.package_identification:_identify(src/nanosaur_simulations/nanosaur_isaac_sim) by extension 'colcon_meta'
[2.749s] Level 1:colcon.colcon_core.package_identification:_identify(src/nanosaur_simulations/nanosaur_isaac_sim) by extensions ['ros']
[2.749s] Level 1:colcon.colcon_core.package_identification:_identify(src/nanosaur_simulations/nanosaur_isaac_sim) by extension 'ros'
[2.754s] DEBUG:colcon.colcon_core.package_identification:Package 'src/nanosaur_simulations/nanosaur_isaac_sim' with type 'ros.ament_cmake' and name 'nanosaur_isaac_sim'
[2.755s] Level 1:colcon.colcon_core.package_identification:_identify(src/nanosaur_simulations/nanosaur_simulations) by extensions ['ignore', 'ignore_ament_install']
[2.755s] Level 1:colcon.colcon_core.package_identification:_identify(src/nanosaur_simulations/nanosaur_simulations) by extension 'ignore'
[2.756s] Level 1:colcon.colcon_core.package_identification:_identify(src/nanosaur_simulations/nanosaur_simulations) by extension 'ignore_ament_install'
[2.756s] Level 1:colcon.colcon_core.package_identification:_identify(src/nanosaur_simulations/nanosaur_simulations) by extensions ['colcon_pkg']
[2.756s] Level 1:colcon.colcon_core.package_identification:_identify(src/nanosaur_simulations/nanosaur_simulations) by extension 'colcon_pkg'
[2.757s] Level 1:colcon.colcon_core.package_identification:_identify(src/nanosaur_simulations/nanosaur_simulations) by extensions ['colcon_meta']
[2.757s] Level 1:colcon.colcon_core.package_identification:_identify(src/nanosaur_simulations/nanosaur_simulations) by extension 'colcon_meta'
[2.757s] Level 1:colcon.colcon_core.package_identification:_identify(src/nanosaur_simulations/nanosaur_simulations) by extensions ['ros']
[2.758s] Level 1:colcon.colcon_core.package_identification:_identify(src/nanosaur_simulations/nanosaur_simulations) by extension 'ros'
[2.762s] DEBUG:colcon.colcon_core.package_identification:Package 'src/nanosaur_simulations/nanosaur_simulations' with type 'ros.ament_cmake' and name 'nanosaur_simulations'
[2.762s] Level 1:colcon.colcon_core.package_identification:_identify(src/nanosaur_simulations/nanosaur_worlds) by extensions ['ignore', 'ignore_ament_install']
[2.763s] Level 1:colcon.colcon_core.package_identification:_identify(src/nanosaur_simulations/nanosaur_worlds) by extension 'ignore'
[2.763s] Level 1:colcon.colcon_core.package_identification:_identify(src/nanosaur_simulations/nanosaur_worlds) by extension 'ignore_ament_install'
[2.764s] Level 1:colcon.colcon_core.package_identification:_identify(src/nanosaur_simulations/nanosaur_worlds) by extensions ['colcon_pkg']
[2.764s] Level 1:colcon.colcon_core.package_identification:_identify(src/nanosaur_simulations/nanosaur_worlds) by extension 'colcon_pkg'
[2.765s] Level 1:colcon.colcon_core.package_identification:_identify(src/nanosaur_simulations/nanosaur_worlds) by extensions ['colcon_meta']
[2.765s] Level 1:colcon.colcon_core.package_identification:_identify(src/nanosaur_simulations/nanosaur_worlds) by extension 'colcon_meta'
[2.765s] Level 1:colcon.colcon_core.package_identification:_identify(src/nanosaur_simulations/nanosaur_worlds) by extensions ['ros']
[2.766s] Level 1:colcon.colcon_core.package_identification:_identify(src/nanosaur_simulations/nanosaur_worlds) by extension 'ros'
[2.770s] DEBUG:colcon.colcon_core.package_identification:Package 'src/nanosaur_simulations/nanosaur_worlds' with type 'ros.ament_cmake' and name 'nanosaur_worlds'
[2.771s] Level 1:colcon.colcon_core.package_identification:_identify(src/rb_nanosaur) by extensions ['ignore', 'ignore_ament_install']
[2.772s] Level 1:colcon.colcon_core.package_identification:_identify(src/rb_nanosaur) by extension 'ignore'
[2.773s] Level 1:colcon.colcon_core.package_identification:_identify(src/rb_nanosaur) by extension 'ignore_ament_install'
[2.773s] Level 1:colcon.colcon_core.package_identification:_identify(src/rb_nanosaur) by extensions ['colcon_pkg']
[2.773s] Level 1:colcon.colcon_core.package_identification:_identify(src/rb_nanosaur) by extension 'colcon_pkg'
[2.774s] Level 1:colcon.colcon_core.package_identification:_identify(src/rb_nanosaur) by extensions ['colcon_meta']
[2.774s] Level 1:colcon.colcon_core.package_identification:_identify(src/rb_nanosaur) by extension 'colcon_meta'
[2.774s] Level 1:colcon.colcon_core.package_identification:_identify(src/rb_nanosaur) by extensions ['ros']
[2.775s] Level 1:colcon.colcon_core.package_identification:_identify(src/rb_nanosaur) by extension 'ros'
[2.775s] Level 1:colcon.colcon_core.package_identification:_identify(src/rb_nanosaur) by extensions ['cmake', 'python']
[2.775s] Level 1:colcon.colcon_core.package_identification:_identify(src/rb_nanosaur) by extension 'cmake'
[2.776s] Level 1:colcon.colcon_core.package_identification:_identify(src/rb_nanosaur) by extension 'python'
[2.776s] Level 1:colcon.colcon_core.package_identification:_identify(src/rb_nanosaur) by extensions ['python_setup_py']
[2.776s] Level 1:colcon.colcon_core.package_identification:_identify(src/rb_nanosaur) by extension 'python_setup_py'
[2.777s] Level 1:colcon.colcon_core.package_identification:_identify(src/rb_nanosaur/STL) by extensions ['ignore', 'ignore_ament_install']
[2.777s] Level 1:colcon.colcon_core.package_identification:_identify(src/rb_nanosaur/STL) by extension 'ignore'
[2.778s] Level 1:colcon.colcon_core.package_identification:_identify(src/rb_nanosaur/STL) by extension 'ignore_ament_install'
[2.778s] Level 1:colcon.colcon_core.package_identification:_identify(src/rb_nanosaur/STL) by extensions ['colcon_pkg']
[2.778s] Level 1:colcon.colcon_core.package_identification:_identify(src/rb_nanosaur/STL) by extension 'colcon_pkg'
[2.779s] Level 1:colcon.colcon_core.package_identification:_identify(src/rb_nanosaur/STL) by extensions ['colcon_meta']
[2.779s] Level 1:colcon.colcon_core.package_identification:_identify(src/rb_nanosaur/STL) by extension 'colcon_meta'
[2.779s] Level 1:colcon.colcon_core.package_identification:_identify(src/rb_nanosaur/STL) by extensions ['ros']
[2.779s] Level 1:colcon.colcon_core.package_identification:_identify(src/rb_nanosaur/STL) by extension 'ros'
[2.780s] Level 1:colcon.colcon_core.package_identification:_identify(src/rb_nanosaur/STL) by extensions ['cmake', 'python']
[2.780s] Level 1:colcon.colcon_core.package_identification:_identify(src/rb_nanosaur/STL) by extension 'cmake'
[2.780s] Level 1:colcon.colcon_core.package_identification:_identify(src/rb_nanosaur/STL) by extension 'python'
[2.781s] Level 1:colcon.colcon_core.package_identification:_identify(src/rb_nanosaur/STL) by extensions ['python_setup_py']
[2.781s] Level 1:colcon.colcon_core.package_identification:_identify(src/rb_nanosaur/STL) by extension 'python_setup_py'
[2.782s] Level 1:colcon.colcon_core.package_identification:_identify(src/rb_nanosaur/cpp_first_pkg) by extensions ['ignore', 'ignore_ament_install']
[2.782s] Level 1:colcon.colcon_core.package_identification:_identify(src/rb_nanosaur/cpp_first_pkg) by extension 'ignore'
[2.782s] Level 1:colcon.colcon_core.package_identification:_identify(src/rb_nanosaur/cpp_first_pkg) by extension 'ignore_ament_install'
[2.783s] Level 1:colcon.colcon_core.package_identification:_identify(src/rb_nanosaur/cpp_first_pkg) by extensions ['colcon_pkg']
[2.783s] Level 1:colcon.colcon_core.package_identification:_identify(src/rb_nanosaur/cpp_first_pkg) by extension 'colcon_pkg'
[2.783s] Level 1:colcon.colcon_core.package_identification:_identify(src/rb_nanosaur/cpp_first_pkg) by extensions ['colcon_meta']
[2.783s] Level 1:colcon.colcon_core.package_identification:_identify(src/rb_nanosaur/cpp_first_pkg) by extension 'colcon_meta'
[2.784s] Level 1:colcon.colcon_core.package_identification:_identify(src/rb_nanosaur/cpp_first_pkg) by extensions ['ros']
[2.784s] Level 1:colcon.colcon_core.package_identification:_identify(src/rb_nanosaur/cpp_first_pkg) by extension 'ros'
[2.788s] DEBUG:colcon.colcon_core.package_identification:Package 'src/rb_nanosaur/cpp_first_pkg' with type 'ros.ament_cmake' and name 'cpp_first_pkg'
[2.789s] Level 1:colcon.colcon_core.package_identification:_identify(src/rb_nanosaur/images) by extensions ['ignore', 'ignore_ament_install']
[2.790s] Level 1:colcon.colcon_core.package_identification:_identify(src/rb_nanosaur/images) by extension 'ignore'
[2.790s] Level 1:colcon.colcon_core.package_identification:_identify(src/rb_nanosaur/images) by extension 'ignore_ament_install'
[2.791s] Level 1:colcon.colcon_core.package_identification:_identify(src/rb_nanosaur/images) by extensions ['colcon_pkg']
[2.791s] Level 1:colcon.colcon_core.package_identification:_identify(src/rb_nanosaur/images) by extension 'colcon_pkg'
[2.792s] Level 1:colcon.colcon_core.package_identification:_identify(src/rb_nanosaur/images) by extensions ['colcon_meta']
[2.792s] Level 1:colcon.colcon_core.package_identification:_identify(src/rb_nanosaur/images) by extension 'colcon_meta'
[2.792s] Level 1:colcon.colcon_core.package_identification:_identify(src/rb_nanosaur/images) by extensions ['ros']
[2.792s] Level 1:colcon.colcon_core.package_identification:_identify(src/rb_nanosaur/images) by extension 'ros'
[2.793s] Level 1:colcon.colcon_core.package_identification:_identify(src/rb_nanosaur/images) by extensions ['cmake', 'python']
[2.793s] Level 1:colcon.colcon_core.package_identification:_identify(src/rb_nanosaur/images) by extension 'cmake'
[2.794s] Level 1:colcon.colcon_core.package_identification:_identify(src/rb_nanosaur/images) by extension 'python'
[2.794s] Level 1:colcon.colcon_core.package_identification:_identify(src/rb_nanosaur/images) by extensions ['python_setup_py']
[2.794s] Level 1:colcon.colcon_core.package_identification:_identify(src/rb_nanosaur/images) by extension 'python_setup_py'
[2.795s] Level 1:colcon.colcon_core.package_identification:_identify(src/rb_nanosaur/install) by extensions ['ignore', 'ignore_ament_install']
[2.795s] Level 1:colcon.colcon_core.package_identification:_identify(src/rb_nanosaur/install) by extension 'ignore'
[2.796s] Level 1:colcon.colcon_core.package_identification:_identify(src/rb_nanosaur/install) by extension 'ignore_ament_install'
[2.796s] Level 1:colcon.colcon_core.package_identification:_identify(src/rb_nanosaur/install) by extensions ['colcon_pkg']
[2.796s] Level 1:colcon.colcon_core.package_identification:_identify(src/rb_nanosaur/install) by extension 'colcon_pkg'
[2.797s] Level 1:colcon.colcon_core.package_identification:_identify(src/rb_nanosaur/install) by extensions ['colcon_meta']
[2.797s] Level 1:colcon.colcon_core.package_identification:_identify(src/rb_nanosaur/install) by extension 'colcon_meta'
[2.797s] Level 1:colcon.colcon_core.package_identification:_identify(src/rb_nanosaur/install) by extensions ['ros']
[2.797s] Level 1:colcon.colcon_core.package_identification:_identify(src/rb_nanosaur/install) by extension 'ros'
[2.798s] Level 1:colcon.colcon_core.package_identification:_identify(src/rb_nanosaur/install) by extensions ['cmake', 'python']
[2.798s] Level 1:colcon.colcon_core.package_identification:_identify(src/rb_nanosaur/install) by extension 'cmake'
[2.798s] Level 1:colcon.colcon_core.package_identification:_identify(src/rb_nanosaur/install) by extension 'python'
[2.799s] Level 1:colcon.colcon_core.package_identification:_identify(src/rb_nanosaur/install) by extensions ['python_setup_py']
[2.799s] Level 1:colcon.colcon_core.package_identification:_identify(src/rb_nanosaur/install) by extension 'python_setup_py'
[2.800s] Level 1:colcon.colcon_core.package_identification:_identify(src/rb_nanosaur/nanosaur_camera) by extensions ['ignore', 'ignore_ament_install']
[2.800s] Level 1:colcon.colcon_core.package_identification:_identify(src/rb_nanosaur/nanosaur_camera) by extension 'ignore'
[2.801s] Level 1:colcon.colcon_core.package_identification:_identify(src/rb_nanosaur/nanosaur_camera) by extension 'ignore_ament_install'
[2.801s] Level 1:colcon.colcon_core.package_identification:_identify(src/rb_nanosaur/nanosaur_camera) by extensions ['colcon_pkg']
[2.801s] Level 1:colcon.colcon_core.package_identification:_identify(src/rb_nanosaur/nanosaur_camera) by extension 'colcon_pkg'
[2.802s] Level 1:colcon.colcon_core.package_identification:_identify(src/rb_nanosaur/nanosaur_camera) by extensions ['colcon_meta']
[2.802s] Level 1:colcon.colcon_core.package_identification:_identify(src/rb_nanosaur/nanosaur_camera) by extension 'colcon_meta'
[2.802s] Level 1:colcon.colcon_core.package_identification:_identify(src/rb_nanosaur/nanosaur_camera) by extensions ['ros']
[2.802s] Level 1:colcon.colcon_core.package_identification:_identify(src/rb_nanosaur/nanosaur_camera) by extension 'ros'
[2.808s] DEBUG:colcon.colcon_core.package_identification:Package 'src/rb_nanosaur/nanosaur_camera' with type 'ros.ament_cmake' and name 'nanosaur_camera'
[2.809s] Level 1:colcon.colcon_core.package_identification:_identify(src/rb_nanosaur/nanosaur_emotion) by extensions ['ignore', 'ignore_ament_install']
[2.809s] Level 1:colcon.colcon_core.package_identification:_identify(src/rb_nanosaur/nanosaur_emotion) by extension 'ignore'
[2.810s] Level 1:colcon.colcon_core.package_identification:_identify(src/rb_nanosaur/nanosaur_emotion) by extension 'ignore_ament_install'
[2.810s] Level 1:colcon.colcon_core.package_identification:_identify(src/rb_nanosaur/nanosaur_emotion) by extensions ['colcon_pkg']
[2.810s] Level 1:colcon.colcon_core.package_identification:_identify(src/rb_nanosaur/nanosaur_emotion) by extension 'colcon_pkg'
[2.810s] Level 1:colcon.colcon_core.package_identification:_identify(src/rb_nanosaur/nanosaur_emotion) by extensions ['colcon_meta']
[2.811s] Level 1:colcon.colcon_core.package_identification:_identify(src/rb_nanosaur/nanosaur_emotion) by extension 'colcon_meta'
[2.811s] Level 1:colcon.colcon_core.package_identification:_identify(src/rb_nanosaur/nanosaur_emotion) by extensions ['ros']
[2.811s] Level 1:colcon.colcon_core.package_identification:_identify(src/rb_nanosaur/nanosaur_emotion) by extension 'ros'
[2.817s] DEBUG:colcon.colcon_core.package_identification:Package 'src/rb_nanosaur/nanosaur_emotion' with type 'ros.ament_cmake' and name 'nanosaur_emotion'
[2.818s] Level 1:colcon.colcon_core.package_identification:_identify(src/rb_nanosaur/nanosaur_hardware) by extensions ['ignore', 'ignore_ament_install']
[2.818s] Level 1:colcon.colcon_core.package_identification:_identify(src/rb_nanosaur/nanosaur_hardware) by extension 'ignore'
[2.819s] Level 1:colcon.colcon_core.package_identification:_identify(src/rb_nanosaur/nanosaur_hardware) by extension 'ignore_ament_install'
[2.819s] Level 1:colcon.colcon_core.package_identification:_identify(src/rb_nanosaur/nanosaur_hardware) by extensions ['colcon_pkg']
[2.819s] Level 1:colcon.colcon_core.package_identification:_identify(src/rb_nanosaur/nanosaur_hardware) by extension 'colcon_pkg'
[2.820s] Level 1:colcon.colcon_core.package_identification:_identify(src/rb_nanosaur/nanosaur_hardware) by extensions ['colcon_meta']
[2.820s] Level 1:colcon.colcon_core.package_identification:_identify(src/rb_nanosaur/nanosaur_hardware) by extension 'colcon_meta'
[2.820s] Level 1:colcon.colcon_core.package_identification:_identify(src/rb_nanosaur/nanosaur_hardware) by extensions ['ros']
[2.820s] Level 1:colcon.colcon_core.package_identification:_identify(src/rb_nanosaur/nanosaur_hardware) by extension 'ros'
[2.825s] DEBUG:colcon.colcon_core.package_identification:Package 'src/rb_nanosaur/nanosaur_hardware' with type 'ros.ament_python' and name 'nanosaur_hardware'
[2.826s] Level 1:colcon.colcon_core.package_identification:_identify(src/rb_nanosaur/tests) by extensions ['ignore', 'ignore_ament_install']
[2.827s] Level 1:colcon.colcon_core.package_identification:_identify(src/rb_nanosaur/tests) by extension 'ignore'
[2.827s] Level 1:colcon.colcon_core.package_identification:_identify(src/rb_nanosaur/tests) by extension 'ignore_ament_install'
[2.828s] Level 1:colcon.colcon_core.package_identification:_identify(src/rb_nanosaur/tests) by extensions ['colcon_pkg']
[2.828s] Level 1:colcon.colcon_core.package_identification:_identify(src/rb_nanosaur/tests) by extension 'colcon_pkg'
[2.828s] Level 1:colcon.colcon_core.package_identification:_identify(src/rb_nanosaur/tests) by extensions ['colcon_meta']
[2.828s] Level 1:colcon.colcon_core.package_identification:_identify(src/rb_nanosaur/tests) by extension 'colcon_meta'
[2.829s] Level 1:colcon.colcon_core.package_identification:_identify(src/rb_nanosaur/tests) by extensions ['ros']
[2.829s] Level 1:colcon.colcon_core.package_identification:_identify(src/rb_nanosaur/tests) by extension 'ros'
[2.830s] Level 1:colcon.colcon_core.package_identification:_identify(src/rb_nanosaur/tests) by extensions ['cmake', 'python']
[2.830s] Level 1:colcon.colcon_core.package_identification:_identify(src/rb_nanosaur/tests) by extension 'cmake'
[2.830s] Level 1:colcon.colcon_core.package_identification:_identify(src/rb_nanosaur/tests) by extension 'python'
[2.830s] Level 1:colcon.colcon_core.package_identification:_identify(src/rb_nanosaur/tests) by extensions ['python_setup_py']
[2.831s] Level 1:colcon.colcon_core.package_identification:_identify(src/rb_nanosaur/tests) by extension 'python_setup_py'
[2.831s] Level 1:colcon.colcon_core.package_identification:_identify(src/rb_nanosaur/webrtc_pkg) by extensions ['ignore', 'ignore_ament_install']
[2.832s] Level 1:colcon.colcon_core.package_identification:_identify(src/rb_nanosaur/webrtc_pkg) by extension 'ignore'
[2.832s] Level 1:colcon.colcon_core.package_identification:_identify(src/rb_nanosaur/webrtc_pkg) by extension 'ignore_ament_install'
[2.833s] Level 1:colcon.colcon_core.package_identification:_identify(src/rb_nanosaur/webrtc_pkg) by extensions ['colcon_pkg']
[2.833s] Level 1:colcon.colcon_core.package_identification:_identify(src/rb_nanosaur/webrtc_pkg) by extension 'colcon_pkg'
[2.833s] Level 1:colcon.colcon_core.package_identification:_identify(src/rb_nanosaur/webrtc_pkg) by extensions ['colcon_meta']
[2.834s] Level 1:colcon.colcon_core.package_identification:_identify(src/rb_nanosaur/webrtc_pkg) by extension 'colcon_meta'
[2.834s] Level 1:colcon.colcon_core.package_identification:_identify(src/rb_nanosaur/webrtc_pkg) by extensions ['ros']
[2.834s] Level 1:colcon.colcon_core.package_identification:_identify(src/rb_nanosaur/webrtc_pkg) by extension 'ros'
[2.840s] DEBUG:colcon.colcon_core.package_identification:Package 'src/rb_nanosaur/webrtc_pkg' with type 'ros.ament_python' and name 'webrtc_pkg'
[2.841s] Level 1:colcon.colcon_core.package_identification:_identify(src/ros2_jetson_stats) by extensions ['ignore', 'ignore_ament_install']
[2.842s] Level 1:colcon.colcon_core.package_identification:_identify(src/ros2_jetson_stats) by extension 'ignore'
[2.842s] Level 1:colcon.colcon_core.package_identification:_identify(src/ros2_jetson_stats) by extension 'ignore_ament_install'
[2.843s] Level 1:colcon.colcon_core.package_identification:_identify(src/ros2_jetson_stats) by extensions ['colcon_pkg']
[2.843s] Level 1:colcon.colcon_core.package_identification:_identify(src/ros2_jetson_stats) by extension 'colcon_pkg'
[2.843s] Level 1:colcon.colcon_core.package_identification:_identify(src/ros2_jetson_stats) by extensions ['colcon_meta']
[2.843s] Level 1:colcon.colcon_core.package_identification:_identify(src/ros2_jetson_stats) by extension 'colcon_meta'
[2.844s] Level 1:colcon.colcon_core.package_identification:_identify(src/ros2_jetson_stats) by extensions ['ros']
[2.844s] Level 1:colcon.colcon_core.package_identification:_identify(src/ros2_jetson_stats) by extension 'ros'
[2.844s] Level 1:colcon.colcon_core.package_identification:_identify(src/ros2_jetson_stats) by extensions ['cmake', 'python']
[2.845s] Level 1:colcon.colcon_core.package_identification:_identify(src/ros2_jetson_stats) by extension 'cmake'
[2.845s] Level 1:colcon.colcon_core.package_identification:_identify(src/ros2_jetson_stats) by extension 'python'
[2.845s] Level 1:colcon.colcon_core.package_identification:_identify(src/ros2_jetson_stats) by extensions ['python_setup_py']
[2.846s] Level 1:colcon.colcon_core.package_identification:_identify(src/ros2_jetson_stats) by extension 'python_setup_py'
[2.846s] Level 1:colcon.colcon_core.package_identification:_identify(src/ros2_jetson_stats/jetson_stats_msgs) by extensions ['ignore', 'ignore_ament_install']
[2.847s] Level 1:colcon.colcon_core.package_identification:_identify(src/ros2_jetson_stats/jetson_stats_msgs) by extension 'ignore'
[2.847s] Level 1:colcon.colcon_core.package_identification:_identify(src/ros2_jetson_stats/jetson_stats_msgs) by extension 'ignore_ament_install'
[2.848s] Level 1:colcon.colcon_core.package_identification:_identify(src/ros2_jetson_stats/jetson_stats_msgs) by extensions ['colcon_pkg']
[2.848s] Level 1:colcon.colcon_core.package_identification:_identify(src/ros2_jetson_stats/jetson_stats_msgs) by extension 'colcon_pkg'
[2.848s] Level 1:colcon.colcon_core.package_identification:_identify(src/ros2_jetson_stats/jetson_stats_msgs) by extensions ['colcon_meta']
[2.848s] Level 1:colcon.colcon_core.package_identification:_identify(src/ros2_jetson_stats/jetson_stats_msgs) by extension 'colcon_meta'
[2.849s] Level 1:colcon.colcon_core.package_identification:_identify(src/ros2_jetson_stats/jetson_stats_msgs) by extensions ['ros']
[2.849s] Level 1:colcon.colcon_core.package_identification:_identify(src/ros2_jetson_stats/jetson_stats_msgs) by extension 'ros'
[2.854s] DEBUG:colcon.colcon_core.package_identification:Package 'src/ros2_jetson_stats/jetson_stats_msgs' with type 'ros.ament_cmake' and name 'jetson_stats_msgs'
[2.855s] Level 1:colcon.colcon_core.package_identification:_identify(src/ros2_jetson_stats/jetson_stats_wrapper) by extensions ['ignore', 'ignore_ament_install']
[2.856s] Level 1:colcon.colcon_core.package_identification:_identify(src/ros2_jetson_stats/jetson_stats_wrapper) by extension 'ignore'
[2.856s] Level 1:colcon.colcon_core.package_identification:_identify(src/ros2_jetson_stats/jetson_stats_wrapper) by extension 'ignore_ament_install'
[2.856s] Level 1:colcon.colcon_core.package_identification:_identify(src/ros2_jetson_stats/jetson_stats_wrapper) by extensions ['colcon_pkg']
[2.857s] Level 1:colcon.colcon_core.package_identification:_identify(src/ros2_jetson_stats/jetson_stats_wrapper) by extension 'colcon_pkg'
[2.857s] Level 1:colcon.colcon_core.package_identification:_identify(src/ros2_jetson_stats/jetson_stats_wrapper) by extensions ['colcon_meta']
[2.857s] Level 1:colcon.colcon_core.package_identification:_identify(src/ros2_jetson_stats/jetson_stats_wrapper) by extension 'colcon_meta'
[2.858s] Level 1:colcon.colcon_core.package_identification:_identify(src/ros2_jetson_stats/jetson_stats_wrapper) by extensions ['ros']
[2.858s] Level 1:colcon.colcon_core.package_identification:_identify(src/ros2_jetson_stats/jetson_stats_wrapper) by extension 'ros'
[2.863s] DEBUG:colcon.colcon_core.package_identification:Package 'src/ros2_jetson_stats/jetson_stats_wrapper' with type 'ros.ament_python' and name 'jetson_stats_wrapper'
[2.863s] Level 1:colcon.colcon_core.package_identification:_identify(src/ros2_jetson_stats/ros2_jetson_stats) by extensions ['ignore', 'ignore_ament_install']
[2.864s] Level 1:colcon.colcon_core.package_identification:_identify(src/ros2_jetson_stats/ros2_jetson_stats) by extension 'ignore'
[2.864s] Level 1:colcon.colcon_core.package_identification:_identify(src/ros2_jetson_stats/ros2_jetson_stats) by extension 'ignore_ament_install'
[2.865s] Level 1:colcon.colcon_core.package_identification:_identify(src/ros2_jetson_stats/ros2_jetson_stats) by extensions ['colcon_pkg']
[2.865s] Level 1:colcon.colcon_core.package_identification:_identify(src/ros2_jetson_stats/ros2_jetson_stats) by extension 'colcon_pkg'
[2.865s] Level 1:colcon.colcon_core.package_identification:_identify(src/ros2_jetson_stats/ros2_jetson_stats) by extensions ['colcon_meta']
[2.865s] Level 1:colcon.colcon_core.package_identification:_identify(src/ros2_jetson_stats/ros2_jetson_stats) by extension 'colcon_meta'
[2.866s] Level 1:colcon.colcon_core.package_identification:_identify(src/ros2_jetson_stats/ros2_jetson_stats) by extensions ['ros']
[2.866s] Level 1:colcon.colcon_core.package_identification:_identify(src/ros2_jetson_stats/ros2_jetson_stats) by extension 'ros'
[2.870s] DEBUG:colcon.colcon_core.package_identification:Package 'src/ros2_jetson_stats/ros2_jetson_stats' with type 'ros.ament_cmake' and name 'ros2_jetson_stats'
[2.871s] Level 1:colcon.colcon_core.package_identification:_identify(src/ros2_shared) by extensions ['ignore', 'ignore_ament_install']
[2.872s] Level 1:colcon.colcon_core.package_identification:_identify(src/ros2_shared) by extension 'ignore'
[2.872s] Level 1:colcon.colcon_core.package_identification:_identify(src/ros2_shared) by extension 'ignore_ament_install'
[2.873s] Level 1:colcon.colcon_core.package_identification:_identify(src/ros2_shared) by extensions ['colcon_pkg']
[2.873s] Level 1:colcon.colcon_core.package_identification:_identify(src/ros2_shared) by extension 'colcon_pkg'
[2.873s] Level 1:colcon.colcon_core.package_identification:_identify(src/ros2_shared) by extensions ['colcon_meta']
[2.873s] Level 1:colcon.colcon_core.package_identification:_identify(src/ros2_shared) by extension 'colcon_meta'
[2.874s] Level 1:colcon.colcon_core.package_identification:_identify(src/ros2_shared) by extensions ['ros']
[2.874s] Level 1:colcon.colcon_core.package_identification:_identify(src/ros2_shared) by extension 'ros'
[2.878s] DEBUG:colcon.colcon_core.package_identification:Package 'src/ros2_shared' with type 'ros.ament_cmake' and name 'ros2_shared'
[2.879s] Level 1:colcon.colcon_core.package_identification:_identify(src/ros2_system_manager) by extensions ['ignore', 'ignore_ament_install']
[2.879s] Level 1:colcon.colcon_core.package_identification:_identify(src/ros2_system_manager) by extension 'ignore'
[2.880s] Level 1:colcon.colcon_core.package_identification:_identify(src/ros2_system_manager) by extension 'ignore_ament_install'
[2.880s] Level 1:colcon.colcon_core.package_identification:_identify(src/ros2_system_manager) by extensions ['colcon_pkg']
[2.881s] Level 1:colcon.colcon_core.package_identification:_identify(src/ros2_system_manager) by extension 'colcon_pkg'
[2.881s] Level 1:colcon.colcon_core.package_identification:_identify(src/ros2_system_manager) by extensions ['colcon_meta']
[2.881s] Level 1:colcon.colcon_core.package_identification:_identify(src/ros2_system_manager) by extension 'colcon_meta'
[2.881s] Level 1:colcon.colcon_core.package_identification:_identify(src/ros2_system_manager) by extensions ['ros']
[2.882s] Level 1:colcon.colcon_core.package_identification:_identify(src/ros2_system_manager) by extension 'ros'
[2.887s] DEBUG:colcon.colcon_core.package_identification:Package 'src/ros2_system_manager' with type 'ros.ament_python' and name 'ros2_system_manager'
[2.888s] Level 1:colcon.colcon_core.package_identification:_identify(src/ros2_teleop_keyboard) by extensions ['ignore', 'ignore_ament_install']
[2.888s] Level 1:colcon.colcon_core.package_identification:_identify(src/ros2_teleop_keyboard) by extension 'ignore'
[2.889s] Level 1:colcon.colcon_core.package_identification:_identify(src/ros2_teleop_keyboard) by extension 'ignore_ament_install'
[2.889s] Level 1:colcon.colcon_core.package_identification:_identify(src/ros2_teleop_keyboard) by extensions ['colcon_pkg']
[2.889s] Level 1:colcon.colcon_core.package_identification:_identify(src/ros2_teleop_keyboard) by extension 'colcon_pkg'
[2.890s] Level 1:colcon.colcon_core.package_identification:_identify(src/ros2_teleop_keyboard) by extensions ['colcon_meta']
[2.890s] Level 1:colcon.colcon_core.package_identification:_identify(src/ros2_teleop_keyboard) by extension 'colcon_meta'
[2.890s] Level 1:colcon.colcon_core.package_identification:_identify(src/ros2_teleop_keyboard) by extensions ['ros']
[2.890s] Level 1:colcon.colcon_core.package_identification:_identify(src/ros2_teleop_keyboard) by extension 'ros'
[2.895s] DEBUG:colcon.colcon_core.package_identification:Package 'src/ros2_teleop_keyboard' with type 'ros.ament_python' and name 'teleop_twist_keyboard'
[2.895s] Level 1:colcon.colcon_core.package_discovery:discover_packages(recursive) using defaults
[2.896s] Level 1:colcon.colcon_core.package_discovery:discover_packages(ignore) discover
[2.896s] Level 1:colcon.colcon_core.package_discovery:discover_packages(ignore) using defaults
[2.897s] Level 1:colcon.colcon_core.package_discovery:discover_packages(path) discover
[2.897s] Level 1:colcon.colcon_core.package_discovery:discover_packages(path) using defaults
[3.069s] INFO:colcon.colcon_core.package_selection:Skipping not selected package 'cpp_first_pkg' in 'src/rb_nanosaur/cpp_first_pkg'
[3.069s] INFO:colcon.colcon_core.package_selection:Skipping not selected package 'jetson_stats_msgs' in 'src/ros2_jetson_stats/jetson_stats_msgs'
[3.069s] INFO:colcon.colcon_core.package_selection:Skipping not selected package 'nanosaur_camera' in 'src/rb_nanosaur/nanosaur_camera'
[3.069s] INFO:colcon.colcon_core.package_selection:Skipping not selected package 'nanosaur_control' in 'src/nanosaur/nanosaur_control'
[3.070s] INFO:colcon.colcon_core.package_selection:Skipping not selected package 'nanosaur_description' in 'src/nanosaur/nanosaur_description'
[3.070s] INFO:colcon.colcon_core.package_selection:Skipping not selected package 'nanosaur_emotion' in 'src/rb_nanosaur/nanosaur_emotion'
[3.070s] INFO:colcon.colcon_core.package_selection:Skipping not selected package 'nanosaur_hardware' in 'src/rb_nanosaur/nanosaur_hardware'
[3.070s] INFO:colcon.colcon_core.package_selection:Skipping not selected package 'nanosaur_msgs' in 'src/nanosaur/nanosaur_msgs'
[3.070s] INFO:colcon.colcon_core.package_selection:Skipping not selected package 'nanosaur_simulations' in 'src/nanosaur_simulations/nanosaur_simulations'
[3.071s] INFO:colcon.colcon_core.package_selection:Skipping not selected package 'nanosaur_worlds' in 'src/nanosaur_simulations/nanosaur_worlds'
[3.071s] INFO:colcon.colcon_core.package_selection:Skipping not selected package 'ros2_shared' in 'src/ros2_shared'
[3.071s] INFO:colcon.colcon_core.package_selection:Skipping not selected package 'ros2_system_manager' in 'src/ros2_system_manager'
[3.071s] INFO:colcon.colcon_core.package_selection:Skipping not selected package 'teleop_twist_keyboard' in 'src/ros2_teleop_keyboard'
[3.071s] INFO:colcon.colcon_core.package_selection:Skipping not selected package 'webrtc_pkg' in 'src/rb_nanosaur/webrtc_pkg'
[3.071s] INFO:colcon.colcon_core.package_selection:Skipping not selected package 'jetson_stats_wrapper' in 'src/ros2_jetson_stats/jetson_stats_wrapper'
[3.072s] INFO:colcon.colcon_core.package_selection:Skipping not selected package 'nanosaur' in 'src/nanosaur/nanosaur'
[3.072s] INFO:colcon.colcon_core.package_selection:Skipping not selected package 'nanosaur_base' in 'src/nanosaur_robot/nanosaur_base'
[3.072s] INFO:colcon.colcon_core.package_selection:Skipping not selected package 'nanosaur_gazebo' in 'src/nanosaur_simulations/nanosaur_gazebo'
[3.072s] INFO:colcon.colcon_core.package_selection:Skipping not selected package 'nanosaur_ignition' in 'src/nanosaur_simulations/nanosaur_ignition'
[3.072s] INFO:colcon.colcon_core.package_selection:Skipping not selected package 'nanosaur_isaac_sim' in 'src/nanosaur_simulations/nanosaur_isaac_sim'
[3.072s] INFO:colcon.colcon_core.package_selection:Skipping not selected package 'ros2_jetson_stats' in 'src/ros2_jetson_stats/ros2_jetson_stats'
[3.073s] INFO:colcon.colcon_core.package_selection:Skipping not selected package 'nanosaur_bringup' in 'src/nanosaur_robot/nanosaur_bringup'
[3.073s] INFO:colcon.colcon_core.package_selection:Skipping not selected package 'nanosaur_robot' in 'src/nanosaur_robot/nanosaur_robot'
[3.078s] Level 1:colcon.colcon_core.package_discovery:discover_packages(prefix_path) check parameters
[3.078s] Level 1:colcon.colcon_core.package_discovery:discover_packages(prefix_path) discover
[3.103s] DEBUG:colcon.colcon_installed_package_information.package_discovery:Found 10 installed packages in /home/jetson/ros_ws/install
[3.115s] DEBUG:colcon.colcon_installed_package_information.package_discovery:Found 153 installed packages in /opt/ros/eloquent
[3.123s] Level 1:colcon.colcon_core.package_discovery:discover_packages(prefix_path) using defaults
[3.475s] Level 5:colcon.colcon_core.verb:set package 'gscam2' build argument 'cmake_args' from command line to 'None'
[3.475s] Level 5:colcon.colcon_core.verb:set package 'gscam2' build argument 'cmake_target' from command line to 'None'
[3.475s] Level 5:colcon.colcon_core.verb:set package 'gscam2' build argument 'cmake_target_skip_unavailable' from command line to 'False'
[3.476s] Level 5:colcon.colcon_core.verb:set package 'gscam2' build argument 'cmake_clean_cache' from command line to 'False'
[3.476s] Level 5:colcon.colcon_core.verb:set package 'gscam2' build argument 'cmake_clean_first' from command line to 'False'
[3.476s] Level 5:colcon.colcon_core.verb:set package 'gscam2' build argument 'cmake_force_configure' from command line to 'False'
[3.476s] Level 5:colcon.colcon_core.verb:set package 'gscam2' build argument 'ament_cmake_args' from command line to 'None'
[3.476s] Level 5:colcon.colcon_core.verb:set package 'gscam2' build argument 'catkin_cmake_args' from command line to 'None'
[3.476s] Level 5:colcon.colcon_core.verb:set package 'gscam2' build argument 'catkin_skip_building_tests' from command line to 'False'
[3.477s] DEBUG:colcon.colcon_core.verb:Building package 'gscam2' with the following arguments: {'ament_cmake_args': None, 'build_base': '/home/jetson/ros_ws/build/gscam2', 'catkin_cmake_args': None, 'catkin_skip_building_tests': False, 'cmake_args': None, 'cmake_clean_cache': False, 'cmake_clean_first': False, 'cmake_force_configure': False, 'cmake_target': None, 'cmake_target_skip_unavailable': False, 'install_base': '/home/jetson/ros_ws/install/gscam2', 'merge_install': False, 'path': '/home/jetson/ros_ws/src/gscam2', 'symlink_install': True, 'test_result_base': None}
[3.481s] INFO:colcon.colcon_core.executor:Executing jobs using 'parallel' executor
[3.503s] DEBUG:colcon.colcon_parallel_executor.executor.parallel:run_until_complete
[3.504s] INFO:colcon.colcon_ros.task.ament_cmake.build:Building ROS package in '/home/jetson/ros_ws/src/gscam2' with build type 'ament_cmake'
[3.505s] INFO:colcon.colcon_cmake.task.cmake.build:Building CMake package in '/home/jetson/ros_ws/src/gscam2'
[3.540s] INFO:colcon.colcon_core.plugin_system:Skipping extension 'colcon_core.shell.bat': Not used on non-Windows systems
[3.542s] INFO:colcon.colcon_core.shell:Skip shell extension 'powershell' for command environment: Not usable outside of PowerShell
[3.543s] DEBUG:colcon.colcon_core.shell:Skip shell extension 'dsv' for command environment
[3.612s] DEBUG:colcon.colcon_core.event_handler.log_command:Invoking command in '/home/jetson/ros_ws/build/gscam2': CMAKE_PREFIX_PATH=/home/jetson/ros_ws/install/ros2_shared:/home/jetson/ros_ws/install/gscam2:/home/jetson/ros_ws/install/nanosaur_msgs:/home/jetson/ros_ws/install/nanosaur_description:/home/jetson/ros_ws/install/nanosaur_control:/home/jetson/ros_ws/install/jetson_stats_msgs:/home/jetson/ros_ws/install/cpp_first_pkg:/home/jetson/ros_ws/install/nanosaur_hardware:/opt/ros/eloquent /usr/bin/cmake --build /home/jetson/ros_ws/build/gscam2 -- -j4 -l4
[53.663s] DEBUG:colcon.colcon_core.event_handler.log_command:Invoked command in '/home/jetson/ros_ws/build/gscam2' returned '2': CMAKE_PREFIX_PATH=/home/jetson/ros_ws/install/ros2_shared:/home/jetson/ros_ws/install/gscam2:/home/jetson/ros_ws/install/nanosaur_msgs:/home/jetson/ros_ws/install/nanosaur_description:/home/jetson/ros_ws/install/nanosaur_control:/home/jetson/ros_ws/install/jetson_stats_msgs:/home/jetson/ros_ws/install/cpp_first_pkg:/home/jetson/ros_ws/install/nanosaur_hardware:/opt/ros/eloquent /usr/bin/cmake --build /home/jetson/ros_ws/build/gscam2 -- -j4 -l4
[54.403s] Level 1:colcon.colcon_core.environment:create_environment_scripts_only(gscam2)
[54.617s] Level 1:colcon.colcon_core.environment:checking '/home/jetson/ros_ws/install/gscam2' for CMake module files
[54.660s] Level 1:colcon.colcon_core.environment:checking '/home/jetson/ros_ws/install/gscam2' for CMake config files
[54.667s] Level 1:colcon.colcon_core.shell:create_environment_hook('gscam2', 'cmake_prefix_path')
[54.679s] INFO:colcon.colcon_core.shell:Creating environment hook '/home/jetson/ros_ws/install/gscam2/share/gscam2/hook/cmake_prefix_path.ps1'
[54.700s] INFO:colcon.colcon_core.shell:Creating environment descriptor '/home/jetson/ros_ws/install/gscam2/share/gscam2/hook/cmake_prefix_path.dsv'
[54.706s] INFO:colcon.colcon_core.shell:Creating environment hook '/home/jetson/ros_ws/install/gscam2/share/gscam2/hook/cmake_prefix_path.sh'
[54.747s] Level 1:colcon.colcon_core.environment:checking '/home/jetson/ros_ws/install/gscam2/lib'
[54.749s] Level 1:colcon.colcon_core.shell:create_environment_hook('gscam2', 'ld_library_path_lib')
[54.792s] INFO:colcon.colcon_core.shell:Creating environment hook '/home/jetson/ros_ws/install/gscam2/share/gscam2/hook/ld_library_path_lib.ps1'
[54.794s] INFO:colcon.colcon_core.shell:Creating environment descriptor '/home/jetson/ros_ws/install/gscam2/share/gscam2/hook/ld_library_path_lib.dsv'
[54.796s] INFO:colcon.colcon_core.shell:Creating environment hook '/home/jetson/ros_ws/install/gscam2/share/gscam2/hook/ld_library_path_lib.sh'
[54.798s] Level 1:colcon.colcon_core.environment:checking '/home/jetson/ros_ws/install/gscam2/bin'
[54.798s] Level 1:colcon.colcon_core.environment:checking '/home/jetson/ros_ws/install/gscam2/lib/pkgconfig/gscam2.pc'
[54.806s] Level 1:colcon.colcon_core.environment:checking '/home/jetson/ros_ws/install/gscam2/lib/python3.6/site-packages'
[54.807s] Level 1:colcon.colcon_core.environment:checking '/home/jetson/ros_ws/install/gscam2/bin'
[54.817s] INFO:colcon.colcon_core.shell:Creating package script '/home/jetson/ros_ws/install/gscam2/share/gscam2/package.ps1'
[54.831s] INFO:colcon.colcon_core.shell:Creating package descriptor '/home/jetson/ros_ws/install/gscam2/share/gscam2/package.dsv'
[54.839s] INFO:colcon.colcon_core.shell:Creating package script '/home/jetson/ros_ws/install/gscam2/share/gscam2/package.sh'
[54.845s] INFO:colcon.colcon_core.shell:Creating package script '/home/jetson/ros_ws/install/gscam2/share/gscam2/package.bash'
[54.855s] INFO:colcon.colcon_core.shell:Creating package script '/home/jetson/ros_ws/install/gscam2/share/gscam2/package.zsh'
[54.861s] Level 1:colcon.colcon_core.environment:create_file_with_runtime_dependencies(/home/jetson/ros_ws/install/gscam2/share/colcon-core/packages/gscam2)
[54.905s] DEBUG:colcon.colcon_parallel_executor.executor.parallel:closing loop
[55.014s] DEBUG:colcon.colcon_parallel_executor.executor.parallel:loop closed
[55.016s] DEBUG:colcon.colcon_parallel_executor.executor.parallel:run_until_complete finished with '2'
[55.017s] DEBUG:colcon.colcon_core.event_reactor:joining thread
[55.297s] INFO:colcon.colcon_core.plugin_system:Skipping extension 'colcon_notification.desktop_notification.terminal_notifier': Not used on non-Darwin systems
[55.298s] INFO:colcon.colcon_core.plugin_system:Skipping extension 'colcon_notification.desktop_notification.win32': Not used on non-Windows systems
[55.298s] INFO:colcon.colcon_notification.desktop_notification:Sending desktop notification using 'notify2'
[56.444s] DEBUG:colcon.colcon_core.event_reactor:joined thread
[56.459s] INFO:colcon.colcon_core.shell:Creating prefix script '/home/jetson/ros_ws/install/local_setup.ps1'
[56.480s] INFO:colcon.colcon_core.shell:Creating prefix util module '/home/jetson/ros_ws/install/_local_setup_util_ps1.py'
[56.494s] INFO:colcon.colcon_core.shell:Creating prefix chain script '/home/jetson/ros_ws/install/setup.ps1'
[56.508s] INFO:colcon.colcon_core.shell:Creating prefix script '/home/jetson/ros_ws/install/local_setup.sh'
[56.515s] INFO:colcon.colcon_core.shell:Creating prefix util module '/home/jetson/ros_ws/install/_local_setup_util_sh.py'
[56.518s] INFO:colcon.colcon_core.shell:Creating prefix chain script '/home/jetson/ros_ws/install/setup.sh'
[56.529s] INFO:colcon.colcon_core.shell:Creating prefix script '/home/jetson/ros_ws/install/local_setup.bash'
[56.533s] INFO:colcon.colcon_core.shell:Creating prefix chain script '/home/jetson/ros_ws/install/setup.bash'
[56.546s] INFO:colcon.colcon_core.shell:Creating prefix script '/home/jetson/ros_ws/install/local_setup.zsh'
[56.550s] INFO:colcon.colcon_core.shell:Creating prefix chain script '/home/jetson/ros_ws/install/setup.zsh'
