running egg_info
creating ../../../build/nanosaur_hardware/nanosaur_hardware.egg-info
writing ../../../build/nanosaur_hardware/nanosaur_hardware.egg-info/PKG-INFO
writing dependency_links to ../../../build/nanosaur_hardware/nanosaur_hardware.egg-info/dependency_links.txt
writing entry points to ../../../build/nanosaur_hardware/nanosaur_hardware.egg-info/entry_points.txt
writing requirements to ../../../build/nanosaur_hardware/nanosaur_hardware.egg-info/requires.txt
writing top-level names to ../../../build/nanosaur_hardware/nanosaur_hardware.egg-info/top_level.txt
writing manifest file '../../../build/nanosaur_hardware/nanosaur_hardware.egg-info/SOURCES.txt'
reading manifest file '../../../build/nanosaur_hardware/nanosaur_hardware.egg-info/SOURCES.txt'
writing manifest file '../../../build/nanosaur_hardware/nanosaur_hardware.egg-info/SOURCES.txt'
running build
running build_py
creating /home/jetson/ros_ws/build/nanosaur_hardware/build
creating /home/jetson/ros_ws/build/nanosaur_hardware/build/lib
creating /home/jetson/ros_ws/build/nanosaur_hardware/build/lib/nanosaur_hardware
copying nanosaur_hardware/display.py -> /home/jetson/ros_ws/build/nanosaur_hardware/build/lib/nanosaur_hardware
copying nanosaur_hardware/motor.py -> /home/jetson/ros_ws/build/nanosaur_hardware/build/lib/nanosaur_hardware
copying nanosaur_hardware/__init__.py -> /home/jetson/ros_ws/build/nanosaur_hardware/build/lib/nanosaur_hardware
copying nanosaur_hardware/nanosaur.py -> /home/jetson/ros_ws/build/nanosaur_hardware/build/lib/nanosaur_hardware
running install
/home/jetson/.local/lib/python3.6/site-packages/setuptools/command/install.py:37: SetuptoolsDeprecationWarning: setup.py install is deprecated. Use build and pip and other standards-based tools.
  setuptools.SetuptoolsDeprecationWarning,
running install_lib
creating /home/jetson/ros_ws/install/nanosaur_hardware/lib/python3.6/site-packages/nanosaur_hardware
copying /home/jetson/ros_ws/build/nanosaur_hardware/build/lib/nanosaur_hardware/display.py -> /home/jetson/ros_ws/install/nanosaur_hardware/lib/python3.6/site-packages/nanosaur_hardware
copying /home/jetson/ros_ws/build/nanosaur_hardware/build/lib/nanosaur_hardware/motor.py -> /home/jetson/ros_ws/install/nanosaur_hardware/lib/python3.6/site-packages/nanosaur_hardware
copying /home/jetson/ros_ws/build/nanosaur_hardware/build/lib/nanosaur_hardware/__init__.py -> /home/jetson/ros_ws/install/nanosaur_hardware/lib/python3.6/site-packages/nanosaur_hardware
copying /home/jetson/ros_ws/build/nanosaur_hardware/build/lib/nanosaur_hardware/nanosaur.py -> /home/jetson/ros_ws/install/nanosaur_hardware/lib/python3.6/site-packages/nanosaur_hardware
byte-compiling /home/jetson/ros_ws/install/nanosaur_hardware/lib/python3.6/site-packages/nanosaur_hardware/display.py to display.cpython-36.pyc
byte-compiling /home/jetson/ros_ws/install/nanosaur_hardware/lib/python3.6/site-packages/nanosaur_hardware/motor.py to motor.cpython-36.pyc
byte-compiling /home/jetson/ros_ws/install/nanosaur_hardware/lib/python3.6/site-packages/nanosaur_hardware/__init__.py to __init__.cpython-36.pyc
byte-compiling /home/jetson/ros_ws/install/nanosaur_hardware/lib/python3.6/site-packages/nanosaur_hardware/nanosaur.py to nanosaur.cpython-36.pyc
running install_data
creating /home/jetson/ros_ws/install/nanosaur_hardware/share/ament_index
creating /home/jetson/ros_ws/install/nanosaur_hardware/share/ament_index/resource_index
creating /home/jetson/ros_ws/install/nanosaur_hardware/share/ament_index/resource_index/packages
copying resource/nanosaur_hardware -> /home/jetson/ros_ws/install/nanosaur_hardware/share/ament_index/resource_index/packages
copying package.xml -> /home/jetson/ros_ws/install/nanosaur_hardware/share/nanosaur_hardware
copying requirements.txt -> /home/jetson/ros_ws/install/nanosaur_hardware/share/nanosaur_hardware
running install_egg_info
Copying ../../../build/nanosaur_hardware/nanosaur_hardware.egg-info to /home/jetson/ros_ws/install/nanosaur_hardware/lib/python3.6/site-packages/nanosaur_hardware-0.1.0-py3.6.egg-info
running install_scripts
Installing nanosaur script to /home/jetson/ros_ws/install/nanosaur_hardware/lib/nanosaur_hardware
writing list of installed files to '/home/jetson/ros_ws/build/nanosaur_hardware/install.log'
