[2.420s] DEBUG:colcon:Command line arguments: ['/usr/bin/colcon', 'build', '--symlink-install', '--packages-select', 'gscam2']
[2.421s] DEBUG:colcon:Parsed command line arguments: Namespace(allow_overriding=[], ament_cmake_args=None, base_paths=['.'], build_base='build', catkin_cmake_args=None, catkin_skip_building_tests=False, cmake_args=None, cmake_clean_cache=False, cmake_clean_first=False, cmake_force_configure=False, cmake_target=None, cmake_target_skip_unavailable=False, continue_on_error=False, event_handlers=None, executor='parallel', ignore_user_meta=False, install_base='install', log_base=None, log_level=None, main=<bound method BuildVerb.main of <colcon_core.verb.build.BuildVerb object at 0x7fa731ec88>>, merge_install=False, metas=['./colcon.meta'], packages_above=None, packages_above_and_dependencies=None, packages_above_depth=None, packages_end=None, packages_ignore=None, packages_ignore_regex=None, packages_select=['gscam2'], packages_select_build_failed=False, packages_select_by_dep=None, packages_select_regex=None, packages_select_test_failures=False, packages_skip=None, packages_skip_build_finished=False, packages_skip_by_dep=None, packages_skip_regex=None, packages_skip_test_passed=False, packages_skip_up_to=None, packages_start=None, packages_up_to=None, packages_up_to_regex=None, parallel_workers=4, paths=None, symlink_install=True, test_result_base=None, verb_extension=<colcon_core.verb.build.BuildVerb object at 0x7fa731ec88>, verb_name='build', verb_parser=<colcon_defaults.argument_parser.defaults.DefaultArgumentsDecorator object at 0x7fa729ca90>)
[2.629s] Level 1:colcon.colcon_core.package_discovery:discover_packages(colcon_meta) check parameters
[2.630s] Level 1:colcon.colcon_core.package_discovery:discover_packages(recursive) check parameters
[2.635s] Level 1:colcon.colcon_core.package_discovery:discover_packages(ignore) check parameters
[2.635s] Level 1:colcon.colcon_core.package_discovery:discover_packages(path) check parameters
[2.635s] Level 1:colcon.colcon_core.package_discovery:discover_packages(colcon_meta) discover
[2.637s] Level 1:colcon.colcon_core.package_discovery:discover_packages(recursive) discover
[2.637s] INFO:colcon.colcon_core.package_discovery:Crawling recursively for packages in '/home/jetson/ros_ws'
[2.638s] Level 1:colcon.colcon_core.package_identification:_identify(.) by extensions ['ignore', 'ignore_ament_install']
[2.638s] Level 1:colcon.colcon_core.package_identification:_identify(.) by extension 'ignore'
[2.639s] Level 1:colcon.colcon_core.package_identification:_identify(.) by extension 'ignore_ament_install'
[2.639s] Level 1:colcon.colcon_core.package_identification:_identify(.) by extensions ['colcon_pkg']
[2.640s] Level 1:colcon.colcon_core.package_identification:_identify(.) by extension 'colcon_pkg'
[2.640s] Level 1:colcon.colcon_core.package_identification:_identify(.) by extensions ['colcon_meta']
[2.640s] Level 1:colcon.colcon_core.package_identification:_identify(.) by extension 'colcon_meta'
[2.640s] Level 1:colcon.colcon_core.package_identification:_identify(.) by extensions ['ros']
[2.641s] Level 1:colcon.colcon_core.package_identification:_identify(.) by extension 'ros'
[2.713s] Level 1:colcon.colcon_core.package_identification:_identify(.) by extensions ['cmake', 'python']
[2.713s] Level 1:colcon.colcon_core.package_identification:_identify(.) by extension 'cmake'
[2.714s] Level 1:colcon.colcon_core.package_identification:_identify(.) by extension 'python'
[2.714s] Level 1:colcon.colcon_core.package_identification:_identify(.) by extensions ['python_setup_py']
[2.714s] Level 1:colcon.colcon_core.package_identification:_identify(.) by extension 'python_setup_py'
[2.715s] Level 1:colcon.colcon_core.package_identification:_identify(build) by extensions ['ignore', 'ignore_ament_install']
[2.716s] Level 1:colcon.colcon_core.package_identification:_identify(build) by extension 'ignore'
[2.716s] Level 1:colcon.colcon_core.package_identification:_identify(build) ignored
[2.718s] Level 1:colcon.colcon_core.package_identification:_identify(install) by extensions ['ignore', 'ignore_ament_install']
[2.719s] Level 1:colcon.colcon_core.package_identification:_identify(install) by extension 'ignore'
[2.720s] Level 1:colcon.colcon_core.package_identification:_identify(install) ignored
[2.720s] Level 1:colcon.colcon_core.package_identification:_identify(log) by extensions ['ignore', 'ignore_ament_install']
[2.721s] Level 1:colcon.colcon_core.package_identification:_identify(log) by extension 'ignore'
[2.721s] Level 1:colcon.colcon_core.package_identification:_identify(log) ignored
[2.721s] Level 1:colcon.colcon_core.package_identification:_identify(src) by extensions ['ignore', 'ignore_ament_install']
[2.722s] Level 1:colcon.colcon_core.package_identification:_identify(src) by extension 'ignore'
[2.722s] Level 1:colcon.colcon_core.package_identification:_identify(src) by extension 'ignore_ament_install'
[2.723s] Level 1:colcon.colcon_core.package_identification:_identify(src) by extensions ['colcon_pkg']
[2.723s] Level 1:colcon.colcon_core.package_identification:_identify(src) by extension 'colcon_pkg'
[2.723s] Level 1:colcon.colcon_core.package_identification:_identify(src) by extensions ['colcon_meta']
[2.724s] Level 1:colcon.colcon_core.package_identification:_identify(src) by extension 'colcon_meta'
[2.724s] Level 1:colcon.colcon_core.package_identification:_identify(src) by extensions ['ros']
[2.724s] Level 1:colcon.colcon_core.package_identification:_identify(src) by extension 'ros'
[2.725s] Level 1:colcon.colcon_core.package_identification:_identify(src) by extensions ['cmake', 'python']
[2.725s] Level 1:colcon.colcon_core.package_identification:_identify(src) by extension 'cmake'
[2.725s] Level 1:colcon.colcon_core.package_identification:_identify(src) by extension 'python'
[2.726s] Level 1:colcon.colcon_core.package_identification:_identify(src) by extensions ['python_setup_py']
[2.726s] Level 1:colcon.colcon_core.package_identification:_identify(src) by extension 'python_setup_py'
[2.726s] Level 1:colcon.colcon_core.package_identification:_identify(src/gscam2) by extensions ['ignore', 'ignore_ament_install']
[2.727s] Level 1:colcon.colcon_core.package_identification:_identify(src/gscam2) by extension 'ignore'
[2.728s] Level 1:colcon.colcon_core.package_identification:_identify(src/gscam2) by extension 'ignore_ament_install'
[2.728s] Level 1:colcon.colcon_core.package_identification:_identify(src/gscam2) by extensions ['colcon_pkg']
[2.728s] Level 1:colcon.colcon_core.package_identification:_identify(src/gscam2) by extension 'colcon_pkg'
[2.728s] Level 1:colcon.colcon_core.package_identification:_identify(src/gscam2) by extensions ['colcon_meta']
[2.729s] Level 1:colcon.colcon_core.package_identification:_identify(src/gscam2) by extension 'colcon_meta'
[2.729s] Level 1:colcon.colcon_core.package_identification:_identify(src/gscam2) by extensions ['ros']
[2.729s] Level 1:colcon.colcon_core.package_identification:_identify(src/gscam2) by extension 'ros'
[2.854s] DEBUG:colcon.colcon_core.package_identification:Package 'src/gscam2' with type 'ros.ament_cmake' and name 'gscam2'
[2.856s] Level 1:colcon.colcon_core.package_identification:_identify(src/nanosaur) by extensions ['ignore', 'ignore_ament_install']
[2.856s] Level 1:colcon.colcon_core.package_identification:_identify(src/nanosaur) by extension 'ignore'
[2.857s] Level 1:colcon.colcon_core.package_identification:_identify(src/nanosaur) by extension 'ignore_ament_install'
[2.857s] Level 1:colcon.colcon_core.package_identification:_identify(src/nanosaur) by extensions ['colcon_pkg']
[2.858s] Level 1:colcon.colcon_core.package_identification:_identify(src/nanosaur) by extension 'colcon_pkg'
[2.858s] Level 1:colcon.colcon_core.package_identification:_identify(src/nanosaur) by extensions ['colcon_meta']
[2.858s] Level 1:colcon.colcon_core.package_identification:_identify(src/nanosaur) by extension 'colcon_meta'
[2.859s] Level 1:colcon.colcon_core.package_identification:_identify(src/nanosaur) by extensions ['ros']
[2.859s] Level 1:colcon.colcon_core.package_identification:_identify(src/nanosaur) by extension 'ros'
[2.860s] Level 1:colcon.colcon_core.package_identification:_identify(src/nanosaur) by extensions ['cmake', 'python']
[2.860s] Level 1:colcon.colcon_core.package_identification:_identify(src/nanosaur) by extension 'cmake'
[2.860s] Level 1:colcon.colcon_core.package_identification:_identify(src/nanosaur) by extension 'python'
[2.861s] Level 1:colcon.colcon_core.package_identification:_identify(src/nanosaur) by extensions ['python_setup_py']
[2.861s] Level 1:colcon.colcon_core.package_identification:_identify(src/nanosaur) by extension 'python_setup_py'
[2.875s] Level 1:colcon.colcon_core.package_identification:_identify(src/nanosaur/nanosaur) by extensions ['ignore', 'ignore_ament_install']
[2.876s] Level 1:colcon.colcon_core.package_identification:_identify(src/nanosaur/nanosaur) by extension 'ignore'
[2.877s] Level 1:colcon.colcon_core.package_identification:_identify(src/nanosaur/nanosaur) by extension 'ignore_ament_install'
[2.877s] Level 1:colcon.colcon_core.package_identification:_identify(src/nanosaur/nanosaur) by extensions ['colcon_pkg']
[2.878s] Level 1:colcon.colcon_core.package_identification:_identify(src/nanosaur/nanosaur) by extension 'colcon_pkg'
[2.878s] Level 1:colcon.colcon_core.package_identification:_identify(src/nanosaur/nanosaur) by extensions ['colcon_meta']
[2.878s] Level 1:colcon.colcon_core.package_identification:_identify(src/nanosaur/nanosaur) by extension 'colcon_meta'
[2.879s] Level 1:colcon.colcon_core.package_identification:_identify(src/nanosaur/nanosaur) by extensions ['ros']
[2.880s] Level 1:colcon.colcon_core.package_identification:_identify(src/nanosaur/nanosaur) by extension 'ros'
[2.884s] DEBUG:colcon.colcon_core.package_identification:Package 'src/nanosaur/nanosaur' with type 'ros.ament_cmake' and name 'nanosaur'
[2.885s] Level 1:colcon.colcon_core.package_identification:_identify(src/nanosaur/nanosaur_control) by extensions ['ignore', 'ignore_ament_install']
[2.886s] Level 1:colcon.colcon_core.package_identification:_identify(src/nanosaur/nanosaur_control) by extension 'ignore'
[2.887s] Level 1:colcon.colcon_core.package_identification:_identify(src/nanosaur/nanosaur_control) by extension 'ignore_ament_install'
[2.887s] Level 1:colcon.colcon_core.package_identification:_identify(src/nanosaur/nanosaur_control) by extensions ['colcon_pkg']
[2.887s] Level 1:colcon.colcon_core.package_identification:_identify(src/nanosaur/nanosaur_control) by extension 'colcon_pkg'
[2.888s] Level 1:colcon.colcon_core.package_identification:_identify(src/nanosaur/nanosaur_control) by extensions ['colcon_meta']
[2.888s] Level 1:colcon.colcon_core.package_identification:_identify(src/nanosaur/nanosaur_control) by extension 'colcon_meta'
[2.889s] Level 1:colcon.colcon_core.package_identification:_identify(src/nanosaur/nanosaur_control) by extensions ['ros']
[2.889s] Level 1:colcon.colcon_core.package_identification:_identify(src/nanosaur/nanosaur_control) by extension 'ros'
[2.893s] DEBUG:colcon.colcon_core.package_identification:Package 'src/nanosaur/nanosaur_control' with type 'ros.ament_cmake' and name 'nanosaur_control'
[2.895s] Level 1:colcon.colcon_core.package_identification:_identify(src/nanosaur/nanosaur_description) by extensions ['ignore', 'ignore_ament_install']
[2.895s] Level 1:colcon.colcon_core.package_identification:_identify(src/nanosaur/nanosaur_description) by extension 'ignore'
[2.896s] Level 1:colcon.colcon_core.package_identification:_identify(src/nanosaur/nanosaur_description) by extension 'ignore_ament_install'
[2.897s] Level 1:colcon.colcon_core.package_identification:_identify(src/nanosaur/nanosaur_description) by extensions ['colcon_pkg']
[2.897s] Level 1:colcon.colcon_core.package_identification:_identify(src/nanosaur/nanosaur_description) by extension 'colcon_pkg'
[2.897s] Level 1:colcon.colcon_core.package_identification:_identify(src/nanosaur/nanosaur_description) by extensions ['colcon_meta']
[2.898s] Level 1:colcon.colcon_core.package_identification:_identify(src/nanosaur/nanosaur_description) by extension 'colcon_meta'
[2.898s] Level 1:colcon.colcon_core.package_identification:_identify(src/nanosaur/nanosaur_description) by extensions ['ros']
[2.898s] Level 1:colcon.colcon_core.package_identification:_identify(src/nanosaur/nanosaur_description) by extension 'ros'
[2.903s] DEBUG:colcon.colcon_core.package_identification:Package 'src/nanosaur/nanosaur_description' with type 'ros.ament_cmake' and name 'nanosaur_description'
[2.904s] Level 1:colcon.colcon_core.package_identification:_identify(src/nanosaur/nanosaur_msgs) by extensions ['ignore', 'ignore_ament_install']
[2.905s] Level 1:colcon.colcon_core.package_identification:_identify(src/nanosaur/nanosaur_msgs) by extension 'ignore'
[2.906s] Level 1:colcon.colcon_core.package_identification:_identify(src/nanosaur/nanosaur_msgs) by extension 'ignore_ament_install'
[2.906s] Level 1:colcon.colcon_core.package_identification:_identify(src/nanosaur/nanosaur_msgs) by extensions ['colcon_pkg']
[2.907s] Level 1:colcon.colcon_core.package_identification:_identify(src/nanosaur/nanosaur_msgs) by extension 'colcon_pkg'
[2.907s] Level 1:colcon.colcon_core.package_identification:_identify(src/nanosaur/nanosaur_msgs) by extensions ['colcon_meta']
[2.907s] Level 1:colcon.colcon_core.package_identification:_identify(src/nanosaur/nanosaur_msgs) by extension 'colcon_meta'
[2.908s] Level 1:colcon.colcon_core.package_identification:_identify(src/nanosaur/nanosaur_msgs) by extensions ['ros']
[2.908s] Level 1:colcon.colcon_core.package_identification:_identify(src/nanosaur/nanosaur_msgs) by extension 'ros'
[2.914s] DEBUG:colcon.colcon_core.package_identification:Package 'src/nanosaur/nanosaur_msgs' with type 'ros.ament_cmake' and name 'nanosaur_msgs'
[2.915s] Level 1:colcon.colcon_core.package_identification:_identify(src/nanosaur_robot) by extensions ['ignore', 'ignore_ament_install']
[2.916s] Level 1:colcon.colcon_core.package_identification:_identify(src/nanosaur_robot) by extension 'ignore'
[2.916s] Level 1:colcon.colcon_core.package_identification:_identify(src/nanosaur_robot) by extension 'ignore_ament_install'
[2.917s] Level 1:colcon.colcon_core.package_identification:_identify(src/nanosaur_robot) by extensions ['colcon_pkg']
[2.917s] Level 1:colcon.colcon_core.package_identification:_identify(src/nanosaur_robot) by extension 'colcon_pkg'
[2.918s] Level 1:colcon.colcon_core.package_identification:_identify(src/nanosaur_robot) by extensions ['colcon_meta']
[2.918s] Level 1:colcon.colcon_core.package_identification:_identify(src/nanosaur_robot) by extension 'colcon_meta'
[2.918s] Level 1:colcon.colcon_core.package_identification:_identify(src/nanosaur_robot) by extensions ['ros']
[2.919s] Level 1:colcon.colcon_core.package_identification:_identify(src/nanosaur_robot) by extension 'ros'
[2.919s] Level 1:colcon.colcon_core.package_identification:_identify(src/nanosaur_robot) by extensions ['cmake', 'python']
[2.920s] Level 1:colcon.colcon_core.package_identification:_identify(src/nanosaur_robot) by extension 'cmake'
[2.920s] Level 1:colcon.colcon_core.package_identification:_identify(src/nanosaur_robot) by extension 'python'
[2.920s] Level 1:colcon.colcon_core.package_identification:_identify(src/nanosaur_robot) by extensions ['python_setup_py']
[2.921s] Level 1:colcon.colcon_core.package_identification:_identify(src/nanosaur_robot) by extension 'python_setup_py'
[2.923s] Level 1:colcon.colcon_core.package_identification:_identify(src/nanosaur_robot/nanosaur_base) by extensions ['ignore', 'ignore_ament_install']
[2.923s] Level 1:colcon.colcon_core.package_identification:_identify(src/nanosaur_robot/nanosaur_base) by extension 'ignore'
[2.924s] Level 1:colcon.colcon_core.package_identification:_identify(src/nanosaur_robot/nanosaur_base) by extension 'ignore_ament_install'
[2.924s] Level 1:colcon.colcon_core.package_identification:_identify(src/nanosaur_robot/nanosaur_base) by extensions ['colcon_pkg']
[2.924s] Level 1:colcon.colcon_core.package_identification:_identify(src/nanosaur_robot/nanosaur_base) by extension 'colcon_pkg'
[2.924s] Level 1:colcon.colcon_core.package_identification:_identify(src/nanosaur_robot/nanosaur_base) by extensions ['colcon_meta']
[2.925s] Level 1:colcon.colcon_core.package_identification:_identify(src/nanosaur_robot/nanosaur_base) by extension 'colcon_meta'
[2.925s] Level 1:colcon.colcon_core.package_identification:_identify(src/nanosaur_robot/nanosaur_base) by extensions ['ros']
[2.925s] Level 1:colcon.colcon_core.package_identification:_identify(src/nanosaur_robot/nanosaur_base) by extension 'ros'
[2.930s] DEBUG:colcon.colcon_core.package_identification:Package 'src/nanosaur_robot/nanosaur_base' with type 'ros.ament_python' and name 'nanosaur_base'
[2.931s] Level 1:colcon.colcon_core.package_identification:_identify(src/nanosaur_robot/nanosaur_bringup) by extensions ['ignore', 'ignore_ament_install']
[2.932s] Level 1:colcon.colcon_core.package_identification:_identify(src/nanosaur_robot/nanosaur_bringup) by extension 'ignore'
[2.932s] Level 1:colcon.colcon_core.package_identification:_identify(src/nanosaur_robot/nanosaur_bringup) by extension 'ignore_ament_install'
[2.933s] Level 1:colcon.colcon_core.package_identification:_identify(src/nanosaur_robot/nanosaur_bringup) by extensions ['colcon_pkg']
[2.933s] Level 1:colcon.colcon_core.package_identification:_identify(src/nanosaur_robot/nanosaur_bringup) by extension 'colcon_pkg'
[2.934s] Level 1:colcon.colcon_core.package_identification:_identify(src/nanosaur_robot/nanosaur_bringup) by extensions ['colcon_meta']
[2.934s] Level 1:colcon.colcon_core.package_identification:_identify(src/nanosaur_robot/nanosaur_bringup) by extension 'colcon_meta'
[2.934s] Level 1:colcon.colcon_core.package_identification:_identify(src/nanosaur_robot/nanosaur_bringup) by extensions ['ros']
[2.934s] Level 1:colcon.colcon_core.package_identification:_identify(src/nanosaur_robot/nanosaur_bringup) by extension 'ros'
[2.939s] DEBUG:colcon.colcon_core.package_identification:Package 'src/nanosaur_robot/nanosaur_bringup' with type 'ros.ament_cmake' and name 'nanosaur_bringup'
[2.940s] Level 1:colcon.colcon_core.package_identification:_identify(src/nanosaur_robot/nanosaur_robot) by extensions ['ignore', 'ignore_ament_install']
[2.941s] Level 1:colcon.colcon_core.package_identification:_identify(src/nanosaur_robot/nanosaur_robot) by extension 'ignore'
[2.941s] Level 1:colcon.colcon_core.package_identification:_identify(src/nanosaur_robot/nanosaur_robot) by extension 'ignore_ament_install'
[2.942s] Level 1:colcon.colcon_core.package_identification:_identify(src/nanosaur_robot/nanosaur_robot) by extensions ['colcon_pkg']
[2.942s] Level 1:colcon.colcon_core.package_identification:_identify(src/nanosaur_robot/nanosaur_robot) by extension 'colcon_pkg'
[2.943s] Level 1:colcon.colcon_core.package_identification:_identify(src/nanosaur_robot/nanosaur_robot) by extensions ['colcon_meta']
[2.943s] Level 1:colcon.colcon_core.package_identification:_identify(src/nanosaur_robot/nanosaur_robot) by extension 'colcon_meta'
[2.943s] Level 1:colcon.colcon_core.package_identification:_identify(src/nanosaur_robot/nanosaur_robot) by extensions ['ros']
[2.944s] Level 1:colcon.colcon_core.package_identification:_identify(src/nanosaur_robot/nanosaur_robot) by extension 'ros'
[2.947s] DEBUG:colcon.colcon_core.package_identification:Package 'src/nanosaur_robot/nanosaur_robot' with type 'ros.ament_cmake' and name 'nanosaur_robot'
[2.948s] Level 1:colcon.colcon_core.package_identification:_identify(src/nanosaur_simulations) by extensions ['ignore', 'ignore_ament_install']
[2.949s] Level 1:colcon.colcon_core.package_identification:_identify(src/nanosaur_simulations) by extension 'ignore'
[2.949s] Level 1:colcon.colcon_core.package_identification:_identify(src/nanosaur_simulations) by extension 'ignore_ament_install'
[2.949s] Level 1:colcon.colcon_core.package_identification:_identify(src/nanosaur_simulations) by extensions ['colcon_pkg']
[2.950s] Level 1:colcon.colcon_core.package_identification:_identify(src/nanosaur_simulations) by extension 'colcon_pkg'
[2.950s] Level 1:colcon.colcon_core.package_identification:_identify(src/nanosaur_simulations) by extensions ['colcon_meta']
[2.950s] Level 1:colcon.colcon_core.package_identification:_identify(src/nanosaur_simulations) by extension 'colcon_meta'
[2.951s] Level 1:colcon.colcon_core.package_identification:_identify(src/nanosaur_simulations) by extensions ['ros']
[2.951s] Level 1:colcon.colcon_core.package_identification:_identify(src/nanosaur_simulations) by extension 'ros'
[2.952s] Level 1:colcon.colcon_core.package_identification:_identify(src/nanosaur_simulations) by extensions ['cmake', 'python']
[2.952s] Level 1:colcon.colcon_core.package_identification:_identify(src/nanosaur_simulations) by extension 'cmake'
[2.952s] Level 1:colcon.colcon_core.package_identification:_identify(src/nanosaur_simulations) by extension 'python'
[2.953s] Level 1:colcon.colcon_core.package_identification:_identify(src/nanosaur_simulations) by extensions ['python_setup_py']
[2.953s] Level 1:colcon.colcon_core.package_identification:_identify(src/nanosaur_simulations) by extension 'python_setup_py'
[2.955s] Level 1:colcon.colcon_core.package_identification:_identify(src/nanosaur_simulations/nanosaur_gazebo) by extensions ['ignore', 'ignore_ament_install']
[2.956s] Level 1:colcon.colcon_core.package_identification:_identify(src/nanosaur_simulations/nanosaur_gazebo) by extension 'ignore'
[2.957s] Level 1:colcon.colcon_core.package_identification:_identify(src/nanosaur_simulations/nanosaur_gazebo) by extension 'ignore_ament_install'
[2.957s] Level 1:colcon.colcon_core.package_identification:_identify(src/nanosaur_simulations/nanosaur_gazebo) by extensions ['colcon_pkg']
[2.957s] Level 1:colcon.colcon_core.package_identification:_identify(src/nanosaur_simulations/nanosaur_gazebo) by extension 'colcon_pkg'
[2.958s] Level 1:colcon.colcon_core.package_identification:_identify(src/nanosaur_simulations/nanosaur_gazebo) by extensions ['colcon_meta']
[2.958s] Level 1:colcon.colcon_core.package_identification:_identify(src/nanosaur_simulations/nanosaur_gazebo) by extension 'colcon_meta'
[2.958s] Level 1:colcon.colcon_core.package_identification:_identify(src/nanosaur_simulations/nanosaur_gazebo) by extensions ['ros']
[2.959s] Level 1:colcon.colcon_core.package_identification:_identify(src/nanosaur_simulations/nanosaur_gazebo) by extension 'ros'
[2.963s] DEBUG:colcon.colcon_core.package_identification:Package 'src/nanosaur_simulations/nanosaur_gazebo' with type 'ros.ament_cmake' and name 'nanosaur_gazebo'
[2.964s] Level 1:colcon.colcon_core.package_identification:_identify(src/nanosaur_simulations/nanosaur_ignition) by extensions ['ignore', 'ignore_ament_install']
[2.964s] Level 1:colcon.colcon_core.package_identification:_identify(src/nanosaur_simulations/nanosaur_ignition) by extension 'ignore'
[2.965s] Level 1:colcon.colcon_core.package_identification:_identify(src/nanosaur_simulations/nanosaur_ignition) by extension 'ignore_ament_install'
[2.965s] Level 1:colcon.colcon_core.package_identification:_identify(src/nanosaur_simulations/nanosaur_ignition) by extensions ['colcon_pkg']
[2.966s] Level 1:colcon.colcon_core.package_identification:_identify(src/nanosaur_simulations/nanosaur_ignition) by extension 'colcon_pkg'
[2.966s] Level 1:colcon.colcon_core.package_identification:_identify(src/nanosaur_simulations/nanosaur_ignition) by extensions ['colcon_meta']
[2.966s] Level 1:colcon.colcon_core.package_identification:_identify(src/nanosaur_simulations/nanosaur_ignition) by extension 'colcon_meta'
[2.967s] Level 1:colcon.colcon_core.package_identification:_identify(src/nanosaur_simulations/nanosaur_ignition) by extensions ['ros']
[2.967s] Level 1:colcon.colcon_core.package_identification:_identify(src/nanosaur_simulations/nanosaur_ignition) by extension 'ros'
[2.972s] DEBUG:colcon.colcon_core.package_identification:Package 'src/nanosaur_simulations/nanosaur_ignition' with type 'ros.ament_python' and name 'nanosaur_ignition'
[2.973s] Level 1:colcon.colcon_core.package_identification:_identify(src/nanosaur_simulations/nanosaur_isaac_sim) by extensions ['ignore', 'ignore_ament_install']
[2.974s] Level 1:colcon.colcon_core.package_identification:_identify(src/nanosaur_simulations/nanosaur_isaac_sim) by extension 'ignore'
[2.974s] Level 1:colcon.colcon_core.package_identification:_identify(src/nanosaur_simulations/nanosaur_isaac_sim) by extension 'ignore_ament_install'
[2.975s] Level 1:colcon.colcon_core.package_identification:_identify(src/nanosaur_simulations/nanosaur_isaac_sim) by extensions ['colcon_pkg']
[2.975s] Level 1:colcon.colcon_core.package_identification:_identify(src/nanosaur_simulations/nanosaur_isaac_sim) by extension 'colcon_pkg'
[2.975s] Level 1:colcon.colcon_core.package_identification:_identify(src/nanosaur_simulations/nanosaur_isaac_sim) by extensions ['colcon_meta']
[2.975s] Level 1:colcon.colcon_core.package_identification:_identify(src/nanosaur_simulations/nanosaur_isaac_sim) by extension 'colcon_meta'
[2.976s] Level 1:colcon.colcon_core.package_identification:_identify(src/nanosaur_simulations/nanosaur_isaac_sim) by extensions ['ros']
[2.976s] Level 1:colcon.colcon_core.package_identification:_identify(src/nanosaur_simulations/nanosaur_isaac_sim) by extension 'ros'
[2.981s] DEBUG:colcon.colcon_core.package_identification:Package 'src/nanosaur_simulations/nanosaur_isaac_sim' with type 'ros.ament_cmake' and name 'nanosaur_isaac_sim'
[2.982s] Level 1:colcon.colcon_core.package_identification:_identify(src/nanosaur_simulations/nanosaur_simulations) by extensions ['ignore', 'ignore_ament_install']
[2.982s] Level 1:colcon.colcon_core.package_identification:_identify(src/nanosaur_simulations/nanosaur_simulations) by extension 'ignore'
[2.983s] Level 1:colcon.colcon_core.package_identification:_identify(src/nanosaur_simulations/nanosaur_simulations) by extension 'ignore_ament_install'
[2.983s] Level 1:colcon.colcon_core.package_identification:_identify(src/nanosaur_simulations/nanosaur_simulations) by extensions ['colcon_pkg']
[2.983s] Level 1:colcon.colcon_core.package_identification:_identify(src/nanosaur_simulations/nanosaur_simulations) by extension 'colcon_pkg'
[2.984s] Level 1:colcon.colcon_core.package_identification:_identify(src/nanosaur_simulations/nanosaur_simulations) by extensions ['colcon_meta']
[2.984s] Level 1:colcon.colcon_core.package_identification:_identify(src/nanosaur_simulations/nanosaur_simulations) by extension 'colcon_meta'
[2.984s] Level 1:colcon.colcon_core.package_identification:_identify(src/nanosaur_simulations/nanosaur_simulations) by extensions ['ros']
[2.985s] Level 1:colcon.colcon_core.package_identification:_identify(src/nanosaur_simulations/nanosaur_simulations) by extension 'ros'
[2.988s] DEBUG:colcon.colcon_core.package_identification:Package 'src/nanosaur_simulations/nanosaur_simulations' with type 'ros.ament_cmake' and name 'nanosaur_simulations'
[2.989s] Level 1:colcon.colcon_core.package_identification:_identify(src/nanosaur_simulations/nanosaur_worlds) by extensions ['ignore', 'ignore_ament_install']
[2.989s] Level 1:colcon.colcon_core.package_identification:_identify(src/nanosaur_simulations/nanosaur_worlds) by extension 'ignore'
[2.990s] Level 1:colcon.colcon_core.package_identification:_identify(src/nanosaur_simulations/nanosaur_worlds) by extension 'ignore_ament_install'
[2.990s] Level 1:colcon.colcon_core.package_identification:_identify(src/nanosaur_simulations/nanosaur_worlds) by extensions ['colcon_pkg']
[2.990s] Level 1:colcon.colcon_core.package_identification:_identify(src/nanosaur_simulations/nanosaur_worlds) by extension 'colcon_pkg'
[2.991s] Level 1:colcon.colcon_core.package_identification:_identify(src/nanosaur_simulations/nanosaur_worlds) by extensions ['colcon_meta']
[2.991s] Level 1:colcon.colcon_core.package_identification:_identify(src/nanosaur_simulations/nanosaur_worlds) by extension 'colcon_meta'
[2.991s] Level 1:colcon.colcon_core.package_identification:_identify(src/nanosaur_simulations/nanosaur_worlds) by extensions ['ros']
[2.992s] Level 1:colcon.colcon_core.package_identification:_identify(src/nanosaur_simulations/nanosaur_worlds) by extension 'ros'
[2.996s] DEBUG:colcon.colcon_core.package_identification:Package 'src/nanosaur_simulations/nanosaur_worlds' with type 'ros.ament_cmake' and name 'nanosaur_worlds'
[2.997s] Level 1:colcon.colcon_core.package_identification:_identify(src/rb_nanosaur) by extensions ['ignore', 'ignore_ament_install']
[2.997s] Level 1:colcon.colcon_core.package_identification:_identify(src/rb_nanosaur) by extension 'ignore'
[2.998s] Level 1:colcon.colcon_core.package_identification:_identify(src/rb_nanosaur) by extension 'ignore_ament_install'
[2.998s] Level 1:colcon.colcon_core.package_identification:_identify(src/rb_nanosaur) by extensions ['colcon_pkg']
[2.998s] Level 1:colcon.colcon_core.package_identification:_identify(src/rb_nanosaur) by extension 'colcon_pkg'
[2.998s] Level 1:colcon.colcon_core.package_identification:_identify(src/rb_nanosaur) by extensions ['colcon_meta']
[2.999s] Level 1:colcon.colcon_core.package_identification:_identify(src/rb_nanosaur) by extension 'colcon_meta'
[2.999s] Level 1:colcon.colcon_core.package_identification:_identify(src/rb_nanosaur) by extensions ['ros']
[2.999s] Level 1:colcon.colcon_core.package_identification:_identify(src/rb_nanosaur) by extension 'ros'
[3.000s] Level 1:colcon.colcon_core.package_identification:_identify(src/rb_nanosaur) by extensions ['cmake', 'python']
[3.000s] Level 1:colcon.colcon_core.package_identification:_identify(src/rb_nanosaur) by extension 'cmake'
[3.001s] Level 1:colcon.colcon_core.package_identification:_identify(src/rb_nanosaur) by extension 'python'
[3.001s] Level 1:colcon.colcon_core.package_identification:_identify(src/rb_nanosaur) by extensions ['python_setup_py']
[3.001s] Level 1:colcon.colcon_core.package_identification:_identify(src/rb_nanosaur) by extension 'python_setup_py'
[3.003s] Level 1:colcon.colcon_core.package_identification:_identify(src/rb_nanosaur/STL) by extensions ['ignore', 'ignore_ament_install']
[3.003s] Level 1:colcon.colcon_core.package_identification:_identify(src/rb_nanosaur/STL) by extension 'ignore'
[3.004s] Level 1:colcon.colcon_core.package_identification:_identify(src/rb_nanosaur/STL) by extension 'ignore_ament_install'
[3.004s] Level 1:colcon.colcon_core.package_identification:_identify(src/rb_nanosaur/STL) by extensions ['colcon_pkg']
[3.004s] Level 1:colcon.colcon_core.package_identification:_identify(src/rb_nanosaur/STL) by extension 'colcon_pkg'
[3.005s] Level 1:colcon.colcon_core.package_identification:_identify(src/rb_nanosaur/STL) by extensions ['colcon_meta']
[3.005s] Level 1:colcon.colcon_core.package_identification:_identify(src/rb_nanosaur/STL) by extension 'colcon_meta'
[3.005s] Level 1:colcon.colcon_core.package_identification:_identify(src/rb_nanosaur/STL) by extensions ['ros']
[3.005s] Level 1:colcon.colcon_core.package_identification:_identify(src/rb_nanosaur/STL) by extension 'ros'
[3.006s] Level 1:colcon.colcon_core.package_identification:_identify(src/rb_nanosaur/STL) by extensions ['cmake', 'python']
[3.006s] Level 1:colcon.colcon_core.package_identification:_identify(src/rb_nanosaur/STL) by extension 'cmake'
[3.006s] Level 1:colcon.colcon_core.package_identification:_identify(src/rb_nanosaur/STL) by extension 'python'
[3.007s] Level 1:colcon.colcon_core.package_identification:_identify(src/rb_nanosaur/STL) by extensions ['python_setup_py']
[3.007s] Level 1:colcon.colcon_core.package_identification:_identify(src/rb_nanosaur/STL) by extension 'python_setup_py'
[3.008s] Level 1:colcon.colcon_core.package_identification:_identify(src/rb_nanosaur/cpp_first_pkg) by extensions ['ignore', 'ignore_ament_install']
[3.008s] Level 1:colcon.colcon_core.package_identification:_identify(src/rb_nanosaur/cpp_first_pkg) by extension 'ignore'
[3.009s] Level 1:colcon.colcon_core.package_identification:_identify(src/rb_nanosaur/cpp_first_pkg) by extension 'ignore_ament_install'
[3.009s] Level 1:colcon.colcon_core.package_identification:_identify(src/rb_nanosaur/cpp_first_pkg) by extensions ['colcon_pkg']
[3.009s] Level 1:colcon.colcon_core.package_identification:_identify(src/rb_nanosaur/cpp_first_pkg) by extension 'colcon_pkg'
[3.009s] Level 1:colcon.colcon_core.package_identification:_identify(src/rb_nanosaur/cpp_first_pkg) by extensions ['colcon_meta']
[3.010s] Level 1:colcon.colcon_core.package_identification:_identify(src/rb_nanosaur/cpp_first_pkg) by extension 'colcon_meta'
[3.010s] Level 1:colcon.colcon_core.package_identification:_identify(src/rb_nanosaur/cpp_first_pkg) by extensions ['ros']
[3.010s] Level 1:colcon.colcon_core.package_identification:_identify(src/rb_nanosaur/cpp_first_pkg) by extension 'ros'
[3.015s] DEBUG:colcon.colcon_core.package_identification:Package 'src/rb_nanosaur/cpp_first_pkg' with type 'ros.ament_cmake' and name 'cpp_first_pkg'
[3.015s] Level 1:colcon.colcon_core.package_identification:_identify(src/rb_nanosaur/images) by extensions ['ignore', 'ignore_ament_install']
[3.016s] Level 1:colcon.colcon_core.package_identification:_identify(src/rb_nanosaur/images) by extension 'ignore'
[3.016s] Level 1:colcon.colcon_core.package_identification:_identify(src/rb_nanosaur/images) by extension 'ignore_ament_install'
[3.017s] Level 1:colcon.colcon_core.package_identification:_identify(src/rb_nanosaur/images) by extensions ['colcon_pkg']
[3.017s] Level 1:colcon.colcon_core.package_identification:_identify(src/rb_nanosaur/images) by extension 'colcon_pkg'
[3.017s] Level 1:colcon.colcon_core.package_identification:_identify(src/rb_nanosaur/images) by extensions ['colcon_meta']
[3.018s] Level 1:colcon.colcon_core.package_identification:_identify(src/rb_nanosaur/images) by extension 'colcon_meta'
[3.018s] Level 1:colcon.colcon_core.package_identification:_identify(src/rb_nanosaur/images) by extensions ['ros']
[3.018s] Level 1:colcon.colcon_core.package_identification:_identify(src/rb_nanosaur/images) by extension 'ros'
[3.019s] Level 1:colcon.colcon_core.package_identification:_identify(src/rb_nanosaur/images) by extensions ['cmake', 'python']
[3.019s] Level 1:colcon.colcon_core.package_identification:_identify(src/rb_nanosaur/images) by extension 'cmake'
[3.019s] Level 1:colcon.colcon_core.package_identification:_identify(src/rb_nanosaur/images) by extension 'python'
[3.020s] Level 1:colcon.colcon_core.package_identification:_identify(src/rb_nanosaur/images) by extensions ['python_setup_py']
[3.020s] Level 1:colcon.colcon_core.package_identification:_identify(src/rb_nanosaur/images) by extension 'python_setup_py'
[3.021s] Level 1:colcon.colcon_core.package_identification:_identify(src/rb_nanosaur/install) by extensions ['ignore', 'ignore_ament_install']
[3.021s] Level 1:colcon.colcon_core.package_identification:_identify(src/rb_nanosaur/install) by extension 'ignore'
[3.021s] Level 1:colcon.colcon_core.package_identification:_identify(src/rb_nanosaur/install) by extension 'ignore_ament_install'
[3.022s] Level 1:colcon.colcon_core.package_identification:_identify(src/rb_nanosaur/install) by extensions ['colcon_pkg']
[3.022s] Level 1:colcon.colcon_core.package_identification:_identify(src/rb_nanosaur/install) by extension 'colcon_pkg'
[3.022s] Level 1:colcon.colcon_core.package_identification:_identify(src/rb_nanosaur/install) by extensions ['colcon_meta']
[3.023s] Level 1:colcon.colcon_core.package_identification:_identify(src/rb_nanosaur/install) by extension 'colcon_meta'
[3.023s] Level 1:colcon.colcon_core.package_identification:_identify(src/rb_nanosaur/install) by extensions ['ros']
[3.023s] Level 1:colcon.colcon_core.package_identification:_identify(src/rb_nanosaur/install) by extension 'ros'
[3.024s] Level 1:colcon.colcon_core.package_identification:_identify(src/rb_nanosaur/install) by extensions ['cmake', 'python']
[3.024s] Level 1:colcon.colcon_core.package_identification:_identify(src/rb_nanosaur/install) by extension 'cmake'
[3.025s] Level 1:colcon.colcon_core.package_identification:_identify(src/rb_nanosaur/install) by extension 'python'
[3.025s] Level 1:colcon.colcon_core.package_identification:_identify(src/rb_nanosaur/install) by extensions ['python_setup_py']
[3.025s] Level 1:colcon.colcon_core.package_identification:_identify(src/rb_nanosaur/install) by extension 'python_setup_py'
[3.026s] Level 1:colcon.colcon_core.package_identification:_identify(src/rb_nanosaur/nanosaur_camera) by extensions ['ignore', 'ignore_ament_install']
[3.027s] Level 1:colcon.colcon_core.package_identification:_identify(src/rb_nanosaur/nanosaur_camera) by extension 'ignore'
[3.027s] Level 1:colcon.colcon_core.package_identification:_identify(src/rb_nanosaur/nanosaur_camera) by extension 'ignore_ament_install'
[3.028s] Level 1:colcon.colcon_core.package_identification:_identify(src/rb_nanosaur/nanosaur_camera) by extensions ['colcon_pkg']
[3.028s] Level 1:colcon.colcon_core.package_identification:_identify(src/rb_nanosaur/nanosaur_camera) by extension 'colcon_pkg'
[3.028s] Level 1:colcon.colcon_core.package_identification:_identify(src/rb_nanosaur/nanosaur_camera) by extensions ['colcon_meta']
[3.029s] Level 1:colcon.colcon_core.package_identification:_identify(src/rb_nanosaur/nanosaur_camera) by extension 'colcon_meta'
[3.029s] Level 1:colcon.colcon_core.package_identification:_identify(src/rb_nanosaur/nanosaur_camera) by extensions ['ros']
[3.029s] Level 1:colcon.colcon_core.package_identification:_identify(src/rb_nanosaur/nanosaur_camera) by extension 'ros'
[3.036s] DEBUG:colcon.colcon_core.package_identification:Package 'src/rb_nanosaur/nanosaur_camera' with type 'ros.ament_cmake' and name 'nanosaur_camera'
[3.037s] Level 1:colcon.colcon_core.package_identification:_identify(src/rb_nanosaur/nanosaur_emotion) by extensions ['ignore', 'ignore_ament_install']
[3.037s] Level 1:colcon.colcon_core.package_identification:_identify(src/rb_nanosaur/nanosaur_emotion) by extension 'ignore'
[3.038s] Level 1:colcon.colcon_core.package_identification:_identify(src/rb_nanosaur/nanosaur_emotion) by extension 'ignore_ament_install'
[3.038s] Level 1:colcon.colcon_core.package_identification:_identify(src/rb_nanosaur/nanosaur_emotion) by extensions ['colcon_pkg']
[3.038s] Level 1:colcon.colcon_core.package_identification:_identify(src/rb_nanosaur/nanosaur_emotion) by extension 'colcon_pkg'
[3.039s] Level 1:colcon.colcon_core.package_identification:_identify(src/rb_nanosaur/nanosaur_emotion) by extensions ['colcon_meta']
[3.039s] Level 1:colcon.colcon_core.package_identification:_identify(src/rb_nanosaur/nanosaur_emotion) by extension 'colcon_meta'
[3.039s] Level 1:colcon.colcon_core.package_identification:_identify(src/rb_nanosaur/nanosaur_emotion) by extensions ['ros']
[3.040s] Level 1:colcon.colcon_core.package_identification:_identify(src/rb_nanosaur/nanosaur_emotion) by extension 'ros'
[3.046s] DEBUG:colcon.colcon_core.package_identification:Package 'src/rb_nanosaur/nanosaur_emotion' with type 'ros.ament_cmake' and name 'nanosaur_emotion'
[3.047s] Level 1:colcon.colcon_core.package_identification:_identify(src/rb_nanosaur/nanosaur_hardware) by extensions ['ignore', 'ignore_ament_install']
[3.048s] Level 1:colcon.colcon_core.package_identification:_identify(src/rb_nanosaur/nanosaur_hardware) by extension 'ignore'
[3.048s] Level 1:colcon.colcon_core.package_identification:_identify(src/rb_nanosaur/nanosaur_hardware) by extension 'ignore_ament_install'
[3.049s] Level 1:colcon.colcon_core.package_identification:_identify(src/rb_nanosaur/nanosaur_hardware) by extensions ['colcon_pkg']
[3.049s] Level 1:colcon.colcon_core.package_identification:_identify(src/rb_nanosaur/nanosaur_hardware) by extension 'colcon_pkg'
[3.049s] Level 1:colcon.colcon_core.package_identification:_identify(src/rb_nanosaur/nanosaur_hardware) by extensions ['colcon_meta']
[3.049s] Level 1:colcon.colcon_core.package_identification:_identify(src/rb_nanosaur/nanosaur_hardware) by extension 'colcon_meta'
[3.050s] Level 1:colcon.colcon_core.package_identification:_identify(src/rb_nanosaur/nanosaur_hardware) by extensions ['ros']
[3.050s] Level 1:colcon.colcon_core.package_identification:_identify(src/rb_nanosaur/nanosaur_hardware) by extension 'ros'
[3.055s] DEBUG:colcon.colcon_core.package_identification:Package 'src/rb_nanosaur/nanosaur_hardware' with type 'ros.ament_python' and name 'nanosaur_hardware'
[3.056s] Level 1:colcon.colcon_core.package_identification:_identify(src/rb_nanosaur/tests) by extensions ['ignore', 'ignore_ament_install']
[3.056s] Level 1:colcon.colcon_core.package_identification:_identify(src/rb_nanosaur/tests) by extension 'ignore'
[3.057s] Level 1:colcon.colcon_core.package_identification:_identify(src/rb_nanosaur/tests) by extension 'ignore_ament_install'
[3.057s] Level 1:colcon.colcon_core.package_identification:_identify(src/rb_nanosaur/tests) by extensions ['colcon_pkg']
[3.057s] Level 1:colcon.colcon_core.package_identification:_identify(src/rb_nanosaur/tests) by extension 'colcon_pkg'
[3.058s] Level 1:colcon.colcon_core.package_identification:_identify(src/rb_nanosaur/tests) by extensions ['colcon_meta']
[3.058s] Level 1:colcon.colcon_core.package_identification:_identify(src/rb_nanosaur/tests) by extension 'colcon_meta'
[3.058s] Level 1:colcon.colcon_core.package_identification:_identify(src/rb_nanosaur/tests) by extensions ['ros']
[3.059s] Level 1:colcon.colcon_core.package_identification:_identify(src/rb_nanosaur/tests) by extension 'ros'
[3.059s] Level 1:colcon.colcon_core.package_identification:_identify(src/rb_nanosaur/tests) by extensions ['cmake', 'python']
[3.060s] Level 1:colcon.colcon_core.package_identification:_identify(src/rb_nanosaur/tests) by extension 'cmake'
[3.060s] Level 1:colcon.colcon_core.package_identification:_identify(src/rb_nanosaur/tests) by extension 'python'
[3.060s] Level 1:colcon.colcon_core.package_identification:_identify(src/rb_nanosaur/tests) by extensions ['python_setup_py']
[3.061s] Level 1:colcon.colcon_core.package_identification:_identify(src/rb_nanosaur/tests) by extension 'python_setup_py'
[3.061s] Level 1:colcon.colcon_core.package_identification:_identify(src/rb_nanosaur/webrtc_pkg) by extensions ['ignore', 'ignore_ament_install']
[3.062s] Level 1:colcon.colcon_core.package_identification:_identify(src/rb_nanosaur/webrtc_pkg) by extension 'ignore'
[3.063s] Level 1:colcon.colcon_core.package_identification:_identify(src/rb_nanosaur/webrtc_pkg) by extension 'ignore_ament_install'
[3.063s] Level 1:colcon.colcon_core.package_identification:_identify(src/rb_nanosaur/webrtc_pkg) by extensions ['colcon_pkg']
[3.063s] Level 1:colcon.colcon_core.package_identification:_identify(src/rb_nanosaur/webrtc_pkg) by extension 'colcon_pkg'
[3.064s] Level 1:colcon.colcon_core.package_identification:_identify(src/rb_nanosaur/webrtc_pkg) by extensions ['colcon_meta']
[3.064s] Level 1:colcon.colcon_core.package_identification:_identify(src/rb_nanosaur/webrtc_pkg) by extension 'colcon_meta'
[3.065s] Level 1:colcon.colcon_core.package_identification:_identify(src/rb_nanosaur/webrtc_pkg) by extensions ['ros']
[3.065s] Level 1:colcon.colcon_core.package_identification:_identify(src/rb_nanosaur/webrtc_pkg) by extension 'ros'
[3.071s] DEBUG:colcon.colcon_core.package_identification:Package 'src/rb_nanosaur/webrtc_pkg' with type 'ros.ament_python' and name 'webrtc_pkg'
[3.072s] Level 1:colcon.colcon_core.package_identification:_identify(src/ros2_jetson_stats) by extensions ['ignore', 'ignore_ament_install']
[3.072s] Level 1:colcon.colcon_core.package_identification:_identify(src/ros2_jetson_stats) by extension 'ignore'
[3.073s] Level 1:colcon.colcon_core.package_identification:_identify(src/ros2_jetson_stats) by extension 'ignore_ament_install'
[3.073s] Level 1:colcon.colcon_core.package_identification:_identify(src/ros2_jetson_stats) by extensions ['colcon_pkg']
[3.073s] Level 1:colcon.colcon_core.package_identification:_identify(src/ros2_jetson_stats) by extension 'colcon_pkg'
[3.073s] Level 1:colcon.colcon_core.package_identification:_identify(src/ros2_jetson_stats) by extensions ['colcon_meta']
[3.074s] Level 1:colcon.colcon_core.package_identification:_identify(src/ros2_jetson_stats) by extension 'colcon_meta'
[3.074s] Level 1:colcon.colcon_core.package_identification:_identify(src/ros2_jetson_stats) by extensions ['ros']
[3.074s] Level 1:colcon.colcon_core.package_identification:_identify(src/ros2_jetson_stats) by extension 'ros'
[3.075s] Level 1:colcon.colcon_core.package_identification:_identify(src/ros2_jetson_stats) by extensions ['cmake', 'python']
[3.075s] Level 1:colcon.colcon_core.package_identification:_identify(src/ros2_jetson_stats) by extension 'cmake'
[3.076s] Level 1:colcon.colcon_core.package_identification:_identify(src/ros2_jetson_stats) by extension 'python'
[3.076s] Level 1:colcon.colcon_core.package_identification:_identify(src/ros2_jetson_stats) by extensions ['python_setup_py']
[3.076s] Level 1:colcon.colcon_core.package_identification:_identify(src/ros2_jetson_stats) by extension 'python_setup_py'
[3.078s] Level 1:colcon.colcon_core.package_identification:_identify(src/ros2_jetson_stats/jetson_stats_msgs) by extensions ['ignore', 'ignore_ament_install']
[3.079s] Level 1:colcon.colcon_core.package_identification:_identify(src/ros2_jetson_stats/jetson_stats_msgs) by extension 'ignore'
[3.079s] Level 1:colcon.colcon_core.package_identification:_identify(src/ros2_jetson_stats/jetson_stats_msgs) by extension 'ignore_ament_install'
[3.080s] Level 1:colcon.colcon_core.package_identification:_identify(src/ros2_jetson_stats/jetson_stats_msgs) by extensions ['colcon_pkg']
[3.081s] Level 1:colcon.colcon_core.package_identification:_identify(src/ros2_jetson_stats/jetson_stats_msgs) by extension 'colcon_pkg'
[3.081s] Level 1:colcon.colcon_core.package_identification:_identify(src/ros2_jetson_stats/jetson_stats_msgs) by extensions ['colcon_meta']
[3.081s] Level 1:colcon.colcon_core.package_identification:_identify(src/ros2_jetson_stats/jetson_stats_msgs) by extension 'colcon_meta'
[3.082s] Level 1:colcon.colcon_core.package_identification:_identify(src/ros2_jetson_stats/jetson_stats_msgs) by extensions ['ros']
[3.082s] Level 1:colcon.colcon_core.package_identification:_identify(src/ros2_jetson_stats/jetson_stats_msgs) by extension 'ros'
[3.087s] DEBUG:colcon.colcon_core.package_identification:Package 'src/ros2_jetson_stats/jetson_stats_msgs' with type 'ros.ament_cmake' and name 'jetson_stats_msgs'
[3.088s] Level 1:colcon.colcon_core.package_identification:_identify(src/ros2_jetson_stats/jetson_stats_wrapper) by extensions ['ignore', 'ignore_ament_install']
[3.088s] Level 1:colcon.colcon_core.package_identification:_identify(src/ros2_jetson_stats/jetson_stats_wrapper) by extension 'ignore'
[3.089s] Level 1:colcon.colcon_core.package_identification:_identify(src/ros2_jetson_stats/jetson_stats_wrapper) by extension 'ignore_ament_install'
[3.089s] Level 1:colcon.colcon_core.package_identification:_identify(src/ros2_jetson_stats/jetson_stats_wrapper) by extensions ['colcon_pkg']
[3.089s] Level 1:colcon.colcon_core.package_identification:_identify(src/ros2_jetson_stats/jetson_stats_wrapper) by extension 'colcon_pkg'
[3.090s] Level 1:colcon.colcon_core.package_identification:_identify(src/ros2_jetson_stats/jetson_stats_wrapper) by extensions ['colcon_meta']
[3.090s] Level 1:colcon.colcon_core.package_identification:_identify(src/ros2_jetson_stats/jetson_stats_wrapper) by extension 'colcon_meta'
[3.090s] Level 1:colcon.colcon_core.package_identification:_identify(src/ros2_jetson_stats/jetson_stats_wrapper) by extensions ['ros']
[3.091s] Level 1:colcon.colcon_core.package_identification:_identify(src/ros2_jetson_stats/jetson_stats_wrapper) by extension 'ros'
[3.095s] DEBUG:colcon.colcon_core.package_identification:Package 'src/ros2_jetson_stats/jetson_stats_wrapper' with type 'ros.ament_python' and name 'jetson_stats_wrapper'
[3.097s] Level 1:colcon.colcon_core.package_identification:_identify(src/ros2_jetson_stats/ros2_jetson_stats) by extensions ['ignore', 'ignore_ament_install']
[3.098s] Level 1:colcon.colcon_core.package_identification:_identify(src/ros2_jetson_stats/ros2_jetson_stats) by extension 'ignore'
[3.098s] Level 1:colcon.colcon_core.package_identification:_identify(src/ros2_jetson_stats/ros2_jetson_stats) by extension 'ignore_ament_install'
[3.098s] Level 1:colcon.colcon_core.package_identification:_identify(src/ros2_jetson_stats/ros2_jetson_stats) by extensions ['colcon_pkg']
[3.099s] Level 1:colcon.colcon_core.package_identification:_identify(src/ros2_jetson_stats/ros2_jetson_stats) by extension 'colcon_pkg'
[3.099s] Level 1:colcon.colcon_core.package_identification:_identify(src/ros2_jetson_stats/ros2_jetson_stats) by extensions ['colcon_meta']
[3.099s] Level 1:colcon.colcon_core.package_identification:_identify(src/ros2_jetson_stats/ros2_jetson_stats) by extension 'colcon_meta'
[3.100s] Level 1:colcon.colcon_core.package_identification:_identify(src/ros2_jetson_stats/ros2_jetson_stats) by extensions ['ros']
[3.100s] Level 1:colcon.colcon_core.package_identification:_identify(src/ros2_jetson_stats/ros2_jetson_stats) by extension 'ros'
[3.104s] DEBUG:colcon.colcon_core.package_identification:Package 'src/ros2_jetson_stats/ros2_jetson_stats' with type 'ros.ament_cmake' and name 'ros2_jetson_stats'
[3.105s] Level 1:colcon.colcon_core.package_identification:_identify(src/ros2_shared) by extensions ['ignore', 'ignore_ament_install']
[3.105s] Level 1:colcon.colcon_core.package_identification:_identify(src/ros2_shared) by extension 'ignore'
[3.106s] Level 1:colcon.colcon_core.package_identification:_identify(src/ros2_shared) by extension 'ignore_ament_install'
[3.106s] Level 1:colcon.colcon_core.package_identification:_identify(src/ros2_shared) by extensions ['colcon_pkg']
[3.106s] Level 1:colcon.colcon_core.package_identification:_identify(src/ros2_shared) by extension 'colcon_pkg'
[3.107s] Level 1:colcon.colcon_core.package_identification:_identify(src/ros2_shared) by extensions ['colcon_meta']
[3.107s] Level 1:colcon.colcon_core.package_identification:_identify(src/ros2_shared) by extension 'colcon_meta'
[3.107s] Level 1:colcon.colcon_core.package_identification:_identify(src/ros2_shared) by extensions ['ros']
[3.107s] Level 1:colcon.colcon_core.package_identification:_identify(src/ros2_shared) by extension 'ros'
[3.110s] DEBUG:colcon.colcon_core.package_identification:Package 'src/ros2_shared' with type 'ros.ament_cmake' and name 'ros2_shared'
[3.111s] Level 1:colcon.colcon_core.package_identification:_identify(src/ros2_system_manager) by extensions ['ignore', 'ignore_ament_install']
[3.112s] Level 1:colcon.colcon_core.package_identification:_identify(src/ros2_system_manager) by extension 'ignore'
[3.112s] Level 1:colcon.colcon_core.package_identification:_identify(src/ros2_system_manager) by extension 'ignore_ament_install'
[3.113s] Level 1:colcon.colcon_core.package_identification:_identify(src/ros2_system_manager) by extensions ['colcon_pkg']
[3.113s] Level 1:colcon.colcon_core.package_identification:_identify(src/ros2_system_manager) by extension 'colcon_pkg'
[3.113s] Level 1:colcon.colcon_core.package_identification:_identify(src/ros2_system_manager) by extensions ['colcon_meta']
[3.114s] Level 1:colcon.colcon_core.package_identification:_identify(src/ros2_system_manager) by extension 'colcon_meta'
[3.114s] Level 1:colcon.colcon_core.package_identification:_identify(src/ros2_system_manager) by extensions ['ros']
[3.114s] Level 1:colcon.colcon_core.package_identification:_identify(src/ros2_system_manager) by extension 'ros'
[3.119s] DEBUG:colcon.colcon_core.package_identification:Package 'src/ros2_system_manager' with type 'ros.ament_python' and name 'ros2_system_manager'
[3.120s] Level 1:colcon.colcon_core.package_identification:_identify(src/ros2_teleop_keyboard) by extensions ['ignore', 'ignore_ament_install']
[3.121s] Level 1:colcon.colcon_core.package_identification:_identify(src/ros2_teleop_keyboard) by extension 'ignore'
[3.121s] Level 1:colcon.colcon_core.package_identification:_identify(src/ros2_teleop_keyboard) by extension 'ignore_ament_install'
[3.121s] Level 1:colcon.colcon_core.package_identification:_identify(src/ros2_teleop_keyboard) by extensions ['colcon_pkg']
[3.122s] Level 1:colcon.colcon_core.package_identification:_identify(src/ros2_teleop_keyboard) by extension 'colcon_pkg'
[3.122s] Level 1:colcon.colcon_core.package_identification:_identify(src/ros2_teleop_keyboard) by extensions ['colcon_meta']
[3.122s] Level 1:colcon.colcon_core.package_identification:_identify(src/ros2_teleop_keyboard) by extension 'colcon_meta'
[3.123s] Level 1:colcon.colcon_core.package_identification:_identify(src/ros2_teleop_keyboard) by extensions ['ros']
[3.123s] Level 1:colcon.colcon_core.package_identification:_identify(src/ros2_teleop_keyboard) by extension 'ros'
[3.126s] DEBUG:colcon.colcon_core.package_identification:Package 'src/ros2_teleop_keyboard' with type 'ros.ament_python' and name 'teleop_twist_keyboard'
[3.126s] Level 1:colcon.colcon_core.package_discovery:discover_packages(recursive) using defaults
[3.128s] Level 1:colcon.colcon_core.package_discovery:discover_packages(ignore) discover
[3.128s] Level 1:colcon.colcon_core.package_discovery:discover_packages(ignore) using defaults
[3.128s] Level 1:colcon.colcon_core.package_discovery:discover_packages(path) discover
[3.128s] Level 1:colcon.colcon_core.package_discovery:discover_packages(path) using defaults
[3.304s] INFO:colcon.colcon_core.package_selection:Skipping not selected package 'cpp_first_pkg' in 'src/rb_nanosaur/cpp_first_pkg'
[3.304s] INFO:colcon.colcon_core.package_selection:Skipping not selected package 'jetson_stats_msgs' in 'src/ros2_jetson_stats/jetson_stats_msgs'
[3.304s] INFO:colcon.colcon_core.package_selection:Skipping not selected package 'nanosaur_camera' in 'src/rb_nanosaur/nanosaur_camera'
[3.305s] INFO:colcon.colcon_core.package_selection:Skipping not selected package 'nanosaur_control' in 'src/nanosaur/nanosaur_control'
[3.305s] INFO:colcon.colcon_core.package_selection:Skipping not selected package 'nanosaur_description' in 'src/nanosaur/nanosaur_description'
[3.305s] INFO:colcon.colcon_core.package_selection:Skipping not selected package 'nanosaur_emotion' in 'src/rb_nanosaur/nanosaur_emotion'
[3.305s] INFO:colcon.colcon_core.package_selection:Skipping not selected package 'nanosaur_hardware' in 'src/rb_nanosaur/nanosaur_hardware'
[3.305s] INFO:colcon.colcon_core.package_selection:Skipping not selected package 'nanosaur_msgs' in 'src/nanosaur/nanosaur_msgs'
[3.305s] INFO:colcon.colcon_core.package_selection:Skipping not selected package 'nanosaur_simulations' in 'src/nanosaur_simulations/nanosaur_simulations'
[3.306s] INFO:colcon.colcon_core.package_selection:Skipping not selected package 'nanosaur_worlds' in 'src/nanosaur_simulations/nanosaur_worlds'
[3.306s] INFO:colcon.colcon_core.package_selection:Skipping not selected package 'ros2_shared' in 'src/ros2_shared'
[3.306s] INFO:colcon.colcon_core.package_selection:Skipping not selected package 'ros2_system_manager' in 'src/ros2_system_manager'
[3.306s] INFO:colcon.colcon_core.package_selection:Skipping not selected package 'teleop_twist_keyboard' in 'src/ros2_teleop_keyboard'
[3.306s] INFO:colcon.colcon_core.package_selection:Skipping not selected package 'webrtc_pkg' in 'src/rb_nanosaur/webrtc_pkg'
[3.306s] INFO:colcon.colcon_core.package_selection:Skipping not selected package 'jetson_stats_wrapper' in 'src/ros2_jetson_stats/jetson_stats_wrapper'
[3.307s] INFO:colcon.colcon_core.package_selection:Skipping not selected package 'nanosaur' in 'src/nanosaur/nanosaur'
[3.307s] INFO:colcon.colcon_core.package_selection:Skipping not selected package 'nanosaur_base' in 'src/nanosaur_robot/nanosaur_base'
[3.307s] INFO:colcon.colcon_core.package_selection:Skipping not selected package 'nanosaur_gazebo' in 'src/nanosaur_simulations/nanosaur_gazebo'
[3.307s] INFO:colcon.colcon_core.package_selection:Skipping not selected package 'nanosaur_ignition' in 'src/nanosaur_simulations/nanosaur_ignition'
[3.307s] INFO:colcon.colcon_core.package_selection:Skipping not selected package 'nanosaur_isaac_sim' in 'src/nanosaur_simulations/nanosaur_isaac_sim'
[3.308s] INFO:colcon.colcon_core.package_selection:Skipping not selected package 'ros2_jetson_stats' in 'src/ros2_jetson_stats/ros2_jetson_stats'
[3.308s] INFO:colcon.colcon_core.package_selection:Skipping not selected package 'nanosaur_bringup' in 'src/nanosaur_robot/nanosaur_bringup'
[3.308s] INFO:colcon.colcon_core.package_selection:Skipping not selected package 'nanosaur_robot' in 'src/nanosaur_robot/nanosaur_robot'
[3.313s] Level 1:colcon.colcon_core.package_discovery:discover_packages(prefix_path) check parameters
[3.313s] Level 1:colcon.colcon_core.package_discovery:discover_packages(prefix_path) discover
[3.334s] DEBUG:colcon.colcon_installed_package_information.package_discovery:Found 153 installed packages in /opt/ros/eloquent
[3.343s] Level 1:colcon.colcon_core.package_discovery:discover_packages(prefix_path) using defaults
[3.661s] Level 5:colcon.colcon_core.verb:set package 'gscam2' build argument 'cmake_args' from command line to 'None'
[3.661s] Level 5:colcon.colcon_core.verb:set package 'gscam2' build argument 'cmake_target' from command line to 'None'
[3.661s] Level 5:colcon.colcon_core.verb:set package 'gscam2' build argument 'cmake_target_skip_unavailable' from command line to 'False'
[3.662s] Level 5:colcon.colcon_core.verb:set package 'gscam2' build argument 'cmake_clean_cache' from command line to 'False'
[3.662s] Level 5:colcon.colcon_core.verb:set package 'gscam2' build argument 'cmake_clean_first' from command line to 'False'
[3.662s] Level 5:colcon.colcon_core.verb:set package 'gscam2' build argument 'cmake_force_configure' from command line to 'False'
[3.663s] Level 5:colcon.colcon_core.verb:set package 'gscam2' build argument 'ament_cmake_args' from command line to 'None'
[3.663s] Level 5:colcon.colcon_core.verb:set package 'gscam2' build argument 'catkin_cmake_args' from command line to 'None'
[3.663s] Level 5:colcon.colcon_core.verb:set package 'gscam2' build argument 'catkin_skip_building_tests' from command line to 'False'
[3.664s] DEBUG:colcon.colcon_core.verb:Building package 'gscam2' with the following arguments: {'ament_cmake_args': None, 'build_base': '/home/jetson/ros_ws/build/gscam2', 'catkin_cmake_args': None, 'catkin_skip_building_tests': False, 'cmake_args': None, 'cmake_clean_cache': False, 'cmake_clean_first': False, 'cmake_force_configure': False, 'cmake_target': None, 'cmake_target_skip_unavailable': False, 'install_base': '/home/jetson/ros_ws/install/gscam2', 'merge_install': False, 'path': '/home/jetson/ros_ws/src/gscam2', 'symlink_install': True, 'test_result_base': None}
[3.669s] INFO:colcon.colcon_core.executor:Executing jobs using 'parallel' executor
[3.692s] DEBUG:colcon.colcon_parallel_executor.executor.parallel:run_until_complete
[3.693s] INFO:colcon.colcon_ros.task.ament_cmake.build:Building ROS package in '/home/jetson/ros_ws/src/gscam2' with build type 'ament_cmake'
[3.693s] INFO:colcon.colcon_cmake.task.cmake.build:Building CMake package in '/home/jetson/ros_ws/src/gscam2'
[3.730s] INFO:colcon.colcon_core.plugin_system:Skipping extension 'colcon_core.shell.bat': Not used on non-Windows systems
[3.732s] INFO:colcon.colcon_core.shell:Skip shell extension 'powershell' for command environment: Not usable outside of PowerShell
[3.732s] DEBUG:colcon.colcon_core.shell:Skip shell extension 'dsv' for command environment
[3.745s] ERROR:colcon.colcon_cmake.task.cmake.build:Failed to find the following files:
- /home/jetson/ros_ws/install/ros2_shared/share/ros2_shared/package.sh
Check that the following packages have been built:
- ros2_shared
[3.746s] Level 1:colcon.colcon_core.environment:create_environment_scripts_only(gscam2)
[3.779s] Level 1:colcon.colcon_core.environment:checking '/home/jetson/ros_ws/install/gscam2' for CMake module files
[3.782s] Level 1:colcon.colcon_core.environment:checking '/home/jetson/ros_ws/install/gscam2' for CMake config files
[3.785s] Level 1:colcon.colcon_core.environment:checking '/home/jetson/ros_ws/install/gscam2/bin'
[3.785s] Level 1:colcon.colcon_core.environment:checking '/home/jetson/ros_ws/install/gscam2/lib/pkgconfig/gscam2.pc'
[3.786s] Level 1:colcon.colcon_core.environment:checking '/home/jetson/ros_ws/install/gscam2/lib/python3.6/site-packages'
[3.787s] Level 1:colcon.colcon_core.environment:checking '/home/jetson/ros_ws/install/gscam2/bin'
[3.796s] INFO:colcon.colcon_core.shell:Creating package script '/home/jetson/ros_ws/install/gscam2/share/gscam2/package.ps1'
[3.804s] INFO:colcon.colcon_core.shell:Creating package descriptor '/home/jetson/ros_ws/install/gscam2/share/gscam2/package.dsv'
[3.807s] INFO:colcon.colcon_core.shell:Creating package script '/home/jetson/ros_ws/install/gscam2/share/gscam2/package.sh'
[3.812s] INFO:colcon.colcon_core.shell:Creating package script '/home/jetson/ros_ws/install/gscam2/share/gscam2/package.bash'
[3.821s] INFO:colcon.colcon_core.shell:Creating package script '/home/jetson/ros_ws/install/gscam2/share/gscam2/package.zsh'
[3.826s] Level 1:colcon.colcon_core.environment:create_file_with_runtime_dependencies(/home/jetson/ros_ws/install/gscam2/share/colcon-core/packages/gscam2)
[3.839s] DEBUG:colcon.colcon_parallel_executor.executor.parallel:closing loop
[3.840s] DEBUG:colcon.colcon_parallel_executor.executor.parallel:loop closed
[3.840s] DEBUG:colcon.colcon_parallel_executor.executor.parallel:run_until_complete finished with '1'
[3.840s] DEBUG:colcon.colcon_core.event_reactor:joining thread
[3.883s] INFO:colcon.colcon_core.plugin_system:Skipping extension 'colcon_notification.desktop_notification.terminal_notifier': Not used on non-Darwin systems
[3.884s] INFO:colcon.colcon_core.plugin_system:Skipping extension 'colcon_notification.desktop_notification.win32': Not used on non-Windows systems
[3.884s] INFO:colcon.colcon_notification.desktop_notification:Sending desktop notification using 'notify2'
[5.102s] DEBUG:colcon.colcon_core.event_reactor:joined thread
[5.113s] INFO:colcon.colcon_core.shell:Creating prefix script '/home/jetson/ros_ws/install/local_setup.ps1'
[5.126s] INFO:colcon.colcon_core.shell:Creating prefix util module '/home/jetson/ros_ws/install/_local_setup_util_ps1.py'
[5.141s] INFO:colcon.colcon_core.shell:Creating prefix chain script '/home/jetson/ros_ws/install/setup.ps1'
[5.151s] INFO:colcon.colcon_core.shell:Creating prefix script '/home/jetson/ros_ws/install/local_setup.sh'
[5.157s] INFO:colcon.colcon_core.shell:Creating prefix util module '/home/jetson/ros_ws/install/_local_setup_util_sh.py'
[5.160s] INFO:colcon.colcon_core.shell:Creating prefix chain script '/home/jetson/ros_ws/install/setup.sh'
[5.169s] INFO:colcon.colcon_core.shell:Creating prefix script '/home/jetson/ros_ws/install/local_setup.bash'
[5.175s] INFO:colcon.colcon_core.shell:Creating prefix chain script '/home/jetson/ros_ws/install/setup.bash'
[5.184s] INFO:colcon.colcon_core.shell:Creating prefix script '/home/jetson/ros_ws/install/local_setup.zsh'
[5.191s] INFO:colcon.colcon_core.shell:Creating prefix chain script '/home/jetson/ros_ws/install/setup.zsh'
