[0.084s] Invoking command in '/home/jetson/ros_ws/build/nanosaur_camera': CMAKE_PREFIX_PATH=/opt/ros/eloquent /usr/bin/cmake --build /home/jetson/ros_ws/build/nanosaur_camera -- -j4 -l4
[0.566s] -- Found ament_cmake: 0.8.3 (/opt/ros/eloquent/share/ament_cmake/cmake)
[0.689s] -- Using PYTHON_EXECUTABLE: /usr/bin/python3
[1.936s] -- Override CMake install command with custom implementation using symlinks instead of copying resources
[1.988s] -- Found rclcpp: 0.8.5 (/opt/ros/eloquent/share/rclcpp/cmake)
[2.052s] -- Found rosidl_adapter: 0.8.3 (/opt/ros/eloquent/share/rosidl_adapter/cmake)
[2.219s] -- Found rmw_implementation_cmake: 0.8.1 (/opt/ros/eloquent/share/rmw_implementation_cmake/cmake)
[2.226s] -- Using RMW implementation 'rmw_fastrtps_cpp' as default
[2.388s] -- Found sensor_msgs: 0.8.1 (/opt/ros/eloquent/share/sensor_msgs/cmake)
[2.484s] -- Found camera_info_manager: 2.2.1 (/opt/ros/eloquent/share/camera_info_manager/cmake)
[2.537s] CMake Error at CMakeLists.txt:24 (find_package):
[2.537s]   By not providing "Findjetson-utils.cmake" in CMAKE_MODULE_PATH this project
[2.538s]   has asked CMake to find a package configuration file provided by
[2.538s]   "jetson-utils", but CMake did not find one.
[2.539s] 
[2.539s]   Could not find a package configuration file provided by "jetson-utils" with
[2.540s]   any of the following names:
[2.540s] 
[2.541s]     jetson-utilsConfig.cmake
[2.541s]     jetson-utils-config.cmake
[2.542s] 
[2.543s]   Add the installation prefix of "jetson-utils" to CMAKE_PREFIX_PATH or set
[2.543s]   "jetson-utils_DIR" to a directory containing one of the above files.  If
[2.544s]   "jetson-utils" provides a separate development package or SDK, be sure it
[2.544s]   has been installed.
[2.545s] 
[2.546s] 
[2.547s] -- Configuring incomplete, errors occurred!
[2.548s] See also "/home/jetson/ros_ws/build/nanosaur_camera/CMakeFiles/CMakeOutput.log".
[2.549s] See also "/home/jetson/ros_ws/build/nanosaur_camera/CMakeFiles/CMakeError.log".
[2.559s] make: *** [cmake_check_build_system] Error 1
[2.560s] Makefile:296: recipe for target 'cmake_check_build_system' failed
[2.567s] Invoked command in '/home/jetson/ros_ws/build/nanosaur_camera' returned '2': CMAKE_PREFIX_PATH=/opt/ros/eloquent /usr/bin/cmake --build /home/jetson/ros_ws/build/nanosaur_camera -- -j4 -l4
