[0.082s] Invoking command in '/home/jetson/ros_ws/build/gscam2': CMAKE_PREFIX_PATH=${CMAKE_PREFIX_PATH}:/home/jetson/ros_ws/install/nanosaur_hardware:/opt/ros/eloquent /usr/bin/cmake /home/jetson/ros_ws/src/gscam2 -DAMENT_CMAKE_SYMLINK_INSTALL=1 -DCMAKE_INSTALL_PREFIX=/home/jetson/ros_ws/install/gscam2
[0.181s] -- Found ament_cmake: 0.8.3 (/opt/ros/eloquent/share/ament_cmake/cmake)
[0.307s] -- Using PYTHON_EXECUTABLE: /usr/bin/python3
[1.438s] -- Override CMake install command with custom implementation using symlinks instead of copying resources
[1.464s] -- Found camera_calibration_parsers: 2.2.1 (/opt/ros/eloquent/share/camera_calibration_parsers/cmake)
[1.522s] -- Found rosidl_adapter: 0.8.3 (/opt/ros/eloquent/share/rosidl_adapter/cmake)
[1.657s] -- Found rmw_implementation_cmake: 0.8.1 (/opt/ros/eloquent/share/rmw_implementation_cmake/cmake)
[1.663s] -- Using RMW implementation 'rmw_fastrtps_cpp' as default
[1.952s] -- Setting yaml-cpp_DIR to: '/opt/ros/eloquent/share/yaml_cpp_vendor/cmake/../../../opt/yaml_cpp_vendor/lib/cmake/yaml-cpp'
[1.963s] -- Found camera_info_manager: 2.2.1 (/opt/ros/eloquent/share/camera_info_manager/cmake)
[1.969s] -- Found class_loader: 1.4.1 (/opt/ros/eloquent/share/class_loader/cmake)
[1.970s] -- Found poco_vendor:  (/opt/ros/eloquent/share/poco_vendor/cmake)
[1.985s] -- Found rclcpp_components: 0.8.5 (/opt/ros/eloquent/share/rclcpp_components/cmake)
[2.048s] -- Found rclpy: 0.8.5 (/opt/ros/eloquent/share/rclpy/cmake)
[2.049s] -- Found ros2_shared: 0.1.0 (/home/jetson/ros_ws/install/ros2_shared/share/ros2_shared/cmake)
[2.965s] CMake Error at /opt/ros/eloquent/share/ament_cmake_core/cmake/core/ament_package_xml.cmake:53 (message):
[2.966s]   ament_package_xml() package name 'gscam2' in '/package.xml' does not match
[2.966s]   current PROJECT_NAME 'gscam'.  You must call project() with the same
[2.967s]   package name before.
[2.967s] Call Stack (most recent call first):
[2.968s]   /opt/ros/eloquent/share/ament_cmake_core/cmake/core/ament_package.cmake:63 (ament_package_xml)
[2.968s]   CMakeLists.txt:138 (ament_package)
[2.969s] 
[2.969s] 
[2.971s] -- Configuring incomplete, errors occurred!
[2.971s] See also "/home/jetson/ros_ws/build/gscam2/CMakeFiles/CMakeOutput.log".
[2.972s] See also "/home/jetson/ros_ws/build/gscam2/CMakeFiles/CMakeError.log".
[2.986s] Invoked command in '/home/jetson/ros_ws/build/gscam2' returned '1': CMAKE_PREFIX_PATH=${CMAKE_PREFIX_PATH}:/home/jetson/ros_ws/install/nanosaur_hardware:/opt/ros/eloquent /usr/bin/cmake /home/jetson/ros_ws/src/gscam2 -DAMENT_CMAKE_SYMLINK_INSTALL=1 -DCMAKE_INSTALL_PREFIX=/home/jetson/ros_ws/install/gscam2
