-- The C compiler identification is GNU 7.5.0
-- The CXX compiler identification is GNU 7.5.0
-- Check for working C compiler: /usr/bin/cc
-- Check for working C compiler: /usr/bin/cc -- works
-- Detecting C compiler ABI info
-- Detecting C compiler ABI info - done
-- Detecting C compile features
-- Detecting C compile features - done
-- Check for working CXX compiler: /usr/bin/c++
-- Check for working CXX compiler: /usr/bin/c++ -- works
-- Detecting CXX compiler ABI info
-- Detecting CXX compiler ABI info - done
-- Detecting CXX compile features
-- Detecting CXX compile features - done
-- Found ament_cmake: 0.8.3 (/opt/ros/eloquent/share/ament_cmake/cmake)
-- Found PythonInterp: /usr/bin/python3 (found suitable version "3.6.9", minimum required is "3") 
-- Using PYTHON_EXECUTABLE: /usr/bin/python3
-- Found rclcpp: 0.8.5 (/opt/ros/eloquent/share/rclcpp/cmake)
-- Found rosidl_adapter: 0.8.3 (/opt/ros/eloquent/share/rosidl_adapter/cmake)
-- Found rmw_implementation_cmake: 0.8.1 (/opt/ros/eloquent/share/rmw_implementation_cmake/cmake)
-- Using RMW implementation 'rmw_fastrtps_cpp' as default
-- Looking for pthread.h
-- Looking for pthread.h - found
-- Looking for pthread_create
-- Looking for pthread_create - not found
-- Looking for pthread_create in pthreads
-- Looking for pthread_create in pthreads - not found
-- Looking for pthread_create in pthread
-- Looking for pthread_create in pthread - found
-- Found Threads: TRUE  
-- Found sensor_msgs: 0.8.1 (/opt/ros/eloquent/share/sensor_msgs/cmake)
-- Found camera_info_manager: 2.2.1 (/opt/ros/eloquent/share/camera_info_manager/cmake)
CMake Error at CMakeLists.txt:24 (find_package):
  By not providing "Findjetson-utils.cmake" in CMAKE_MODULE_PATH this project
  has asked CMake to find a package configuration file provided by
  "jetson-utils", but CMake did not find one.

  Could not find a package configuration file provided by "jetson-utils" with
  any of the following names:

    jetson-utilsConfig.cmake
    jetson-utils-config.cmake

  Add the installation prefix of "jetson-utils" to CMAKE_PREFIX_PATH or set
  "jetson-utils_DIR" to a directory containing one of the above files.  If
  "jetson-utils" provides a separate development package or SDK, be sure it
  has been installed.


-- Configuring incomplete, errors occurred!
See also "/home/jetson/ros_ws/build/nanosaur_camera/CMakeFiles/CMakeOutput.log".
See also "/home/jetson/ros_ws/build/nanosaur_camera/CMakeFiles/CMakeError.log".
