running develop
running egg_info
writing nanosaur_hardware.egg-info/PKG-INFO
writing dependency_links to nanosaur_hardware.egg-info/dependency_links.txt
writing entry points to nanosaur_hardware.egg-info/entry_points.txt
writing requirements to nanosaur_hardware.egg-info/requires.txt
writing top-level names to nanosaur_hardware.egg-info/top_level.txt
reading manifest file 'nanosaur_hardware.egg-info/SOURCES.txt'
writing manifest file 'nanosaur_hardware.egg-info/SOURCES.txt'
running build_ext
Creating /home/jetson/ros_ws/install/nanosaur_hardware/lib/python3.6/site-packages/nanosaur-hardware.egg-link (link to .)
Installing nanosaur script to /home/jetson/ros_ws/install/nanosaur_hardware/lib/nanosaur_hardware

Installed /home/jetson/ros_ws/build/nanosaur_hardware
running install_data
creating /home/jetson/ros_ws/install/nanosaur_hardware/share/ament_index
creating /home/jetson/ros_ws/install/nanosaur_hardware/share/ament_index/resource_index
creating /home/jetson/ros_ws/install/nanosaur_hardware/share/ament_index/resource_index/packages
copying resource/nanosaur_hardware -> /home/jetson/ros_ws/install/nanosaur_hardware/share/ament_index/resource_index/packages
copying package.xml -> /home/jetson/ros_ws/install/nanosaur_hardware/share/nanosaur_hardware
copying requirements.txt -> /home/jetson/ros_ws/install/nanosaur_hardware/share/nanosaur_hardware
