[3.552s] Invoking command in '/home/jetson/ros_ws/build/nanosaur_hardware': PYTHONPATH=/home/jetson/ros_ws/build/nanosaur_hardware/prefix_override:/home/jetson/ros_ws/install/nanosaur_hardware/lib/python3.6/site-packages:${PYTHONPATH} /usr/bin/python3 setup.py develop --editable --build-directory /home/jetson/ros_ws/build/nanosaur_hardware/build --no-deps install_data
[5.028s] running develop
[5.033s] /home/jetson/.local/lib/python3.6/site-packages/setuptools/command/easy_install.py:159: EasyInstallDeprecationWarning: easy_install command is deprecated. Use build and pip and other standards-based tools.
[5.034s]   EasyInstallDeprecationWarning,
[5.040s] /home/jetson/.local/lib/python3.6/site-packages/setuptools/command/install.py:37: SetuptoolsDeprecationWarning: setup.py install is deprecated. Use build and pip and other standards-based tools.
[5.041s]   setuptools.SetuptoolsDeprecationWarning,
[5.281s] /home/jetson/.local/lib/python3.6/site-packages/pkg_resources/__init__.py:119: PkgResourcesDeprecationWarning: 0.18ubuntu0.18.04.1 is an invalid version and will not be supported in a future release
[5.282s]   PkgResourcesDeprecationWarning,
[5.702s] running egg_info
[5.702s] writing nanosaur_hardware.egg-info/PKG-INFO
[5.703s] writing dependency_links to nanosaur_hardware.egg-info/dependency_links.txt
[5.704s] writing entry points to nanosaur_hardware.egg-info/entry_points.txt
[5.705s] writing requirements to nanosaur_hardware.egg-info/requires.txt
[5.705s] writing top-level names to nanosaur_hardware.egg-info/top_level.txt
[5.712s] reading manifest file 'nanosaur_hardware.egg-info/SOURCES.txt'
[5.717s] writing manifest file 'nanosaur_hardware.egg-info/SOURCES.txt'
[5.723s] running build_ext
[5.724s] Creating /home/jetson/ros_ws/install/nanosaur_hardware/lib/python3.6/site-packages/nanosaur-hardware.egg-link (link to .)
[5.728s] Installing nanosaur script to /home/jetson/ros_ws/install/nanosaur_hardware/lib/nanosaur_hardware
[5.729s] 
[5.729s] Installed /home/jetson/ros_ws/build/nanosaur_hardware
[5.730s] running install_data
[5.865s] Invoked command in '/home/jetson/ros_ws/build/nanosaur_hardware' returned '0': PYTHONPATH=/home/jetson/ros_ws/build/nanosaur_hardware/prefix_override:/home/jetson/ros_ws/install/nanosaur_hardware/lib/python3.6/site-packages:${PYTHONPATH} /usr/bin/python3 setup.py develop --editable --build-directory /home/jetson/ros_ws/build/nanosaur_hardware/build --no-deps install_data
