Determining if the pthread_create exist failed with the following output:
Change Dir: /home/jetson/ros_ws/build/nanosaur_camera/CMakeFiles/CMakeTmp

Run Build Command:"/usr/bin/make" "cmTC_132af/fast"
/usr/bin/make -f CMakeFiles/cmTC_132af.dir/build.make CMakeFiles/cmTC_132af.dir/build
make[1]: Entering directory '/home/jetson/ros_ws/build/nanosaur_camera/CMakeFiles/CMakeTmp'
Building C object CMakeFiles/cmTC_132af.dir/CheckSymbolExists.c.o
/usr/bin/cc    -o CMakeFiles/cmTC_132af.dir/CheckSymbolExists.c.o   -c /home/jetson/ros_ws/build/nanosaur_camera/CMakeFiles/CMakeTmp/CheckSymbolExists.c
Linking C executable cmTC_132af
/usr/bin/cmake -E cmake_link_script CMakeFiles/cmTC_132af.dir/link.txt --verbose=1
/usr/bin/cc      CMakeFiles/cmTC_132af.dir/CheckSymbolExists.c.o  -o cmTC_132af 
CMakeFiles/cmTC_132af.dir/CheckSymbolExists.c.o: In function `main':
CheckSymbolExists.c:(.text+0x14): undefined reference to `pthread_create'
CheckSymbolExists.c:(.text+0x18): undefined reference to `pthread_create'
collect2: error: ld returned 1 exit status
CMakeFiles/cmTC_132af.dir/build.make:97: recipe for target 'cmTC_132af' failed
make[1]: *** [cmTC_132af] Error 1
make[1]: Leaving directory '/home/jetson/ros_ws/build/nanosaur_camera/CMakeFiles/CMakeTmp'
Makefile:126: recipe for target 'cmTC_132af/fast' failed
make: *** [cmTC_132af/fast] Error 2

File /home/jetson/ros_ws/build/nanosaur_camera/CMakeFiles/CMakeTmp/CheckSymbolExists.c:
/* */
#include <pthread.h>

int main(int argc, char** argv)
{
  (void)argv;
#ifndef pthread_create
  return ((int*)(&pthread_create))[argc];
#else
  (void)argc;
  return 0;
#endif
}

Determining if the function pthread_create exists in the pthreads failed with the following output:
Change Dir: /home/jetson/ros_ws/build/nanosaur_camera/CMakeFiles/CMakeTmp

Run Build Command:"/usr/bin/make" "cmTC_1b3e3/fast"
/usr/bin/make -f CMakeFiles/cmTC_1b3e3.dir/build.make CMakeFiles/cmTC_1b3e3.dir/build
make[1]: Entering directory '/home/jetson/ros_ws/build/nanosaur_camera/CMakeFiles/CMakeTmp'
Building C object CMakeFiles/cmTC_1b3e3.dir/CheckFunctionExists.c.o
/usr/bin/cc   -DCHECK_FUNCTION_EXISTS=pthread_create   -o CMakeFiles/cmTC_1b3e3.dir/CheckFunctionExists.c.o   -c /usr/share/cmake-3.10/Modules/CheckFunctionExists.c
Linking C executable cmTC_1b3e3
/usr/bin/cmake -E cmake_link_script CMakeFiles/cmTC_1b3e3.dir/link.txt --verbose=1
/usr/bin/cc  -DCHECK_FUNCTION_EXISTS=pthread_create    CMakeFiles/cmTC_1b3e3.dir/CheckFunctionExists.c.o  -o cmTC_1b3e3 -lpthreads 
/usr/bin/ld: cannot find -lpthreads
collect2: error: ld returned 1 exit status
CMakeFiles/cmTC_1b3e3.dir/build.make:97: recipe for target 'cmTC_1b3e3' failed
make[1]: *** [cmTC_1b3e3] Error 1
make[1]: Leaving directory '/home/jetson/ros_ws/build/nanosaur_camera/CMakeFiles/CMakeTmp'
Makefile:126: recipe for target 'cmTC_1b3e3/fast' failed
make: *** [cmTC_1b3e3/fast] Error 2


