[3.989s] Invoking command in '/home/jetson/ros_ws/build/image_pub': PYTHONPATH=/home/jetson/ros_ws/build/image_pub/prefix_override:/home/jetson/ros_ws/install/image_pub/lib/python3.6/site-packages:${PYTHONPATH} /usr/bin/python3 setup.py develop --editable --build-directory /home/jetson/ros_ws/build/image_pub/build --no-deps install_data
[5.328s] /home/jetson/.local/lib/python3.6/site-packages/setuptools/dist.py:726: UserWarning: Usage of dash-separated 'script-dir' will not be supported in future versions. Please use the underscore name 'script_dir' instead
[5.329s]   % (opt, underscore_opt)
[5.594s] running develop
[5.595s] /home/jetson/.local/lib/python3.6/site-packages/setuptools/command/easy_install.py:159: EasyInstallDeprecationWarning: easy_install command is deprecated. Use build and pip and other standards-based tools.
[5.596s]   EasyInstallDeprecationWarning,
[5.603s] /home/jetson/.local/lib/python3.6/site-packages/setuptools/command/install.py:37: SetuptoolsDeprecationWarning: setup.py install is deprecated. Use build and pip and other standards-based tools.
[5.604s]   setuptools.SetuptoolsDeprecationWarning,
[5.908s] /home/jetson/.local/lib/python3.6/site-packages/pkg_resources/__init__.py:119: PkgResourcesDeprecationWarning: 0.18ubuntu0.18.04.1 is an invalid version and will not be supported in a future release
[5.909s]   PkgResourcesDeprecationWarning,
[6.399s] running egg_info
[6.401s] writing image_pub.egg-info/PKG-INFO
[6.402s] writing dependency_links to image_pub.egg-info/dependency_links.txt
[6.403s] writing entry points to image_pub.egg-info/entry_points.txt
[6.403s] writing requirements to image_pub.egg-info/requires.txt
[6.404s] writing top-level names to image_pub.egg-info/top_level.txt
[6.410s] reading manifest file 'image_pub.egg-info/SOURCES.txt'
[6.416s] writing manifest file 'image_pub.egg-info/SOURCES.txt'
[6.424s] running build_ext
[6.425s] Creating /home/jetson/ros_ws/install/image_pub/lib/python3.6/site-packages/image-pub.egg-link (link to .)
[6.430s] Installing image_pub script to /home/jetson/ros_ws/install/image_pub/lib/image_pub
[6.432s] 
[6.433s] Installed /home/jetson/ros_ws/build/image_pub
[6.433s] running install_data
[6.583s] Invoked command in '/home/jetson/ros_ws/build/image_pub' returned '0': PYTHONPATH=/home/jetson/ros_ws/build/image_pub/prefix_override:/home/jetson/ros_ws/install/image_pub/lib/python3.6/site-packages:${PYTHONPATH} /usr/bin/python3 setup.py develop --editable --build-directory /home/jetson/ros_ws/build/image_pub/build --no-deps install_data
