running develop
/home/jetson/.local/lib/python3.6/site-packages/setuptools/command/easy_install.py:159: EasyInstallDeprecationWarning: easy_install command is deprecated. Use build and pip and other standards-based tools.
  EasyInstallDeprecationWarning,
/home/jetson/.local/lib/python3.6/site-packages/setuptools/command/install.py:37: SetuptoolsDeprecationWarning: setup.py install is deprecated. Use build and pip and other standards-based tools.
  setuptools.SetuptoolsDeprecationWarning,
/home/jetson/.local/lib/python3.6/site-packages/pkg_resources/__init__.py:119: PkgResourcesDeprecationWarning: 0.18ubuntu0.18.04.1 is an invalid version and will not be supported in a future release
  PkgResourcesDeprecationWarning,
running egg_info
writing rover_line_follower.egg-info/PKG-INFO
writing dependency_links to rover_line_follower.egg-info/dependency_links.txt
writing entry points to rover_line_follower.egg-info/entry_points.txt
writing requirements to rover_line_follower.egg-info/requires.txt
writing top-level names to rover_line_follower.egg-info/top_level.txt
reading manifest file 'rover_line_follower.egg-info/SOURCES.txt'
writing manifest file 'rover_line_follower.egg-info/SOURCES.txt'
running build_ext
Creating /home/jetson/ros_ws/install/rover_line_follower/lib/python3.6/site-packages/rover-line-follower.egg-link (link to .)
Installing image_pub script to /home/jetson/ros_ws/install/rover_line_follower/lib/rover_line_follower
Installing rover_line_follower script to /home/jetson/ros_ws/install/rover_line_follower/lib/rover_line_follower

Installed /home/jetson/ros_ws/build/rover_line_follower
running install_data
