[5.176s] Invoking command in '/home/jetson/ros_ws/build/rover_line_follower': PYTHONPATH=/home/jetson/ros_ws/build/rover_line_follower/prefix_override:/home/jetson/ros_ws/install/rover_line_follower/lib/python3.6/site-packages:${PYTHONPATH} /usr/bin/python3 setup.py develop --editable --build-directory /home/jetson/ros_ws/build/rover_line_follower/build --no-deps install_data
[7.170s] running develop
[7.175s] /home/jetson/.local/lib/python3.6/site-packages/setuptools/command/easy_install.py:159: EasyInstallDeprecationWarning: easy_install command is deprecated. Use build and pip and other standards-based tools.
[7.176s]   EasyInstallDeprecationWarning,
[7.186s] /home/jetson/.local/lib/python3.6/site-packages/setuptools/command/install.py:37: SetuptoolsDeprecationWarning: setup.py install is deprecated. Use build and pip and other standards-based tools.
[7.187s]   setuptools.SetuptoolsDeprecationWarning,
[7.563s] /home/jetson/.local/lib/python3.6/site-packages/pkg_resources/__init__.py:119: PkgResourcesDeprecationWarning: 0.18ubuntu0.18.04.1 is an invalid version and will not be supported in a future release
[7.563s]   PkgResourcesDeprecationWarning,
[8.092s] running egg_info
[8.093s] writing rover_line_follower.egg-info/PKG-INFO
[8.094s] writing dependency_links to rover_line_follower.egg-info/dependency_links.txt
[8.095s] writing entry points to rover_line_follower.egg-info/entry_points.txt
[8.095s] writing requirements to rover_line_follower.egg-info/requires.txt
[8.096s] writing top-level names to rover_line_follower.egg-info/top_level.txt
[8.105s] reading manifest file 'rover_line_follower.egg-info/SOURCES.txt'
[8.110s] writing manifest file 'rover_line_follower.egg-info/SOURCES.txt'
[8.117s] running build_ext
[8.119s] Creating /home/jetson/ros_ws/install/rover_line_follower/lib/python3.6/site-packages/rover-line-follower.egg-link (link to .)
[8.123s] Installing rover_line_follower script to /home/jetson/ros_ws/install/rover_line_follower/lib/rover_line_follower
[8.125s] 
[8.127s] Installed /home/jetson/ros_ws/build/rover_line_follower
[8.129s] running install_data
[8.276s] Invoked command in '/home/jetson/ros_ws/build/rover_line_follower' returned '0': PYTHONPATH=/home/jetson/ros_ws/build/rover_line_follower/prefix_override:/home/jetson/ros_ws/install/rover_line_follower/lib/python3.6/site-packages:${PYTHONPATH} /usr/bin/python3 setup.py develop --editable --build-directory /home/jetson/ros_ws/build/rover_line_follower/build --no-deps install_data
