[4.476s] Invoking command in '/home/jetson/ros_ws/build/rover_line_follower': PYTHONPATH=/home/jetson/ros_ws/build/rover_line_follower/prefix_override:/home/jetson/ros_ws/install/rover_line_follower/lib/python3.6/site-packages:${PYTHONPATH} /usr/bin/python3 setup.py develop --editable --build-directory /home/jetson/ros_ws/build/rover_line_follower/build --no-deps install_data
[6.169s] running develop
[6.174s] /home/jetson/.local/lib/python3.6/site-packages/setuptools/command/easy_install.py:159: EasyInstallDeprecationWarning: easy_install command is deprecated. Use build and pip and other standards-based tools.
[6.175s]   EasyInstallDeprecationWarning,
[6.182s] /home/jetson/.local/lib/python3.6/site-packages/setuptools/command/install.py:37: SetuptoolsDeprecationWarning: setup.py install is deprecated. Use build and pip and other standards-based tools.
[6.183s]   setuptools.SetuptoolsDeprecationWarning,
[6.478s] /home/jetson/.local/lib/python3.6/site-packages/pkg_resources/__init__.py:119: PkgResourcesDeprecationWarning: 0.18ubuntu0.18.04.1 is an invalid version and will not be supported in a future release
[6.479s]   PkgResourcesDeprecationWarning,
[6.945s] running egg_info
[6.946s] creating rover_line_follower.egg-info
[6.947s] writing rover_line_follower.egg-info/PKG-INFO
[6.948s] writing dependency_links to rover_line_follower.egg-info/dependency_links.txt
[6.949s] writing entry points to rover_line_follower.egg-info/entry_points.txt
[6.949s] writing requirements to rover_line_follower.egg-info/requires.txt
[6.950s] writing top-level names to rover_line_follower.egg-info/top_level.txt
[6.951s] writing manifest file 'rover_line_follower.egg-info/SOURCES.txt'
[6.960s] reading manifest file 'rover_line_follower.egg-info/SOURCES.txt'
[6.965s] writing manifest file 'rover_line_follower.egg-info/SOURCES.txt'
[6.973s] running build_ext
[6.975s] Creating /home/jetson/ros_ws/install/rover_line_follower/lib/python3.6/site-packages/rover-line-follower.egg-link (link to .)
[6.978s] Installing rover_line_follower = rover_line_follower.rover_line_follower:mainimage_pub script to /home/jetson/ros_ws/install/rover_line_follower/lib/rover_line_follower
[6.980s] 
[6.981s] Installed /home/jetson/ros_ws/build/rover_line_follower
[6.982s] running install_data
[6.982s] creating /home/jetson/ros_ws/install/rover_line_follower/share/ament_index
[6.983s] creating /home/jetson/ros_ws/install/rover_line_follower/share/ament_index/resource_index
[6.984s] creating /home/jetson/ros_ws/install/rover_line_follower/share/ament_index/resource_index/packages
[6.985s] copying resource/rover_line_follower -> /home/jetson/ros_ws/install/rover_line_follower/share/ament_index/resource_index/packages
[6.986s] copying package.xml -> /home/jetson/ros_ws/install/rover_line_follower/share/rover_line_follower
[7.119s] Invoked command in '/home/jetson/ros_ws/build/rover_line_follower' returned '0': PYTHONPATH=/home/jetson/ros_ws/build/rover_line_follower/prefix_override:/home/jetson/ros_ws/install/rover_line_follower/lib/python3.6/site-packages:${PYTHONPATH} /usr/bin/python3 setup.py develop --editable --build-directory /home/jetson/ros_ws/build/rover_line_follower/build --no-deps install_data
